[2020-01-23T00:03:02+08:00][info] [ VIEW ] /home/wwwroot/www/lungcare/public/index.html [ array (
) ]
[2020-01-23T00:13:07+08:00][info] [ VIEW ] /home/wwwroot/www/lungcare/public/index.html [ array (
) ]
[2020-01-23T00:13:07+08:00][info] [ VIEW ] /home/wwwroot/www/lungcare/public/index.html [ array (
) ]
[2020-01-23T00:13:07+08:00][info] [ VIEW ] /home/wwwroot/www/lungcare/public/index.html [ array (
) ]
[2020-01-23T00:13:07+08:00][info] [ VIEW ] /home/wwwroot/www/lungcare/public/index.html [ array (
) ]
[2020-01-23T00:13:07+08:00][info] [ VIEW ] /home/wwwroot/www/lungcare/app/admin/view/login/index.php [ array (
) ]
[2020-01-23T00:13:08+08:00][info] [ VIEW ] /home/wwwroot/www/lungcare/public/index.html [ array (
) ]
[2020-01-23T00:13:08+08:00][info] [ VIEW ] /home/wwwroot/www/lungcare/public/index.html [ array (
) ]
[2020-01-23T00:13:08+08:00][info] [ VIEW ] /home/wwwroot/www/lungcare/public/index.html [ array (
) ]
[2020-01-23T00:13:08+08:00][info] [ VIEW ] /home/wwwroot/www/lungcare/public/index.html [ array (
) ]
[2020-01-23T00:13:08+08:00][info] [ VIEW ] /home/wwwroot/www/lungcare/public/index.html [ array (
) ]
[2020-01-23T00:13:08+08:00][info] [ VIEW ] /home/wwwroot/www/lungcare/public/index.html [ array (
) ]
[2020-01-23T00:13:08+08:00][info] [ VIEW ] /home/wwwroot/www/lungcare/public/index.html [ array (
) ]
[2020-01-23T02:28:59+08:00][info] [ VIEW ] /home/wwwroot/www/lungcare/public/index.html [ array (
) ]
[2020-01-23T03:53:24+08:00][info] [ VIEW ] /home/wwwroot/www/lungcare/public/index.html [ array (
) ]
[2020-01-23T03:53:24+08:00][info] [ VIEW ] /home/wwwroot/www/lungcare/public/index.html [ array (
) ]
[2020-01-23T03:53:24+08:00][info] [ VIEW ] /home/wwwroot/www/lungcare/public/index.html [ array (
) ]
[2020-01-23T03:53:24+08:00][info] [ VIEW ] /home/wwwroot/www/lungcare/public/index.html [ array (
) ]
[2020-01-23T03:53:25+08:00][info] [ VIEW ] /home/wwwroot/www/lungcare/app/admin/view/login/index.php [ array (
) ]
[2020-01-23T03:53:25+08:00][info] [ VIEW ] /home/wwwroot/www/lungcare/public/index.html [ array (
) ]
[2020-01-23T03:53:25+08:00][info] [ VIEW ] /home/wwwroot/www/lungcare/public/index.html [ array (
) ]
[2020-01-23T03:53:25+08:00][info] [ VIEW ] /home/wwwroot/www/lungcare/public/index.html [ array (
) ]
[2020-01-23T03:53:25+08:00][info] [ VIEW ] /home/wwwroot/www/lungcare/public/index.html [ array (
) ]
[2020-01-23T03:53:25+08:00][info] [ VIEW ] /home/wwwroot/www/lungcare/public/index.html [ array (
) ]
[2020-01-23T03:53:25+08:00][info] [ VIEW ] /home/wwwroot/www/lungcare/public/index.html [ array (
) ]
[2020-01-23T03:53:25+08:00][info] [ VIEW ] /home/wwwroot/www/lungcare/public/index.html [ array (
) ]
[2020-01-23T03:59:04+08:00][info] [ VIEW ] /home/wwwroot/www/lungcare/public/index.html [ array (
) ]
[2020-01-23T04:00:48+08:00][info] [ VIEW ] /home/wwwroot/www/lungcare/public/index.html [ array (
) ]
[2020-01-23T04:14:22+08:00][info] [ VIEW ] /home/wwwroot/www/lungcare/public/index.html [ array (
) ]
[2020-01-23T04:22:03+08:00][info] [ VIEW ] /home/wwwroot/www/lungcare/public/index.html [ array (
) ]
[2020-01-23T05:04:40+08:00][info] [ VIEW ] /home/wwwroot/www/lungcare/public/index.html [ array (
) ]
[2020-01-23T05:37:31+08:00][info] [ VIEW ] /home/wwwroot/www/lungcare/public/index.html [ array (
) ]
[2020-01-23T06:00:54+08:00][info] [ VIEW ] /home/wwwroot/www/lungcare/public/index.html [ array (
) ]
[2020-01-23T06:09:14+08:00][info] [ VIEW ] /home/wwwroot/www/lungcare/public/index.html [ array (
) ]
[2020-01-23T06:26:48+08:00][info] [ VIEW ] /home/wwwroot/www/lungcare/public/index.html [ array (
) ]
[2020-01-23T06:30:22+08:00][info] [ VIEW ] /home/wwwroot/www/lungcare/public/index.html [ array (
) ]
[2020-01-23T07:00:18+08:00][info] [ VIEW ] /home/wwwroot/www/lungcare/public/index.html [ array (
) ]
[2020-01-23T07:08:18+08:00][info] [ VIEW ] /home/wwwroot/www/lungcare/public/index.html [ array (
) ]
[2020-01-23T09:45:42+08:00][info] [ VIEW ] /home/wwwroot/www/lungcare/public/index.html [ array (
) ]
[2020-01-23T10:13:05+08:00][info] [ VIEW ] /home/wwwroot/www/lungcare/public/index.html [ array (
) ]
[2020-01-23T12:16:30+08:00][info] [ VIEW ] /home/wwwroot/www/lungcare/public/index.html [ array (
) ]
[2020-01-23T12:56:34+08:00][info] [ VIEW ] /home/wwwroot/www/lungcare/public/index.html [ array (
) ]
[2020-01-23T13:13:14+08:00][info] [ VIEW ] /home/wwwroot/www/lungcare/public/index.html [ array (
) ]
[2020-01-23T14:29:55+08:00][sql] CONNECT:[ UseTime:0.005176s ] mysql:host=zy-ying123.mysql.rds.aliyuncs.com;port=3306;dbname=lungcare;charset=utf8
[2020-01-23T14:29:55+08:00][sql] SHOW FULL COLUMNS FROM `eb_user_token` [ RunTime:0.004325s ]
[2020-01-23T14:29:55+08:00][sql] SELECT * FROM `eb_user_token` WHERE  `token` IS NULL LIMIT 1 [ RunTime:0.002844s ]
[2020-01-23T14:29:55+08:00][sql] SHOW FULL COLUMNS FROM `eb_store_product_cate` [ RunTime:0.003735s ]
[2020-01-23T14:29:55+08:00][sql] SELECT `product_id` FROM `eb_store_product_cate` WHERE  `cate_id` = 7 [ RunTime:0.002868s ]
[2020-01-23T14:29:55+08:00][sql] SHOW FULL COLUMNS FROM `eb_store_product` [ RunTime:0.004426s ]
[2020-01-23T14:29:55+08:00][sql] SELECT id,store_name,cate_id,image,IFNULL(sales,0) + IFNULL(ficti,0) as sales,price,stock FROM `eb_store_product` WHERE  `is_del` = 0  AND `is_show` = 1  AND `mer_id` = 0  AND `cate_id` = -1 ORDER BY `sort` DESC,`add_time` DESC LIMIT 0,8 [ RunTime:0.003014s ]
[2020-01-23T14:29:55+08:00][sql] SHOW FULL COLUMNS FROM `eb_system_config` [ RunTime:0.004038s ]
[2020-01-23T14:29:55+08:00][sql] SELECT * FROM `eb_system_config` WHERE  `menu_name` = 'cache_config' LIMIT 1 [ RunTime:0.003059s ]
[2020-01-23T14:29:55+08:00][sql] SELECT `menu_name`,`value` FROM `eb_system_config` [ RunTime:0.002958s ]
[2020-01-23T14:29:55+08:00][sql] SHOW FULL COLUMNS FROM `eb_user_level` [ RunTime:0.003947s ]
[2020-01-23T14:29:55+08:00][sql] SELECT `level_id`,`is_forever`,`valid_time`,`id`,`status`,`grade` FROM `eb_user_level` WHERE  `status` = 1  AND `is_del` = 0  AND `uid` = 0 ORDER BY `grade` DESC LIMIT 1 [ RunTime:0.002897s ]
[2020-01-23T14:29:55+08:00][sql] SHOW FULL COLUMNS FROM `eb_system_user_level` [ RunTime:0.003944s ]
[2020-01-23T14:29:55+08:00][sql] SELECT `discount` FROM `eb_system_user_level` WHERE  `is_show` = 1  AND `is_del` = 0 ORDER BY `grade` ASC LIMIT 1 [ RunTime:0.002880s ]
[2020-01-23T14:36:36+08:00][sql] CONNECT:[ UseTime:0.005388s ] mysql:host=zy-ying123.mysql.rds.aliyuncs.com;port=3306;dbname=lungcare;charset=utf8
[2020-01-23T14:36:36+08:00][sql] SHOW FULL COLUMNS FROM `eb_user_token` [ RunTime:0.004465s ]
[2020-01-23T14:36:36+08:00][sql] SELECT * FROM `eb_user_token` WHERE  `token` IS NULL LIMIT 1 [ RunTime:0.003094s ]
[2020-01-23T14:36:36+08:00][sql] SHOW FULL COLUMNS FROM `eb_store_product` [ RunTime:0.004558s ]
[2020-01-23T14:36:36+08:00][sql] SELECT add_time,browse,cate_id,code_path,cost,description,ficti,give_integral,id,image,is_bargain,is_benefit,is_best,is_del,is_hot,is_new,is_postage,is_seckill,is_show,keyword,mer_id,mer_use,ot_price,postage,price,sales,slider_image,sort,stock,store_info,store_name,unit_name,vip_price,IFNULL(sales,0) + IFNULL(ficti,0) as fsales FROM `eb_store_product` WHERE  `is_del` = 0  AND `is_show` = 1  AND `id` = 15 LIMIT 1 [ RunTime:0.003300s ]
[2020-01-23T14:47:10+08:00][sql] CONNECT:[ UseTime:0.005446s ] mysql:host=zy-ying123.mysql.rds.aliyuncs.com;port=3306;dbname=lungcare;charset=utf8
[2020-01-23T14:47:10+08:00][sql] SHOW FULL COLUMNS FROM `eb_user_token` [ RunTime:0.004796s ]
[2020-01-23T14:47:10+08:00][sql] SELECT * FROM `eb_user_token` WHERE  `token` IS NULL LIMIT 1 [ RunTime:0.003102s ]
[2020-01-23T14:47:10+08:00][sql] SHOW FULL COLUMNS FROM `eb_store_product_cate` [ RunTime:0.003904s ]
[2020-01-23T14:47:10+08:00][sql] SELECT `product_id` FROM `eb_store_product_cate` WHERE  `cate_id` = 19 [ RunTime:0.003095s ]
[2020-01-23T14:47:10+08:00][sql] SHOW FULL COLUMNS FROM `eb_store_product` [ RunTime:0.004482s ]
[2020-01-23T14:47:10+08:00][sql] SELECT id,store_name,cate_id,image,IFNULL(sales,0) + IFNULL(ficti,0) as sales,price,stock FROM `eb_store_product` WHERE  `is_del` = 0  AND `is_show` = 1  AND `mer_id` = 0  AND `cate_id` = -1 ORDER BY `sort` DESC,`add_time` DESC LIMIT 0,8 [ RunTime:0.003282s ]
[2020-01-23T14:47:10+08:00][sql] SHOW FULL COLUMNS FROM `eb_system_config` [ RunTime:0.004073s ]
[2020-01-23T14:47:10+08:00][sql] SELECT * FROM `eb_system_config` WHERE  `menu_name` = 'cache_config' LIMIT 1 [ RunTime:0.003222s ]
[2020-01-23T14:47:10+08:00][sql] SHOW FULL COLUMNS FROM `eb_user_level` [ RunTime:0.004076s ]
[2020-01-23T14:47:10+08:00][sql] SELECT `level_id`,`is_forever`,`valid_time`,`id`,`status`,`grade` FROM `eb_user_level` WHERE  `status` = 1  AND `is_del` = 0  AND `uid` = 0 ORDER BY `grade` DESC LIMIT 1 [ RunTime:0.003130s ]
[2020-01-23T14:47:10+08:00][sql] SHOW FULL COLUMNS FROM `eb_system_user_level` [ RunTime:0.004193s ]
[2020-01-23T14:47:10+08:00][sql] SELECT `discount` FROM `eb_system_user_level` WHERE  `is_show` = 1  AND `is_del` = 0 ORDER BY `grade` ASC LIMIT 1 [ RunTime:0.003088s ]
[2020-01-23T14:47:11+08:00][sql] CONNECT:[ UseTime:0.005931s ] mysql:host=zy-ying123.mysql.rds.aliyuncs.com;port=3306;dbname=lungcare;charset=utf8
[2020-01-23T14:47:11+08:00][sql] SHOW FULL COLUMNS FROM `eb_user_token` [ RunTime:0.004693s ]
[2020-01-23T14:47:11+08:00][sql] SELECT * FROM `eb_user_token` WHERE  `token` IS NULL LIMIT 1 [ RunTime:0.003336s ]
[2020-01-23T14:47:11+08:00][sql] SHOW FULL COLUMNS FROM `eb_store_product` [ RunTime:0.004721s ]
[2020-01-23T14:47:11+08:00][sql] SELECT `id`,`image`,`store_name`,`cate_id`,`price`,`unit_name`,`ot_price` FROM `eb_store_product` WHERE  `is_hot` = 1  AND `is_del` = 0  AND `mer_id` = 0  AND `stock` > 0  AND `is_show` = 1 ORDER BY `sort` DESC,`id` DESC LIMIT 0,20 [ RunTime:0.003484s ]
[2020-01-23T15:17:25+08:00][info] [ VIEW ] /home/wwwroot/www/lungcare/public/index.html [ array (
) ]
[2020-01-23T18:35:48+08:00][info] [ VIEW ] /home/wwwroot/www/lungcare/public/index.html [ array (
) ]
[2020-01-23T19:40:28+08:00][info] [ VIEW ] /home/wwwroot/www/lungcare/public/index.html [ array (
) ]
[2020-01-23T20:12:00+08:00][info] [ VIEW ] /home/wwwroot/www/lungcare/public/index.html [ array (
) ]
[2020-01-23T20:24:32+08:00][info] [ VIEW ] /home/wwwroot/www/lungcare/public/index.html [ array (
) ]
[2020-01-23T20:24:51+08:00][sql] CONNECT:[ UseTime:0.005073s ] mysql:host=zy-ying123.mysql.rds.aliyuncs.com;port=3306;dbname=lungcare;charset=utf8
[2020-01-23T20:24:51+08:00][sql] SHOW FULL COLUMNS FROM `eb_user_token` [ RunTime:0.003981s ]
[2020-01-23T20:24:51+08:00][sql] SELECT * FROM `eb_user_token` WHERE  `token` IS NULL LIMIT 1 [ RunTime:0.002970s ]
[2020-01-23T20:24:51+08:00][sql] SHOW FULL COLUMNS FROM `eb_system_config` [ RunTime:0.004126s ]
[2020-01-23T20:24:51+08:00][sql] SELECT * FROM `eb_system_config` WHERE  `menu_name` = 'cache_config' LIMIT 1 [ RunTime:0.003145s ]
[2020-01-23T20:24:51+08:00][sql] SELECT * FROM `eb_system_config` WHERE  `menu_name` = 'cache_config' LIMIT 1 [ RunTime:0.003091s ]
[2020-01-23T20:24:52+08:00][sql] CONNECT:[ UseTime:0.005642s ] mysql:host=zy-ying123.mysql.rds.aliyuncs.com;port=3306;dbname=lungcare;charset=utf8
[2020-01-23T20:24:52+08:00][sql] SHOW FULL COLUMNS FROM `eb_user_token` [ RunTime:0.006960s ]
[2020-01-23T20:24:52+08:00][sql] SELECT * FROM `eb_user_token` WHERE  `token` IS NULL LIMIT 1 [ RunTime:0.003067s ]
[2020-01-23T20:24:52+08:00][sql] SHOW FULL COLUMNS FROM `eb_system_config` [ RunTime:0.004177s ]
[2020-01-23T20:24:52+08:00][sql] SELECT * FROM `eb_system_config` WHERE  `menu_name` = 'cache_config' LIMIT 1 [ RunTime:0.003253s ]
[2020-01-23T20:24:52+08:00][sql] SHOW FULL COLUMNS FROM `eb_system_group_data` [ RunTime:0.004042s ]
[2020-01-23T20:24:52+08:00][sql] SELECT `a`.*,`b`.`config_name` FROM `eb_system_group_data` `a` INNER JOIN `eb_system_group` `b` ON `a`.`gid`=`b`.`id` WHERE  `b`.`config_name` = 'routine_home_banner'  AND `a`.`status` = 1 ORDER BY `sort` DESC,`id` ASC [ RunTime:0.003264s ]
[2020-01-23T20:24:52+08:00][sql] SELECT * FROM `eb_system_config` WHERE  `menu_name` = 'cache_config' LIMIT 1 [ RunTime:0.003228s ]
[2020-01-23T20:24:52+08:00][sql] SELECT `a`.*,`b`.`config_name` FROM `eb_system_group_data` `a` INNER JOIN `eb_system_group` `b` ON `a`.`gid`=`b`.`id` WHERE  `b`.`config_name` = 'routine_home_menus'  AND `a`.`status` = 1 ORDER BY `sort` DESC,`id` ASC [ RunTime:0.003265s ]
[2020-01-23T20:24:52+08:00][sql] SELECT * FROM `eb_system_config` WHERE  `menu_name` = 'cache_config' LIMIT 1 [ RunTime:0.003186s ]
[2020-01-23T20:24:52+08:00][sql] SELECT `a`.*,`b`.`config_name` FROM `eb_system_group_data` `a` INNER JOIN `eb_system_group` `b` ON `a`.`gid`=`b`.`id` WHERE  `b`.`config_name` = 'routine_home_roll_news'  AND `a`.`status` = 1 ORDER BY `sort` DESC,`id` ASC [ RunTime:0.003182s ]
[2020-01-23T20:24:52+08:00][sql] SELECT * FROM `eb_system_config` WHERE  `menu_name` = 'cache_config' LIMIT 1 [ RunTime:0.003262s ]
[2020-01-23T20:24:52+08:00][sql] SELECT `a`.*,`b`.`config_name` FROM `eb_system_group_data` `a` INNER JOIN `eb_system_group` `b` ON `a`.`gid`=`b`.`id` WHERE  `b`.`config_name` = 'routine_home_activity'  AND `a`.`status` = 1 ORDER BY `sort` DESC,`id` ASC LIMIT 3 [ RunTime:0.003193s ]
[2020-01-23T20:24:52+08:00][sql] SELECT * FROM `eb_system_config` WHERE  `menu_name` = 'cache_config' LIMIT 1 [ RunTime:0.003147s ]
[2020-01-23T20:24:52+08:00][sql] SELECT * FROM `eb_system_config` WHERE  `menu_name` = 'cache_config' LIMIT 1 [ RunTime:0.003236s ]
[2020-01-23T20:24:52+08:00][sql] SELECT `a`.*,`b`.`config_name` FROM `eb_system_group_data` `a` INNER JOIN `eb_system_group` `b` ON `a`.`gid`=`b`.`id` WHERE  `b`.`config_name` = 'routine_index_page'  AND `a`.`status` = 1 ORDER BY `sort` DESC,`id` ASC [ RunTime:0.003249s ]
[2020-01-23T20:24:52+08:00][sql] SELECT * FROM `eb_system_config` WHERE  `menu_name` = 'cache_config' LIMIT 1 [ RunTime:0.003233s ]
[2020-01-23T20:24:52+08:00][sql] SHOW FULL COLUMNS FROM `eb_store_category` [ RunTime:0.004231s ]
[2020-01-23T20:24:52+08:00][sql] SELECT `id`,`cate_name`,`pid`,`pic` FROM `eb_store_category` WHERE  `pid` > 0  AND `is_show` = 1 ORDER BY `sort` DESC LIMIT 10 [ RunTime:0.003178s ]
[2020-01-23T20:24:52+08:00][sql] SHOW FULL COLUMNS FROM `eb_store_product` [ RunTime:0.004443s ]
[2020-01-23T20:24:52+08:00][sql] SELECT id,image,store_name,cate_id,price,ot_price,IFNULL(sales,0) + IFNULL(ficti,0) as sales,unit_name FROM `eb_store_product` WHERE  `is_best` = 1  AND `is_del` = 0  AND `mer_id` = 0  AND `stock` > 0  AND `is_show` = 1 ORDER BY `sort` DESC,`id` DESC LIMIT 10 [ RunTime:0.003202s ]
[2020-01-23T20:24:52+08:00][sql] SELECT * FROM `eb_system_config` WHERE  `menu_name` = 'cache_config' LIMIT 1 [ RunTime:0.003211s ]
[2020-01-23T20:24:52+08:00][sql] SHOW FULL COLUMNS FROM `eb_user_level` [ RunTime:0.004120s ]
[2020-01-23T20:24:52+08:00][sql] SELECT `level_id`,`is_forever`,`valid_time`,`id`,`status`,`grade` FROM `eb_user_level` WHERE  `status` = 1  AND `is_del` = 0  AND `uid` = 0 ORDER BY `grade` DESC LIMIT 1 [ RunTime:0.003111s ]
[2020-01-23T20:24:52+08:00][sql] SHOW FULL COLUMNS FROM `eb_system_user_level` [ RunTime:0.004141s ]
[2020-01-23T20:24:52+08:00][sql] SELECT `discount` FROM `eb_system_user_level` WHERE  `is_show` = 1  AND `is_del` = 0 ORDER BY `grade` ASC LIMIT 1 [ RunTime:0.003096s ]
[2020-01-23T20:24:52+08:00][sql] SELECT id,image,store_name,cate_id,price,unit_name,IFNULL(sales,0) + IFNULL(ficti,0) as sales FROM `eb_store_product` WHERE  `is_new` = 1  AND `is_del` = 0  AND `mer_id` = 0  AND `stock` > 0  AND `is_show` = 1 ORDER BY `sort` DESC,`id` DESC LIMIT 10 [ RunTime:0.003267s ]
[2020-01-23T20:24:52+08:00][sql] SELECT * FROM `eb_system_config` WHERE  `menu_name` = 'cache_config' LIMIT 1 [ RunTime:0.003277s ]
[2020-01-23T20:24:52+08:00][sql] SELECT `level_id`,`is_forever`,`valid_time`,`id`,`status`,`grade` FROM `eb_user_level` WHERE  `status` = 1  AND `is_del` = 0  AND `uid` = 0 ORDER BY `grade` DESC LIMIT 1 [ RunTime:0.003111s ]
[2020-01-23T20:24:52+08:00][sql] SELECT `discount` FROM `eb_system_user_level` WHERE  `is_show` = 1  AND `is_del` = 0 ORDER BY `grade` ASC LIMIT 1 [ RunTime:0.003030s ]
[2020-01-23T20:24:52+08:00][sql] SELECT * FROM `eb_system_config` WHERE  `menu_name` = 'cache_config' LIMIT 1 [ RunTime:0.003214s ]
[2020-01-23T20:24:52+08:00][sql] SELECT `a`.*,`b`.`config_name` FROM `eb_system_group_data` `a` INNER JOIN `eb_system_group` `b` ON `a`.`gid`=`b`.`id` WHERE  `b`.`config_name` = 'routine_home_bast_banner'  AND `a`.`status` = 1 ORDER BY `sort` DESC,`id` ASC [ RunTime:0.003241s ]
[2020-01-23T20:24:52+08:00][sql] SELECT `id`,`image`,`store_name`,`cate_id`,`price`,`ot_price`,`stock`,`unit_name` FROM `eb_store_product` WHERE  `is_benefit` = 1  AND `is_del` = 0  AND `mer_id` = 0  AND `stock` > 0  AND `is_show` = 1 ORDER BY `sort` DESC,`id` DESC LIMIT 3 [ RunTime:0.003224s ]
[2020-01-23T20:24:52+08:00][sql] SELECT * FROM `eb_system_config` WHERE  `menu_name` = 'cache_config' LIMIT 1 [ RunTime:0.003158s ]
[2020-01-23T20:24:52+08:00][sql] SELECT `a`.*,`b`.`config_name` FROM `eb_system_group_data` `a` INNER JOIN `eb_system_group` `b` ON `a`.`gid`=`b`.`id` WHERE  `b`.`config_name` = 'routine_home_new_banner'  AND `a`.`status` = 1 ORDER BY `sort` DESC,`id` ASC [ RunTime:0.003153s ]
[2020-01-23T20:24:52+08:00][sql] SELECT `id`,`image`,`store_name`,`cate_id`,`price`,`unit_name` FROM `eb_store_product` WHERE  `is_hot` = 1  AND `is_del` = 0  AND `mer_id` = 0  AND `stock` > 0  AND `is_show` = 1 ORDER BY `sort` DESC,`id` DESC LIMIT 3 [ RunTime:0.003235s ]
[2020-01-23T20:24:52+08:00][sql] SELECT * FROM `eb_system_config` WHERE  `menu_name` = 'cache_config' LIMIT 1 [ RunTime:0.003181s ]
[2020-01-23T20:24:52+08:00][sql] SELECT `level_id`,`is_forever`,`valid_time`,`id`,`status`,`grade` FROM `eb_user_level` WHERE  `status` = 1  AND `is_del` = 0  AND `uid` = 0 ORDER BY `grade` DESC LIMIT 1 [ RunTime:0.003087s ]
[2020-01-23T20:24:52+08:00][sql] SELECT `discount` FROM `eb_system_user_level` WHERE  `is_show` = 1  AND `is_del` = 0 ORDER BY `grade` ASC LIMIT 1 [ RunTime:0.003053s ]
[2020-01-23T20:24:52+08:00][sql] SHOW FULL COLUMNS FROM `eb_store_coupon_issue` [ RunTime:0.004301s ]
[2020-01-23T20:24:52+08:00][sql] SELECT `A`.*,`B`.`coupon_price`,`B`.`use_min_price` FROM `eb_store_coupon_issue` `A` INNER JOIN `eb_store_coupon` `B` ON `A`.`cid`=`B`.`id` WHERE  `A`.`status` = 1  AND (  (  `A`.`start_time` < 1579782292  AND `A`.`end_time` > 1579782292 ) OR (  `A`.`start_time` = 0  AND `A`.`end_time` = 0 ) )  AND `A`.`is_del` = 0  AND ( A.remain_count > 0 OR A.is_permanent = 1 ) ORDER BY `B`.`sort` DESC,`A`.`id` DESC LIMIT 3 [ RunTime:0.003354s ]
[2020-01-23T20:24:52+08:00][sql] SHOW FULL COLUMNS FROM `eb_wechat_user` [ RunTime:0.004269s ]
[2020-01-23T20:24:52+08:00][sql] SELECT `subscribe` FROM `eb_wechat_user` WHERE  `uid` = 0 LIMIT 1 [ RunTime:0.003196s ]
[2020-01-23T20:24:52+08:00][sql] SELECT * FROM `eb_system_config` WHERE  `menu_name` = 'cache_config' LIMIT 1 [ RunTime:0.003221s ]
[2020-01-23T21:37:14+08:00][info] [ VIEW ] /home/wwwroot/www/lungcare/public/index.html [ array (
) ]
[2020-01-23T21:38:37+08:00][info] [ VIEW ] /home/wwwroot/www/lungcare/public/index.html [ array (
) ]
[2020-01-23T22:02:47+08:00][info] [ VIEW ] /home/wwwroot/www/lungcare/public/index.html [ array (
) ]
[2020-01-23T22:07:04+08:00][info] [ VIEW ] /home/wwwroot/www/lungcare/public/index.html [ array (
) ]
[2020-01-23T22:45:46+08:00][info] [ VIEW ] /home/wwwroot/www/lungcare/public/index.html [ array (
) ]
[2020-01-23T23:26:18+08:00][info] [ VIEW ] /home/wwwroot/www/lungcare/public/index.html [ array (
) ]
