[2020-01-29T00:40:11+08:00][info] [ VIEW ] /home/wwwroot/www/lungcare/public/index.html [ array (
) ]
[2020-01-29T00:47:56+08:00][info] [ VIEW ] /home/wwwroot/www/lungcare/public/index.html [ array (
) ]
[2020-01-29T00:52:30+08:00][info] [ VIEW ] /home/wwwroot/www/lungcare/public/index.html [ array (
) ]
[2020-01-29T00:52:46+08:00][info] [ VIEW ] /home/wwwroot/www/lungcare/public/index.html [ array (
) ]
[2020-01-29T01:14:32+08:00][info] [ VIEW ] /home/wwwroot/www/lungcare/public/index.html [ array (
) ]
[2020-01-29T01:35:45+08:00][info] [ VIEW ] /home/wwwroot/www/lungcare/public/index.html [ array (
) ]
[2020-01-29T01:35:48+08:00][info] [ VIEW ] /home/wwwroot/www/lungcare/public/index.html [ array (
) ]
[2020-01-29T01:51:00+08:00][info] [ VIEW ] /home/wwwroot/www/lungcare/public/index.html [ array (
) ]
[2020-01-29T01:57:47+08:00][info] [ VIEW ] /home/wwwroot/www/lungcare/public/index.html [ array (
) ]
[2020-01-29T02:02:22+08:00][info] [ VIEW ] /home/wwwroot/www/lungcare/public/index.html [ array (
) ]
[2020-01-29T02:02:49+08:00][info] [ VIEW ] /home/wwwroot/www/lungcare/public/index.html [ array (
) ]
[2020-01-29T02:39:19+08:00][info] [ VIEW ] /home/wwwroot/www/lungcare/public/index.html [ array (
) ]
[2020-01-29T03:05:07+08:00][info] [ VIEW ] /home/wwwroot/www/lungcare/public/index.html [ array (
) ]
[2020-01-29T03:05:20+08:00][info] [ VIEW ] /home/wwwroot/www/lungcare/public/index.html [ array (
) ]
[2020-01-29T03:08:35+08:00][info] [ VIEW ] /home/wwwroot/www/lungcare/public/index.html [ array (
) ]
[2020-01-29T03:48:00+08:00][info] [ VIEW ] /home/wwwroot/www/lungcare/public/index.html [ array (
) ]
[2020-01-29T03:49:32+08:00][info] [ VIEW ] /home/wwwroot/www/lungcare/public/index.html [ array (
) ]
[2020-01-29T03:51:43+08:00][info] [ VIEW ] /home/wwwroot/www/lungcare/public/index.html [ array (
) ]
[2020-01-29T03:51:59+08:00][info] [ VIEW ] /home/wwwroot/www/lungcare/public/index.html [ array (
) ]
[2020-01-29T04:10:57+08:00][info] [ VIEW ] /home/wwwroot/www/lungcare/public/index.html [ array (
) ]
[2020-01-29T04:21:33+08:00][info] [ VIEW ] /home/wwwroot/www/lungcare/public/index.html [ array (
) ]
[2020-01-29T04:31:48+08:00][info] [ VIEW ] /home/wwwroot/www/lungcare/public/index.html [ array (
) ]
[2020-01-29T04:36:47+08:00][info] [ VIEW ] /home/wwwroot/www/lungcare/public/index.html [ array (
) ]
[2020-01-29T04:36:49+08:00][info] [ VIEW ] /home/wwwroot/www/lungcare/public/index.html [ array (
) ]
[2020-01-29T04:59:04+08:00][info] [ VIEW ] /home/wwwroot/www/lungcare/public/index.html [ array (
) ]
[2020-01-29T05:21:57+08:00][info] [ VIEW ] /home/wwwroot/www/lungcare/public/index.html [ array (
) ]
[2020-01-29T05:22:01+08:00][info] [ VIEW ] /home/wwwroot/www/lungcare/public/index.html [ array (
) ]
[2020-01-29T06:09:01+08:00][info] [ VIEW ] /home/wwwroot/www/lungcare/public/index.html [ array (
) ]
[2020-01-29T06:42:56+08:00][info] [ VIEW ] /home/wwwroot/www/lungcare/public/index.html [ array (
) ]
[2020-01-29T07:00:30+08:00][info] [ VIEW ] /home/wwwroot/www/lungcare/public/index.html [ array (
) ]
[2020-01-29T07:21:41+08:00][info] [ VIEW ] /home/wwwroot/www/lungcare/public/index.html [ array (
) ]
[2020-01-29T07:34:28+08:00][info] [ VIEW ] /home/wwwroot/www/lungcare/public/index.html [ array (
) ]
[2020-01-29T07:45:05+08:00][info] [ VIEW ] /home/wwwroot/www/lungcare/public/index.html [ array (
) ]
[2020-01-29T07:55:43+08:00][info] [ VIEW ] /home/wwwroot/www/lungcare/public/index.html [ array (
) ]
[2020-01-29T08:01:43+08:00][info] [ VIEW ] /home/wwwroot/www/lungcare/public/index.html [ array (
) ]
[2020-01-29T08:42:11+08:00][info] [ VIEW ] /home/wwwroot/www/lungcare/public/index.html [ array (
) ]
[2020-01-29T09:24:29+08:00][info] [ VIEW ] /home/wwwroot/www/lungcare/public/index.html [ array (
) ]
[2020-01-29T09:33:44+08:00][info] [ VIEW ] /home/wwwroot/www/lungcare/public/index.html [ array (
) ]
[2020-01-29T09:39:52+08:00][info] [ VIEW ] /home/wwwroot/www/lungcare/public/index.html [ array (
) ]
[2020-01-29T10:12:03+08:00][info] [ VIEW ] /home/wwwroot/www/lungcare/public/index.html [ array (
) ]
[2020-01-29T10:37:06+08:00][info] [ VIEW ] /home/wwwroot/www/lungcare/public/index.html [ array (
) ]
[2020-01-29T10:37:10+08:00][info] [ VIEW ] /home/wwwroot/www/lungcare/public/index.html [ array (
) ]
[2020-01-29T10:37:13+08:00][info] [ VIEW ] /home/wwwroot/www/lungcare/public/index.html [ array (
) ]
[2020-01-29T10:57:21+08:00][info] [ VIEW ] /home/wwwroot/www/lungcare/public/index.html [ array (
) ]
[2020-01-29T11:20:07+08:00][info] [ VIEW ] /home/wwwroot/www/lungcare/public/index.html [ array (
) ]
[2020-01-29T11:21:57+08:00][info] [ VIEW ] /home/wwwroot/www/lungcare/public/index.html [ array (
) ]
[2020-01-29T11:32:27+08:00][info] [ VIEW ] /home/wwwroot/www/lungcare/public/index.html [ array (
) ]
[2020-01-29T11:37:21+08:00][info] [ VIEW ] /home/wwwroot/www/lungcare/public/index.html [ array (
) ]
[2020-01-29T11:44:43+08:00][info] [ VIEW ] /home/wwwroot/www/lungcare/public/index.html [ array (
) ]
[2020-01-29T11:44:44+08:00][info] [ VIEW ] /home/wwwroot/www/lungcare/public/index.html [ array (
) ]
[2020-01-29T11:58:36+08:00][info] [ VIEW ] /home/wwwroot/www/lungcare/public/index.html [ array (
) ]
[2020-01-29T11:58:41+08:00][sql] CONNECT:[ UseTime:0.005446s ] mysql:host=zy-ying123.mysql.rds.aliyuncs.com;port=3306;dbname=lungcare;charset=utf8
[2020-01-29T11:58:41+08:00][sql] SHOW FULL COLUMNS FROM `eb_user_token` [ RunTime:0.004469s ]
[2020-01-29T11:58:41+08:00][sql] SELECT * FROM `eb_user_token` WHERE  `token` IS NULL LIMIT 1 [ RunTime:0.003183s ]
[2020-01-29T11:58:41+08:00][sql] SHOW FULL COLUMNS FROM `eb_system_config` [ RunTime:0.004197s ]
[2020-01-29T11:58:41+08:00][sql] SELECT * FROM `eb_system_config` WHERE  `menu_name` = 'cache_config' LIMIT 1 [ RunTime:0.003336s ]
[2020-01-29T11:58:41+08:00][sql] SHOW FULL COLUMNS FROM `eb_system_group_data` [ RunTime:0.004055s ]
[2020-01-29T11:58:41+08:00][sql] SELECT `a`.*,`b`.`config_name` FROM `eb_system_group_data` `a` INNER JOIN `eb_system_group` `b` ON `a`.`gid`=`b`.`id` WHERE  `b`.`config_name` = 'routine_seckill_time'  AND `a`.`status` = 1 ORDER BY `sort` DESC,`id` ASC [ RunTime:0.003341s ]
[2020-01-29T11:58:41+08:00][sql] SELECT * FROM `eb_system_config` WHERE  `menu_name` = 'cache_config' LIMIT 1 [ RunTime:0.003272s ]
[2020-01-29T11:58:42+08:00][sql] CONNECT:[ UseTime:0.005930s ] mysql:host=zy-ying123.mysql.rds.aliyuncs.com;port=3306;dbname=lungcare;charset=utf8
[2020-01-29T11:58:42+08:00][sql] SHOW FULL COLUMNS FROM `eb_user_token` [ RunTime:0.004907s ]
[2020-01-29T11:58:42+08:00][sql] SELECT * FROM `eb_user_token` WHERE  `token` IS NULL LIMIT 1 [ RunTime:0.003390s ]
[2020-01-29T11:58:42+08:00][sql] SHOW FULL COLUMNS FROM `eb_system_config` [ RunTime:0.004549s ]
[2020-01-29T11:58:42+08:00][sql] SELECT * FROM `eb_system_config` WHERE  `menu_name` = 'cache_config' LIMIT 1 [ RunTime:0.003624s ]
[2020-01-29T11:58:42+08:00][sql] SHOW FULL COLUMNS FROM `eb_system_group_data` [ RunTime:0.004310s ]
[2020-01-29T11:58:42+08:00][sql] SELECT * FROM `eb_system_group_data` `a` WHERE  `id` = 115 LIMIT 1 [ RunTime:0.003433s ]
[2020-01-29T11:58:42+08:00][sql] SHOW FULL COLUMNS FROM `eb_store_seckill` [ RunTime:0.004750s ]
[2020-01-29T11:58:42+08:00][sql] SELECT * FROM `eb_store_seckill` WHERE  `is_del` = 0  AND `status` = 1  AND `start_time` <= '1580263200'  AND `stop_time` >= '1580270400' ORDER BY `sort` DESC LIMIT 0,5 [ RunTime:0.003614s ]
[2020-01-29T12:03:35+08:00][info] [ VIEW ] /home/wwwroot/www/lungcare/public/index.html [ array (
) ]
[2020-01-29T12:09:10+08:00][info] [ VIEW ] /home/wwwroot/www/lungcare/public/index.html [ array (
) ]
[2020-01-29T12:09:57+08:00][info] [ VIEW ] /home/wwwroot/www/lungcare/public/index.html [ array (
) ]
[2020-01-29T12:10:10+08:00][info] [ VIEW ] /home/wwwroot/www/lungcare/public/index.html [ array (
) ]
[2020-01-29T12:14:13+08:00][info] [ VIEW ] /home/wwwroot/www/lungcare/public/index.html [ array (
) ]
[2020-01-29T12:18:44+08:00][info] [ VIEW ] /home/wwwroot/www/lungcare/public/index.html [ array (
) ]
[2020-01-29T12:21:53+08:00][info] [ VIEW ] /home/wwwroot/www/lungcare/public/index.html [ array (
) ]
[2020-01-29T12:24:30+08:00][info] [ VIEW ] /home/wwwroot/www/lungcare/public/index.html [ array (
) ]
[2020-01-29T12:36:46+08:00][info] [ VIEW ] /home/wwwroot/www/lungcare/public/index.html [ array (
) ]
[2020-01-29T12:54:12+08:00][info] [ VIEW ] /home/wwwroot/www/lungcare/public/index.html [ array (
) ]
[2020-01-29T12:54:17+08:00][info] [ VIEW ] /home/wwwroot/www/lungcare/public/index.html [ array (
) ]
[2020-01-29T13:12:04+08:00][info] [ VIEW ] /home/wwwroot/www/lungcare/public/index.html [ array (
) ]
[2020-01-29T13:19:02+08:00][info] [ VIEW ] /home/wwwroot/www/lungcare/public/index.html [ array (
) ]
[2020-01-29T13:20:03+08:00][sql] CONNECT:[ UseTime:0.006546s ] mysql:host=zy-ying123.mysql.rds.aliyuncs.com;port=3306;dbname=lungcare;charset=utf8
[2020-01-29T13:20:03+08:00][sql] SHOW FULL COLUMNS FROM `eb_user_token` [ RunTime:0.005289s ]
[2020-01-29T13:20:03+08:00][sql] SELECT * FROM `eb_user_token` WHERE  `token` IS NULL LIMIT 1 [ RunTime:0.003714s ]
[2020-01-29T13:20:03+08:00][sql] SHOW FULL COLUMNS FROM `eb_system_config` [ RunTime:0.004815s ]
[2020-01-29T13:20:03+08:00][sql] SELECT * FROM `eb_system_config` WHERE  `menu_name` = 'cache_config' LIMIT 1 [ RunTime:0.003888s ]
[2020-01-29T13:20:03+08:00][sql] SELECT * FROM `eb_system_config` WHERE  `menu_name` = 'cache_config' LIMIT 1 [ RunTime:0.003796s ]
[2020-01-29T13:20:03+08:00][sql] SELECT * FROM `eb_system_config` WHERE  `menu_name` = 'cache_config' LIMIT 1 [ RunTime:0.003798s ]
[2020-01-29T13:20:03+08:00][sql] SELECT * FROM `eb_system_config` WHERE  `menu_name` = 'cache_config' LIMIT 1 [ RunTime:0.003807s ]
[2020-01-29T13:20:03+08:00][sql] SELECT * FROM `eb_system_config` WHERE  `menu_name` = 'cache_config' LIMIT 1 [ RunTime:0.003802s ]
[2020-01-29T13:20:03+08:00][sql] SELECT * FROM `eb_system_config` WHERE  `menu_name` = 'cache_config' LIMIT 1 [ RunTime:0.003793s ]
[2020-01-29T13:20:03+08:00][sql] SELECT * FROM `eb_system_config` WHERE  `menu_name` = 'cache_config' LIMIT 1 [ RunTime:0.003826s ]
[2020-01-29T13:20:03+08:00][sql] SHOW FULL COLUMNS FROM `eb_store_category` [ RunTime:0.004829s ]
[2020-01-29T13:20:03+08:00][sql] SELECT `id`,`cate_name`,`pid`,`pic` FROM `eb_store_category` WHERE  `pid` > 0  AND `is_show` = 1 ORDER BY `sort` DESC LIMIT 10 [ RunTime:0.003792s ]
[2020-01-29T13:20:03+08:00][sql] SHOW FULL COLUMNS FROM `eb_store_product` [ RunTime:0.005255s ]
[2020-01-29T13:20:03+08:00][sql] SELECT id,image,store_name,cate_id,price,ot_price,IFNULL(sales,0) + IFNULL(ficti,0) as sales,unit_name FROM `eb_store_product` WHERE  `is_best` = 1  AND `is_del` = 0  AND `mer_id` = 0  AND `stock` > 0  AND `is_show` = 1 ORDER BY `sort` DESC,`id` DESC LIMIT 10 [ RunTime:0.003921s ]
[2020-01-29T13:20:03+08:00][sql] SELECT * FROM `eb_system_config` WHERE  `menu_name` = 'cache_config' LIMIT 1 [ RunTime:0.003828s ]
[2020-01-29T13:20:03+08:00][sql] SHOW FULL COLUMNS FROM `eb_user_level` [ RunTime:0.005116s ]
[2020-01-29T13:20:03+08:00][sql] SELECT `level_id`,`is_forever`,`valid_time`,`id`,`status`,`grade` FROM `eb_user_level` WHERE  `status` = 1  AND `is_del` = 0  AND `uid` = 0 ORDER BY `grade` DESC LIMIT 1 [ RunTime:0.003724s ]
[2020-01-29T13:20:03+08:00][sql] SHOW FULL COLUMNS FROM `eb_system_user_level` [ RunTime:0.004860s ]
[2020-01-29T13:20:03+08:00][sql] SELECT `discount` FROM `eb_system_user_level` WHERE  `is_show` = 1  AND `is_del` = 0 ORDER BY `grade` ASC LIMIT 1 [ RunTime:0.003763s ]
[2020-01-29T13:20:03+08:00][sql] SELECT id,image,store_name,cate_id,price,unit_name,IFNULL(sales,0) + IFNULL(ficti,0) as sales FROM `eb_store_product` WHERE  `is_new` = 1  AND `is_del` = 0  AND `mer_id` = 0  AND `stock` > 0  AND `is_show` = 1 ORDER BY `sort` DESC,`id` DESC LIMIT 10 [ RunTime:0.003817s ]
[2020-01-29T13:20:03+08:00][sql] SELECT * FROM `eb_system_config` WHERE  `menu_name` = 'cache_config' LIMIT 1 [ RunTime:0.003822s ]
[2020-01-29T13:20:03+08:00][sql] SELECT `level_id`,`is_forever`,`valid_time`,`id`,`status`,`grade` FROM `eb_user_level` WHERE  `status` = 1  AND `is_del` = 0  AND `uid` = 0 ORDER BY `grade` DESC LIMIT 1 [ RunTime:0.003756s ]
[2020-01-29T13:20:03+08:00][sql] SELECT `discount` FROM `eb_system_user_level` WHERE  `is_show` = 1  AND `is_del` = 0 ORDER BY `grade` ASC LIMIT 1 [ RunTime:0.003730s ]
[2020-01-29T13:20:03+08:00][sql] SELECT * FROM `eb_system_config` WHERE  `menu_name` = 'cache_config' LIMIT 1 [ RunTime:0.003824s ]
[2020-01-29T13:20:03+08:00][sql] SELECT `id`,`image`,`store_name`,`cate_id`,`price`,`ot_price`,`stock`,`unit_name` FROM `eb_store_product` WHERE  `is_benefit` = 1  AND `is_del` = 0  AND `mer_id` = 0  AND `stock` > 0  AND `is_show` = 1 ORDER BY `sort` DESC,`id` DESC LIMIT 3 [ RunTime:0.003822s ]
[2020-01-29T13:20:03+08:00][sql] SELECT * FROM `eb_system_config` WHERE  `menu_name` = 'cache_config' LIMIT 1 [ RunTime:0.003880s ]
[2020-01-29T13:20:03+08:00][sql] SELECT `id`,`image`,`store_name`,`cate_id`,`price`,`unit_name` FROM `eb_store_product` WHERE  `is_hot` = 1  AND `is_del` = 0  AND `mer_id` = 0  AND `stock` > 0  AND `is_show` = 1 ORDER BY `sort` DESC,`id` DESC LIMIT 3 [ RunTime:0.003792s ]
[2020-01-29T13:20:03+08:00][sql] SELECT * FROM `eb_system_config` WHERE  `menu_name` = 'cache_config' LIMIT 1 [ RunTime:0.003831s ]
[2020-01-29T13:20:03+08:00][sql] SELECT `level_id`,`is_forever`,`valid_time`,`id`,`status`,`grade` FROM `eb_user_level` WHERE  `status` = 1  AND `is_del` = 0  AND `uid` = 0 ORDER BY `grade` DESC LIMIT 1 [ RunTime:0.003673s ]
[2020-01-29T13:20:03+08:00][sql] SELECT `discount` FROM `eb_system_user_level` WHERE  `is_show` = 1  AND `is_del` = 0 ORDER BY `grade` ASC LIMIT 1 [ RunTime:0.003675s ]
[2020-01-29T13:20:03+08:00][sql] SHOW FULL COLUMNS FROM `eb_store_coupon_issue` [ RunTime:0.004893s ]
[2020-01-29T13:20:03+08:00][sql] SELECT `A`.*,`B`.`coupon_price`,`B`.`use_min_price` FROM `eb_store_coupon_issue` `A` INNER JOIN `eb_store_coupon` `B` ON `A`.`cid`=`B`.`id` WHERE  `A`.`status` = 1  AND (  (  `A`.`start_time` < 1580275203  AND `A`.`end_time` > 1580275203 ) OR (  `A`.`start_time` = 0  AND `A`.`end_time` = 0 ) )  AND `A`.`is_del` = 0  AND ( A.remain_count > 0 OR A.is_permanent = 1 ) ORDER BY `B`.`sort` DESC,`A`.`id` DESC LIMIT 3 [ RunTime:0.003908s ]
[2020-01-29T13:20:03+08:00][sql] SHOW FULL COLUMNS FROM `eb_wechat_user` [ RunTime:0.004909s ]
[2020-01-29T13:20:03+08:00][sql] SELECT `subscribe` FROM `eb_wechat_user` WHERE  `uid` = 0 LIMIT 1 [ RunTime:0.003670s ]
[2020-01-29T13:20:03+08:00][sql] SELECT * FROM `eb_system_config` WHERE  `menu_name` = 'cache_config' LIMIT 1 [ RunTime:0.003788s ]
[2020-01-29T13:20:03+08:00][sql] CONNECT:[ UseTime:0.006501s ] mysql:host=zy-ying123.mysql.rds.aliyuncs.com;port=3306;dbname=lungcare;charset=utf8
[2020-01-29T13:20:03+08:00][sql] SHOW FULL COLUMNS FROM `eb_user_token` [ RunTime:0.005065s ]
[2020-01-29T13:20:03+08:00][sql] SELECT * FROM `eb_user_token` WHERE  `token` IS NULL LIMIT 1 [ RunTime:0.003747s ]
[2020-01-29T13:20:03+08:00][sql] SHOW FULL COLUMNS FROM `eb_system_config` [ RunTime:0.005101s ]
[2020-01-29T13:20:03+08:00][sql] SELECT * FROM `eb_system_config` WHERE  `menu_name` = 'cache_config' LIMIT 1 [ RunTime:0.003942s ]
[2020-01-29T13:20:03+08:00][sql] SELECT * FROM `eb_system_config` WHERE  `menu_name` = 'cache_config' LIMIT 1 [ RunTime:0.003890s ]
[2020-01-29T13:20:25+08:00][info] [ VIEW ] /home/wwwroot/www/lungcare/public/index.html [ array (
) ]
[2020-01-29T13:28:10+08:00][info] [ VIEW ] /home/wwwroot/www/lungcare/public/index.html [ array (
) ]
[2020-01-29T13:32:54+08:00][info] [ VIEW ] /home/wwwroot/www/lungcare/public/index.html [ array (
) ]
[2020-01-29T13:33:30+08:00][info] [ VIEW ] /home/wwwroot/www/lungcare/public/index.html [ array (
) ]
[2020-01-29T13:48:44+08:00][info] [ VIEW ] /home/wwwroot/www/lungcare/public/index.html [ array (
) ]
[2020-01-29T13:49:19+08:00][info] [ VIEW ] /home/wwwroot/www/lungcare/public/index.html [ array (
) ]
[2020-01-29T14:29:54+08:00][info] [ VIEW ] /home/wwwroot/www/lungcare/public/index.html [ array (
) ]
[2020-01-29T15:19:44+08:00][info] [ VIEW ] /home/wwwroot/www/lungcare/public/index.html [ array (
) ]
[2020-01-29T15:40:05+08:00][info] [ VIEW ] /home/wwwroot/www/lungcare/public/index.html [ array (
) ]
[2020-01-29T15:40:21+08:00][info] [ VIEW ] /home/wwwroot/www/lungcare/public/index.html [ array (
) ]
[2020-01-29T15:59:14+08:00][info] [ VIEW ] /home/wwwroot/www/lungcare/public/index.html [ array (
) ]
[2020-01-29T15:59:16+08:00][sql] CONNECT:[ UseTime:0.006047s ] mysql:host=zy-ying123.mysql.rds.aliyuncs.com;port=3306;dbname=lungcare;charset=utf8
[2020-01-29T15:59:16+08:00][sql] SHOW FULL COLUMNS FROM `eb_user_token` [ RunTime:0.004931s ]
[2020-01-29T15:59:16+08:00][sql] SELECT * FROM `eb_user_token` WHERE  `token` IS NULL LIMIT 1 [ RunTime:0.003441s ]
[2020-01-29T15:59:16+08:00][sql] SHOW FULL COLUMNS FROM `eb_store_product` [ RunTime:0.004847s ]
[2020-01-29T15:59:16+08:00][sql] SELECT add_time,browse,cate_id,code_path,cost,description,ficti,give_integral,id,image,is_bargain,is_benefit,is_best,is_del,is_hot,is_new,is_postage,is_seckill,is_show,keyword,mer_id,mer_use,ot_price,postage,price,sales,slider_image,sort,stock,store_info,store_name,unit_name,vip_price,IFNULL(sales,0) + IFNULL(ficti,0) as fsales FROM `eb_store_product` WHERE  `is_del` = 0  AND `is_show` = 1  AND `id` = 15 LIMIT 1 [ RunTime:0.003727s ]
[2020-01-29T15:59:16+08:00][sql] CONNECT:[ UseTime:0.006157s ] mysql:host=zy-ying123.mysql.rds.aliyuncs.com;port=3306;dbname=lungcare;charset=utf8
[2020-01-29T15:59:16+08:00][sql] SHOW FULL COLUMNS FROM `eb_user_token` [ RunTime:0.004900s ]
[2020-01-29T15:59:16+08:00][sql] SELECT * FROM `eb_user_token` WHERE  `token` IS NULL LIMIT 1 [ RunTime:0.003543s ]
[2020-01-29T15:59:16+08:00][sql] SHOW FULL COLUMNS FROM `eb_store_coupon_issue` [ RunTime:0.004531s ]
[2020-01-29T15:59:16+08:00][sql] SELECT `A`.*,`B`.`coupon_price`,`B`.`use_min_price` FROM `eb_store_coupon_issue` `A` INNER JOIN `eb_store_coupon` `B` ON `A`.`cid`=`B`.`id` WHERE  `A`.`status` = 1  AND (  (  `A`.`start_time` < 1580284756  AND `A`.`end_time` > 1580284756 ) OR (  `A`.`start_time` = 0  AND `A`.`end_time` = 0 ) )  AND `A`.`is_del` = 0  AND ( A.remain_count > 0 OR A.is_permanent = 1 ) ORDER BY `B`.`sort` DESC,`A`.`id` DESC LIMIT 0,20 [ RunTime:0.003768s ]
[2020-01-29T16:04:34+08:00][info] [ VIEW ] /home/wwwroot/www/lungcare/public/index.html [ array (
) ]
[2020-01-29T16:08:06+08:00][info] [ VIEW ] /home/wwwroot/www/lungcare/public/index.html [ array (
) ]
[2020-01-29T16:22:33+08:00][info] [ VIEW ] /home/wwwroot/www/lungcare/public/index.html [ array (
) ]
[2020-01-29T16:22:36+08:00][info] [ VIEW ] /home/wwwroot/www/lungcare/public/index.html [ array (
) ]
[2020-01-29T16:22:38+08:00][info] [ VIEW ] /home/wwwroot/www/lungcare/public/index.html [ array (
) ]
[2020-01-29T16:39:14+08:00][info] [ VIEW ] /home/wwwroot/www/lungcare/public/index.html [ array (
) ]
[2020-01-29T16:39:34+08:00][info] [ VIEW ] /home/wwwroot/www/lungcare/public/index.html [ array (
) ]
[2020-01-29T16:39:38+08:00][sql] CONNECT:[ UseTime:0.005789s ] mysql:host=zy-ying123.mysql.rds.aliyuncs.com;port=3306;dbname=lungcare;charset=utf8
[2020-01-29T16:39:38+08:00][sql] SHOW FULL COLUMNS FROM `eb_user_token` [ RunTime:0.004653s ]
[2020-01-29T16:39:38+08:00][sql] SELECT * FROM `eb_user_token` WHERE  `token` IS NULL LIMIT 1 [ RunTime:0.003331s ]
[2020-01-29T16:39:38+08:00][sql] SHOW FULL COLUMNS FROM `eb_store_product_cate` [ RunTime:0.004244s ]
[2020-01-29T16:39:38+08:00][sql] SELECT `product_id` FROM `eb_store_product_cate` WHERE  `cate_id` = 19 [ RunTime:0.003194s ]
[2020-01-29T16:39:38+08:00][sql] SHOW FULL COLUMNS FROM `eb_store_product` [ RunTime:0.004656s ]
[2020-01-29T16:39:38+08:00][sql] SELECT id,store_name,cate_id,image,IFNULL(sales,0) + IFNULL(ficti,0) as sales,price,stock FROM `eb_store_product` WHERE  `is_del` = 0  AND `is_show` = 1  AND `mer_id` = 0  AND `cate_id` = -1 ORDER BY `sort` DESC,`add_time` DESC LIMIT 0,8 [ RunTime:0.003436s ]
[2020-01-29T16:39:38+08:00][sql] SHOW FULL COLUMNS FROM `eb_system_config` [ RunTime:0.004329s ]
[2020-01-29T16:39:38+08:00][sql] SELECT * FROM `eb_system_config` WHERE  `menu_name` = 'cache_config' LIMIT 1 [ RunTime:0.003471s ]
[2020-01-29T16:39:38+08:00][sql] SHOW FULL COLUMNS FROM `eb_user_level` [ RunTime:0.004205s ]
[2020-01-29T16:39:38+08:00][sql] SELECT `level_id`,`is_forever`,`valid_time`,`id`,`status`,`grade` FROM `eb_user_level` WHERE  `status` = 1  AND `is_del` = 0  AND `uid` = 0 ORDER BY `grade` DESC LIMIT 1 [ RunTime:0.003246s ]
[2020-01-29T16:39:38+08:00][sql] SHOW FULL COLUMNS FROM `eb_system_user_level` [ RunTime:0.004418s ]
[2020-01-29T16:39:38+08:00][sql] SELECT `discount` FROM `eb_system_user_level` WHERE  `is_show` = 1  AND `is_del` = 0 ORDER BY `grade` ASC LIMIT 1 [ RunTime:0.003260s ]
[2020-01-29T16:39:38+08:00][sql] CONNECT:[ UseTime:0.006123s ] mysql:host=zy-ying123.mysql.rds.aliyuncs.com;port=3306;dbname=lungcare;charset=utf8
[2020-01-29T16:39:38+08:00][sql] SHOW FULL COLUMNS FROM `eb_user_token` [ RunTime:0.004827s ]
[2020-01-29T16:39:38+08:00][sql] SELECT * FROM `eb_user_token` WHERE  `token` IS NULL LIMIT 1 [ RunTime:0.003436s ]
[2020-01-29T16:39:38+08:00][sql] SHOW FULL COLUMNS FROM `eb_store_product` [ RunTime:0.004826s ]
[2020-01-29T16:39:38+08:00][sql] SELECT `id`,`image`,`store_name`,`cate_id`,`price`,`unit_name`,`ot_price` FROM `eb_store_product` WHERE  `is_hot` = 1  AND `is_del` = 0  AND `mer_id` = 0  AND `stock` > 0  AND `is_show` = 1 ORDER BY `sort` DESC,`id` DESC LIMIT 0,20 [ RunTime:0.003675s ]
[2020-01-29T16:44:36+08:00][info] [ VIEW ] /home/wwwroot/www/lungcare/public/index.html [ array (
) ]
[2020-01-29T16:50:54+08:00][info] [ VIEW ] /home/wwwroot/www/lungcare/public/index.html [ array (
) ]
[2020-01-29T17:41:42+08:00][info] [ VIEW ] /home/wwwroot/www/lungcare/public/index.html [ array (
) ]
[2020-01-29T17:48:29+08:00][info] [ VIEW ] /home/wwwroot/www/lungcare/public/index.html [ array (
) ]
[2020-01-29T17:50:04+08:00][info] [ VIEW ] /home/wwwroot/www/lungcare/public/index.html [ array (
) ]
[2020-01-29T17:56:00+08:00][info] [ VIEW ] /home/wwwroot/www/lungcare/public/index.html [ array (
) ]
[2020-01-29T18:03:16+08:00][info] [ VIEW ] /home/wwwroot/www/lungcare/public/index.html [ array (
) ]
[2020-01-29T18:03:18+08:00][info] [ VIEW ] /home/wwwroot/www/lungcare/public/index.html [ array (
) ]
[2020-01-29T18:03:29+08:00][info] [ VIEW ] /home/wwwroot/www/lungcare/public/index.html [ array (
) ]
[2020-01-29T18:21:41+08:00][info] [ VIEW ] /home/wwwroot/www/lungcare/public/index.html [ array (
) ]
[2020-01-29T18:21:49+08:00][info] [ VIEW ] /home/wwwroot/www/lungcare/public/index.html [ array (
) ]
[2020-01-29T18:21:55+08:00][info] [ VIEW ] /home/wwwroot/www/lungcare/public/index.html [ array (
) ]
[2020-01-29T18:45:06+08:00][info] [ VIEW ] /home/wwwroot/www/lungcare/public/index.html [ array (
) ]
[2020-01-29T18:51:10+08:00][info] [ VIEW ] /home/wwwroot/www/lungcare/public/index.html [ array (
) ]
[2020-01-29T19:07:40+08:00][info] [ VIEW ] /home/wwwroot/www/lungcare/public/index.html [ array (
) ]
[2020-01-29T19:09:49+08:00][info] [ VIEW ] /home/wwwroot/www/lungcare/public/index.html [ array (
) ]
[2020-01-29T19:14:50+08:00][info] [ VIEW ] /home/wwwroot/www/lungcare/public/index.html [ array (
) ]
[2020-01-29T19:31:32+08:00][info] [ VIEW ] /home/wwwroot/www/lungcare/public/index.html [ array (
) ]
[2020-01-29T19:43:48+08:00][info] [ VIEW ] /home/wwwroot/www/lungcare/public/index.html [ array (
) ]
[2020-01-29T19:43:51+08:00][info] [ VIEW ] /home/wwwroot/www/lungcare/public/index.html [ array (
) ]
[2020-01-29T19:46:18+08:00][info] [ VIEW ] /home/wwwroot/www/lungcare/public/index.html [ array (
) ]
[2020-01-29T20:06:22+08:00][info] [ VIEW ] /home/wwwroot/www/lungcare/public/index.html [ array (
) ]
[2020-01-29T20:33:04+08:00][info] [ VIEW ] /home/wwwroot/www/lungcare/public/index.html [ array (
) ]
[2020-01-29T20:33:04+08:00][info] [ VIEW ] /home/wwwroot/www/lungcare/public/index.html [ array (
) ]
[2020-01-29T20:43:50+08:00][info] [ VIEW ] /home/wwwroot/www/lungcare/public/index.html [ array (
) ]
[2020-01-29T20:59:55+08:00][info] [ VIEW ] /home/wwwroot/www/lungcare/public/index.html [ array (
) ]
[2020-01-29T21:00:10+08:00][info] [ VIEW ] /home/wwwroot/www/lungcare/public/index.html [ array (
) ]
[2020-01-29T21:32:47+08:00][info] [ VIEW ] /home/wwwroot/www/lungcare/public/index.html [ array (
) ]
[2020-01-29T21:43:00+08:00][info] [ VIEW ] /home/wwwroot/www/lungcare/public/index.html [ array (
) ]
[2020-01-29T21:43:14+08:00][info] [ VIEW ] /home/wwwroot/www/lungcare/public/index.html [ array (
) ]
[2020-01-29T22:02:12+08:00][info] [ VIEW ] /home/wwwroot/www/lungcare/public/index.html [ array (
) ]
[2020-01-29T22:13:58+08:00][info] [ VIEW ] /home/wwwroot/www/lungcare/public/index.html [ array (
) ]
[2020-01-29T22:25:58+08:00][info] [ VIEW ] /home/wwwroot/www/lungcare/public/index.html [ array (
) ]
[2020-01-29T22:27:05+08:00][info] [ VIEW ] /home/wwwroot/www/lungcare/public/index.html [ array (
) ]
[2020-01-29T22:31:45+08:00][info] [ VIEW ] /home/wwwroot/www/lungcare/public/index.html [ array (
) ]
[2020-01-29T22:52:59+08:00][info] [ VIEW ] /home/wwwroot/www/lungcare/public/index.html [ array (
) ]
[2020-01-29T23:12:55+08:00][info] [ VIEW ] /home/wwwroot/www/lungcare/public/index.html [ array (
) ]
[2020-01-29T23:16:59+08:00][info] [ VIEW ] /home/wwwroot/www/lungcare/public/index.html [ array (
) ]
[2020-01-29T23:17:13+08:00][info] [ VIEW ] /home/wwwroot/www/lungcare/public/index.html [ array (
) ]
[2020-01-29T23:47:38+08:00][info] [ VIEW ] /home/wwwroot/www/lungcare/public/index.html [ array (
) ]
