[2020-02-13T14:39:08+08:00][sql] CONNECT:[ UseTime:0.005621s ] mysql:host=zy-ying123.mysql.rds.aliyuncs.com;port=3306;dbname=lungcare;charset=utf8
[2020-02-13T14:39:08+08:00][sql] SHOW FULL COLUMNS FROM `eb_system_admin` [ RunTime:0.005579s ]
[2020-02-13T14:39:08+08:00][sql] SELECT * FROM `eb_system_admin` WHERE  `id` = 1 LIMIT 1 [ RunTime:0.003391s ]
[2020-02-13T14:39:08+08:00][sql] SHOW FULL COLUMNS FROM `eb_system_menus` [ RunTime:0.004330s ]
[2020-02-13T14:39:08+08:00][sql] SELECT `module`,`controller`,`action`,`params` FROM `eb_system_menus` WHERE  ( `controller` <> '' OR `action` <> '' ) [ RunTime:0.003850s ]
[2020-02-13T14:39:08+08:00][sql] SELECT `menu_name` FROM `eb_system_menus` WHERE  `action` = 'index'  AND `controller` = 'setting.SystemGroupData'  AND `module` = 'admin'  AND `params` = '[]'  AND ( params = '[]' OR params = '[]' ) ORDER BY `id` DESC LIMIT 1 [ RunTime:0.003621s ]
[2020-02-13T14:39:08+08:00][sql] SHOW FULL COLUMNS FROM `eb_system_log` [ RunTime:0.004503s ]
[2020-02-13T14:39:08+08:00][sql] INSERT INTO `eb_system_log` SET `method` = 'admin' , `admin_id` = 1 , `add_time` = 1581575948 , `admin_name` = 'admin' , `path` = 'admin/setting.systemgroupdata/index/' , `page` = '未知' , `ip` = '116.25.225.69' , `type` = 'system' [ RunTime:0.003353s ]
[2020-02-13T14:39:08+08:00][sql] SHOW FULL COLUMNS FROM `eb_system_group` [ RunTime:0.004338s ]
[2020-02-13T14:39:08+08:00][sql] SELECT `fields` FROM `eb_system_group` WHERE  `id` = 61 LIMIT 1 [ RunTime:0.003341s ]
[2020-02-13T14:39:08+08:00][sql] SHOW FULL COLUMNS FROM `eb_system_group_data` [ RunTime:0.004184s ]
[2020-02-13T14:39:08+08:00][sql] SELECT COUNT(*) AS think_count FROM `eb_system_group_data` WHERE  `gid` = 61 [ RunTime:0.003297s ]
[2020-02-13T14:39:08+08:00][sql] SELECT * FROM `eb_system_group_data` WHERE  `gid` = 61 ORDER BY `sort` DESC,`id` ASC LIMIT 0,20 [ RunTime:0.003311s ]
[2020-02-13T14:39:08+08:00][info] [ VIEW ] /home/wwwroot/www/lungcare/app/admin/view/setting/system_group_data/index.php [ array (
  0 => '_admin',
  1 => 'where',
  2 => 'gid',
  3 => 'fields',
  4 => 'list',
  5 => 'page',
  6 => 'total',
) ]
[2020-02-13T14:39:24+08:00][sql] CONNECT:[ UseTime:0.005680s ] mysql:host=zy-ying123.mysql.rds.aliyuncs.com;port=3306;dbname=lungcare;charset=utf8
[2020-02-13T14:39:24+08:00][sql] SHOW FULL COLUMNS FROM `eb_system_admin` [ RunTime:0.004962s ]
[2020-02-13T14:39:24+08:00][sql] SELECT * FROM `eb_system_admin` WHERE  `id` = 1 LIMIT 1 [ RunTime:0.003363s ]
[2020-02-13T14:39:24+08:00][sql] SHOW FULL COLUMNS FROM `eb_system_menus` [ RunTime:0.004365s ]
[2020-02-13T14:39:24+08:00][sql] SELECT `module`,`controller`,`action`,`params` FROM `eb_system_menus` WHERE  ( `controller` <> '' OR `action` <> '' ) [ RunTime:0.003761s ]
[2020-02-13T14:39:24+08:00][sql] SELECT `menu_name` FROM `eb_system_menus` WHERE  `action` = 'index'  AND `controller` = 'setting.SystemConfigTab'  AND `module` = 'admin'  AND `params` = '[]'  AND ( params = '[]' OR params = '[]' ) ORDER BY `id` DESC LIMIT 1 [ RunTime:0.003507s ]
[2020-02-13T14:39:24+08:00][sql] SHOW FULL COLUMNS FROM `eb_system_log` [ RunTime:0.004382s ]
[2020-02-13T14:39:24+08:00][sql] INSERT INTO `eb_system_log` SET `method` = 'admin' , `admin_id` = 1 , `add_time` = 1581575964 , `admin_name` = 'admin' , `path` = 'admin/setting.systemconfigtab/index/' , `page` = '未知' , `ip` = '116.25.225.69' , `type` = 'system' [ RunTime:0.003425s ]
[2020-02-13T14:39:24+08:00][sql] SHOW FULL COLUMNS FROM `eb_system_config_tab` [ RunTime:0.004391s ]
[2020-02-13T14:39:24+08:00][sql] SELECT COUNT(*) AS think_count FROM `eb_system_config_tab` [ RunTime:0.003414s ]
[2020-02-13T14:39:24+08:00][sql] SELECT * FROM `eb_system_config_tab` LIMIT 0,20 [ RunTime:0.003350s ]
[2020-02-13T14:39:24+08:00][info] [ VIEW ] /home/wwwroot/www/lungcare/app/admin/view/setting/system_config_tab/index.php [ array (
  0 => '_admin',
  1 => 'where',
  2 => 'list',
  3 => 'page',
  4 => 'total',
) ]
[2020-02-13T14:39:28+08:00][sql] CONNECT:[ UseTime:0.005774s ] mysql:host=zy-ying123.mysql.rds.aliyuncs.com;port=3306;dbname=lungcare;charset=utf8
[2020-02-13T14:39:28+08:00][sql] SHOW FULL COLUMNS FROM `eb_system_admin` [ RunTime:0.004837s ]
[2020-02-13T14:39:28+08:00][sql] SELECT * FROM `eb_system_admin` WHERE  `id` = 1 LIMIT 1 [ RunTime:0.003418s ]
[2020-02-13T14:39:28+08:00][sql] SHOW FULL COLUMNS FROM `eb_system_menus` [ RunTime:0.004361s ]
[2020-02-13T14:39:28+08:00][sql] SELECT `module`,`controller`,`action`,`params` FROM `eb_system_menus` WHERE  ( `controller` <> '' OR `action` <> '' ) [ RunTime:0.003768s ]
[2020-02-13T14:39:28+08:00][sql] SELECT `menu_name` FROM `eb_system_menus` WHERE  `action` = 'sonConfigTab'  AND `controller` = 'setting.SystemConfigTab'  AND `module` = 'admin'  AND `params` = '[]'  AND ( params = '[]' OR params = '[]' ) ORDER BY `id` DESC LIMIT 1 [ RunTime:0.003604s ]
[2020-02-13T14:39:28+08:00][sql] SHOW FULL COLUMNS FROM `eb_system_log` [ RunTime:0.004307s ]
[2020-02-13T14:39:28+08:00][sql] INSERT INTO `eb_system_log` SET `method` = 'admin' , `admin_id` = 1 , `add_time` = 1581575968 , `admin_name` = 'admin' , `path` = 'admin/setting.systemconfigtab/sonconfigtab/' , `page` = '未知' , `ip` = '116.25.225.69' , `type` = 'system' [ RunTime:0.003405s ]
[2020-02-13T14:39:28+08:00][sql] SHOW FULL COLUMNS FROM `eb_system_config` [ RunTime:0.004627s ]
[2020-02-13T14:39:28+08:00][sql] SELECT * FROM `eb_system_config` WHERE  `config_tab_id` = 10 ORDER BY `sort` DESC,`id` ASC [ RunTime:0.003602s ]
[2020-02-13T14:39:28+08:00][sql] SELECT * FROM `eb_system_config` WHERE  `menu_name` = 'offline_postage' LIMIT 1 [ RunTime:0.003412s ]
[2020-02-13T14:39:28+08:00][sql] SELECT * FROM `eb_system_config` WHERE  `menu_name` = 'store_self_mention' LIMIT 1 [ RunTime:0.003520s ]
[2020-02-13T14:39:28+08:00][info] [ VIEW ] /home/wwwroot/www/lungcare/app/admin/view/setting/system_config_tab/sonconfigtab.php [ array (
  0 => '_admin',
  1 => 'tab_id',
  2 => 'list',
) ]
[2020-02-13T14:39:36+08:00][sql] CONNECT:[ UseTime:0.005616s ] mysql:host=zy-ying123.mysql.rds.aliyuncs.com;port=3306;dbname=lungcare;charset=utf8
[2020-02-13T14:39:36+08:00][sql] SHOW FULL COLUMNS FROM `eb_system_admin` [ RunTime:0.004730s ]
[2020-02-13T14:39:36+08:00][sql] SELECT * FROM `eb_system_admin` WHERE  `id` = 1 LIMIT 1 [ RunTime:0.003356s ]
[2020-02-13T14:39:36+08:00][sql] SHOW FULL COLUMNS FROM `eb_system_menus` [ RunTime:0.004350s ]
[2020-02-13T14:39:36+08:00][sql] SELECT `module`,`controller`,`action`,`params` FROM `eb_system_menus` WHERE  ( `controller` <> '' OR `action` <> '' ) [ RunTime:0.003783s ]
[2020-02-13T14:39:36+08:00][sql] SELECT `menu_name` FROM `eb_system_menus` WHERE  `action` = 'edit_config'  AND `controller` = 'setting.SystemConfig'  AND `module` = 'admin'  AND `params` = '[]'  AND ( params = '[]' OR params = '[]' ) ORDER BY `id` DESC LIMIT 1 [ RunTime:0.003619s ]
[2020-02-13T14:39:36+08:00][sql] SHOW FULL COLUMNS FROM `eb_system_log` [ RunTime:0.004596s ]
[2020-02-13T14:39:36+08:00][sql] INSERT INTO `eb_system_log` SET `method` = 'admin' , `admin_id` = 1 , `add_time` = 1581575976 , `admin_name` = 'admin' , `path` = 'admin/setting.systemconfig/edit_config/' , `page` = '未知' , `ip` = '116.25.225.69' , `type` = 'system' [ RunTime:0.003462s ]
[2020-02-13T14:39:36+08:00][sql] SHOW FULL COLUMNS FROM `eb_system_config` [ RunTime:0.004644s ]
[2020-02-13T14:39:36+08:00][sql] SELECT * FROM `eb_system_config` WHERE  `id` = 46 LIMIT 1 [ RunTime:0.003437s ]
[2020-02-13T14:39:36+08:00][sql] SHOW FULL COLUMNS FROM `eb_system_config_tab` [ RunTime:0.004263s ]
[2020-02-13T14:39:36+08:00][sql] SELECT * FROM `eb_system_config_tab` WHERE  `status` = 1 [ RunTime:0.003334s ]
[2020-02-13T14:39:36+08:00][info] [ VIEW ] /home/wwwroot/www/lungcare/app/admin/view/public/form-builder.php [ array (
  0 => '_admin',
  1 => 'form',
) ]
[2020-02-13T14:45:55+08:00][info] [ VIEW ] /home/wwwroot/www/lungcare/public/index.html [ array (
) ]
[2020-02-13T15:35:08+08:00][info] [ VIEW ] /home/wwwroot/www/lungcare/public/index.html [ array (
) ]
[2020-02-13T16:10:58+08:00][sql] CONNECT:[ UseTime:0.005491s ] mysql:host=zy-ying123.mysql.rds.aliyuncs.com;port=3306;dbname=lungcare;charset=utf8
[2020-02-13T16:10:58+08:00][sql] SHOW FULL COLUMNS FROM `eb_system_config` [ RunTime:0.004514s ]
[2020-02-13T16:10:58+08:00][sql] SELECT `menu_name`,`value` FROM `eb_system_config` WHERE  `menu_name` IN ('wechat_appid','wechat_appsecret','wechat_token','wechat_encodingaeskey','wechat_encode') [ RunTime:0.003154s ]
[2020-02-13T16:10:58+08:00][sql] SELECT `menu_name`,`value` FROM `eb_system_config` WHERE  `menu_name` IN ('pay_weixin_mchid','pay_weixin_client_cert','pay_weixin_client_key','pay_weixin_key','pay_weixin_open') [ RunTime:0.003140s ]
[2020-02-13T16:10:58+08:00][sql] SELECT * FROM `eb_system_config` WHERE  `menu_name` = 'cache_config' LIMIT 1 [ RunTime:0.003222s ]
[2020-02-13T16:10:58+08:00][sql] SHOW FULL COLUMNS FROM `eb_store_order` [ RunTime:0.004689s ]
[2020-02-13T16:10:58+08:00][sql] SELECT COUNT(*) AS think_count FROM `eb_store_order` WHERE  `order_id` = 'wx158149659970424505'  AND `paid` = 1 [ RunTime:0.003111s ]
[2020-02-13T16:16:09+08:00][sql] CONNECT:[ UseTime:0.006599s ] mysql:host=zy-ying123.mysql.rds.aliyuncs.com;port=3306;dbname=lungcare;charset=utf8
[2020-02-13T16:16:09+08:00][sql] SHOW FULL COLUMNS FROM `eb_system_config` [ RunTime:0.005088s ]
[2020-02-13T16:16:09+08:00][sql] SELECT `menu_name`,`value` FROM `eb_system_config` WHERE  `menu_name` IN ('wechat_appid','wechat_appsecret','wechat_token','wechat_encodingaeskey','wechat_encode') [ RunTime:0.003635s ]
[2020-02-13T16:16:09+08:00][sql] SELECT `menu_name`,`value` FROM `eb_system_config` WHERE  `menu_name` IN ('pay_weixin_mchid','pay_weixin_client_cert','pay_weixin_client_key','pay_weixin_key','pay_weixin_open') [ RunTime:0.003579s ]
[2020-02-13T16:16:09+08:00][sql] SELECT * FROM `eb_system_config` WHERE  `menu_name` = 'cache_config' LIMIT 1 [ RunTime:0.003838s ]
[2020-02-13T16:16:09+08:00][sql] SHOW FULL COLUMNS FROM `eb_store_order` [ RunTime:0.005718s ]
[2020-02-13T16:16:09+08:00][sql] SELECT COUNT(*) AS think_count FROM `eb_store_order` WHERE  `order_id` = 'wx158149690759153061'  AND `paid` = 1 [ RunTime:0.003740s ]
[2020-02-13T16:18:15+08:00][sql] CONNECT:[ UseTime:0.005202s ] mysql:host=zy-ying123.mysql.rds.aliyuncs.com;port=3306;dbname=lungcare;charset=utf8
[2020-02-13T16:18:15+08:00][sql] SHOW FULL COLUMNS FROM `eb_system_config` [ RunTime:0.004453s ]
[2020-02-13T16:18:15+08:00][sql] SELECT `menu_name`,`value` FROM `eb_system_config` WHERE  `menu_name` IN ('wechat_appid','wechat_appsecret','wechat_token','wechat_encodingaeskey','wechat_encode') [ RunTime:0.002909s ]
[2020-02-13T16:18:15+08:00][sql] SELECT `menu_name`,`value` FROM `eb_system_config` WHERE  `menu_name` IN ('pay_weixin_mchid','pay_weixin_client_cert','pay_weixin_client_key','pay_weixin_key','pay_weixin_open') [ RunTime:0.002872s ]
[2020-02-13T16:18:15+08:00][sql] SELECT * FROM `eb_system_config` WHERE  `menu_name` = 'cache_config' LIMIT 1 [ RunTime:0.002985s ]
[2020-02-13T16:18:15+08:00][sql] SHOW FULL COLUMNS FROM `eb_store_order` [ RunTime:0.004791s ]
[2020-02-13T16:18:15+08:00][sql] SELECT COUNT(*) AS think_count FROM `eb_store_order` WHERE  `order_id` = 'wx158149703570696659'  AND `paid` = 1 [ RunTime:0.002919s ]
[2020-02-13T16:58:47+08:00][info] [ VIEW ] /home/wwwroot/www/lungcare/public/index.html [ array (
) ]
[2020-02-13T17:12:43+08:00][info] [ VIEW ] /home/wwwroot/www/lungcare/public/index.html [ array (
) ]
[2020-02-13T17:13:00+08:00][info] [ VIEW ] /home/wwwroot/www/lungcare/public/index.html [ array (
) ]
[2020-02-13T18:50:56+08:00][info] [ VIEW ] /home/wwwroot/www/lungcare/public/index.html [ array (
) ]
[2020-02-13T19:08:20+08:00][info] [ VIEW ] /home/wwwroot/www/lungcare/public/index.html [ array (
) ]
[2020-02-13T19:51:09+08:00][info] [ VIEW ] /home/wwwroot/www/lungcare/public/index.html [ array (
) ]
[2020-02-13T20:16:32+08:00][info] [ VIEW ] /home/wwwroot/www/lungcare/public/index.html [ array (
) ]
[2020-02-13T20:17:18+08:00][info] [ VIEW ] /home/wwwroot/www/lungcare/public/index.html [ array (
) ]
[2020-02-13T21:20:52+08:00][info] [ VIEW ] /home/wwwroot/www/lungcare/public/index.html [ array (
) ]
[2020-02-13T21:21:10+08:00][info] [ VIEW ] /home/wwwroot/www/lungcare/public/index.html [ array (
) ]
[2020-02-13T21:52:45+08:00][info] [ VIEW ] /home/wwwroot/www/lungcare/public/index.html [ array (
) ]
[2020-02-13T22:07:12+08:00][info] [ VIEW ] /home/wwwroot/www/lungcare/public/index.html [ array (
) ]
[2020-02-13T22:14:31+08:00][info] [ VIEW ] /home/wwwroot/www/lungcare/public/index.html [ array (
) ]
[2020-02-13T22:14:35+08:00][info] [ VIEW ] /home/wwwroot/www/lungcare/public/index.html [ array (
) ]
[2020-02-13T22:34:14+08:00][info] [ VIEW ] /home/wwwroot/www/lungcare/public/index.html [ array (
) ]
[2020-02-13T22:41:03+08:00][info] [ VIEW ] /home/wwwroot/www/lungcare/public/index.html [ array (
) ]
[2020-02-13T22:53:33+08:00][info] [ VIEW ] /home/wwwroot/www/lungcare/public/index.html [ array (
) ]
[2020-02-13T22:54:30+08:00][info] [ VIEW ] /home/wwwroot/www/lungcare/public/index.html [ array (
) ]
[2020-02-13T23:05:37+08:00][info] [ VIEW ] /home/wwwroot/www/lungcare/public/index.html [ array (
) ]
[2020-02-13T23:05:37+08:00][info] [ VIEW ] /home/wwwroot/www/lungcare/public/index.html [ array (
) ]
[2020-02-13T23:05:37+08:00][info] [ VIEW ] /home/wwwroot/www/lungcare/public/index.html [ array (
) ]
[2020-02-13T23:05:37+08:00][info] [ VIEW ] /home/wwwroot/www/lungcare/public/index.html [ array (
) ]
[2020-02-13T23:05:40+08:00][info] [ VIEW ] /home/wwwroot/www/lungcare/public/index.html [ array (
) ]
[2020-02-13T23:16:53+08:00][info] [ VIEW ] /home/wwwroot/www/lungcare/public/index.html [ array (
) ]
