[2020-02-26T01:40:15+08:00][info] [ VIEW ] /home/wwwroot/www/lungcare/public/index.html [ array (
) ]
[2020-02-26T01:40:17+08:00][info] [ VIEW ] /home/wwwroot/www/lungcare/public/index.html [ array (
) ]
[2020-02-26T01:40:19+08:00][info] [ VIEW ] /home/wwwroot/www/lungcare/public/index.html [ array (
) ]
[2020-02-26T02:02:59+08:00][info] [ VIEW ] /home/wwwroot/www/lungcare/public/index.html [ array (
) ]
[2020-02-26T02:51:05+08:00][info] [ VIEW ] /home/wwwroot/www/lungcare/public/index.html [ array (
) ]
[2020-02-26T03:56:15+08:00][info] [ VIEW ] /home/wwwroot/www/lungcare/public/index.html [ array (
) ]
[2020-02-26T03:56:15+08:00][info] [ VIEW ] /home/wwwroot/www/lungcare/public/index.html [ array (
) ]
[2020-02-26T04:00:42+08:00][info] [ VIEW ] /home/wwwroot/www/lungcare/public/index.html [ array (
) ]
[2020-02-26T04:09:45+08:00][info] [ VIEW ] /home/wwwroot/www/lungcare/public/index.html [ array (
) ]
[2020-02-26T04:09:51+08:00][info] [ VIEW ] /home/wwwroot/www/lungcare/public/index.html [ array (
) ]
[2020-02-26T04:17:15+08:00][info] [ VIEW ] /home/wwwroot/www/lungcare/public/index.html [ array (
) ]
[2020-02-26T04:54:15+08:00][info] [ VIEW ] /home/wwwroot/www/lungcare/public/index.html [ array (
) ]
[2020-02-26T04:54:15+08:00][info] [ VIEW ] /home/wwwroot/www/lungcare/public/index.html [ array (
) ]
[2020-02-26T05:00:57+08:00][info] [ VIEW ] /home/wwwroot/www/lungcare/public/index.html [ array (
) ]
[2020-02-26T05:38:19+08:00][info] [ VIEW ] /home/wwwroot/www/lungcare/public/index.html [ array (
) ]
[2020-02-26T06:22:25+08:00][info] [ VIEW ] /home/wwwroot/www/lungcare/public/index.html [ array (
) ]
[2020-02-26T06:55:07+08:00][info] [ VIEW ] /home/wwwroot/www/lungcare/public/index.html [ array (
) ]
[2020-02-26T06:55:07+08:00][info] [ VIEW ] /home/wwwroot/www/lungcare/public/index.html [ array (
) ]
[2020-02-26T08:12:34+08:00][info] [ VIEW ] /home/wwwroot/www/lungcare/public/index.html [ array (
) ]
[2020-02-26T08:19:22+08:00][info] [ VIEW ] /home/wwwroot/www/lungcare/public/index.html [ array (
) ]
[2020-02-26T08:54:17+08:00][info] [ VIEW ] /home/wwwroot/www/lungcare/public/index.html [ array (
) ]
[2020-02-26T08:54:17+08:00][info] [ VIEW ] /home/wwwroot/www/lungcare/public/index.html [ array (
) ]
[2020-02-26T09:48:36+08:00][info] [ VIEW ] /home/wwwroot/www/lungcare/public/index.html [ array (
) ]
[2020-02-26T09:48:36+08:00][info] [ VIEW ] /home/wwwroot/www/lungcare/public/index.html [ array (
) ]
[2020-02-26T09:48:36+08:00][info] [ VIEW ] /home/wwwroot/www/lungcare/public/index.html [ array (
) ]
[2020-02-26T09:48:36+08:00][info] [ VIEW ] /home/wwwroot/www/lungcare/public/index.html [ array (
) ]
[2020-02-26T09:52:51+08:00][info] [ VIEW ] /home/wwwroot/www/lungcare/public/index.html [ array (
) ]
[2020-02-26T10:21:50+08:00][info] [ VIEW ] /home/wwwroot/www/lungcare/public/index.html [ array (
) ]
[2020-02-26T10:54:05+08:00][info] [ VIEW ] /home/wwwroot/www/lungcare/public/index.html [ array (
) ]
[2020-02-26T11:02:14+08:00][info] [ VIEW ] /home/wwwroot/www/lungcare/public/index.html [ array (
) ]
[2020-02-26T11:43:45+08:00][info] [ VIEW ] /home/wwwroot/www/lungcare/public/index.html [ array (
) ]
[2020-02-26T11:45:36+08:00][info] [ VIEW ] /home/wwwroot/www/lungcare/public/index.html [ array (
) ]
[2020-02-26T11:51:48+08:00][info] [ VIEW ] /home/wwwroot/www/lungcare/public/index.html [ array (
) ]
[2020-02-26T12:02:07+08:00][info] [ VIEW ] /home/wwwroot/www/lungcare/public/index.html [ array (
) ]
[2020-02-26T12:39:06+08:00][info] [ VIEW ] /home/wwwroot/www/lungcare/public/index.html [ array (
) ]
[2020-02-26T12:39:08+08:00][info] [ VIEW ] /home/wwwroot/www/lungcare/public/index.html [ array (
) ]
[2020-02-26T12:39:09+08:00][info] [ VIEW ] /home/wwwroot/www/lungcare/public/index.html [ array (
) ]
[2020-02-26T12:43:42+08:00][info] [ VIEW ] /home/wwwroot/www/lungcare/public/index.html [ array (
) ]
[2020-02-26T12:43:43+08:00][info] [ VIEW ] /home/wwwroot/www/lungcare/public/index.html [ array (
) ]
[2020-02-26T12:43:46+08:00][info] [ VIEW ] /home/wwwroot/www/lungcare/public/index.html [ array (
) ]
[2020-02-26T12:56:26+08:00][info] [ VIEW ] /home/wwwroot/www/lungcare/public/index.html [ array (
) ]
[2020-02-26T13:30:27+08:00][info] [ VIEW ] /home/wwwroot/www/lungcare/public/index.html [ array (
) ]
[2020-02-26T13:30:29+08:00][info] [ VIEW ] /home/wwwroot/www/lungcare/public/index.html [ array (
) ]
[2020-02-26T13:30:29+08:00][info] [ VIEW ] /home/wwwroot/www/lungcare/public/index.html [ array (
) ]
[2020-02-26T13:30:52+08:00][info] [ VIEW ] /home/wwwroot/www/lungcare/public/index.html [ array (
) ]
[2020-02-26T14:49:41+08:00][info] [ VIEW ] /home/wwwroot/www/lungcare/public/index.html [ array (
) ]
[2020-02-26T15:06:55+08:00][info] [ VIEW ] /home/wwwroot/www/lungcare/public/index.html [ array (
) ]
[2020-02-26T15:12:19+08:00][info] [ VIEW ] /home/wwwroot/www/lungcare/public/index.html [ array (
) ]
[2020-02-26T15:12:26+08:00][info] [ VIEW ] /home/wwwroot/www/lungcare/public/index.html [ array (
) ]
[2020-02-26T15:39:01+08:00][info] [ VIEW ] /home/wwwroot/www/lungcare/public/index.html [ array (
) ]
[2020-02-26T15:48:53+08:00][info] [ VIEW ] /home/wwwroot/www/lungcare/public/index.html [ array (
) ]
[2020-02-26T15:48:55+08:00][info] [ VIEW ] /home/wwwroot/www/lungcare/public/index.html [ array (
) ]
[2020-02-26T15:53:19+08:00][info] [ VIEW ] /home/wwwroot/www/lungcare/public/index.html [ array (
) ]
[2020-02-26T15:53:42+08:00][info] [ VIEW ] /home/wwwroot/www/lungcare/public/index.html [ array (
) ]
[2020-02-26T16:04:24+08:00][info] [ VIEW ] /home/wwwroot/www/lungcare/public/index.html [ array (
) ]
[2020-02-26T16:07:55+08:00][info] [ VIEW ] /home/wwwroot/www/lungcare/app/admin/view/login/index.php [ array (
) ]
[2020-02-26T16:08:04+08:00][sql] CONNECT:[ UseTime:0.006241s ] mysql:host=zy-ying123.mysql.rds.aliyuncs.com;port=3306;dbname=lungcare;charset=utf8
[2020-02-26T16:08:04+08:00][sql] SHOW FULL COLUMNS FROM `eb_system_admin` [ RunTime:0.005189s ]
[2020-02-26T16:08:04+08:00][sql] SELECT * FROM `eb_system_admin` WHERE  `id` = 1 LIMIT 1 [ RunTime:0.003767s ]
[2020-02-26T16:08:04+08:00][sql] SHOW FULL COLUMNS FROM `eb_system_menus` [ RunTime:0.004831s ]
[2020-02-26T16:08:04+08:00][sql] SELECT `module`,`controller`,`action`,`params` FROM `eb_system_menus` WHERE  ( `controller` <> '' OR `action` <> '' ) [ RunTime:0.004150s ]
[2020-02-26T16:08:04+08:00][sql] SHOW FULL COLUMNS FROM `eb_system_config` [ RunTime:0.004874s ]
[2020-02-26T16:08:04+08:00][sql] SELECT * FROM `eb_system_config` WHERE  `menu_name` = 'site_logo' LIMIT 1 [ RunTime:0.003798s ]
[2020-02-26T16:08:04+08:00][sql] SELECT * FROM `eb_system_menus` WHERE  `is_show` = 1  AND `access` = 1 ORDER BY `sort` DESC [ RunTime:0.004321s ]
[2020-02-26T16:08:04+08:00][sql] SELECT * FROM `eb_system_config` WHERE  `menu_name` = 'cache_config' LIMIT 1 [ RunTime:0.003962s ]
[2020-02-26T16:08:04+08:00][sql] SELECT `menu_name`,`value` FROM `eb_system_config` [ RunTime:0.003865s ]
[2020-02-26T16:08:04+08:00][sql] SHOW FULL COLUMNS FROM `eb_system_role` [ RunTime:0.004744s ]
[2020-02-26T16:08:04+08:00][sql] SELECT `role_name` FROM `eb_system_role` WHERE  `id` = 1 LIMIT 1 [ RunTime:0.003711s ]
[2020-02-26T16:08:04+08:00][info] [ VIEW ] /home/wwwroot/www/lungcare/app/admin/view/index/index.php [ array (
  0 => '_admin',
  1 => 'menuList',
  2 => 'site_logo',
  3 => 'new_order_audio_link',
  4 => 'role_name',
  5 => 'workermanPort',
) ]
[2020-02-26T16:08:05+08:00][sql] CONNECT:[ UseTime:0.006083s ] mysql:host=zy-ying123.mysql.rds.aliyuncs.com;port=3306;dbname=lungcare;charset=utf8
[2020-02-26T16:08:05+08:00][sql] SHOW FULL COLUMNS FROM `eb_system_admin` [ RunTime:0.004924s ]
[2020-02-26T16:08:05+08:00][sql] SELECT * FROM `eb_system_admin` WHERE  `id` = 1 LIMIT 1 [ RunTime:0.003602s ]
[2020-02-26T16:08:05+08:00][sql] SHOW FULL COLUMNS FROM `eb_system_menus` [ RunTime:0.004577s ]
[2020-02-26T16:08:05+08:00][sql] SELECT `module`,`controller`,`action`,`params` FROM `eb_system_menus` WHERE  ( `controller` <> '' OR `action` <> '' ) [ RunTime:0.003956s ]
[2020-02-26T16:08:05+08:00][sql] SHOW FULL COLUMNS FROM `eb_store_order` [ RunTime:0.005422s ]
[2020-02-26T16:08:05+08:00][sql] SELECT COUNT(*) AS think_count FROM `eb_store_order` WHERE  `status` = 0  AND `paid` = 1  AND `refund_status` = 0 [ RunTime:0.003696s ]
[2020-02-26T16:08:05+08:00][sql] SELECT COUNT(*) AS think_count FROM `eb_store_order` WHERE  `paid` = 1  AND `refund_status` = 1 [ RunTime:0.003566s ]
[2020-02-26T16:08:05+08:00][sql] SHOW FULL COLUMNS FROM `eb_system_config` [ RunTime:0.004758s ]
[2020-02-26T16:08:05+08:00][sql] SELECT * FROM `eb_system_config` WHERE  `menu_name` = 'store_stock' LIMIT 1 [ RunTime:0.003704s ]
[2020-02-26T16:08:05+08:00][sql] SELECT * FROM `eb_system_config` WHERE  `menu_name` = 'store_stock' LIMIT 1 [ RunTime:0.003641s ]
[2020-02-26T16:08:05+08:00][sql] SHOW FULL COLUMNS FROM `eb_store_product` [ RunTime:0.004919s ]
[2020-02-26T16:08:05+08:00][sql] SELECT COUNT(*) AS think_count FROM `eb_store_product` WHERE  `stock` <= 2  AND `is_show` = 1  AND `is_del` = 0 [ RunTime:0.003570s ]
[2020-02-26T16:08:05+08:00][sql] SHOW FULL COLUMNS FROM `eb_user_extract` [ RunTime:0.004511s ]
[2020-02-26T16:08:05+08:00][sql] SELECT COUNT(*) AS think_count FROM `eb_user_extract` WHERE  `status` = 0 [ RunTime:0.003513s ]
[2020-02-26T16:08:05+08:00][sql] SELECT COUNT(*) AS think_count FROM `eb_store_order` WHERE  `paid` = 1  AND `pay_time` BETWEEN 1582560000 AND 1582646399 [ RunTime:0.003615s ]
[2020-02-26T16:08:05+08:00][sql] SELECT COUNT(*) AS think_count FROM `eb_store_order` WHERE  `paid` = 1  AND `pay_time` > 1582560000  AND `pay_time` < 1582646400 [ RunTime:0.003669s ]
[2020-02-26T16:08:05+08:00][sql] SELECT SUM(`pay_price`) AS think_sum FROM `eb_store_order` WHERE  `paid` = 1  AND `pay_time` BETWEEN 1582560000 AND 1582646399 [ RunTime:0.003704s ]
[2020-02-26T16:08:05+08:00][sql] SELECT SUM(`pay_price`) AS think_sum FROM `eb_store_order` WHERE  `paid` = 1  AND `pay_time` > 1582473600  AND `pay_time` < 1582560000 [ RunTime:0.003583s ]
[2020-02-26T16:08:05+08:00][sql] SELECT SUM(`pay_price`) AS think_sum FROM `eb_store_order` WHERE  `paid` = 1  AND `pay_time` BETWEEN 1580486400 AND 1582991999 [ RunTime:0.003614s ]
[2020-02-26T16:08:05+08:00][sql] SELECT sum(pay_price) FROM `eb_store_order` WHERE  `paid` = 1  AND `pay_time` > 1577808000  AND `pay_time` < 1580486400 LIMIT 1 [ RunTime:0.003579s ]
[2020-02-26T16:08:05+08:00][sql] SHOW FULL COLUMNS FROM `eb_user` [ RunTime:0.005558s ]
[2020-02-26T16:08:05+08:00][sql] SELECT COUNT(*) AS think_count FROM `eb_user` WHERE  `add_time` > 1582646400 [ RunTime:0.003536s ]
[2020-02-26T16:08:05+08:00][sql] SELECT COUNT(*) AS think_count FROM `eb_user` WHERE  `add_time` > 1582560000  AND `add_time` < 1582646400 [ RunTime:0.003476s ]
[2020-02-26T16:08:05+08:00][sql] SELECT COUNT(*) AS think_count FROM `eb_user` WHERE  `add_time` > 1580486400 [ RunTime:0.003478s ]
[2020-02-26T16:08:05+08:00][sql] SELECT COUNT(*) AS think_count FROM `eb_user` WHERE  `add_time` > 1577808000  AND `add_time` < 1580486400 [ RunTime:0.003498s ]
[2020-02-26T16:08:05+08:00][sql] SELECT COUNT(*) AS think_count FROM `eb_store_order` WHERE  `add_time` > 1580486400 [ RunTime:0.003536s ]
[2020-02-26T16:08:05+08:00][sql] SELECT COUNT(*) AS think_count FROM `eb_store_order` WHERE  `add_time` > 1577808000  AND `add_time` < 1580486400 [ RunTime:0.003514s ]
[2020-02-26T16:08:05+08:00][sql] SELECT COUNT(*) AS think_count FROM `eb_store_order` WHERE  `add_time` > 1577808000  AND `add_time` < 1580486400 [ RunTime:0.003523s ]
[2020-02-26T16:08:05+08:00][sql] SELECT COUNT(*) AS think_count FROM `eb_store_order` WHERE  `add_time` > 1575129600  AND `add_time` < 1577808000 [ RunTime:0.003499s ]
[2020-02-26T16:08:05+08:00][info] [ VIEW ] /home/wwwroot/www/lungcare/app/admin/view/index/main.php [ array (
  0 => '_admin',
  1 => 'first_line',
  2 => 'second_line',
  3 => 'topData',
) ]
[2020-02-26T16:08:05+08:00][sql] CONNECT:[ UseTime:0.006304s ] mysql:host=zy-ying123.mysql.rds.aliyuncs.com;port=3306;dbname=lungcare;charset=utf8
[2020-02-26T16:08:05+08:00][sql] SHOW FULL COLUMNS FROM `eb_system_admin` [ RunTime:0.005151s ]
[2020-02-26T16:08:05+08:00][sql] SELECT * FROM `eb_system_admin` WHERE  `id` = 1 LIMIT 1 [ RunTime:0.003728s ]
[2020-02-26T16:08:05+08:00][sql] SHOW FULL COLUMNS FROM `eb_system_menus` [ RunTime:0.004677s ]
[2020-02-26T16:08:05+08:00][sql] SELECT `module`,`controller`,`action`,`params` FROM `eb_system_menus` WHERE  ( `controller` <> '' OR `action` <> '' ) [ RunTime:0.004533s ]
[2020-02-26T16:08:05+08:00][sql] SHOW FULL COLUMNS FROM `eb_user` [ RunTime:0.005272s ]
[2020-02-26T16:08:05+08:00][sql] SELECT FROM_UNIXTIME(add_time,'%m-%e') as day,count(*) as count FROM `eb_user` WHERE  `add_time` BETWEEN 1580054400 AND 1582646400 GROUP BY FROM_UNIXTIME(add_time,'%Y%m%e') ORDER BY `add_time` ASC [ RunTime:0.003841s ]
[2020-02-26T16:08:05+08:00][sql] CONNECT:[ UseTime:0.005573s ] mysql:host=zy-ying123.mysql.rds.aliyuncs.com;port=3306;dbname=lungcare;charset=utf8
[2020-02-26T16:08:05+08:00][sql] SHOW FULL COLUMNS FROM `eb_system_admin` [ RunTime:0.004951s ]
[2020-02-26T16:08:05+08:00][sql] SELECT * FROM `eb_system_admin` WHERE  `id` = 1 LIMIT 1 [ RunTime:0.003384s ]
[2020-02-26T16:08:05+08:00][sql] SHOW FULL COLUMNS FROM `eb_system_menus` [ RunTime:0.004294s ]
[2020-02-26T16:08:05+08:00][sql] SELECT `module`,`controller`,`action`,`params` FROM `eb_system_menus` WHERE  ( `controller` <> '' OR `action` <> '' ) [ RunTime:0.003772s ]
[2020-02-26T16:08:05+08:00][sql] SHOW FULL COLUMNS FROM `eb_store_order` [ RunTime:0.005220s ]
[2020-02-26T16:08:05+08:00][sql] SELECT FROM_UNIXTIME(add_time,'%m-%d') as day,count(*) as count,sum(pay_price) as price FROM `eb_store_order` WHERE  `add_time` BETWEEN 1580054400 AND 1582646400 GROUP BY FROM_UNIXTIME(add_time,'%Y%m%d') ORDER BY `add_time` ASC [ RunTime:0.003550s ]
[2020-02-26T16:08:05+08:00][sql] SELECT count(*) as count,sum(pay_price) as price FROM `eb_store_order` WHERE  `add_time` BETWEEN 1577462400 AND 1580054400 LIMIT 1 [ RunTime:0.003328s ]
[2020-02-26T16:08:05+08:00][sql] SELECT count(*) as count,sum(pay_price) as price FROM `eb_store_order` WHERE  `add_time` BETWEEN 1580054400 AND 1582646400 LIMIT 1 [ RunTime:0.003312s ]
[2020-02-26T16:08:05+08:00][sql] CONNECT:[ UseTime:0.005699s ] mysql:host=zy-ying123.mysql.rds.aliyuncs.com;port=3306;dbname=lungcare;charset=utf8
[2020-02-26T16:08:05+08:00][sql] SHOW FULL COLUMNS FROM `eb_system_admin` [ RunTime:0.004605s ]
[2020-02-26T16:08:05+08:00][sql] SELECT * FROM `eb_system_admin` WHERE  `id` = 1 LIMIT 1 [ RunTime:0.003364s ]
[2020-02-26T16:08:05+08:00][sql] SHOW FULL COLUMNS FROM `eb_system_menus` [ RunTime:0.004421s ]
[2020-02-26T16:08:05+08:00][sql] SELECT `module`,`controller`,`action`,`params` FROM `eb_system_menus` WHERE  ( `controller` <> '' OR `action` <> '' ) [ RunTime:0.003922s ]
[2020-02-26T16:08:05+08:00][sql] SHOW FULL COLUMNS FROM `eb_store_order` [ RunTime:0.005177s ]
[2020-02-26T16:08:05+08:00][sql] SELECT COUNT(*) AS think_count FROM `eb_store_order` WHERE  `paid` = 1  AND `status` = 0  AND `shipping_type` = 1  AND `refund_status` = 0  AND `is_del` = 0 [ RunTime:0.003525s ]
[2020-02-26T16:08:05+08:00][sql] SHOW FULL COLUMNS FROM `eb_system_config` [ RunTime:0.004839s ]
[2020-02-26T16:08:05+08:00][sql] SELECT * FROM `eb_system_config` WHERE  `menu_name` = 'store_stock' LIMIT 1 [ RunTime:0.004100s ]
[2020-02-26T16:08:05+08:00][sql] SELECT * FROM `eb_system_config` WHERE  `menu_name` = 'store_stock' LIMIT 1 [ RunTime:0.003470s ]
[2020-02-26T16:08:05+08:00][sql] SHOW FULL COLUMNS FROM `eb_store_product` [ RunTime:0.005577s ]
[2020-02-26T16:08:05+08:00][sql] SELECT COUNT(*) AS think_count FROM `eb_store_product` WHERE  `stock` <= 2  AND `is_show` = 1  AND `is_del` = 0 [ RunTime:0.003467s ]
[2020-02-26T16:08:05+08:00][sql] SHOW FULL COLUMNS FROM `eb_store_product_reply` [ RunTime:0.005051s ]
[2020-02-26T16:08:05+08:00][sql] SELECT COUNT(*) AS think_count FROM `eb_store_product_reply` WHERE  `is_reply` = 0 [ RunTime:0.003420s ]
[2020-02-26T16:08:05+08:00][sql] SHOW FULL COLUMNS FROM `eb_user_extract` [ RunTime:0.005047s ]
[2020-02-26T16:08:05+08:00][sql] SELECT COUNT(*) AS think_count FROM `eb_user_extract` WHERE  `status` = 0 [ RunTime:0.003407s ]
[2020-02-26T16:08:05+08:00][sql] SELECT `id`,`order_id` FROM `eb_store_order` WHERE  `paid` = 1  AND `status` = 0  AND `shipping_type` = 1  AND `refund_status` = 0  AND `is_del` = 0  AND `is_remind` = 0 [ RunTime:0.003459s ]
[2020-02-26T16:08:28+08:00][sql] CONNECT:[ UseTime:0.005299s ] mysql:host=zy-ying123.mysql.rds.aliyuncs.com;port=3306;dbname=lungcare;charset=utf8
[2020-02-26T16:08:28+08:00][sql] SHOW FULL COLUMNS FROM `eb_system_admin` [ RunTime:0.004525s ]
[2020-02-26T16:08:28+08:00][sql] SELECT * FROM `eb_system_admin` WHERE  `id` = 1 LIMIT 1 [ RunTime:0.003163s ]
[2020-02-26T16:08:28+08:00][sql] SHOW FULL COLUMNS FROM `eb_system_menus` [ RunTime:0.004169s ]
[2020-02-26T16:08:28+08:00][sql] SELECT `module`,`controller`,`action`,`params` FROM `eb_system_menus` WHERE  ( `controller` <> '' OR `action` <> '' ) [ RunTime:0.003566s ]
[2020-02-26T16:08:28+08:00][sql] SELECT `menu_name` FROM `eb_system_menus` WHERE  `action` = 'index'  AND `controller` = 'setting.SystemConfig'  AND `module` = 'admin'  AND `params` = '[]'  AND ( params = '[]' OR params = '[]' ) ORDER BY `id` DESC LIMIT 1 [ RunTime:0.003380s ]
[2020-02-26T16:08:28+08:00][sql] SHOW FULL COLUMNS FROM `eb_system_log` [ RunTime:0.004037s ]
[2020-02-26T16:08:28+08:00][sql] INSERT INTO `eb_system_log` SET `method` = 'admin' , `admin_id` = 1 , `add_time` = 1582704508 , `admin_name` = 'admin' , `path` = 'admin/setting.systemconfig/index/' , `page` = '未知' , `ip` = '113.116.195.47' , `type` = 'system' [ RunTime:0.003382s ]
[2020-02-26T16:08:28+08:00][sql] SHOW FULL COLUMNS FROM `eb_system_config` [ RunTime:0.004206s ]
[2020-02-26T16:08:28+08:00][sql] SELECT * FROM `eb_system_config` WHERE  `config_tab_id` = 9  AND `status` = 1 ORDER BY `sort` DESC,`id` ASC [ RunTime:0.003431s ]
[2020-02-26T16:08:28+08:00][info] [ VIEW ] /home/wwwroot/www/lungcare/app/admin/view/setting/system_config/index.php [ array (
  0 => '_admin',
  1 => 'tab_id',
  2 => 'form',
  3 => 'config_tab',
  4 => 'list',
) ]
[2020-02-26T16:08:29+08:00][sql] CONNECT:[ UseTime:0.005626s ] mysql:host=zy-ying123.mysql.rds.aliyuncs.com;port=3306;dbname=lungcare;charset=utf8
[2020-02-26T16:08:29+08:00][sql] SHOW FULL COLUMNS FROM `eb_system_admin` [ RunTime:0.005313s ]
[2020-02-26T16:08:29+08:00][sql] SELECT * FROM `eb_system_admin` WHERE  `id` = 1 LIMIT 1 [ RunTime:0.003362s ]
[2020-02-26T16:08:29+08:00][sql] SHOW FULL COLUMNS FROM `eb_system_menus` [ RunTime:0.004371s ]
[2020-02-26T16:08:29+08:00][sql] SELECT `module`,`controller`,`action`,`params` FROM `eb_system_menus` WHERE  ( `controller` <> '' OR `action` <> '' ) [ RunTime:0.003758s ]
[2020-02-26T16:08:29+08:00][sql] SELECT `menu_name` FROM `eb_system_menus` WHERE  `action` = 'index'  AND `controller` = 'agent.AgentManage'  AND `module` = 'admin'  AND `params` = '[]'  AND ( params = '[]' OR params = '[]' ) ORDER BY `id` DESC LIMIT 1 [ RunTime:0.003556s ]
[2020-02-26T16:08:29+08:00][sql] SHOW FULL COLUMNS FROM `eb_system_log` [ RunTime:0.016926s ]
[2020-02-26T16:08:29+08:00][sql] INSERT INTO `eb_system_log` SET `method` = 'admin' , `admin_id` = 1 , `add_time` = 1582704509 , `admin_name` = 'admin' , `path` = 'admin/agent.agentmanage/index/' , `page` = '未知' , `ip` = '113.116.195.47' , `type` = 'system' [ RunTime:0.003447s ]
[2020-02-26T16:08:29+08:00][sql] SHOW FULL COLUMNS FROM `eb_system_config` [ RunTime:0.004512s ]
[2020-02-26T16:08:29+08:00][sql] SELECT * FROM `eb_system_config` WHERE  `menu_name` = 'cache_config' LIMIT 1 [ RunTime:0.003573s ]
[2020-02-26T16:08:29+08:00][info] [ VIEW ] /home/wwwroot/www/lungcare/app/admin/view/agent/agent_manage/index.php [ array (
  0 => '_admin',
  1 => 'year',
  2 => 'store_brokerage_statu',
) ]
[2020-02-26T16:19:07+08:00][info] [ VIEW ] /home/wwwroot/www/lungcare/public/index.html [ array (
) ]
[2020-02-26T16:26:52+08:00][info] [ VIEW ] /home/wwwroot/www/lungcare/public/index.html [ array (
) ]
[2020-02-26T16:26:52+08:00][info] [ VIEW ] /home/wwwroot/www/lungcare/public/index.html [ array (
) ]
[2020-02-26T16:26:53+08:00][info] [ VIEW ] /home/wwwroot/www/lungcare/public/index.html [ array (
) ]
[2020-02-26T16:26:53+08:00][info] [ VIEW ] /home/wwwroot/www/lungcare/public/index.html [ array (
) ]
[2020-02-26T16:26:53+08:00][info] [ VIEW ] /home/wwwroot/www/lungcare/public/index.html [ array (
) ]
[2020-02-26T16:26:55+08:00][sql] CONNECT:[ UseTime:0.005702s ] mysql:host=zy-ying123.mysql.rds.aliyuncs.com;port=3306;dbname=lungcare;charset=utf8
[2020-02-26T16:26:55+08:00][sql] SHOW FULL COLUMNS FROM `eb_system_admin` [ RunTime:0.004619s ]
[2020-02-26T16:26:55+08:00][sql] SELECT * FROM `eb_system_admin` WHERE  `id` = 1 LIMIT 1 [ RunTime:0.003385s ]
[2020-02-26T16:26:55+08:00][sql] SHOW FULL COLUMNS FROM `eb_system_menus` [ RunTime:0.004313s ]
[2020-02-26T16:26:55+08:00][sql] SELECT `module`,`controller`,`action`,`params` FROM `eb_system_menus` WHERE  ( `controller` <> '' OR `action` <> '' ) [ RunTime:0.003820s ]
[2020-02-26T16:26:55+08:00][sql] SELECT `menu_name` FROM `eb_system_menus` WHERE  `action` = 'index'  AND `controller` = 'setting.SystemConfig'  AND `module` = 'admin'  AND `params` = '[]'  AND ( params = '[]' OR params = '[]' ) ORDER BY `id` DESC LIMIT 1 [ RunTime:0.003771s ]
[2020-02-26T16:26:55+08:00][sql] SHOW FULL COLUMNS FROM `eb_system_log` [ RunTime:0.004547s ]
[2020-02-26T16:26:55+08:00][sql] INSERT INTO `eb_system_log` SET `method` = 'admin' , `admin_id` = 1 , `add_time` = 1582705615 , `admin_name` = 'admin' , `path` = 'admin/setting.systemconfig/index/' , `page` = '未知' , `ip` = '113.116.195.47' , `type` = 'system' [ RunTime:0.003444s ]
[2020-02-26T16:26:55+08:00][sql] SHOW FULL COLUMNS FROM `eb_system_config` [ RunTime:0.004332s ]
[2020-02-26T16:26:55+08:00][sql] SELECT * FROM `eb_system_config` WHERE  `config_tab_id` = 9  AND `status` = 1 ORDER BY `sort` DESC,`id` ASC [ RunTime:0.003491s ]
[2020-02-26T16:26:55+08:00][info] [ VIEW ] /home/wwwroot/www/lungcare/app/admin/view/setting/system_config/index.php [ array (
  0 => '_admin',
  1 => 'tab_id',
  2 => 'form',
  3 => 'config_tab',
  4 => 'list',
) ]
[2020-02-26T16:26:55+08:00][info] [ VIEW ] /home/wwwroot/www/lungcare/public/index.html [ array (
) ]
[2020-02-26T16:26:55+08:00][info] [ VIEW ] /home/wwwroot/www/lungcare/public/index.html [ array (
) ]
[2020-02-26T16:27:51+08:00][info] [ VIEW ] /home/wwwroot/www/lungcare/public/index.html [ array (
) ]
[2020-02-26T16:27:51+08:00][info] [ VIEW ] /home/wwwroot/www/lungcare/public/index.html [ array (
) ]
[2020-02-26T16:27:55+08:00][info] [ VIEW ] /home/wwwroot/www/lungcare/public/index.html [ array (
) ]
[2020-02-26T16:27:57+08:00][info] [ VIEW ] /home/wwwroot/www/lungcare/public/index.html [ array (
) ]
[2020-02-26T16:28:11+08:00][info] [ VIEW ] /home/wwwroot/www/lungcare/public/index.html [ array (
) ]
[2020-02-26T16:28:12+08:00][info] [ VIEW ] /home/wwwroot/www/lungcare/public/index.html [ array (
) ]
[2020-02-26T16:28:16+08:00][info] [ VIEW ] /home/wwwroot/www/lungcare/public/index.html [ array (
) ]
[2020-02-26T16:28:23+08:00][info] [ VIEW ] /home/wwwroot/www/lungcare/public/index.html [ array (
) ]
[2020-02-26T16:30:07+08:00][info] [ VIEW ] /home/wwwroot/www/lungcare/public/index.html [ array (
) ]
[2020-02-26T17:09:34+08:00][info] [ VIEW ] /home/wwwroot/www/lungcare/public/index.html [ array (
) ]
[2020-02-26T17:11:43+08:00][info] [ VIEW ] /home/wwwroot/www/lungcare/public/index.html [ array (
) ]
[2020-02-26T17:16:47+08:00][info] [ VIEW ] /home/wwwroot/www/lungcare/public/index.html [ array (
) ]
[2020-02-26T17:21:19+08:00][info] [ VIEW ] /home/wwwroot/www/lungcare/public/index.html [ array (
) ]
[2020-02-26T17:21:34+08:00][info] [ VIEW ] /home/wwwroot/www/lungcare/public/index.html [ array (
) ]
[2020-02-26T17:24:13+08:00][info] [ VIEW ] /home/wwwroot/www/lungcare/public/index.html [ array (
) ]
[2020-02-26T17:48:13+08:00][info] [ VIEW ] /home/wwwroot/www/lungcare/public/index.html [ array (
) ]
[2020-02-26T17:48:13+08:00][info] [ VIEW ] /home/wwwroot/www/lungcare/public/index.html [ array (
) ]
[2020-02-26T17:52:49+08:00][info] [ VIEW ] /home/wwwroot/www/lungcare/public/index.html [ array (
) ]
[2020-02-26T17:53:25+08:00][info] [ VIEW ] /home/wwwroot/www/lungcare/public/index.html [ array (
) ]
[2020-02-26T18:27:35+08:00][info] [ VIEW ] /home/wwwroot/www/lungcare/public/index.html [ array (
) ]
[2020-02-26T18:56:19+08:00][info] [ VIEW ] /home/wwwroot/www/lungcare/public/index.html [ array (
) ]
[2020-02-26T18:56:21+08:00][info] [ VIEW ] /home/wwwroot/www/lungcare/public/index.html [ array (
) ]
[2020-02-26T19:10:50+08:00][info] [ VIEW ] /home/wwwroot/www/lungcare/public/index.html [ array (
) ]
[2020-02-26T19:10:50+08:00][info] [ VIEW ] /home/wwwroot/www/lungcare/public/index.html [ array (
) ]
[2020-02-26T19:10:50+08:00][info] [ VIEW ] /home/wwwroot/www/lungcare/public/index.html [ array (
) ]
[2020-02-26T19:29:53+08:00][info] [ VIEW ] /home/wwwroot/www/lungcare/public/index.html [ array (
) ]
[2020-02-26T19:42:59+08:00][info] [ VIEW ] /home/wwwroot/www/lungcare/public/index.html [ array (
) ]
[2020-02-26T19:55:51+08:00][info] [ VIEW ] /home/wwwroot/www/lungcare/public/index.html [ array (
) ]
[2020-02-26T20:00:40+08:00][info] [ VIEW ] /home/wwwroot/www/lungcare/public/index.html [ array (
) ]
[2020-02-26T20:41:24+08:00][info] [ VIEW ] /home/wwwroot/www/lungcare/public/index.html [ array (
) ]
[2020-02-26T20:43:05+08:00][info] [ VIEW ] /home/wwwroot/www/lungcare/public/index.html [ array (
) ]
[2020-02-26T20:43:28+08:00][info] [ VIEW ] /home/wwwroot/www/lungcare/public/index.html [ array (
) ]
[2020-02-26T20:43:29+08:00][info] [ VIEW ] /home/wwwroot/www/lungcare/public/index.html [ array (
) ]
[2020-02-26T20:43:29+08:00][info] [ VIEW ] /home/wwwroot/www/lungcare/public/index.html [ array (
) ]
[2020-02-26T20:43:30+08:00][info] [ VIEW ] /home/wwwroot/www/lungcare/public/index.html [ array (
) ]
[2020-02-26T20:57:10+08:00][info] [ VIEW ] /home/wwwroot/www/lungcare/public/index.html [ array (
) ]
[2020-02-26T20:57:10+08:00][info] [ VIEW ] /home/wwwroot/www/lungcare/public/index.html [ array (
) ]
[2020-02-26T21:45:27+08:00][info] [ VIEW ] /home/wwwroot/www/lungcare/public/index.html [ array (
) ]
[2020-02-26T22:23:11+08:00][info] [ VIEW ] /home/wwwroot/www/lungcare/public/index.html [ array (
) ]
[2020-02-26T22:23:12+08:00][info] [ VIEW ] /home/wwwroot/www/lungcare/public/index.html [ array (
) ]
[2020-02-26T22:24:45+08:00][info] [ VIEW ] /home/wwwroot/www/lungcare/public/index.html [ array (
) ]
[2020-02-26T22:50:30+08:00][info] [ VIEW ] /home/wwwroot/www/lungcare/public/index.html [ array (
) ]
[2020-02-26T22:50:30+08:00][info] [ VIEW ] /home/wwwroot/www/lungcare/public/index.html [ array (
) ]
[2020-02-26T23:40:36+08:00][info] [ VIEW ] /home/wwwroot/www/lungcare/public/index.html [ array (
) ]
[2020-02-26T23:52:30+08:00][info] [ VIEW ] /home/wwwroot/www/lungcare/public/index.html [ array (
) ]
