[2020-03-02T00:00:48+08:00][info] [ VIEW ] /home/wwwroot/www/lungcare/public/index.html [ array (
) ]
[2020-03-02T00:39:40+08:00][info] [ VIEW ] /home/wwwroot/www/lungcare/public/index.html [ array (
) ]
[2020-03-02T00:48:05+08:00][info] [ VIEW ] /home/wwwroot/www/lungcare/public/index.html [ array (
) ]
[2020-03-02T00:54:34+08:00][info] [ VIEW ] /home/wwwroot/www/lungcare/public/index.html [ array (
) ]
[2020-03-02T00:54:53+08:00][info] [ VIEW ] /home/wwwroot/www/lungcare/public/index.html [ array (
) ]
[2020-03-02T00:55:52+08:00][info] [ VIEW ] /home/wwwroot/www/lungcare/public/index.html [ array (
) ]
[2020-03-02T01:02:24+08:00][info] [ VIEW ] /home/wwwroot/www/lungcare/public/index.html [ array (
) ]
[2020-03-02T01:07:14+08:00][info] [ VIEW ] /home/wwwroot/www/lungcare/public/index.html [ array (
) ]
[2020-03-02T01:39:11+08:00][info] [ VIEW ] /home/wwwroot/www/lungcare/public/index.html [ array (
) ]
[2020-03-02T02:02:43+08:00][info] [ VIEW ] /home/wwwroot/www/lungcare/public/index.html [ array (
) ]
[2020-03-02T02:23:10+08:00][info] [ VIEW ] /home/wwwroot/www/lungcare/public/index.html [ array (
) ]
[2020-03-02T02:23:10+08:00][info] [ VIEW ] /home/wwwroot/www/lungcare/public/index.html [ array (
) ]
[2020-03-02T02:23:10+08:00][info] [ VIEW ] /home/wwwroot/www/lungcare/public/index.html [ array (
) ]
[2020-03-02T02:23:10+08:00][info] [ VIEW ] /home/wwwroot/www/lungcare/public/index.html [ array (
) ]
[2020-03-02T02:23:10+08:00][info] [ VIEW ] /home/wwwroot/www/lungcare/app/admin/view/login/index.php [ array (
) ]
[2020-03-02T02:23:11+08:00][info] [ VIEW ] /home/wwwroot/www/lungcare/public/index.html [ array (
) ]
[2020-03-02T02:23:11+08:00][info] [ VIEW ] /home/wwwroot/www/lungcare/public/index.html [ array (
) ]
[2020-03-02T02:23:11+08:00][info] [ VIEW ] /home/wwwroot/www/lungcare/public/index.html [ array (
) ]
[2020-03-02T02:23:11+08:00][info] [ VIEW ] /home/wwwroot/www/lungcare/public/index.html [ array (
) ]
[2020-03-02T02:23:11+08:00][info] [ VIEW ] /home/wwwroot/www/lungcare/public/index.html [ array (
) ]
[2020-03-02T02:23:11+08:00][info] [ VIEW ] /home/wwwroot/www/lungcare/public/index.html [ array (
) ]
[2020-03-02T02:23:11+08:00][info] [ VIEW ] /home/wwwroot/www/lungcare/public/index.html [ array (
) ]
[2020-03-02T02:42:53+08:00][info] [ VIEW ] /home/wwwroot/www/lungcare/public/index.html [ array (
) ]
[2020-03-02T03:07:04+08:00][info] [ VIEW ] /home/wwwroot/www/lungcare/public/index.html [ array (
) ]
[2020-03-02T03:07:04+08:00][info] [ VIEW ] /home/wwwroot/www/lungcare/public/index.html [ array (
) ]
[2020-03-02T03:07:04+08:00][info] [ VIEW ] /home/wwwroot/www/lungcare/public/index.html [ array (
) ]
[2020-03-02T03:07:04+08:00][info] [ VIEW ] /home/wwwroot/www/lungcare/public/index.html [ array (
) ]
[2020-03-02T04:09:33+08:00][info] [ VIEW ] /home/wwwroot/www/lungcare/public/index.html [ array (
) ]
[2020-03-02T04:43:50+08:00][info] [ VIEW ] /home/wwwroot/www/lungcare/public/index.html [ array (
) ]
[2020-03-02T04:55:48+08:00][info] [ VIEW ] /home/wwwroot/www/lungcare/public/index.html [ array (
) ]
[2020-03-02T05:03:23+08:00][info] [ VIEW ] /home/wwwroot/www/lungcare/public/index.html [ array (
) ]
[2020-03-02T05:10:10+08:00][info] [ VIEW ] /home/wwwroot/www/lungcare/public/index.html [ array (
) ]
[2020-03-02T06:00:42+08:00][info] [ VIEW ] /home/wwwroot/www/lungcare/public/index.html [ array (
) ]
[2020-03-02T06:02:15+08:00][info] [ VIEW ] /home/wwwroot/www/lungcare/public/index.html [ array (
) ]
[2020-03-02T06:19:17+08:00][info] [ VIEW ] /home/wwwroot/www/lungcare/public/index.html [ array (
) ]
[2020-03-02T06:19:17+08:00][info] [ VIEW ] /home/wwwroot/www/lungcare/public/index.html [ array (
) ]
[2020-03-02T06:19:17+08:00][info] [ VIEW ] /home/wwwroot/www/lungcare/public/index.html [ array (
) ]
[2020-03-02T06:20:48+08:00][info] [ VIEW ] /home/wwwroot/www/lungcare/public/index.html [ array (
) ]
[2020-03-02T07:02:10+08:00][info] [ VIEW ] /home/wwwroot/www/lungcare/public/index.html [ array (
) ]
[2020-03-02T07:02:10+08:00][info] [ VIEW ] /home/wwwroot/www/lungcare/public/index.html [ array (
) ]
[2020-03-02T07:02:10+08:00][info] [ VIEW ] /home/wwwroot/www/lungcare/public/index.html [ array (
) ]
[2020-03-02T07:02:10+08:00][info] [ VIEW ] /home/wwwroot/www/lungcare/public/index.html [ array (
) ]
[2020-03-02T07:09:20+08:00][info] [ VIEW ] /home/wwwroot/www/lungcare/public/index.html [ array (
) ]
[2020-03-02T07:21:45+08:00][info] [ VIEW ] /home/wwwroot/www/lungcare/public/index.html [ array (
) ]
[2020-03-02T07:23:59+08:00][info] [ VIEW ] /home/wwwroot/www/lungcare/public/index.html [ array (
) ]
[2020-03-02T08:17:48+08:00][info] [ VIEW ] /home/wwwroot/www/lungcare/public/index.html [ array (
) ]
[2020-03-02T08:22:27+08:00][info] [ VIEW ] /home/wwwroot/www/lungcare/public/index.html [ array (
) ]
[2020-03-02T08:32:43+08:00][info] [ VIEW ] /home/wwwroot/www/lungcare/public/index.html [ array (
) ]
[2020-03-02T08:32:43+08:00][info] [ VIEW ] /home/wwwroot/www/lungcare/public/index.html [ array (
) ]
[2020-03-02T08:42:52+08:00][info] [ VIEW ] /home/wwwroot/www/lungcare/public/index.html [ array (
) ]
[2020-03-02T08:42:55+08:00][info] [ VIEW ] /home/wwwroot/www/lungcare/public/index.html [ array (
) ]
[2020-03-02T09:12:37+08:00][info] [ VIEW ] /home/wwwroot/www/lungcare/public/index.html [ array (
) ]
[2020-03-02T09:26:40+08:00][info] [ VIEW ] /home/wwwroot/www/lungcare/public/index.html [ array (
) ]
[2020-03-02T10:04:11+08:00][info] [ VIEW ] /home/wwwroot/www/lungcare/public/index.html [ array (
) ]
[2020-03-02T10:33:16+08:00][info] [ VIEW ] /home/wwwroot/www/lungcare/public/index.html [ array (
) ]
[2020-03-02T10:48:11+08:00][info] [ VIEW ] /home/wwwroot/www/lungcare/public/index.html [ array (
) ]
[2020-03-02T11:43:24+08:00][info] [ VIEW ] /home/wwwroot/www/lungcare/public/index.html [ array (
) ]
[2020-03-02T11:44:43+08:00][info] [ VIEW ] /home/wwwroot/www/lungcare/public/index.html [ array (
) ]
[2020-03-02T11:46:48+08:00][info] [ VIEW ] /home/wwwroot/www/lungcare/public/index.html [ array (
) ]
[2020-03-02T11:46:48+08:00][info] [ VIEW ] /home/wwwroot/www/lungcare/public/index.html [ array (
) ]
[2020-03-02T11:46:59+08:00][info] [ VIEW ] /home/wwwroot/www/lungcare/public/index.html [ array (
) ]
[2020-03-02T12:04:21+08:00][info] [ VIEW ] /home/wwwroot/www/lungcare/public/index.html [ array (
) ]
[2020-03-02T12:23:56+08:00][info] [ VIEW ] /home/wwwroot/www/lungcare/public/index.html [ array (
) ]
[2020-03-02T12:29:54+08:00][info] [ VIEW ] /home/wwwroot/www/lungcare/public/index.html [ array (
) ]
[2020-03-02T12:39:16+08:00][info] [ VIEW ] /home/wwwroot/www/lungcare/public/index.html [ array (
) ]
[2020-03-02T12:39:16+08:00][info] [ VIEW ] /home/wwwroot/www/lungcare/public/index.html [ array (
) ]
[2020-03-02T12:39:16+08:00][info] [ VIEW ] /home/wwwroot/www/lungcare/public/index.html [ array (
) ]
[2020-03-02T12:39:17+08:00][info] [ VIEW ] /home/wwwroot/www/lungcare/public/index.html [ array (
) ]
[2020-03-02T12:39:17+08:00][info] [ VIEW ] /home/wwwroot/www/lungcare/public/index.html [ array (
) ]
[2020-03-02T12:39:17+08:00][info] [ VIEW ] /home/wwwroot/www/lungcare/public/index.html [ array (
) ]
[2020-03-02T12:39:18+08:00][sql] CONNECT:[ UseTime:0.005457s ] mysql:host=zy-ying123.mysql.rds.aliyuncs.com;port=3306;dbname=lungcare;charset=utf8
[2020-03-02T12:39:18+08:00][sql] SHOW FULL COLUMNS FROM `eb_user_token` [ RunTime:0.005013s ]
[2020-03-02T12:39:18+08:00][sql] SELECT * FROM `eb_user_token` WHERE  `token` IS NULL LIMIT 1 [ RunTime:0.003111s ]
[2020-03-02T12:39:18+08:00][sql] SHOW FULL COLUMNS FROM `eb_system_config` [ RunTime:0.004872s ]
[2020-03-02T12:39:18+08:00][sql] SELECT * FROM `eb_system_config` WHERE  `menu_name` = 'cache_config' LIMIT 1 [ RunTime:0.003418s ]
[2020-03-02T12:39:18+08:00][sql] SELECT `menu_name`,`value` FROM `eb_system_config` [ RunTime:0.003256s ]
[2020-03-02T12:39:18+08:00][sql] SELECT * FROM `eb_system_config` WHERE  `menu_name` = 'cache_config' LIMIT 1 [ RunTime:0.003222s ]
[2020-03-02T12:39:18+08:00][sql] CONNECT:[ UseTime:0.005771s ] mysql:host=zy-ying123.mysql.rds.aliyuncs.com;port=3306;dbname=lungcare;charset=utf8
[2020-03-02T12:39:18+08:00][sql] SHOW FULL COLUMNS FROM `eb_user_token` [ RunTime:0.004665s ]
[2020-03-02T12:39:18+08:00][sql] SELECT * FROM `eb_user_token` WHERE  `token` IS NULL LIMIT 1 [ RunTime:0.003204s ]
[2020-03-02T12:39:18+08:00][sql] SHOW FULL COLUMNS FROM `eb_system_config` [ RunTime:0.004270s ]
[2020-03-02T12:39:18+08:00][sql] SELECT * FROM `eb_system_config` WHERE  `menu_name` = 'cache_config' LIMIT 1 [ RunTime:0.003371s ]
[2020-03-02T12:39:18+08:00][sql] SHOW FULL COLUMNS FROM `eb_system_group_data` [ RunTime:0.004106s ]
[2020-03-02T12:39:18+08:00][sql] SELECT `a`.*,`b`.`config_name` FROM `eb_system_group_data` `a` INNER JOIN `eb_system_group` `b` ON `a`.`gid`=`b`.`id` WHERE  `b`.`config_name` = 'routine_home_banner'  AND `a`.`status` = 1 ORDER BY `sort` DESC,`id` ASC [ RunTime:0.003362s ]
[2020-03-02T12:39:18+08:00][sql] SELECT * FROM `eb_system_config` WHERE  `menu_name` = 'cache_config' LIMIT 1 [ RunTime:0.003350s ]
[2020-03-02T12:39:18+08:00][sql] SELECT `a`.*,`b`.`config_name` FROM `eb_system_group_data` `a` INNER JOIN `eb_system_group` `b` ON `a`.`gid`=`b`.`id` WHERE  `b`.`config_name` = 'routine_home_menus'  AND `a`.`status` = 1 ORDER BY `sort` DESC,`id` ASC [ RunTime:0.003317s ]
[2020-03-02T12:39:18+08:00][sql] SELECT * FROM `eb_system_config` WHERE  `menu_name` = 'cache_config' LIMIT 1 [ RunTime:0.003293s ]
[2020-03-02T12:39:18+08:00][sql] SELECT `a`.*,`b`.`config_name` FROM `eb_system_group_data` `a` INNER JOIN `eb_system_group` `b` ON `a`.`gid`=`b`.`id` WHERE  `b`.`config_name` = 'routine_home_roll_news'  AND `a`.`status` = 1 ORDER BY `sort` DESC,`id` ASC [ RunTime:0.003290s ]
[2020-03-02T12:39:18+08:00][sql] SELECT * FROM `eb_system_config` WHERE  `menu_name` = 'cache_config' LIMIT 1 [ RunTime:0.003317s ]
[2020-03-02T12:39:18+08:00][sql] SELECT `a`.*,`b`.`config_name` FROM `eb_system_group_data` `a` INNER JOIN `eb_system_group` `b` ON `a`.`gid`=`b`.`id` WHERE  `b`.`config_name` = 'routine_home_activity'  AND `a`.`status` = 1 ORDER BY `sort` DESC,`id` ASC LIMIT 3 [ RunTime:0.003307s ]
[2020-03-02T12:39:18+08:00][sql] SELECT * FROM `eb_system_config` WHERE  `menu_name` = 'cache_config' LIMIT 1 [ RunTime:0.003341s ]
[2020-03-02T12:39:18+08:00][sql] SELECT * FROM `eb_system_config` WHERE  `menu_name` = 'cache_config' LIMIT 1 [ RunTime:0.003275s ]
[2020-03-02T12:39:18+08:00][sql] SELECT `a`.*,`b`.`config_name` FROM `eb_system_group_data` `a` INNER JOIN `eb_system_group` `b` ON `a`.`gid`=`b`.`id` WHERE  `b`.`config_name` = 'routine_index_page'  AND `a`.`status` = 1 ORDER BY `sort` DESC,`id` ASC [ RunTime:0.003329s ]
[2020-03-02T12:39:18+08:00][sql] SELECT * FROM `eb_system_config` WHERE  `menu_name` = 'cache_config' LIMIT 1 [ RunTime:0.003355s ]
[2020-03-02T12:39:18+08:00][sql] SHOW FULL COLUMNS FROM `eb_store_category` [ RunTime:0.004357s ]
[2020-03-02T12:39:18+08:00][sql] SELECT `id`,`cate_name`,`pid`,`pic` FROM `eb_store_category` WHERE  `pid` > 0  AND `is_show` = 1 ORDER BY `sort` DESC LIMIT 10 [ RunTime:0.003322s ]
[2020-03-02T12:39:18+08:00][sql] SHOW FULL COLUMNS FROM `eb_store_product` [ RunTime:0.004643s ]
[2020-03-02T12:39:18+08:00][sql] SELECT id,image,store_name,cate_id,price,ot_price,IFNULL(sales,0) + IFNULL(ficti,0) as sales,unit_name FROM `eb_store_product` WHERE  `is_best` = 1  AND `is_del` = 0  AND `mer_id` = 0  AND `stock` > 0  AND `is_show` = 1 ORDER BY `sort` DESC,`id` DESC LIMIT 10 [ RunTime:0.003402s ]
[2020-03-02T12:39:18+08:00][sql] SELECT * FROM `eb_system_config` WHERE  `menu_name` = 'cache_config' LIMIT 1 [ RunTime:0.003437s ]
[2020-03-02T12:39:18+08:00][sql] SHOW FULL COLUMNS FROM `eb_user_level` [ RunTime:0.004250s ]
[2020-03-02T12:39:18+08:00][sql] SELECT `level_id`,`is_forever`,`valid_time`,`id`,`status`,`grade` FROM `eb_user_level` WHERE  `status` = 1  AND `is_del` = 0  AND `uid` = 0 ORDER BY `grade` DESC LIMIT 1 [ RunTime:0.003216s ]
[2020-03-02T12:39:18+08:00][sql] SHOW FULL COLUMNS FROM `eb_system_user_level` [ RunTime:0.004252s ]
[2020-03-02T12:39:18+08:00][sql] SELECT `discount` FROM `eb_system_user_level` WHERE  `is_show` = 1  AND `is_del` = 0 ORDER BY `grade` ASC LIMIT 1 [ RunTime:0.003288s ]
[2020-03-02T12:39:18+08:00][sql] SELECT id,image,store_name,cate_id,price,unit_name,IFNULL(sales,0) + IFNULL(ficti,0) as sales FROM `eb_store_product` WHERE  `is_new` = 1  AND `is_del` = 0  AND `mer_id` = 0  AND `stock` > 0  AND `is_show` = 1 ORDER BY `sort` DESC,`id` DESC LIMIT 10 [ RunTime:0.003348s ]
[2020-03-02T12:39:18+08:00][sql] SELECT * FROM `eb_system_config` WHERE  `menu_name` = 'cache_config' LIMIT 1 [ RunTime:0.003427s ]
[2020-03-02T12:39:18+08:00][sql] SELECT `level_id`,`is_forever`,`valid_time`,`id`,`status`,`grade` FROM `eb_user_level` WHERE  `status` = 1  AND `is_del` = 0  AND `uid` = 0 ORDER BY `grade` DESC LIMIT 1 [ RunTime:0.003259s ]
[2020-03-02T12:39:18+08:00][sql] SELECT `discount` FROM `eb_system_user_level` WHERE  `is_show` = 1  AND `is_del` = 0 ORDER BY `grade` ASC LIMIT 1 [ RunTime:0.003193s ]
[2020-03-02T12:39:18+08:00][sql] SELECT * FROM `eb_system_config` WHERE  `menu_name` = 'cache_config' LIMIT 1 [ RunTime:0.003365s ]
[2020-03-02T12:39:18+08:00][sql] SELECT `a`.*,`b`.`config_name` FROM `eb_system_group_data` `a` INNER JOIN `eb_system_group` `b` ON `a`.`gid`=`b`.`id` WHERE  `b`.`config_name` = 'routine_home_bast_banner'  AND `a`.`status` = 1 ORDER BY `sort` DESC,`id` ASC [ RunTime:0.003320s ]
[2020-03-02T12:39:18+08:00][sql] SELECT `id`,`image`,`store_name`,`cate_id`,`price`,`ot_price`,`stock`,`unit_name` FROM `eb_store_product` WHERE  `is_benefit` = 1  AND `is_del` = 0  AND `mer_id` = 0  AND `stock` > 0  AND `is_show` = 1 ORDER BY `sort` DESC,`id` DESC LIMIT 3 [ RunTime:0.003365s ]
[2020-03-02T12:39:18+08:00][sql] SELECT * FROM `eb_system_config` WHERE  `menu_name` = 'cache_config' LIMIT 1 [ RunTime:0.003344s ]
[2020-03-02T12:39:18+08:00][sql] SELECT `a`.*,`b`.`config_name` FROM `eb_system_group_data` `a` INNER JOIN `eb_system_group` `b` ON `a`.`gid`=`b`.`id` WHERE  `b`.`config_name` = 'routine_home_new_banner'  AND `a`.`status` = 1 ORDER BY `sort` DESC,`id` ASC [ RunTime:0.003360s ]
[2020-03-02T12:39:18+08:00][sql] SELECT `id`,`image`,`store_name`,`cate_id`,`price`,`unit_name` FROM `eb_store_product` WHERE  `is_hot` = 1  AND `is_del` = 0  AND `mer_id` = 0  AND `stock` > 0  AND `is_show` = 1 ORDER BY `sort` DESC,`id` DESC LIMIT 3 [ RunTime:0.003296s ]
[2020-03-02T12:39:18+08:00][sql] SELECT * FROM `eb_system_config` WHERE  `menu_name` = 'cache_config' LIMIT 1 [ RunTime:0.003346s ]
[2020-03-02T12:39:18+08:00][sql] SELECT `level_id`,`is_forever`,`valid_time`,`id`,`status`,`grade` FROM `eb_user_level` WHERE  `status` = 1  AND `is_del` = 0  AND `uid` = 0 ORDER BY `grade` DESC LIMIT 1 [ RunTime:0.003219s ]
[2020-03-02T12:39:18+08:00][sql] SELECT `discount` FROM `eb_system_user_level` WHERE  `is_show` = 1  AND `is_del` = 0 ORDER BY `grade` ASC LIMIT 1 [ RunTime:0.003249s ]
[2020-03-02T12:39:18+08:00][sql] SHOW FULL COLUMNS FROM `eb_store_coupon_issue` [ RunTime:0.004444s ]
[2020-03-02T12:39:18+08:00][sql] SELECT `A`.*,`B`.`coupon_price`,`B`.`use_min_price` FROM `eb_store_coupon_issue` `A` INNER JOIN `eb_store_coupon` `B` ON `A`.`cid`=`B`.`id` WHERE  `A`.`status` = 1  AND (  (  `A`.`start_time` < 1583123958  AND `A`.`end_time` > 1583123958 ) OR (  `A`.`start_time` = 0  AND `A`.`end_time` = 0 ) )  AND `A`.`is_del` = 0  AND ( A.remain_count > 0 OR A.is_permanent = 1 ) ORDER BY `B`.`sort` DESC,`A`.`id` DESC LIMIT 3 [ RunTime:0.003533s ]
[2020-03-02T12:39:18+08:00][sql] SHOW FULL COLUMNS FROM `eb_wechat_user` [ RunTime:0.004477s ]
[2020-03-02T12:39:18+08:00][sql] SELECT `subscribe` FROM `eb_wechat_user` WHERE  `uid` = 0 LIMIT 1 [ RunTime:0.003232s ]
[2020-03-02T12:39:18+08:00][sql] SELECT * FROM `eb_system_config` WHERE  `menu_name` = 'cache_config' LIMIT 1 [ RunTime:0.003421s ]
[2020-03-02T12:39:18+08:00][info] [ VIEW ] /home/wwwroot/www/lungcare/public/index.html [ array (
) ]
[2020-03-02T12:39:19+08:00][info] [ VIEW ] /home/wwwroot/www/lungcare/public/index.html [ array (
) ]
[2020-03-02T12:50:40+08:00][info] [ VIEW ] /home/wwwroot/www/lungcare/public/index.html [ array (
) ]
[2020-03-02T13:21:26+08:00][info] [ VIEW ] /home/wwwroot/www/lungcare/public/index.html [ array (
) ]
[2020-03-02T13:39:14+08:00][info] [ VIEW ] /home/wwwroot/www/lungcare/public/index.html [ array (
) ]
[2020-03-02T13:57:01+08:00][info] [ VIEW ] /home/wwwroot/www/lungcare/public/index.html [ array (
) ]
[2020-03-02T14:51:07+08:00][info] [ VIEW ] /home/wwwroot/www/lungcare/public/index.html [ array (
) ]
[2020-03-02T14:51:07+08:00][info] [ VIEW ] /home/wwwroot/www/lungcare/public/index.html [ array (
) ]
[2020-03-02T14:51:07+08:00][info] [ VIEW ] /home/wwwroot/www/lungcare/public/index.html [ array (
) ]
[2020-03-02T14:51:07+08:00][info] [ VIEW ] /home/wwwroot/www/lungcare/public/index.html [ array (
) ]
[2020-03-02T14:53:33+08:00][info] [ VIEW ] /home/wwwroot/www/lungcare/public/index.html [ array (
) ]
[2020-03-02T15:35:37+08:00][info] [ VIEW ] /home/wwwroot/www/lungcare/public/index.html [ array (
) ]
[2020-03-02T16:04:05+08:00][info] [ VIEW ] /home/wwwroot/www/lungcare/public/index.html [ array (
) ]
[2020-03-02T18:00:43+08:00][info] [ VIEW ] /home/wwwroot/www/lungcare/public/index.html [ array (
) ]
[2020-03-02T18:03:28+08:00][info] [ VIEW ] /home/wwwroot/www/lungcare/public/index.html [ array (
) ]
[2020-03-02T18:32:46+08:00][info] [ VIEW ] /home/wwwroot/www/lungcare/public/index.html [ array (
) ]
[2020-03-02T18:32:57+08:00][info] [ VIEW ] /home/wwwroot/www/lungcare/public/index.html [ array (
) ]
[2020-03-02T18:32:58+08:00][info] [ VIEW ] /home/wwwroot/www/lungcare/public/index.html [ array (
) ]
[2020-03-02T18:35:06+08:00][info] [ VIEW ] /home/wwwroot/www/lungcare/public/index.html [ array (
) ]
[2020-03-02T18:39:42+08:00][info] [ VIEW ] /home/wwwroot/www/lungcare/public/index.html [ array (
) ]
[2020-03-02T19:18:31+08:00][info] [ VIEW ] /home/wwwroot/www/lungcare/public/index.html [ array (
) ]
[2020-03-02T19:21:14+08:00][info] [ VIEW ] /home/wwwroot/www/lungcare/public/index.html [ array (
) ]
[2020-03-02T19:37:17+08:00][info] [ VIEW ] /home/wwwroot/www/lungcare/public/index.html [ array (
) ]
[2020-03-02T19:37:17+08:00][info] [ VIEW ] /home/wwwroot/www/lungcare/public/index.html [ array (
) ]
[2020-03-02T19:37:17+08:00][info] [ VIEW ] /home/wwwroot/www/lungcare/public/index.html [ array (
) ]
[2020-03-02T19:37:17+08:00][info] [ VIEW ] /home/wwwroot/www/lungcare/public/index.html [ array (
) ]
[2020-03-02T19:53:55+08:00][info] [ VIEW ] /home/wwwroot/www/lungcare/public/index.html [ array (
) ]
[2020-03-02T21:32:27+08:00][info] [ VIEW ] /home/wwwroot/www/lungcare/public/index.html [ array (
) ]
[2020-03-02T21:32:27+08:00][info] [ VIEW ] /home/wwwroot/www/lungcare/public/index.html [ array (
) ]
