[2020-03-04T14:13:27+08:00][sql] CONNECT:[ UseTime:0.005889s ] mysql:host=zy-ying123.mysql.rds.aliyuncs.com;port=3306;dbname=lungcare;charset=utf8
[2020-03-04T14:13:27+08:00][sql] SHOW FULL COLUMNS FROM `eb_user_token` [ RunTime:0.004777s ]
[2020-03-04T14:13:27+08:00][sql] SELECT * FROM `eb_user_token` WHERE  `token` = 'eyJ0eXAiOiJKV1QiLCJhbGciOiJIUzI1NiJ9.eyJpc3MiOiJ3ZWkubHVuZ2NhcmUuc2hvcCIsImF1ZCI6IndlaS5sdW5nY2FyZS5zaG9wIiwiaWF0IjoxNTgyMjUzNzEyLCJuYmYiOjE1ODIyNTM3MTIsImV4cCI6MTU4MjI2NDUxMiwianRpIjp7ImlkIjoxMSwidHlwZSI6IndlY2hhdCJ9fQ.6K1IYiUzSb0CSqMtrssUUISql33r_0OnsoYrEU4rJPs' LIMIT 1 [ RunTime:0.003572s ]
[2020-03-04T14:13:27+08:00][sql] SHOW FULL COLUMNS FROM `eb_system_config` [ RunTime:0.004581s ]
[2020-03-04T14:13:27+08:00][sql] SELECT `menu_name`,`value` FROM `eb_system_config` WHERE  `menu_name` IN ('wechat_appid','wechat_appsecret','wechat_token','wechat_encodingaeskey','wechat_encode') [ RunTime:0.003547s ]
[2020-03-04T14:13:27+08:00][sql] SELECT `menu_name`,`value` FROM `eb_system_config` WHERE  `menu_name` IN ('pay_weixin_mchid','pay_weixin_client_cert','pay_weixin_client_key','pay_weixin_key','pay_weixin_open') [ RunTime:0.003479s ]
[2020-03-04T14:13:27+08:00][sql] SELECT * FROM `eb_system_config` WHERE  `menu_name` = 'cache_config' LIMIT 1 [ RunTime:0.003626s ]
[2020-03-04T14:13:27+08:00][sql] SHOW FULL COLUMNS FROM `eb_wechat_user` [ RunTime:0.005126s ]
[2020-03-04T14:13:27+08:00][sql] SELECT COUNT(*) AS think_count FROM `eb_wechat_user` WHERE  `openid` = 'oGk8SuE2t6z2IeHrwCTtyg9j3j54' [ RunTime:0.003486s ]
[2020-03-04T14:13:27+08:00][sql] SHOW FULL COLUMNS FROM `eb_user` [ RunTime:0.004711s ]
[2020-03-04T14:13:27+08:00][sql] SELECT COUNT(*) AS think_count FROM `eb_user` WHERE  `uid` = 0 [ RunTime:0.003405s ]
[2020-03-04T14:13:27+08:00][sql] SELECT `uid` FROM `eb_wechat_user` WHERE  `openid` = 'oGk8SuE2t6z2IeHrwCTtyg9j3j54'  AND `user_type` <> 'h5' LIMIT 1 [ RunTime:0.003402s ]
[2020-03-04T14:13:27+08:00][sql] INSERT INTO `eb_wechat_user` SET `openid` = 'oGk8SuE2t6z2IeHrwCTtyg9j3j54' , `nickname` = '周恒' , `sex` = 1 , `language` = 'zh_CN' , `city` = '' , `province` = '' , `country` = '中国' , `headimgurl` = 'http://thirdwx.qlogo.cn/mmopen/vi_32/fo79zus88qcdVNuibzPEwKib4UPI5HWpxMBT106HlNYkicJWB9iaw1N6JdsicnMia2Y3tFf98vYfBfvHblOiaca6PBwNA/132' , `subscribe` = 0 [ RunTime:0.003491s ]
[2020-03-04T14:13:27+08:00][sql] INSERT INTO `eb_user` SET `account` = 'wx101583302407' , `pwd` = 'e10adc3949ba59abbe56e057f20f883e' , `nickname` = '周恒' , `avatar` = 'http://thirdwx.qlogo.cn/mmopen/vi_32/fo79zus88qcdVNuibzPEwKib4UPI5HWpxMBT106HlNYkicJWB9iaw1N6JdsicnMia2Y3tFf98vYfBfvHblOiaca6PBwNA/132' , `spread_uid` = 0 , `add_time` = 1583302407 , `add_ip` = '119.122.112.132' , `last_time` = 1583302407 , `last_ip` = '119.122.112.132' , `uid` = 10 , `user_type` = 'wechat' [ RunTime:0.003474s ]
[2020-03-04T14:13:27+08:00][sql] SELECT `uid` FROM `eb_wechat_user` WHERE  `openid` = 'oGk8SuE2t6z2IeHrwCTtyg9j3j54'  AND `user_type` <> 'h5' LIMIT 1 [ RunTime:0.003430s ]
[2020-03-04T14:13:27+08:00][sql] SELECT * FROM `eb_user` WHERE  `uid` = 10 LIMIT 1 [ RunTime:0.003461s ]
[2020-03-04T14:13:27+08:00][sql] UPDATE `eb_user`  SET `last_time` = 1583302407 , `last_ip` = '119.122.112.132'  WHERE  `uid` = 10  LIMIT 1 [ RunTime:0.003505s ]
[2020-03-04T14:13:27+08:00][sql] SELECT `uid` FROM `eb_wechat_user` WHERE  `openid` = 'oGk8SuE2t6z2IeHrwCTtyg9j3j54'  AND `user_type` <> 'h5' LIMIT 1 [ RunTime:0.003530s ]
[2020-03-04T14:13:27+08:00][sql] SELECT * FROM `eb_user` WHERE  `uid` = 10 LIMIT 1 [ RunTime:0.003475s ]
[2020-03-04T14:13:27+08:00][sql] INSERT INTO `eb_user_token` SET `uid` = 10 , `token` = 'eyJ0eXAiOiJKV1QiLCJhbGciOiJIUzI1NiJ9.eyJpc3MiOiJ3ZWkubHVuZ2NhcmUuc2hvcCIsImF1ZCI6IndlaS5sdW5nY2FyZS5zaG9wIiwiaWF0IjoxNTgzMzAyNDA3LCJuYmYiOjE1ODMzMDI0MDcsImV4cCI6MTU4MzMxMzIwNywianRpIjp7ImlkIjoxMCwidHlwZSI6IndlY2hhdCJ9fQ.aSXY13U5sOmCugVsjxW69ZQa7cVIGcIqbubLAsptRD8' , `expires_time` = '2020-03-04 17:13:27' , `create_time` = '2020-03-04 14:13:27.251903' , `login_ip` = '119.122.112.132' [ RunTime:0.003559s ]
[2020-03-04T14:13:27+08:00][sql] SELECT * FROM `eb_user` WHERE  `uid` = 10 LIMIT 1 [ RunTime:0.003627s ]
[2020-03-04T14:13:27+08:00][info] [ VIEW ] /home/wwwroot/www/lungcare/public/index.html [ array (
) ]
[2020-03-04T14:13:27+08:00][sql] CONNECT:[ UseTime:0.006159s ] mysql:host=zy-ying123.mysql.rds.aliyuncs.com;port=3306;dbname=lungcare;charset=utf8
[2020-03-04T14:13:27+08:00][sql] SHOW FULL COLUMNS FROM `eb_user_token` [ RunTime:0.005122s ]
[2020-03-04T14:13:27+08:00][sql] SELECT * FROM `eb_user_token` WHERE  `token` = 'eyJ0eXAiOiJKV1QiLCJhbGciOiJIUzI1NiJ9.eyJpc3MiOiJ3ZWkubHVuZ2NhcmUuc2hvcCIsImF1ZCI6IndlaS5sdW5nY2FyZS5zaG9wIiwiaWF0IjoxNTgzMzAyNDA3LCJuYmYiOjE1ODMzMDI0MDcsImV4cCI6MTU4MzMxMzIwNywianRpIjp7ImlkIjoxMCwidHlwZSI6IndlY2hhdCJ9fQ.aSXY13U5sOmCugVsjxW69ZQa7cVIGcIqbubLAsptRD8' LIMIT 1 [ RunTime:0.003831s ]
[2020-03-04T14:13:27+08:00][sql] SHOW FULL COLUMNS FROM `eb_user` [ RunTime:0.005092s ]
[2020-03-04T14:13:27+08:00][sql] SELECT * FROM `eb_user` WHERE  `uid` = 10 LIMIT 1 [ RunTime:0.003869s ]
[2020-03-04T14:13:27+08:00][sql] SHOW FULL COLUMNS FROM `eb_system_config` [ RunTime:0.005162s ]
[2020-03-04T14:13:27+08:00][sql] SELECT `menu_name`,`value` FROM `eb_system_config` WHERE  `menu_name` IN ('wechat_appid','wechat_appsecret','wechat_token','wechat_encodingaeskey','wechat_encode') [ RunTime:0.003854s ]
[2020-03-04T14:13:27+08:00][sql] SELECT `menu_name`,`value` FROM `eb_system_config` WHERE  `menu_name` IN ('pay_weixin_mchid','pay_weixin_client_cert','pay_weixin_client_key','pay_weixin_key','pay_weixin_open') [ RunTime:0.003778s ]
[2020-03-04T14:13:27+08:00][sql] SELECT * FROM `eb_system_config` WHERE  `menu_name` = 'cache_config' LIMIT 1 [ RunTime:0.003825s ]
[2020-03-04T14:13:27+08:00][sql] CONNECT:[ UseTime:0.004925s ] mysql:host=zy-ying123.mysql.rds.aliyuncs.com;port=3306;dbname=lungcare;charset=utf8
[2020-03-04T14:13:27+08:00][sql] SHOW FULL COLUMNS FROM `eb_user_token` [ RunTime:0.004230s ]
[2020-03-04T14:13:27+08:00][sql] SELECT * FROM `eb_user_token` WHERE  `token` = 'eyJ0eXAiOiJKV1QiLCJhbGciOiJIUzI1NiJ9.eyJpc3MiOiJ3ZWkubHVuZ2NhcmUuc2hvcCIsImF1ZCI6IndlaS5sdW5nY2FyZS5zaG9wIiwiaWF0IjoxNTgzMzAyNDA3LCJuYmYiOjE1ODMzMDI0MDcsImV4cCI6MTU4MzMxMzIwNywianRpIjp7ImlkIjoxMCwidHlwZSI6IndlY2hhdCJ9fQ.aSXY13U5sOmCugVsjxW69ZQa7cVIGcIqbubLAsptRD8' LIMIT 1 [ RunTime:0.003572s ]
[2020-03-04T14:13:27+08:00][sql] SHOW FULL COLUMNS FROM `eb_user` [ RunTime:0.004459s ]
[2020-03-04T14:13:27+08:00][sql] SELECT * FROM `eb_user` WHERE  `uid` = 10 LIMIT 1 [ RunTime:0.003051s ]
[2020-03-04T14:13:27+08:00][sql] SHOW FULL COLUMNS FROM `eb_system_config` [ RunTime:0.004265s ]
[2020-03-04T14:13:27+08:00][sql] SELECT * FROM `eb_system_config` WHERE  `menu_name` = 'cache_config' LIMIT 1 [ RunTime:0.003043s ]
[2020-03-04T14:13:27+08:00][sql] SELECT * FROM `eb_system_config` WHERE  `menu_name` = 'cache_config' LIMIT 1 [ RunTime:0.003013s ]
[2020-03-04T14:13:27+08:00][sql] CONNECT:[ UseTime:0.005463s ] mysql:host=zy-ying123.mysql.rds.aliyuncs.com;port=3306;dbname=lungcare;charset=utf8
[2020-03-04T14:13:27+08:00][sql] SHOW FULL COLUMNS FROM `eb_user_token` [ RunTime:0.004320s ]
[2020-03-04T14:13:27+08:00][sql] SELECT * FROM `eb_user_token` WHERE  `token` = 'eyJ0eXAiOiJKV1QiLCJhbGciOiJIUzI1NiJ9.eyJpc3MiOiJ3ZWkubHVuZ2NhcmUuc2hvcCIsImF1ZCI6IndlaS5sdW5nY2FyZS5zaG9wIiwiaWF0IjoxNTgzMzAyNDA3LCJuYmYiOjE1ODMzMDI0MDcsImV4cCI6MTU4MzMxMzIwNywianRpIjp7ImlkIjoxMCwidHlwZSI6IndlY2hhdCJ9fQ.aSXY13U5sOmCugVsjxW69ZQa7cVIGcIqbubLAsptRD8' LIMIT 1 [ RunTime:0.003343s ]
[2020-03-04T14:13:27+08:00][sql] SHOW FULL COLUMNS FROM `eb_user` [ RunTime:0.004717s ]
[2020-03-04T14:13:27+08:00][sql] SELECT * FROM `eb_user` WHERE  `uid` = 10 LIMIT 1 [ RunTime:0.003448s ]
[2020-03-04T14:13:27+08:00][sql] SHOW FULL COLUMNS FROM `eb_system_config` [ RunTime:0.004415s ]
[2020-03-04T14:13:27+08:00][sql] SELECT * FROM `eb_system_config` WHERE  `menu_name` = 'cache_config' LIMIT 1 [ RunTime:0.003499s ]
[2020-03-04T14:13:27+08:00][sql] SELECT * FROM `eb_system_config` WHERE  `menu_name` = 'cache_config' LIMIT 1 [ RunTime:0.003445s ]
[2020-03-04T14:13:27+08:00][sql] SELECT * FROM `eb_system_config` WHERE  `menu_name` = 'cache_config' LIMIT 1 [ RunTime:0.003497s ]
[2020-03-04T14:13:27+08:00][sql] SELECT * FROM `eb_system_config` WHERE  `menu_name` = 'cache_config' LIMIT 1 [ RunTime:0.003422s ]
[2020-03-04T14:13:27+08:00][sql] CONNECT:[ UseTime:0.004825s ] mysql:host=zy-ying123.mysql.rds.aliyuncs.com;port=3306;dbname=lungcare;charset=utf8
[2020-03-04T14:13:27+08:00][sql] SHOW FULL COLUMNS FROM `eb_user_token` [ RunTime:0.004158s ]
[2020-03-04T14:13:27+08:00][sql] SELECT * FROM `eb_user_token` WHERE  `token` = 'eyJ0eXAiOiJKV1QiLCJhbGciOiJIUzI1NiJ9.eyJpc3MiOiJ3ZWkubHVuZ2NhcmUuc2hvcCIsImF1ZCI6IndlaS5sdW5nY2FyZS5zaG9wIiwiaWF0IjoxNTgzMzAyNDA3LCJuYmYiOjE1ODMzMDI0MDcsImV4cCI6MTU4MzMxMzIwNywianRpIjp7ImlkIjoxMCwidHlwZSI6IndlY2hhdCJ9fQ.aSXY13U5sOmCugVsjxW69ZQa7cVIGcIqbubLAsptRD8' LIMIT 1 [ RunTime:0.002898s ]
[2020-03-04T14:13:27+08:00][sql] SHOW FULL COLUMNS FROM `eb_user` [ RunTime:0.004353s ]
[2020-03-04T14:13:27+08:00][sql] SELECT * FROM `eb_user` WHERE  `uid` = 10 LIMIT 1 [ RunTime:0.004101s ]
[2020-03-04T14:13:27+08:00][sql] SHOW FULL COLUMNS FROM `eb_system_config` [ RunTime:0.004077s ]
[2020-03-04T14:13:27+08:00][sql] SELECT * FROM `eb_system_config` WHERE  `menu_name` = 'cache_config' LIMIT 1 [ RunTime:0.003031s ]
[2020-03-04T14:13:27+08:00][sql] SELECT * FROM `eb_system_config` WHERE  `menu_name` = 'cache_config' LIMIT 1 [ RunTime:0.003066s ]
[2020-03-04T14:13:27+08:00][sql] SELECT * FROM `eb_system_config` WHERE  `menu_name` = 'cache_config' LIMIT 1 [ RunTime:0.003460s ]
[2020-03-04T14:13:27+08:00][sql] SELECT * FROM `eb_system_config` WHERE  `menu_name` = 'cache_config' LIMIT 1 [ RunTime:0.003005s ]
[2020-03-04T14:13:27+08:00][sql] SELECT * FROM `eb_system_config` WHERE  `menu_name` = 'cache_config' LIMIT 1 [ RunTime:0.003019s ]
[2020-03-04T14:13:27+08:00][sql] SELECT * FROM `eb_system_config` WHERE  `menu_name` = 'cache_config' LIMIT 1 [ RunTime:0.003138s ]
[2020-03-04T14:13:27+08:00][sql] SELECT * FROM `eb_system_config` WHERE  `menu_name` = 'cache_config' LIMIT 1 [ RunTime:0.003045s ]
[2020-03-04T14:13:27+08:00][sql] SHOW FULL COLUMNS FROM `eb_store_category` [ RunTime:0.003991s ]
[2020-03-04T14:13:27+08:00][sql] SELECT `id`,`cate_name`,`pid`,`pic` FROM `eb_store_category` WHERE  `pid` > 0  AND `is_show` = 1 ORDER BY `sort` DESC LIMIT 10 [ RunTime:0.002967s ]
[2020-03-04T14:13:27+08:00][sql] SHOW FULL COLUMNS FROM `eb_store_product` [ RunTime:0.004292s ]
[2020-03-04T14:13:27+08:00][sql] SELECT id,image,store_name,cate_id,price,ot_price,IFNULL(sales,0) + IFNULL(ficti,0) as sales,unit_name FROM `eb_store_product` WHERE  `is_best` = 1  AND `is_del` = 0  AND `mer_id` = 0  AND `stock` > 0  AND `is_show` = 1 ORDER BY `sort` DESC,`id` DESC LIMIT 10 [ RunTime:0.003010s ]
[2020-03-04T14:13:27+08:00][sql] SELECT * FROM `eb_system_config` WHERE  `menu_name` = 'cache_config' LIMIT 1 [ RunTime:0.002984s ]
[2020-03-04T14:13:27+08:00][sql] SHOW FULL COLUMNS FROM `eb_user_level` [ RunTime:0.003935s ]
[2020-03-04T14:13:27+08:00][sql] SELECT `level_id`,`is_forever`,`valid_time`,`id`,`status`,`grade` FROM `eb_user_level` WHERE  `status` = 1  AND `is_del` = 0  AND `uid` = 10 ORDER BY `grade` DESC LIMIT 1 [ RunTime:0.002962s ]
[2020-03-04T14:13:27+08:00][sql] SHOW FULL COLUMNS FROM `eb_system_user_level` [ RunTime:0.004108s ]
[2020-03-04T14:13:27+08:00][sql] SELECT `discount` FROM `eb_system_user_level` WHERE  `is_show` = 1  AND `is_del` = 0 ORDER BY `grade` ASC LIMIT 1 [ RunTime:0.002877s ]
[2020-03-04T14:13:27+08:00][sql] SELECT id,image,store_name,cate_id,price,unit_name,IFNULL(sales,0) + IFNULL(ficti,0) as sales FROM `eb_store_product` WHERE  `is_new` = 1  AND `is_del` = 0  AND `mer_id` = 0  AND `stock` > 0  AND `is_show` = 1 ORDER BY `sort` DESC,`id` DESC LIMIT 10 [ RunTime:0.003050s ]
[2020-03-04T14:13:27+08:00][sql] SELECT * FROM `eb_system_config` WHERE  `menu_name` = 'cache_config' LIMIT 1 [ RunTime:0.003180s ]
[2020-03-04T14:13:27+08:00][sql] SELECT `level_id`,`is_forever`,`valid_time`,`id`,`status`,`grade` FROM `eb_user_level` WHERE  `status` = 1  AND `is_del` = 0  AND `uid` = 10 ORDER BY `grade` DESC LIMIT 1 [ RunTime:0.002902s ]
[2020-03-04T14:13:27+08:00][sql] SELECT `discount` FROM `eb_system_user_level` WHERE  `is_show` = 1  AND `is_del` = 0 ORDER BY `grade` ASC LIMIT 1 [ RunTime:0.002862s ]
[2020-03-04T14:13:27+08:00][sql] SELECT * FROM `eb_system_config` WHERE  `menu_name` = 'cache_config' LIMIT 1 [ RunTime:0.002993s ]
[2020-03-04T14:13:27+08:00][sql] SELECT `id`,`image`,`store_name`,`cate_id`,`price`,`ot_price`,`stock`,`unit_name` FROM `eb_store_product` WHERE  `is_benefit` = 1  AND `is_del` = 0  AND `mer_id` = 0  AND `stock` > 0  AND `is_show` = 1 ORDER BY `sort` DESC,`id` DESC LIMIT 3 [ RunTime:0.003017s ]
[2020-03-04T14:13:27+08:00][sql] SELECT * FROM `eb_system_config` WHERE  `menu_name` = 'cache_config' LIMIT 1 [ RunTime:0.002987s ]
[2020-03-04T14:13:27+08:00][sql] SELECT `id`,`image`,`store_name`,`cate_id`,`price`,`unit_name` FROM `eb_store_product` WHERE  `is_hot` = 1  AND `is_del` = 0  AND `mer_id` = 0  AND `stock` > 0  AND `is_show` = 1 ORDER BY `sort` DESC,`id` DESC LIMIT 3 [ RunTime:0.003208s ]
[2020-03-04T14:13:27+08:00][sql] SELECT * FROM `eb_system_config` WHERE  `menu_name` = 'cache_config' LIMIT 1 [ RunTime:0.002991s ]
[2020-03-04T14:13:27+08:00][sql] SELECT `level_id`,`is_forever`,`valid_time`,`id`,`status`,`grade` FROM `eb_user_level` WHERE  `status` = 1  AND `is_del` = 0  AND `uid` = 0 ORDER BY `grade` DESC LIMIT 1 [ RunTime:0.002850s ]
[2020-03-04T14:13:27+08:00][sql] SELECT `discount` FROM `eb_system_user_level` WHERE  `is_show` = 1  AND `is_del` = 0 ORDER BY `grade` ASC LIMIT 1 [ RunTime:0.002861s ]
[2020-03-04T14:13:27+08:00][sql] SHOW FULL COLUMNS FROM `eb_store_coupon_issue` [ RunTime:0.004159s ]
[2020-03-04T14:13:27+08:00][sql] SELECT `A`.*,`B`.`coupon_price`,`B`.`use_min_price` FROM `eb_store_coupon_issue` `A` INNER JOIN `eb_store_coupon` `B` ON `A`.`cid`=`B`.`id` WHERE  `A`.`status` = 1  AND (  (  `A`.`start_time` < 1583302407  AND `A`.`end_time` > 1583302407 ) OR (  `A`.`start_time` = 0  AND `A`.`end_time` = 0 ) )  AND `A`.`is_del` = 0  AND ( A.remain_count > 0 OR A.is_permanent = 1 ) ORDER BY `B`.`sort` DESC,`A`.`id` DESC LIMIT 3 [ RunTime:0.003121s ]
[2020-03-04T14:13:27+08:00][sql] SHOW FULL COLUMNS FROM `eb_wechat_user` [ RunTime:0.004188s ]
[2020-03-04T14:13:27+08:00][sql] SELECT `subscribe` FROM `eb_wechat_user` WHERE  `uid` = 10 LIMIT 1 [ RunTime:0.002832s ]
[2020-03-04T14:13:27+08:00][sql] SELECT * FROM `eb_system_config` WHERE  `menu_name` = 'cache_config' LIMIT 1 [ RunTime:0.003012s ]
[2020-03-04T14:13:28+08:00][sql] CONNECT:[ UseTime:0.005512s ] mysql:host=zy-ying123.mysql.rds.aliyuncs.com;port=3306;dbname=lungcare;charset=utf8
[2020-03-04T14:13:28+08:00][sql] SHOW FULL COLUMNS FROM `eb_user_token` [ RunTime:0.004903s ]
[2020-03-04T14:13:28+08:00][sql] SELECT * FROM `eb_user_token` WHERE  `token` = 'eyJ0eXAiOiJKV1QiLCJhbGciOiJIUzI1NiJ9.eyJpc3MiOiJ3ZWkubHVuZ2NhcmUuc2hvcCIsImF1ZCI6IndlaS5sdW5nY2FyZS5zaG9wIiwiaWF0IjoxNTgzMzAyNDA3LCJuYmYiOjE1ODMzMDI0MDcsImV4cCI6MTU4MzMxMzIwNywianRpIjp7ImlkIjoxMCwidHlwZSI6IndlY2hhdCJ9fQ.aSXY13U5sOmCugVsjxW69ZQa7cVIGcIqbubLAsptRD8' LIMIT 1 [ RunTime:0.003196s ]
[2020-03-04T14:13:28+08:00][sql] SHOW FULL COLUMNS FROM `eb_user` [ RunTime:0.004713s ]
[2020-03-04T14:13:28+08:00][sql] SELECT * FROM `eb_user` WHERE  `uid` = 10 LIMIT 1 [ RunTime:0.003238s ]
[2020-03-04T14:13:28+08:00][sql] SHOW FULL COLUMNS FROM `eb_system_config` [ RunTime:0.004260s ]
[2020-03-04T14:13:28+08:00][sql] SELECT `menu_name`,`value` FROM `eb_system_config` WHERE  `menu_name` IN ('wechat_appid','wechat_appsecret','wechat_token','wechat_encodingaeskey','wechat_encode') [ RunTime:0.003181s ]
[2020-03-04T14:13:28+08:00][sql] SELECT `menu_name`,`value` FROM `eb_system_config` WHERE  `menu_name` IN ('pay_weixin_mchid','pay_weixin_client_cert','pay_weixin_client_key','pay_weixin_key','pay_weixin_open') [ RunTime:0.003190s ]
[2020-03-04T14:13:28+08:00][sql] SELECT * FROM `eb_system_config` WHERE  `menu_name` = 'cache_config' LIMIT 1 [ RunTime:0.003290s ]
[2020-03-04T14:13:29+08:00][sql] CONNECT:[ UseTime:0.005989s ] mysql:host=zy-ying123.mysql.rds.aliyuncs.com;port=3306;dbname=lungcare;charset=utf8
[2020-03-04T14:13:29+08:00][sql] SHOW FULL COLUMNS FROM `eb_user_token` [ RunTime:0.005024s ]
[2020-03-04T14:13:29+08:00][sql] SELECT * FROM `eb_user_token` WHERE  `token` = 'eyJ0eXAiOiJKV1QiLCJhbGciOiJIUzI1NiJ9.eyJpc3MiOiJ3ZWkubHVuZ2NhcmUuc2hvcCIsImF1ZCI6IndlaS5sdW5nY2FyZS5zaG9wIiwiaWF0IjoxNTgzMzAyNDA3LCJuYmYiOjE1ODMzMDI0MDcsImV4cCI6MTU4MzMxMzIwNywianRpIjp7ImlkIjoxMCwidHlwZSI6IndlY2hhdCJ9fQ.aSXY13U5sOmCugVsjxW69ZQa7cVIGcIqbubLAsptRD8' LIMIT 1 [ RunTime:0.003474s ]
[2020-03-04T14:13:29+08:00][sql] SHOW FULL COLUMNS FROM `eb_user` [ RunTime:0.005309s ]
[2020-03-04T14:13:29+08:00][sql] SELECT * FROM `eb_user` WHERE  `uid` = 10 LIMIT 1 [ RunTime:0.003503s ]
[2020-03-04T14:13:29+08:00][sql] SHOW FULL COLUMNS FROM `eb_system_config` [ RunTime:0.004795s ]
[2020-03-04T14:13:29+08:00][sql] SELECT * FROM `eb_system_config` WHERE  `menu_name` = 'cache_config' LIMIT 1 [ RunTime:0.003629s ]
[2020-03-04T14:13:29+08:00][sql] SELECT * FROM `eb_system_config` WHERE  `menu_name` = 'cache_config' LIMIT 1 [ RunTime:0.003519s ]
[2020-03-04T14:13:29+08:00][sql] SELECT * FROM `eb_system_config` WHERE  `menu_name` = 'cache_config' LIMIT 1 [ RunTime:0.003456s ]
[2020-03-04T14:13:29+08:00][sql] SELECT * FROM `eb_system_config` WHERE  `menu_name` = 'cache_config' LIMIT 1 [ RunTime:0.003452s ]
[2020-03-04T14:13:29+08:00][sql] CONNECT:[ UseTime:0.005424s ] mysql:host=zy-ying123.mysql.rds.aliyuncs.com;port=3306;dbname=lungcare;charset=utf8
[2020-03-04T14:13:29+08:00][sql] SHOW FULL COLUMNS FROM `eb_user_token` [ RunTime:0.004851s ]
[2020-03-04T14:13:29+08:00][sql] SELECT * FROM `eb_user_token` WHERE  `token` = 'eyJ0eXAiOiJKV1QiLCJhbGciOiJIUzI1NiJ9.eyJpc3MiOiJ3ZWkubHVuZ2NhcmUuc2hvcCIsImF1ZCI6IndlaS5sdW5nY2FyZS5zaG9wIiwiaWF0IjoxNTgzMzAyNDA3LCJuYmYiOjE1ODMzMDI0MDcsImV4cCI6MTU4MzMxMzIwNywianRpIjp7ImlkIjoxMCwidHlwZSI6IndlY2hhdCJ9fQ.aSXY13U5sOmCugVsjxW69ZQa7cVIGcIqbubLAsptRD8' LIMIT 1 [ RunTime:0.003237s ]
[2020-03-04T14:13:29+08:00][sql] SHOW FULL COLUMNS FROM `eb_user` [ RunTime:0.004701s ]
[2020-03-04T14:13:29+08:00][sql] SELECT * FROM `eb_user` WHERE  `uid` = 10 LIMIT 1 [ RunTime:0.003257s ]
[2020-03-04T14:13:29+08:00][sql] SHOW FULL COLUMNS FROM `eb_system_config` [ RunTime:0.004535s ]
[2020-03-04T14:13:29+08:00][sql] SELECT `menu_name`,`value` FROM `eb_system_config` WHERE  `menu_name` IN ('wechat_appid','wechat_appsecret','wechat_token','wechat_encodingaeskey','wechat_encode') [ RunTime:0.003302s ]
[2020-03-04T14:13:29+08:00][sql] SELECT `menu_name`,`value` FROM `eb_system_config` WHERE  `menu_name` IN ('pay_weixin_mchid','pay_weixin_client_cert','pay_weixin_client_key','pay_weixin_key','pay_weixin_open') [ RunTime:0.003179s ]
[2020-03-04T14:13:29+08:00][sql] SELECT * FROM `eb_system_config` WHERE  `menu_name` = 'cache_config' LIMIT 1 [ RunTime:0.003286s ]
[2020-03-04T14:13:33+08:00][sql] CONNECT:[ UseTime:0.005398s ] mysql:host=zy-ying123.mysql.rds.aliyuncs.com;port=3306;dbname=lungcare;charset=utf8
[2020-03-04T14:13:33+08:00][sql] SHOW FULL COLUMNS FROM `eb_user_token` [ RunTime:0.004452s ]
[2020-03-04T14:13:33+08:00][sql] SELECT * FROM `eb_user_token` WHERE  `token` = 'eyJ0eXAiOiJKV1QiLCJhbGciOiJIUzI1NiJ9.eyJpc3MiOiJ3ZWkubHVuZ2NhcmUuc2hvcCIsImF1ZCI6IndlaS5sdW5nY2FyZS5zaG9wIiwiaWF0IjoxNTgzMzAyNDA3LCJuYmYiOjE1ODMzMDI0MDcsImV4cCI6MTU4MzMxMzIwNywianRpIjp7ImlkIjoxMCwidHlwZSI6IndlY2hhdCJ9fQ.aSXY13U5sOmCugVsjxW69ZQa7cVIGcIqbubLAsptRD8' LIMIT 1 [ RunTime:0.003411s ]
[2020-03-04T14:13:33+08:00][sql] SHOW FULL COLUMNS FROM `eb_user` [ RunTime:0.005383s ]
[2020-03-04T14:13:33+08:00][sql] SELECT * FROM `eb_user` WHERE  `uid` = 10 LIMIT 1 [ RunTime:0.003433s ]
[2020-03-04T14:13:33+08:00][sql] SHOW FULL COLUMNS FROM `eb_store_coupon_issue` [ RunTime:0.004730s ]
[2020-03-04T14:13:33+08:00][sql] SELECT `A`.*,`B`.`coupon_price`,`B`.`use_min_price` FROM `eb_store_coupon_issue` `A` INNER JOIN `eb_store_coupon` `B` ON `A`.`cid`=`B`.`id` WHERE  `A`.`status` = 1  AND (  (  `A`.`start_time` < 1583302413  AND `A`.`end_time` > 1583302413 ) OR (  `A`.`start_time` = 0  AND `A`.`end_time` = 0 ) )  AND `A`.`is_del` = 0  AND ( A.remain_count > 0 OR A.is_permanent = 1 ) ORDER BY `B`.`sort` DESC,`A`.`id` DESC LIMIT 0,20 [ RunTime:0.003640s ]
[2020-03-04T14:13:33+08:00][sql] CONNECT:[ UseTime:0.005349s ] mysql:host=zy-ying123.mysql.rds.aliyuncs.com;port=3306;dbname=lungcare;charset=utf8
[2020-03-04T14:13:33+08:00][sql] SHOW FULL COLUMNS FROM `eb_user_token` [ RunTime:0.004503s ]
[2020-03-04T14:13:33+08:00][sql] SELECT * FROM `eb_user_token` WHERE  `token` = 'eyJ0eXAiOiJKV1QiLCJhbGciOiJIUzI1NiJ9.eyJpc3MiOiJ3ZWkubHVuZ2NhcmUuc2hvcCIsImF1ZCI6IndlaS5sdW5nY2FyZS5zaG9wIiwiaWF0IjoxNTgzMzAyNDA3LCJuYmYiOjE1ODMzMDI0MDcsImV4cCI6MTU4MzMxMzIwNywianRpIjp7ImlkIjoxMCwidHlwZSI6IndlY2hhdCJ9fQ.aSXY13U5sOmCugVsjxW69ZQa7cVIGcIqbubLAsptRD8' LIMIT 1 [ RunTime:0.003288s ]
[2020-03-04T14:13:33+08:00][sql] SHOW FULL COLUMNS FROM `eb_user` [ RunTime:0.004560s ]
[2020-03-04T14:13:33+08:00][sql] SELECT * FROM `eb_user` WHERE  `uid` = 10 LIMIT 1 [ RunTime:0.003304s ]
[2020-03-04T14:13:33+08:00][sql] SHOW FULL COLUMNS FROM `eb_store_product` [ RunTime:0.004548s ]
[2020-03-04T14:13:33+08:00][sql] SELECT add_time,browse,cate_id,code_path,cost,description,ficti,give_integral,id,image,is_bargain,is_benefit,is_best,is_del,is_hot,is_new,is_postage,is_seckill,is_show,keyword,mer_id,mer_use,ot_price,postage,price,sales,slider_image,sort,stock,store_info,store_name,unit_name,vip_price,IFNULL(sales,0) + IFNULL(ficti,0) as fsales FROM `eb_store_product` WHERE  `is_del` = 0  AND `is_show` = 1  AND `id` = 20 LIMIT 1 [ RunTime:0.003385s ]
[2020-03-04T14:13:33+08:00][sql] SHOW FULL COLUMNS FROM `eb_system_config` [ RunTime:0.004235s ]
[2020-03-04T14:13:33+08:00][sql] SELECT * FROM `eb_system_config` WHERE  `menu_name` = 'cache_config' LIMIT 1 [ RunTime:0.003380s ]
[2020-03-04T14:13:33+08:00][sql] SHOW FULL COLUMNS FROM `eb_system_attachment` [ RunTime:0.004171s ]
[2020-03-04T14:13:33+08:00][sql] SELECT COUNT(*) AS think_count FROM `eb_system_attachment` WHERE  `name` = '20_product_detail_wap.jpg' [ RunTime:0.003219s ]
[2020-03-04T14:13:33+08:00][sql] SELECT * FROM `eb_system_attachment` WHERE  `name` = '20_product_detail_wap.jpg' LIMIT 1 [ RunTime:0.003208s ]
[2020-03-04T14:13:33+08:00][sql] SELECT * FROM `eb_system_config` WHERE  `menu_name` = 'cache_config' LIMIT 1 [ RunTime:0.003296s ]
[2020-03-04T14:13:33+08:00][sql] SHOW FULL COLUMNS FROM `eb_store_product_relation` [ RunTime:0.004102s ]
[2020-03-04T14:13:33+08:00][sql] SELECT COUNT(*) AS think_count FROM `eb_store_product_relation` WHERE  `product_id` = 20  AND `uid` = 10  AND `type` = 'collect'  AND `category` = 'product' [ RunTime:0.003242s ]
[2020-03-04T14:13:33+08:00][sql] SELECT COUNT(*) AS think_count FROM `eb_store_product_relation` WHERE  `product_id` = 20  AND `uid` = 10  AND `type` = 'like'  AND `category` = 'product' [ RunTime:0.003164s ]
[2020-03-04T14:13:33+08:00][sql] SHOW FULL COLUMNS FROM `eb_store_product_attr` [ RunTime:0.003988s ]
[2020-03-04T14:13:33+08:00][sql] SELECT * FROM `eb_store_product_attr` WHERE  `product_id` = 20 ORDER BY `attr_values` ASC [ RunTime:0.003210s ]
[2020-03-04T14:13:33+08:00][sql] SHOW FULL COLUMNS FROM `eb_store_product_attr_value` [ RunTime:0.004189s ]
[2020-03-04T14:13:33+08:00][sql] SELECT * FROM `eb_store_product_attr_value` WHERE  `product_id` = 20 [ RunTime:0.003221s ]
[2020-03-04T14:13:33+08:00][sql] SHOW FULL COLUMNS FROM `eb_store_visit` [ RunTime:0.004054s ]
[2020-03-04T14:13:33+08:00][sql] SELECT `count`,`add_time`,`id` FROM `eb_store_visit` WHERE  `uid` = 10  AND `product_id` = 20 LIMIT 1 [ RunTime:0.003197s ]
[2020-03-04T14:13:33+08:00][sql] INSERT INTO `eb_store_visit` SET `add_time` = 1583302413 , `count` = 1 , `product_id` = 20 , `cate_id` = 27 , `type` = 'viwe' , `uid` = 10 , `content` = '' [ RunTime:0.003842s ]
[2020-03-04T14:13:33+08:00][sql] SELECT * FROM `eb_system_config` WHERE  `menu_name` = 'cache_config' LIMIT 1 [ RunTime:0.003305s ]
[2020-03-04T14:13:33+08:00][sql] SHOW FULL COLUMNS FROM `eb_user_level` [ RunTime:0.004401s ]
[2020-03-04T14:13:33+08:00][sql] SELECT `level_id`,`is_forever`,`valid_time`,`id`,`status`,`grade` FROM `eb_user_level` WHERE  `status` = 1  AND `is_del` = 0  AND `uid` = 10 ORDER BY `grade` DESC LIMIT 1 [ RunTime:0.003232s ]
[2020-03-04T14:13:33+08:00][sql] SHOW FULL COLUMNS FROM `eb_system_user_level` [ RunTime:0.004332s ]
[2020-03-04T14:13:33+08:00][sql] SELECT `discount` FROM `eb_system_user_level` WHERE  `is_show` = 1  AND `is_del` = 0 ORDER BY `grade` ASC LIMIT 1 [ RunTime:0.003200s ]
[2020-03-04T14:13:33+08:00][sql] SHOW FULL COLUMNS FROM `eb_store_category` [ RunTime:0.004081s ]
[2020-03-04T14:13:33+08:00][sql] SELECT `pid` FROM `eb_store_category` WHERE  `id` = 27,4,2 LIMIT 1 [ RunTime:0.003201s ]
[2020-03-04T14:13:33+08:00][sql] SELECT `id` FROM `eb_store_category` WHERE  `pid` = 18  AND `is_show` = 1 ORDER BY `sort` DESC,`id` DESC [ RunTime:0.003201s ]
[2020-03-04T14:13:33+08:00][sql] SELECT `id`,`store_name`,`image`,`price`,`sales`,`ficti` FROM `eb_store_product` WHERE  `cate_id` IN (18,27)  AND `is_show` = 1  AND `is_del` = 0 ORDER BY `sort` DESC,`id` DESC LIMIT 4 [ RunTime:0.003300s ]
[2020-03-04T14:13:33+08:00][sql] SELECT * FROM `eb_system_config` WHERE  `menu_name` = 'cache_config' LIMIT 1 [ RunTime:0.003414s ]
[2020-03-04T14:13:33+08:00][sql] SHOW FULL COLUMNS FROM `eb_store_product_reply` [ RunTime:0.004341s ]
[2020-03-04T14:13:33+08:00][sql] SELECT `A`.`product_score`,`A`.`service_score`,`A`.`comment`,`A`.`merchant_reply_content`,`A`.`merchant_reply_time`,`A`.`pics`,`A`.`add_time`,`B`.`nickname`,`B`.`avatar`,`C`.`cart_info` FROM `eb_store_product_reply` `A` INNER JOIN `eb_user` `B` ON `A`.`uid`=`B`.`uid` INNER JOIN `eb_store_order_cart_info` `C` ON `A`.`unique`=`C`.`unique` WHERE  `A`.`is_del` = 0  AND `A`.`reply_type` = 'product'  AND `A`.`product_id` = 20 ORDER BY `A`.`add_time` DESC,`A`.`product_score` DESC,`A`.`service_score` DESC,`A`.`add_time` DESC LIMIT 1 [ RunTime:0.003556s ]
[2020-03-04T14:13:33+08:00][sql] SELECT COUNT(*) AS think_count FROM `eb_store_product_reply` WHERE  `is_del` = 0  AND `reply_type` = 'product'  AND `product_id` = 20 [ RunTime:0.003224s ]
[2020-03-04T14:13:33+08:00][sql] SELECT COUNT(*) AS think_count FROM `eb_store_product_reply` WHERE  `is_del` = 0  AND `reply_type` = 'product'  AND `product_id` = 20  AND `product_score` = 5 [ RunTime:0.003191s ]
[2020-03-04T14:13:33+08:00][sql] SHOW FULL COLUMNS FROM `eb_system_store` [ RunTime:0.004204s ]
[2020-03-04T14:13:33+08:00][sql] SELECT * FROM `eb_system_store` WHERE  `is_show` = 1  AND `is_del` = 0 LIMIT 1 [ RunTime:0.003240s ]
[2020-03-04T14:13:33+08:00][sql] SELECT `image`,`store_name`,`price`,`id`,`ot_price` FROM `eb_store_product` WHERE  `is_del` = 0  AND `is_show` = 1  AND `mer_id` = 0  AND `is_good` = 1 ORDER BY `sort` DESC,`id` DESC LIMIT 18 [ RunTime:0.003262s ]
[2020-03-04T14:13:33+08:00][sql] SELECT * FROM `eb_system_config` WHERE  `menu_name` = 'cache_config' LIMIT 1 [ RunTime:0.003345s ]
[2020-03-04T14:13:33+08:00][sql] SELECT * FROM `eb_system_config` WHERE  `menu_name` = 'cache_config' LIMIT 1 [ RunTime:0.003305s ]
[2020-03-04T14:13:33+08:00][sql] CONNECT:[ UseTime:0.005090s ] mysql:host=zy-ying123.mysql.rds.aliyuncs.com;port=3306;dbname=lungcare;charset=utf8
[2020-03-04T14:13:33+08:00][sql] SHOW FULL COLUMNS FROM `eb_user_token` [ RunTime:0.004605s ]
[2020-03-04T14:13:33+08:00][sql] SELECT * FROM `eb_user_token` WHERE  `token` = 'eyJ0eXAiOiJKV1QiLCJhbGciOiJIUzI1NiJ9.eyJpc3MiOiJ3ZWkubHVuZ2NhcmUuc2hvcCIsImF1ZCI6IndlaS5sdW5nY2FyZS5zaG9wIiwiaWF0IjoxNTgzMzAyNDA3LCJuYmYiOjE1ODMzMDI0MDcsImV4cCI6MTU4MzMxMzIwNywianRpIjp7ImlkIjoxMCwidHlwZSI6IndlY2hhdCJ9fQ.aSXY13U5sOmCugVsjxW69ZQa7cVIGcIqbubLAsptRD8' LIMIT 1 [ RunTime:0.003095s ]
[2020-03-04T14:13:33+08:00][sql] SHOW FULL COLUMNS FROM `eb_user` [ RunTime:0.004514s ]
[2020-03-04T14:13:33+08:00][sql] SELECT * FROM `eb_user` WHERE  `uid` = 10 LIMIT 1 [ RunTime:0.003195s ]
[2020-03-04T14:13:33+08:00][sql] SHOW FULL COLUMNS FROM `eb_store_cart` [ RunTime:0.004034s ]
[2020-03-04T14:13:33+08:00][sql] SELECT SUM(`cart_num`) AS think_sum FROM `eb_store_cart` WHERE  `uid` = 10  AND `type` = 'product'  AND `is_pay` = 0  AND `is_del` = 0  AND `is_new` = 0 [ RunTime:0.003143s ]
[2020-03-04T14:13:33+08:00][sql] CONNECT:[ UseTime:0.006015s ] mysql:host=zy-ying123.mysql.rds.aliyuncs.com;port=3306;dbname=lungcare;charset=utf8
[2020-03-04T14:13:33+08:00][sql] SHOW FULL COLUMNS FROM `eb_user_token` [ RunTime:0.004925s ]
[2020-03-04T14:13:33+08:00][sql] SELECT * FROM `eb_user_token` WHERE  `token` = 'eyJ0eXAiOiJKV1QiLCJhbGciOiJIUzI1NiJ9.eyJpc3MiOiJ3ZWkubHVuZ2NhcmUuc2hvcCIsImF1ZCI6IndlaS5sdW5nY2FyZS5zaG9wIiwiaWF0IjoxNTgzMzAyNDA3LCJuYmYiOjE1ODMzMDI0MDcsImV4cCI6MTU4MzMxMzIwNywianRpIjp7ImlkIjoxMCwidHlwZSI6IndlY2hhdCJ9fQ.aSXY13U5sOmCugVsjxW69ZQa7cVIGcIqbubLAsptRD8' LIMIT 1 [ RunTime:0.003622s ]
[2020-03-04T14:13:33+08:00][sql] SHOW FULL COLUMNS FROM `eb_user` [ RunTime:0.004973s ]
[2020-03-04T14:13:33+08:00][sql] SELECT * FROM `eb_user` WHERE  `uid` = 10 LIMIT 1 [ RunTime:0.003689s ]
[2020-03-04T14:13:33+08:00][sql] CONNECT:[ UseTime:0.005207s ] mysql:host=zy-ying123.mysql.rds.aliyuncs.com;port=3306;dbname=lungcare;charset=utf8
[2020-03-04T14:13:33+08:00][sql] SHOW FULL COLUMNS FROM `eb_user_token` [ RunTime:0.004115s ]
[2020-03-04T14:13:33+08:00][sql] SELECT * FROM `eb_user_token` WHERE  `token` = 'eyJ0eXAiOiJKV1QiLCJhbGciOiJIUzI1NiJ9.eyJpc3MiOiJ3ZWkubHVuZ2NhcmUuc2hvcCIsImF1ZCI6IndlaS5sdW5nY2FyZS5zaG9wIiwiaWF0IjoxNTgzMzAyNDA3LCJuYmYiOjE1ODMzMDI0MDcsImV4cCI6MTU4MzMxMzIwNywianRpIjp7ImlkIjoxMCwidHlwZSI6IndlY2hhdCJ9fQ.aSXY13U5sOmCugVsjxW69ZQa7cVIGcIqbubLAsptRD8' LIMIT 1 [ RunTime:0.003045s ]
[2020-03-04T14:13:33+08:00][sql] SHOW FULL COLUMNS FROM `eb_user` [ RunTime:0.004336s ]
[2020-03-04T14:13:33+08:00][sql] SELECT * FROM `eb_user` WHERE  `uid` = 10 LIMIT 1 [ RunTime:0.003182s ]
[2020-03-04T14:13:34+08:00][sql] CONNECT:[ UseTime:0.005325s ] mysql:host=zy-ying123.mysql.rds.aliyuncs.com;port=3306;dbname=lungcare;charset=utf8
[2020-03-04T14:13:34+08:00][sql] SHOW FULL COLUMNS FROM `eb_user_token` [ RunTime:0.005103s ]
[2020-03-04T14:13:34+08:00][sql] SELECT * FROM `eb_user_token` WHERE  `token` = 'eyJ0eXAiOiJKV1QiLCJhbGciOiJIUzI1NiJ9.eyJpc3MiOiJ3ZWkubHVuZ2NhcmUuc2hvcCIsImF1ZCI6IndlaS5sdW5nY2FyZS5zaG9wIiwiaWF0IjoxNTgzMzAyNDA3LCJuYmYiOjE1ODMzMDI0MDcsImV4cCI6MTU4MzMxMzIwNywianRpIjp7ImlkIjoxMCwidHlwZSI6IndlY2hhdCJ9fQ.aSXY13U5sOmCugVsjxW69ZQa7cVIGcIqbubLAsptRD8' LIMIT 1 [ RunTime:0.003316s ]
[2020-03-04T14:13:34+08:00][sql] SHOW FULL COLUMNS FROM `eb_user` [ RunTime:0.005573s ]
[2020-03-04T14:13:34+08:00][sql] SELECT * FROM `eb_user` WHERE  `uid` = 10 LIMIT 1 [ RunTime:0.003260s ]
[2020-03-04T14:13:34+08:00][sql] SHOW FULL COLUMNS FROM `eb_store_product` [ RunTime:0.004728s ]
[2020-03-04T14:13:34+08:00][sql] SELECT `id` FROM `eb_store_product` WHERE  `is_del` = 0  AND `is_show` = 1  AND `id` = 20 LIMIT 1 [ RunTime:0.003192s ]
[2020-03-04T14:13:34+08:00][sql] SHOW FULL COLUMNS FROM `eb_system_attachment` [ RunTime:0.004268s ]
[2020-03-04T14:13:34+08:00][sql] SELECT COUNT(*) AS think_count FROM `eb_system_attachment` WHERE  `name` = '20_product_detail_10_is_promoter_0_wap.jpg' [ RunTime:0.003260s ]
[2020-03-04T14:13:34+08:00][sql] SELECT * FROM `eb_system_attachment` WHERE  `name` = '20_product_detail_10_is_promoter_0_wap.jpg' LIMIT 1 [ RunTime:0.003498s ]
[2020-03-04T14:13:34+08:00][sql] SHOW FULL COLUMNS FROM `eb_system_config` [ RunTime:0.004393s ]
[2020-03-04T14:13:34+08:00][sql] SELECT * FROM `eb_system_config` WHERE  `menu_name` = 'cache_config' LIMIT 1 [ RunTime:0.003352s ]
[2020-03-04T14:13:36+08:00][info] [ VIEW ] /home/wwwroot/www/lungcare/public/index.html [ array (
) ]
[2020-03-04T14:13:36+08:00][info] [ VIEW ] /home/wwwroot/www/lungcare/public/index.html [ array (
) ]
[2020-03-04T14:13:36+08:00][info] [ VIEW ] /home/wwwroot/www/lungcare/public/index.html [ array (
) ]
[2020-03-04T14:13:36+08:00][info] [ VIEW ] /home/wwwroot/www/lungcare/public/index.html [ array (
) ]
[2020-03-04T14:13:36+08:00][sql] CONNECT:[ UseTime:0.005595s ] mysql:host=zy-ying123.mysql.rds.aliyuncs.com;port=3306;dbname=lungcare;charset=utf8
[2020-03-04T14:13:36+08:00][sql] SHOW FULL COLUMNS FROM `eb_user_token` [ RunTime:0.004710s ]
[2020-03-04T14:13:36+08:00][sql] SELECT * FROM `eb_user_token` WHERE  `token` = 'eyJ0eXAiOiJKV1QiLCJhbGciOiJIUzI1NiJ9.eyJpc3MiOiJ3ZWkubHVuZ2NhcmUuc2hvcCIsImF1ZCI6IndlaS5sdW5nY2FyZS5zaG9wIiwiaWF0IjoxNTgzMzAyNDA3LCJuYmYiOjE1ODMzMDI0MDcsImV4cCI6MTU4MzMxMzIwNywianRpIjp7ImlkIjoxMCwidHlwZSI6IndlY2hhdCJ9fQ.aSXY13U5sOmCugVsjxW69ZQa7cVIGcIqbubLAsptRD8' LIMIT 1 [ RunTime:0.003394s ]
[2020-03-04T14:13:36+08:00][sql] SHOW FULL COLUMNS FROM `eb_user` [ RunTime:0.004776s ]
[2020-03-04T14:13:36+08:00][sql] SELECT * FROM `eb_user` WHERE  `uid` = 10 LIMIT 1 [ RunTime:0.003471s ]
[2020-03-04T14:13:36+08:00][sql] SHOW FULL COLUMNS FROM `eb_system_config` [ RunTime:0.004812s ]
[2020-03-04T14:13:36+08:00][sql] SELECT `menu_name`,`value` FROM `eb_system_config` WHERE  `menu_name` IN ('wechat_appid','wechat_appsecret','wechat_token','wechat_encodingaeskey','wechat_encode') [ RunTime:0.003434s ]
[2020-03-04T14:13:36+08:00][sql] SELECT `menu_name`,`value` FROM `eb_system_config` WHERE  `menu_name` IN ('pay_weixin_mchid','pay_weixin_client_cert','pay_weixin_client_key','pay_weixin_key','pay_weixin_open') [ RunTime:0.003357s ]
[2020-03-04T14:13:36+08:00][sql] SELECT * FROM `eb_system_config` WHERE  `menu_name` = 'cache_config' LIMIT 1 [ RunTime:0.003431s ]
[2020-03-04T14:13:37+08:00][sql] CONNECT:[ UseTime:0.005390s ] mysql:host=zy-ying123.mysql.rds.aliyuncs.com;port=3306;dbname=lungcare;charset=utf8
[2020-03-04T14:13:37+08:00][sql] SHOW FULL COLUMNS FROM `eb_user_token` [ RunTime:0.004366s ]
[2020-03-04T14:13:37+08:00][sql] SELECT * FROM `eb_user_token` WHERE  `token` = 'eyJ0eXAiOiJKV1QiLCJhbGciOiJIUzI1NiJ9.eyJpc3MiOiJ3ZWkubHVuZ2NhcmUuc2hvcCIsImF1ZCI6IndlaS5sdW5nY2FyZS5zaG9wIiwiaWF0IjoxNTgzMzAyNDA3LCJuYmYiOjE1ODMzMDI0MDcsImV4cCI6MTU4MzMxMzIwNywianRpIjp7ImlkIjoxMCwidHlwZSI6IndlY2hhdCJ9fQ.aSXY13U5sOmCugVsjxW69ZQa7cVIGcIqbubLAsptRD8' LIMIT 1 [ RunTime:0.003343s ]
[2020-03-04T14:13:37+08:00][sql] SHOW FULL COLUMNS FROM `eb_user` [ RunTime:0.004675s ]
[2020-03-04T14:13:37+08:00][sql] SELECT * FROM `eb_user` WHERE  `uid` = 10 LIMIT 1 [ RunTime:0.003365s ]
[2020-03-04T14:13:37+08:00][sql] SHOW FULL COLUMNS FROM `eb_system_config` [ RunTime:0.004340s ]
[2020-03-04T14:13:37+08:00][sql] SELECT * FROM `eb_system_config` WHERE  `menu_name` = 'cache_config' LIMIT 1 [ RunTime:0.003640s ]
[2020-03-04T14:13:37+08:00][sql] SELECT * FROM `eb_system_config` WHERE  `menu_name` = 'cache_config' LIMIT 1 [ RunTime:0.003589s ]
[2020-03-04T14:13:37+08:00][sql] CONNECT:[ UseTime:0.005326s ] mysql:host=zy-ying123.mysql.rds.aliyuncs.com;port=3306;dbname=lungcare;charset=utf8
[2020-03-04T14:13:37+08:00][sql] SHOW FULL COLUMNS FROM `eb_user_token` [ RunTime:0.004528s ]
[2020-03-04T14:13:37+08:00][sql] SELECT * FROM `eb_user_token` WHERE  `token` = 'eyJ0eXAiOiJKV1QiLCJhbGciOiJIUzI1NiJ9.eyJpc3MiOiJ3ZWkubHVuZ2NhcmUuc2hvcCIsImF1ZCI6IndlaS5sdW5nY2FyZS5zaG9wIiwiaWF0IjoxNTgzMzAyNDA3LCJuYmYiOjE1ODMzMDI0MDcsImV4cCI6MTU4MzMxMzIwNywianRpIjp7ImlkIjoxMCwidHlwZSI6IndlY2hhdCJ9fQ.aSXY13U5sOmCugVsjxW69ZQa7cVIGcIqbubLAsptRD8' LIMIT 1 [ RunTime:0.003082s ]
[2020-03-04T14:13:37+08:00][sql] SHOW FULL COLUMNS FROM `eb_user` [ RunTime:0.004390s ]
[2020-03-04T14:13:37+08:00][sql] SELECT * FROM `eb_user` WHERE  `uid` = 10 LIMIT 1 [ RunTime:0.003121s ]
[2020-03-04T14:13:37+08:00][sql] SHOW FULL COLUMNS FROM `eb_system_config` [ RunTime:0.004062s ]
[2020-03-04T14:13:37+08:00][sql] SELECT * FROM `eb_system_config` WHERE  `menu_name` = 'cache_config' LIMIT 1 [ RunTime:0.003218s ]
[2020-03-04T14:13:37+08:00][sql] SELECT * FROM `eb_system_config` WHERE  `menu_name` = 'cache_config' LIMIT 1 [ RunTime:0.003134s ]
[2020-03-04T14:13:37+08:00][sql] SELECT * FROM `eb_system_config` WHERE  `menu_name` = 'cache_config' LIMIT 1 [ RunTime:0.003105s ]
[2020-03-04T14:13:37+08:00][sql] SELECT * FROM `eb_system_config` WHERE  `menu_name` = 'cache_config' LIMIT 1 [ RunTime:0.003081s ]
[2020-03-04T14:13:37+08:00][sql] CONNECT:[ UseTime:0.005421s ] mysql:host=zy-ying123.mysql.rds.aliyuncs.com;port=3306;dbname=lungcare;charset=utf8
[2020-03-04T14:13:37+08:00][sql] SHOW FULL COLUMNS FROM `eb_user_token` [ RunTime:0.004516s ]
[2020-03-04T14:13:37+08:00][sql] SELECT * FROM `eb_user_token` WHERE  `token` = 'eyJ0eXAiOiJKV1QiLCJhbGciOiJIUzI1NiJ9.eyJpc3MiOiJ3ZWkubHVuZ2NhcmUuc2hvcCIsImF1ZCI6IndlaS5sdW5nY2FyZS5zaG9wIiwiaWF0IjoxNTgzMzAyNDA3LCJuYmYiOjE1ODMzMDI0MDcsImV4cCI6MTU4MzMxMzIwNywianRpIjp7ImlkIjoxMCwidHlwZSI6IndlY2hhdCJ9fQ.aSXY13U5sOmCugVsjxW69ZQa7cVIGcIqbubLAsptRD8' LIMIT 1 [ RunTime:0.003315s ]
[2020-03-04T14:13:37+08:00][sql] SHOW FULL COLUMNS FROM `eb_user` [ RunTime:0.004721s ]
[2020-03-04T14:13:37+08:00][sql] SELECT * FROM `eb_user` WHERE  `uid` = 10 LIMIT 1 [ RunTime:0.003393s ]
[2020-03-04T14:13:37+08:00][sql] SHOW FULL COLUMNS FROM `eb_system_config` [ RunTime:0.004449s ]
[2020-03-04T14:13:37+08:00][sql] SELECT `menu_name`,`value` FROM `eb_system_config` WHERE  `menu_name` IN ('wechat_appid','wechat_appsecret','wechat_token','wechat_encodingaeskey','wechat_encode') [ RunTime:0.003348s ]
[2020-03-04T14:13:37+08:00][sql] SELECT `menu_name`,`value` FROM `eb_system_config` WHERE  `menu_name` IN ('pay_weixin_mchid','pay_weixin_client_cert','pay_weixin_client_key','pay_weixin_key','pay_weixin_open') [ RunTime:0.003309s ]
[2020-03-04T14:13:37+08:00][sql] SELECT * FROM `eb_system_config` WHERE  `menu_name` = 'cache_config' LIMIT 1 [ RunTime:0.003352s ]
[2020-03-04T14:13:37+08:00][sql] CONNECT:[ UseTime:0.004992s ] mysql:host=zy-ying123.mysql.rds.aliyuncs.com;port=3306;dbname=lungcare;charset=utf8
[2020-03-04T14:13:37+08:00][sql] SHOW FULL COLUMNS FROM `eb_user_token` [ RunTime:0.004093s ]
[2020-03-04T14:13:37+08:00][sql] SELECT * FROM `eb_user_token` WHERE  `token` = 'eyJ0eXAiOiJKV1QiLCJhbGciOiJIUzI1NiJ9.eyJpc3MiOiJ3ZWkubHVuZ2NhcmUuc2hvcCIsImF1ZCI6IndlaS5sdW5nY2FyZS5zaG9wIiwiaWF0IjoxNTgzMzAyNDA3LCJuYmYiOjE1ODMzMDI0MDcsImV4cCI6MTU4MzMxMzIwNywianRpIjp7ImlkIjoxMCwidHlwZSI6IndlY2hhdCJ9fQ.aSXY13U5sOmCugVsjxW69ZQa7cVIGcIqbubLAsptRD8' LIMIT 1 [ RunTime:0.003111s ]
[2020-03-04T14:13:37+08:00][sql] SHOW FULL COLUMNS FROM `eb_user` [ RunTime:0.004487s ]
[2020-03-04T14:13:37+08:00][sql] SELECT * FROM `eb_user` WHERE  `uid` = 10 LIMIT 1 [ RunTime:0.003166s ]
[2020-03-04T14:13:37+08:00][sql] SHOW FULL COLUMNS FROM `eb_system_config` [ RunTime:0.004086s ]
[2020-03-04T14:13:37+08:00][sql] SELECT * FROM `eb_system_config` WHERE  `menu_name` = 'cache_config' LIMIT 1 [ RunTime:0.003184s ]
[2020-03-04T14:13:37+08:00][sql] SELECT * FROM `eb_system_config` WHERE  `menu_name` = 'cache_config' LIMIT 1 [ RunTime:0.003207s ]
[2020-03-04T14:13:37+08:00][sql] SELECT * FROM `eb_system_config` WHERE  `menu_name` = 'cache_config' LIMIT 1 [ RunTime:0.003218s ]
[2020-03-04T14:13:37+08:00][sql] SELECT * FROM `eb_system_config` WHERE  `menu_name` = 'cache_config' LIMIT 1 [ RunTime:0.003186s ]
[2020-03-04T14:13:37+08:00][sql] SELECT * FROM `eb_system_config` WHERE  `menu_name` = 'cache_config' LIMIT 1 [ RunTime:0.003220s ]
[2020-03-04T14:13:37+08:00][sql] SELECT * FROM `eb_system_config` WHERE  `menu_name` = 'cache_config' LIMIT 1 [ RunTime:0.003312s ]
[2020-03-04T14:13:37+08:00][sql] SELECT * FROM `eb_system_config` WHERE  `menu_name` = 'cache_config' LIMIT 1 [ RunTime:0.003234s ]
[2020-03-04T14:13:37+08:00][sql] SHOW FULL COLUMNS FROM `eb_store_category` [ RunTime:0.004407s ]
[2020-03-04T14:13:37+08:00][sql] SELECT `id`,`cate_name`,`pid`,`pic` FROM `eb_store_category` WHERE  `pid` > 0  AND `is_show` = 1 ORDER BY `sort` DESC LIMIT 10 [ RunTime:0.003194s ]
[2020-03-04T14:13:37+08:00][sql] SHOW FULL COLUMNS FROM `eb_store_product` [ RunTime:0.004676s ]
[2020-03-04T14:13:37+08:00][sql] SELECT id,image,store_name,cate_id,price,ot_price,IFNULL(sales,0) + IFNULL(ficti,0) as sales,unit_name FROM `eb_store_product` WHERE  `is_best` = 1  AND `is_del` = 0  AND `mer_id` = 0  AND `stock` > 0  AND `is_show` = 1 ORDER BY `sort` DESC,`id` DESC LIMIT 10 [ RunTime:0.003233s ]
[2020-03-04T14:13:37+08:00][sql] SELECT * FROM `eb_system_config` WHERE  `menu_name` = 'cache_config' LIMIT 1 [ RunTime:0.003197s ]
[2020-03-04T14:13:37+08:00][sql] SHOW FULL COLUMNS FROM `eb_user_level` [ RunTime:0.004190s ]
[2020-03-04T14:13:37+08:00][sql] SELECT `level_id`,`is_forever`,`valid_time`,`id`,`status`,`grade` FROM `eb_user_level` WHERE  `status` = 1  AND `is_del` = 0  AND `uid` = 10 ORDER BY `grade` DESC LIMIT 1 [ RunTime:0.003112s ]
[2020-03-04T14:13:37+08:00][sql] SHOW FULL COLUMNS FROM `eb_system_user_level` [ RunTime:0.004124s ]
[2020-03-04T14:13:37+08:00][sql] SELECT `discount` FROM `eb_system_user_level` WHERE  `is_show` = 1  AND `is_del` = 0 ORDER BY `grade` ASC LIMIT 1 [ RunTime:0.003105s ]
[2020-03-04T14:13:37+08:00][sql] SELECT id,image,store_name,cate_id,price,unit_name,IFNULL(sales,0) + IFNULL(ficti,0) as sales FROM `eb_store_product` WHERE  `is_new` = 1  AND `is_del` = 0  AND `mer_id` = 0  AND `stock` > 0  AND `is_show` = 1 ORDER BY `sort` DESC,`id` DESC LIMIT 10 [ RunTime:0.003288s ]
[2020-03-04T14:13:37+08:00][sql] SELECT * FROM `eb_system_config` WHERE  `menu_name` = 'cache_config' LIMIT 1 [ RunTime:0.003216s ]
[2020-03-04T14:13:37+08:00][sql] SELECT `level_id`,`is_forever`,`valid_time`,`id`,`status`,`grade` FROM `eb_user_level` WHERE  `status` = 1  AND `is_del` = 0  AND `uid` = 10 ORDER BY `grade` DESC LIMIT 1 [ RunTime:0.003053s ]
[2020-03-04T14:13:37+08:00][sql] SELECT `discount` FROM `eb_system_user_level` WHERE  `is_show` = 1  AND `is_del` = 0 ORDER BY `grade` ASC LIMIT 1 [ RunTime:0.003096s ]
[2020-03-04T14:13:37+08:00][sql] SELECT * FROM `eb_system_config` WHERE  `menu_name` = 'cache_config' LIMIT 1 [ RunTime:0.003195s ]
[2020-03-04T14:13:37+08:00][sql] SELECT `id`,`image`,`store_name`,`cate_id`,`price`,`ot_price`,`stock`,`unit_name` FROM `eb_store_product` WHERE  `is_benefit` = 1  AND `is_del` = 0  AND `mer_id` = 0  AND `stock` > 0  AND `is_show` = 1 ORDER BY `sort` DESC,`id` DESC LIMIT 3 [ RunTime:0.003211s ]
[2020-03-04T14:13:37+08:00][sql] SELECT * FROM `eb_system_config` WHERE  `menu_name` = 'cache_config' LIMIT 1 [ RunTime:0.003193s ]
[2020-03-04T14:13:37+08:00][sql] SELECT `id`,`image`,`store_name`,`cate_id`,`price`,`unit_name` FROM `eb_store_product` WHERE  `is_hot` = 1  AND `is_del` = 0  AND `mer_id` = 0  AND `stock` > 0  AND `is_show` = 1 ORDER BY `sort` DESC,`id` DESC LIMIT 3 [ RunTime:0.003191s ]
[2020-03-04T14:13:37+08:00][sql] SELECT * FROM `eb_system_config` WHERE  `menu_name` = 'cache_config' LIMIT 1 [ RunTime:0.003146s ]
[2020-03-04T14:13:37+08:00][sql] SELECT `level_id`,`is_forever`,`valid_time`,`id`,`status`,`grade` FROM `eb_user_level` WHERE  `status` = 1  AND `is_del` = 0  AND `uid` = 0 ORDER BY `grade` DESC LIMIT 1 [ RunTime:0.003082s ]
[2020-03-04T14:13:37+08:00][sql] SELECT `discount` FROM `eb_system_user_level` WHERE  `is_show` = 1  AND `is_del` = 0 ORDER BY `grade` ASC LIMIT 1 [ RunTime:0.003082s ]
[2020-03-04T14:13:37+08:00][sql] SHOW FULL COLUMNS FROM `eb_store_coupon_issue` [ RunTime:0.004109s ]
[2020-03-04T14:13:37+08:00][sql] SELECT `A`.*,`B`.`coupon_price`,`B`.`use_min_price` FROM `eb_store_coupon_issue` `A` INNER JOIN `eb_store_coupon` `B` ON `A`.`cid`=`B`.`id` WHERE  `A`.`status` = 1  AND (  (  `A`.`start_time` < 1583302417  AND `A`.`end_time` > 1583302417 ) OR (  `A`.`start_time` = 0  AND `A`.`end_time` = 0 ) )  AND `A`.`is_del` = 0  AND ( A.remain_count > 0 OR A.is_permanent = 1 ) ORDER BY `B`.`sort` DESC,`A`.`id` DESC LIMIT 3 [ RunTime:0.003313s ]
[2020-03-04T14:13:37+08:00][sql] SHOW FULL COLUMNS FROM `eb_wechat_user` [ RunTime:0.004338s ]
[2020-03-04T14:13:37+08:00][sql] SELECT `subscribe` FROM `eb_wechat_user` WHERE  `uid` = 10 LIMIT 1 [ RunTime:0.003013s ]
[2020-03-04T14:13:37+08:00][sql] SELECT * FROM `eb_system_config` WHERE  `menu_name` = 'cache_config' LIMIT 1 [ RunTime:0.003180s ]
[2020-03-04T14:13:39+08:00][sql] CONNECT:[ UseTime:0.004871s ] mysql:host=zy-ying123.mysql.rds.aliyuncs.com;port=3306;dbname=lungcare;charset=utf8
[2020-03-04T14:13:39+08:00][sql] SHOW FULL COLUMNS FROM `eb_user_token` [ RunTime:0.004317s ]
[2020-03-04T14:13:39+08:00][sql] SELECT * FROM `eb_user_token` WHERE  `token` = 'eyJ0eXAiOiJKV1QiLCJhbGciOiJIUzI1NiJ9.eyJpc3MiOiJ3ZWkubHVuZ2NhcmUuc2hvcCIsImF1ZCI6IndlaS5sdW5nY2FyZS5zaG9wIiwiaWF0IjoxNTgzMzAyNDA3LCJuYmYiOjE1ODMzMDI0MDcsImV4cCI6MTU4MzMxMzIwNywianRpIjp7ImlkIjoxMCwidHlwZSI6IndlY2hhdCJ9fQ.aSXY13U5sOmCugVsjxW69ZQa7cVIGcIqbubLAsptRD8' LIMIT 1 [ RunTime:0.002874s ]
[2020-03-04T14:13:39+08:00][sql] SHOW FULL COLUMNS FROM `eb_user` [ RunTime:0.004250s ]
[2020-03-04T14:13:39+08:00][sql] SELECT * FROM `eb_user` WHERE  `uid` = 10 LIMIT 1 [ RunTime:0.002947s ]
[2020-03-04T14:13:39+08:00][sql] SHOW FULL COLUMNS FROM `eb_system_config` [ RunTime:0.003909s ]
[2020-03-04T14:13:39+08:00][sql] SELECT * FROM `eb_system_config` WHERE  `menu_name` = 'cache_config' LIMIT 1 [ RunTime:0.003020s ]
[2020-03-04T14:13:39+08:00][sql] SELECT * FROM `eb_system_config` WHERE  `menu_name` = 'cache_config' LIMIT 1 [ RunTime:0.002975s ]
[2020-03-04T14:13:39+08:00][sql] SELECT * FROM `eb_system_config` WHERE  `menu_name` = 'cache_config' LIMIT 1 [ RunTime:0.002940s ]
[2020-03-04T14:13:39+08:00][sql] SELECT * FROM `eb_system_config` WHERE  `menu_name` = 'cache_config' LIMIT 1 [ RunTime:0.002934s ]
[2020-03-04T14:13:39+08:00][sql] CONNECT:[ UseTime:0.005345s ] mysql:host=zy-ying123.mysql.rds.aliyuncs.com;port=3306;dbname=lungcare;charset=utf8
[2020-03-04T14:13:39+08:00][sql] SHOW FULL COLUMNS FROM `eb_user_token` [ RunTime:0.004363s ]
[2020-03-04T14:13:39+08:00][sql] SELECT * FROM `eb_user_token` WHERE  `token` = 'eyJ0eXAiOiJKV1QiLCJhbGciOiJIUzI1NiJ9.eyJpc3MiOiJ3ZWkubHVuZ2NhcmUuc2hvcCIsImF1ZCI6IndlaS5sdW5nY2FyZS5zaG9wIiwiaWF0IjoxNTgzMzAyNDA3LCJuYmYiOjE1ODMzMDI0MDcsImV4cCI6MTU4MzMxMzIwNywianRpIjp7ImlkIjoxMCwidHlwZSI6IndlY2hhdCJ9fQ.aSXY13U5sOmCugVsjxW69ZQa7cVIGcIqbubLAsptRD8' LIMIT 1 [ RunTime:0.003145s ]
[2020-03-04T14:13:39+08:00][sql] SHOW FULL COLUMNS FROM `eb_user` [ RunTime:0.004424s ]
[2020-03-04T14:13:39+08:00][sql] SELECT * FROM `eb_user` WHERE  `uid` = 10 LIMIT 1 [ RunTime:0.003200s ]
[2020-03-04T14:13:39+08:00][sql] SHOW FULL COLUMNS FROM `eb_system_config` [ RunTime:0.004092s ]
[2020-03-04T14:13:39+08:00][sql] SELECT `menu_name`,`value` FROM `eb_system_config` WHERE  `menu_name` IN ('wechat_appid','wechat_appsecret','wechat_token','wechat_encodingaeskey','wechat_encode') [ RunTime:0.003229s ]
[2020-03-04T14:13:39+08:00][sql] SELECT `menu_name`,`value` FROM `eb_system_config` WHERE  `menu_name` IN ('pay_weixin_mchid','pay_weixin_client_cert','pay_weixin_client_key','pay_weixin_key','pay_weixin_open') [ RunTime:0.003155s ]
[2020-03-04T14:13:39+08:00][sql] SELECT * FROM `eb_system_config` WHERE  `menu_name` = 'cache_config' LIMIT 1 [ RunTime:0.003145s ]
[2020-03-04T14:58:21+08:00][info] [ VIEW ] /home/wwwroot/www/lungcare/public/index.html [ array (
) ]
[2020-03-04T15:29:58+08:00][info] [ VIEW ] /home/wwwroot/www/lungcare/public/index.html [ array (
) ]
[2020-03-04T16:02:02+08:00][info] [ VIEW ] /home/wwwroot/www/lungcare/public/index.html [ array (
) ]
[2020-03-04T16:11:04+08:00][info] [ VIEW ] /home/wwwroot/www/lungcare/public/index.html [ array (
) ]
[2020-03-04T16:11:28+08:00][info] [ VIEW ] /home/wwwroot/www/lungcare/public/index.html [ array (
) ]
[2020-03-04T16:11:28+08:00][info] [ VIEW ] /home/wwwroot/www/lungcare/public/index.html [ array (
) ]
[2020-03-04T16:11:28+08:00][info] [ VIEW ] /home/wwwroot/www/lungcare/public/index.html [ array (
) ]
[2020-03-04T16:11:29+08:00][info] [ VIEW ] /home/wwwroot/www/lungcare/public/index.html [ array (
) ]
[2020-03-04T16:11:50+08:00][info] [ VIEW ] /home/wwwroot/www/lungcare/public/index.html [ array (
) ]
[2020-03-04T16:13:14+08:00][info] [ VIEW ] /home/wwwroot/www/lungcare/public/index.html [ array (
) ]
[2020-03-04T16:13:14+08:00][info] [ VIEW ] /home/wwwroot/www/lungcare/public/index.html [ array (
) ]
[2020-03-04T16:28:10+08:00][info] [ VIEW ] /home/wwwroot/www/lungcare/public/index.html [ array (
) ]
[2020-03-04T17:06:39+08:00][info] [ VIEW ] /home/wwwroot/www/lungcare/public/index.html [ array (
) ]
[2020-03-04T17:25:24+08:00][info] [ VIEW ] /home/wwwroot/www/lungcare/public/index.html [ array (
) ]
[2020-03-04T17:41:42+08:00][info] [ VIEW ] /home/wwwroot/www/lungcare/public/index.html [ array (
) ]
[2020-03-04T17:45:11+08:00][info] [ VIEW ] /home/wwwroot/www/lungcare/public/index.html [ array (
) ]
[2020-03-04T18:28:45+08:00][info] [ VIEW ] /home/wwwroot/www/lungcare/public/index.html [ array (
) ]
[2020-03-04T18:50:24+08:00][info] [ VIEW ] /home/wwwroot/www/lungcare/public/index.html [ array (
) ]
[2020-03-04T19:03:59+08:00][info] [ VIEW ] /home/wwwroot/www/lungcare/public/index.html [ array (
) ]
[2020-03-04T22:04:59+08:00][info] [ VIEW ] /home/wwwroot/www/lungcare/public/index.html [ array (
) ]
[2020-03-04T22:04:59+08:00][info] [ VIEW ] /home/wwwroot/www/lungcare/public/index.html [ array (
) ]
[2020-03-04T22:56:58+08:00][info] [ VIEW ] /home/wwwroot/www/lungcare/public/index.html [ array (
) ]
[2020-03-04T23:06:21+08:00][info] [ VIEW ] /home/wwwroot/www/lungcare/public/index.html [ array (
) ]
[2020-03-04T23:25:04+08:00][info] [ VIEW ] /home/wwwroot/www/lungcare/public/index.html [ array (
) ]
[2020-03-04T23:26:12+08:00][info] [ VIEW ] /home/wwwroot/www/lungcare/public/index.html [ array (
) ]
[2020-03-04T23:37:09+08:00][info] [ VIEW ] /home/wwwroot/www/lungcare/public/index.html [ array (
) ]
