[2020-03-06T00:12:27+08:00][info] [ VIEW ] /home/wwwroot/www/lungcare/public/index.html [ array (
) ]
[2020-03-06T02:07:22+08:00][info] [ VIEW ] /home/wwwroot/www/lungcare/public/index.html [ array (
) ]
[2020-03-06T02:07:23+08:00][info] [ VIEW ] /home/wwwroot/www/lungcare/public/index.html [ array (
) ]
[2020-03-06T02:07:24+08:00][info] [ VIEW ] /home/wwwroot/www/lungcare/public/index.html [ array (
) ]
[2020-03-06T02:25:25+08:00][info] [ VIEW ] /home/wwwroot/www/lungcare/public/index.html [ array (
) ]
[2020-03-06T03:18:12+08:00][info] [ VIEW ] /home/wwwroot/www/lungcare/public/index.html [ array (
) ]
[2020-03-06T03:50:49+08:00][info] [ VIEW ] /home/wwwroot/www/lungcare/public/index.html [ array (
) ]
[2020-03-06T03:50:55+08:00][info] [ VIEW ] /home/wwwroot/www/lungcare/public/index.html [ array (
) ]
[2020-03-06T03:51:01+08:00][info] [ VIEW ] /home/wwwroot/www/lungcare/public/index.html [ array (
) ]
[2020-03-06T03:53:44+08:00][info] [ VIEW ] /home/wwwroot/www/lungcare/public/index.html [ array (
) ]
[2020-03-06T04:04:31+08:00][info] [ VIEW ] /home/wwwroot/www/lungcare/public/index.html [ array (
) ]
[2020-03-06T04:14:44+08:00][info] [ VIEW ] /home/wwwroot/www/lungcare/public/index.html [ array (
) ]
[2020-03-06T04:53:02+08:00][info] [ VIEW ] /home/wwwroot/www/lungcare/public/index.html [ array (
) ]
[2020-03-06T04:59:05+08:00][info] [ VIEW ] /home/wwwroot/www/lungcare/public/index.html [ array (
) ]
[2020-03-06T05:10:32+08:00][info] [ VIEW ] /home/wwwroot/www/lungcare/public/index.html [ array (
) ]
[2020-03-06T05:11:29+08:00][info] [ VIEW ] /home/wwwroot/www/lungcare/public/index.html [ array (
) ]
[2020-03-06T05:13:04+08:00][info] [ VIEW ] /home/wwwroot/www/lungcare/public/index.html [ array (
) ]
[2020-03-06T05:16:47+08:00][info] [ VIEW ] /home/wwwroot/www/lungcare/public/index.html [ array (
) ]
[2020-03-06T05:30:43+08:00][info] [ VIEW ] /home/wwwroot/www/lungcare/public/index.html [ array (
) ]
[2020-03-06T05:33:54+08:00][info] [ VIEW ] /home/wwwroot/www/lungcare/public/index.html [ array (
) ]
[2020-03-06T05:33:57+08:00][info] [ VIEW ] /home/wwwroot/www/lungcare/public/index.html [ array (
) ]
[2020-03-06T05:37:54+08:00][info] [ VIEW ] /home/wwwroot/www/lungcare/public/index.html [ array (
) ]
[2020-03-06T05:38:24+08:00][info] [ VIEW ] /home/wwwroot/www/lungcare/public/index.html [ array (
) ]
[2020-03-06T05:43:49+08:00][info] [ VIEW ] /home/wwwroot/www/lungcare/public/index.html [ array (
) ]
[2020-03-06T06:37:33+08:00][info] [ VIEW ] /home/wwwroot/www/lungcare/public/index.html [ array (
) ]
[2020-03-06T06:38:05+08:00][info] [ VIEW ] /home/wwwroot/www/lungcare/public/index.html [ array (
) ]
[2020-03-06T06:39:45+08:00][info] [ VIEW ] /home/wwwroot/www/lungcare/public/index.html [ array (
) ]
[2020-03-06T07:47:14+08:00][info] [ VIEW ] /home/wwwroot/www/lungcare/public/index.html [ array (
) ]
[2020-03-06T07:53:58+08:00][info] [ VIEW ] /home/wwwroot/www/lungcare/public/index.html [ array (
) ]
[2020-03-06T08:03:25+08:00][info] [ VIEW ] /home/wwwroot/www/lungcare/public/index.html [ array (
) ]
[2020-03-06T08:28:26+08:00][info] [ VIEW ] /home/wwwroot/www/lungcare/public/index.html [ array (
) ]
[2020-03-06T08:28:30+08:00][info] [ VIEW ] /home/wwwroot/www/lungcare/public/index.html [ array (
) ]
[2020-03-06T08:33:56+08:00][info] [ VIEW ] /home/wwwroot/www/lungcare/public/index.html [ array (
) ]
[2020-03-06T08:43:09+08:00][info] [ VIEW ] /home/wwwroot/www/lungcare/public/index.html [ array (
) ]
[2020-03-06T08:46:03+08:00][info] [ VIEW ] /home/wwwroot/www/lungcare/public/index.html [ array (
) ]
[2020-03-06T10:41:34+08:00][info] [ VIEW ] /home/wwwroot/www/lungcare/public/index.html [ array (
) ]
[2020-03-06T10:43:34+08:00][info] [ VIEW ] /home/wwwroot/www/lungcare/public/index.html [ array (
) ]
[2020-03-06T10:43:34+08:00][info] [ VIEW ] /home/wwwroot/www/lungcare/public/index.html [ array (
) ]
[2020-03-06T10:43:35+08:00][info] [ VIEW ] /home/wwwroot/www/lungcare/public/index.html [ array (
) ]
[2020-03-06T10:43:35+08:00][info] [ VIEW ] /home/wwwroot/www/lungcare/public/index.html [ array (
) ]
[2020-03-06T10:43:35+08:00][info] [ VIEW ] /home/wwwroot/www/lungcare/public/index.html [ array (
) ]
[2020-03-06T10:43:36+08:00][info] [ VIEW ] /home/wwwroot/www/lungcare/public/index.html [ array (
) ]
[2020-03-06T10:43:37+08:00][info] [ VIEW ] /home/wwwroot/www/lungcare/public/index.html [ array (
) ]
[2020-03-06T12:51:53+08:00][info] [ VIEW ] /home/wwwroot/www/lungcare/public/index.html [ array (
) ]
[2020-03-06T12:51:53+08:00][info] [ VIEW ] /home/wwwroot/www/lungcare/public/index.html [ array (
) ]
[2020-03-06T12:51:53+08:00][info] [ VIEW ] /home/wwwroot/www/lungcare/public/index.html [ array (
) ]
[2020-03-06T13:07:36+08:00][info] [ VIEW ] /home/wwwroot/www/lungcare/public/index.html [ array (
) ]
[2020-03-06T13:07:49+08:00][info] [ VIEW ] /home/wwwroot/www/lungcare/public/index.html [ array (
) ]
[2020-03-06T13:24:05+08:00][info] [ VIEW ] /home/wwwroot/www/lungcare/public/index.html [ array (
) ]
[2020-03-06T13:36:45+08:00][info] [ VIEW ] /home/wwwroot/www/lungcare/public/index.html [ array (
) ]
[2020-03-06T14:18:28+08:00][info] [ VIEW ] /home/wwwroot/www/lungcare/public/index.html [ array (
) ]
[2020-03-06T14:23:40+08:00][info] [ VIEW ] /home/wwwroot/www/lungcare/public/index.html [ array (
) ]
[2020-03-06T14:39:27+08:00][info] [ VIEW ] /home/wwwroot/www/lungcare/public/index.html [ array (
) ]
[2020-03-06T14:48:26+08:00][info] [ VIEW ] /home/wwwroot/www/lungcare/public/index.html [ array (
) ]
[2020-03-06T14:54:12+08:00][info] [ VIEW ] /home/wwwroot/www/lungcare/public/index.html [ array (
) ]
[2020-03-06T15:08:09+08:00][info] [ VIEW ] /home/wwwroot/www/lungcare/public/index.html [ array (
) ]
[2020-03-06T15:08:11+08:00][info] [ VIEW ] /home/wwwroot/www/lungcare/public/index.html [ array (
) ]
[2020-03-06T15:08:15+08:00][info] [ VIEW ] /home/wwwroot/www/lungcare/public/index.html [ array (
) ]
[2020-03-06T15:45:53+08:00][info] [ VIEW ] /home/wwwroot/www/lungcare/public/index.html [ array (
) ]
[2020-03-06T15:45:53+08:00][info] [ VIEW ] /home/wwwroot/www/lungcare/public/index.html [ array (
) ]
[2020-03-06T15:45:55+08:00][info] [ VIEW ] /home/wwwroot/www/lungcare/public/index.html [ array (
) ]
[2020-03-06T15:49:59+08:00][info] [ VIEW ] /home/wwwroot/www/lungcare/public/index.html [ array (
) ]
[2020-03-06T16:43:45+08:00][info] [ VIEW ] /home/wwwroot/www/lungcare/public/index.html [ array (
) ]
[2020-03-06T16:43:45+08:00][info] [ VIEW ] /home/wwwroot/www/lungcare/public/index.html [ array (
) ]
[2020-03-06T16:43:45+08:00][info] [ VIEW ] /home/wwwroot/www/lungcare/public/index.html [ array (
) ]
[2020-03-06T16:43:45+08:00][info] [ VIEW ] /home/wwwroot/www/lungcare/public/index.html [ array (
) ]
[2020-03-06T16:43:46+08:00][info] [ VIEW ] /home/wwwroot/www/lungcare/public/index.html [ array (
) ]
[2020-03-06T16:43:46+08:00][info] [ VIEW ] /home/wwwroot/www/lungcare/public/index.html [ array (
) ]
[2020-03-06T16:43:46+08:00][info] [ VIEW ] /home/wwwroot/www/lungcare/public/index.html [ array (
) ]
[2020-03-06T16:43:46+08:00][info] [ VIEW ] /home/wwwroot/www/lungcare/public/index.html [ array (
) ]
[2020-03-06T16:43:47+08:00][sql] CONNECT:[ UseTime:0.005562s ] mysql:host=zy-ying123.mysql.rds.aliyuncs.com;port=3306;dbname=lungcare;charset=utf8
[2020-03-06T16:43:47+08:00][sql] SHOW FULL COLUMNS FROM `eb_user_token` [ RunTime:0.004471s ]
[2020-03-06T16:43:47+08:00][sql] SELECT * FROM `eb_user_token` WHERE  `token` IS NULL LIMIT 1 [ RunTime:0.003192s ]
[2020-03-06T16:43:47+08:00][sql] SHOW FULL COLUMNS FROM `eb_system_config` [ RunTime:0.004254s ]
[2020-03-06T16:43:47+08:00][sql] SELECT `menu_name`,`value` FROM `eb_system_config` WHERE  `menu_name` IN ('wechat_appid','wechat_appsecret','wechat_token','wechat_encodingaeskey','wechat_encode') [ RunTime:0.003330s ]
[2020-03-06T16:43:47+08:00][sql] SELECT `menu_name`,`value` FROM `eb_system_config` WHERE  `menu_name` IN ('pay_weixin_mchid','pay_weixin_client_cert','pay_weixin_client_key','pay_weixin_key','pay_weixin_open') [ RunTime:0.003282s ]
[2020-03-06T16:43:47+08:00][sql] SELECT * FROM `eb_system_config` WHERE  `menu_name` = 'cache_config' LIMIT 1 [ RunTime:0.003441s ]
[2020-03-06T16:43:47+08:00][sql] SELECT `menu_name`,`value` FROM `eb_system_config` [ RunTime:0.003293s ]
[2020-03-06T16:43:47+08:00][sql] CONNECT:[ UseTime:0.005819s ] mysql:host=zy-ying123.mysql.rds.aliyuncs.com;port=3306;dbname=lungcare;charset=utf8
[2020-03-06T16:43:47+08:00][sql] SHOW FULL COLUMNS FROM `eb_user_token` [ RunTime:0.004675s ]
[2020-03-06T16:43:47+08:00][sql] SELECT * FROM `eb_user_token` WHERE  `token` IS NULL LIMIT 1 [ RunTime:0.003410s ]
[2020-03-06T16:43:47+08:00][sql] SHOW FULL COLUMNS FROM `eb_system_config` [ RunTime:0.004509s ]
[2020-03-06T16:43:47+08:00][sql] SELECT * FROM `eb_system_config` WHERE  `menu_name` = 'cache_config' LIMIT 1 [ RunTime:0.003573s ]
[2020-03-06T16:43:47+08:00][sql] SELECT * FROM `eb_system_config` WHERE  `menu_name` = 'cache_config' LIMIT 1 [ RunTime:0.003531s ]
[2020-03-06T16:43:47+08:00][sql] CONNECT:[ UseTime:0.004997s ] mysql:host=zy-ying123.mysql.rds.aliyuncs.com;port=3306;dbname=lungcare;charset=utf8
[2020-03-06T16:43:47+08:00][sql] SHOW FULL COLUMNS FROM `eb_user_token` [ RunTime:0.004004s ]
[2020-03-06T16:43:47+08:00][sql] SELECT * FROM `eb_user_token` WHERE  `token` IS NULL LIMIT 1 [ RunTime:0.002933s ]
[2020-03-06T16:43:47+08:00][sql] SHOW FULL COLUMNS FROM `eb_system_config` [ RunTime:0.004133s ]
[2020-03-06T16:43:47+08:00][sql] SELECT * FROM `eb_system_config` WHERE  `menu_name` = 'cache_config' LIMIT 1 [ RunTime:0.003034s ]
[2020-03-06T16:43:47+08:00][sql] SELECT * FROM `eb_system_config` WHERE  `menu_name` = 'cache_config' LIMIT 1 [ RunTime:0.002996s ]
[2020-03-06T16:43:47+08:00][sql] SELECT * FROM `eb_system_config` WHERE  `menu_name` = 'cache_config' LIMIT 1 [ RunTime:0.003035s ]
[2020-03-06T16:43:47+08:00][sql] SELECT * FROM `eb_system_config` WHERE  `menu_name` = 'cache_config' LIMIT 1 [ RunTime:0.002990s ]
[2020-03-06T16:43:47+08:00][sql] CONNECT:[ UseTime:0.005175s ] mysql:host=zy-ying123.mysql.rds.aliyuncs.com;port=3306;dbname=lungcare;charset=utf8
[2020-03-06T16:43:47+08:00][sql] SHOW FULL COLUMNS FROM `eb_user_token` [ RunTime:0.004873s ]
[2020-03-06T16:43:47+08:00][sql] SELECT * FROM `eb_user_token` WHERE  `token` IS NULL LIMIT 1 [ RunTime:0.002907s ]
[2020-03-06T16:43:47+08:00][sql] SHOW FULL COLUMNS FROM `eb_system_config` [ RunTime:0.004964s ]
[2020-03-06T16:43:47+08:00][sql] SELECT `menu_name`,`value` FROM `eb_system_config` WHERE  `menu_name` IN ('wechat_appid','wechat_appsecret','wechat_token','wechat_encodingaeskey','wechat_encode') [ RunTime:0.003220s ]
[2020-03-06T16:43:47+08:00][sql] SELECT `menu_name`,`value` FROM `eb_system_config` WHERE  `menu_name` IN ('pay_weixin_mchid','pay_weixin_client_cert','pay_weixin_client_key','pay_weixin_key','pay_weixin_open') [ RunTime:0.003134s ]
[2020-03-06T16:43:47+08:00][sql] SELECT * FROM `eb_system_config` WHERE  `menu_name` = 'cache_config' LIMIT 1 [ RunTime:0.003164s ]
[2020-03-06T16:43:47+08:00][sql] CONNECT:[ UseTime:0.005928s ] mysql:host=zy-ying123.mysql.rds.aliyuncs.com;port=3306;dbname=lungcare;charset=utf8
[2020-03-06T16:43:47+08:00][sql] SHOW FULL COLUMNS FROM `eb_user_token` [ RunTime:0.004791s ]
[2020-03-06T16:43:47+08:00][sql] SELECT * FROM `eb_user_token` WHERE  `token` IS NULL LIMIT 1 [ RunTime:0.003534s ]
[2020-03-06T16:43:47+08:00][sql] SHOW FULL COLUMNS FROM `eb_system_config` [ RunTime:0.004686s ]
[2020-03-06T16:43:47+08:00][sql] SELECT * FROM `eb_system_config` WHERE  `menu_name` = 'cache_config' LIMIT 1 [ RunTime:0.003638s ]
[2020-03-06T16:43:47+08:00][sql] SHOW FULL COLUMNS FROM `eb_system_group_data` [ RunTime:0.004517s ]
[2020-03-06T16:43:47+08:00][sql] SELECT `a`.*,`b`.`config_name` FROM `eb_system_group_data` `a` INNER JOIN `eb_system_group` `b` ON `a`.`gid`=`b`.`id` WHERE  `b`.`config_name` = 'routine_home_banner'  AND `a`.`status` = 1 ORDER BY `sort` DESC,`id` ASC [ RunTime:0.003609s ]
[2020-03-06T16:43:47+08:00][sql] SELECT * FROM `eb_system_config` WHERE  `menu_name` = 'cache_config' LIMIT 1 [ RunTime:0.003626s ]
[2020-03-06T16:43:47+08:00][sql] SELECT `a`.*,`b`.`config_name` FROM `eb_system_group_data` `a` INNER JOIN `eb_system_group` `b` ON `a`.`gid`=`b`.`id` WHERE  `b`.`config_name` = 'routine_home_menus'  AND `a`.`status` = 1 ORDER BY `sort` DESC,`id` ASC [ RunTime:0.003555s ]
[2020-03-06T16:43:47+08:00][sql] SELECT * FROM `eb_system_config` WHERE  `menu_name` = 'cache_config' LIMIT 1 [ RunTime:0.003603s ]
[2020-03-06T16:43:47+08:00][sql] SELECT `a`.*,`b`.`config_name` FROM `eb_system_group_data` `a` INNER JOIN `eb_system_group` `b` ON `a`.`gid`=`b`.`id` WHERE  `b`.`config_name` = 'routine_home_roll_news'  AND `a`.`status` = 1 ORDER BY `sort` DESC,`id` ASC [ RunTime:0.003562s ]
[2020-03-06T16:43:47+08:00][sql] SELECT * FROM `eb_system_config` WHERE  `menu_name` = 'cache_config' LIMIT 1 [ RunTime:0.003638s ]
[2020-03-06T16:43:47+08:00][sql] SELECT `a`.*,`b`.`config_name` FROM `eb_system_group_data` `a` INNER JOIN `eb_system_group` `b` ON `a`.`gid`=`b`.`id` WHERE  `b`.`config_name` = 'routine_home_activity'  AND `a`.`status` = 1 ORDER BY `sort` DESC,`id` ASC LIMIT 3 [ RunTime:0.003536s ]
[2020-03-06T16:43:47+08:00][sql] SELECT * FROM `eb_system_config` WHERE  `menu_name` = 'cache_config' LIMIT 1 [ RunTime:0.003616s ]
[2020-03-06T16:43:47+08:00][sql] SELECT * FROM `eb_system_config` WHERE  `menu_name` = 'cache_config' LIMIT 1 [ RunTime:0.003589s ]
[2020-03-06T16:43:47+08:00][sql] SELECT `a`.*,`b`.`config_name` FROM `eb_system_group_data` `a` INNER JOIN `eb_system_group` `b` ON `a`.`gid`=`b`.`id` WHERE  `b`.`config_name` = 'routine_index_page'  AND `a`.`status` = 1 ORDER BY `sort` DESC,`id` ASC [ RunTime:0.003521s ]
[2020-03-06T16:43:47+08:00][sql] SELECT * FROM `eb_system_config` WHERE  `menu_name` = 'cache_config' LIMIT 1 [ RunTime:0.003556s ]
[2020-03-06T16:43:47+08:00][sql] SELECT * FROM `eb_system_config` WHERE  `menu_name` = 'cache_config' LIMIT 1 [ RunTime:0.003569s ]
[2020-03-06T16:43:47+08:00][sql] SELECT `a`.*,`b`.`config_name` FROM `eb_system_group_data` `a` INNER JOIN `eb_system_group` `b` ON `a`.`gid`=`b`.`id` WHERE  `b`.`config_name` = 'routine_home_bast_banner'  AND `a`.`status` = 1 ORDER BY `sort` DESC,`id` ASC [ RunTime:0.003521s ]
[2020-03-06T16:43:47+08:00][sql] SHOW FULL COLUMNS FROM `eb_store_product` [ RunTime:0.005416s ]
[2020-03-06T16:43:47+08:00][sql] SELECT `id`,`image`,`store_name`,`cate_id`,`price`,`ot_price`,`stock`,`unit_name` FROM `eb_store_product` WHERE  `is_benefit` = 1  AND `is_del` = 0  AND `mer_id` = 0  AND `stock` > 0  AND `is_show` = 1 ORDER BY `sort` DESC,`id` DESC LIMIT 3 [ RunTime:0.004307s ]
[2020-03-06T16:43:47+08:00][sql] SELECT * FROM `eb_system_config` WHERE  `menu_name` = 'cache_config' LIMIT 1 [ RunTime:0.003610s ]
[2020-03-06T16:43:47+08:00][sql] SELECT `a`.*,`b`.`config_name` FROM `eb_system_group_data` `a` INNER JOIN `eb_system_group` `b` ON `a`.`gid`=`b`.`id` WHERE  `b`.`config_name` = 'routine_home_new_banner'  AND `a`.`status` = 1 ORDER BY `sort` DESC,`id` ASC [ RunTime:0.003542s ]
[2020-03-06T16:43:47+08:00][sql] SELECT `id`,`image`,`store_name`,`cate_id`,`price`,`unit_name` FROM `eb_store_product` WHERE  `is_hot` = 1  AND `is_del` = 0  AND `mer_id` = 0  AND `stock` > 0  AND `is_show` = 1 ORDER BY `sort` DESC,`id` DESC LIMIT 3 [ RunTime:0.003633s ]
[2020-03-06T16:43:47+08:00][sql] SELECT * FROM `eb_system_config` WHERE  `menu_name` = 'cache_config' LIMIT 1 [ RunTime:0.003575s ]
[2020-03-06T16:43:47+08:00][sql] SHOW FULL COLUMNS FROM `eb_user_level` [ RunTime:0.004858s ]
[2020-03-06T16:43:47+08:00][sql] SELECT `level_id`,`is_forever`,`valid_time`,`id`,`status`,`grade` FROM `eb_user_level` WHERE  `status` = 1  AND `is_del` = 0  AND `uid` = 0 ORDER BY `grade` DESC LIMIT 1 [ RunTime:0.003513s ]
[2020-03-06T16:43:47+08:00][sql] SHOW FULL COLUMNS FROM `eb_system_user_level` [ RunTime:0.004618s ]
[2020-03-06T16:43:47+08:00][sql] SELECT `discount` FROM `eb_system_user_level` WHERE  `is_show` = 1  AND `is_del` = 0 ORDER BY `grade` ASC LIMIT 1 [ RunTime:0.003488s ]
[2020-03-06T16:43:47+08:00][sql] SHOW FULL COLUMNS FROM `eb_store_coupon_issue` [ RunTime:0.004464s ]
[2020-03-06T16:43:47+08:00][sql] SELECT `A`.*,`B`.`coupon_price`,`B`.`use_min_price` FROM `eb_store_coupon_issue` `A` INNER JOIN `eb_store_coupon` `B` ON `A`.`cid`=`B`.`id` WHERE  `A`.`status` = 1  AND (  (  `A`.`start_time` < 1583484227  AND `A`.`end_time` > 1583484227 ) OR (  `A`.`start_time` = 0  AND `A`.`end_time` = 0 ) )  AND `A`.`is_del` = 0  AND ( A.remain_count > 0 OR A.is_permanent = 1 ) ORDER BY `B`.`sort` DESC,`A`.`id` DESC LIMIT 3 [ RunTime:0.205652s ]
[2020-03-06T16:43:47+08:00][sql] SHOW FULL COLUMNS FROM `eb_wechat_user` [ RunTime:0.004963s ]
[2020-03-06T16:43:47+08:00][sql] SELECT `subscribe` FROM `eb_wechat_user` WHERE  `uid` = 0 LIMIT 1 [ RunTime:0.003428s ]
[2020-03-06T16:43:47+08:00][sql] SELECT * FROM `eb_system_config` WHERE  `menu_name` = 'cache_config' LIMIT 1 [ RunTime:0.003673s ]
[2020-03-06T16:43:47+08:00][sql] CONNECT:[ UseTime:0.005144s ] mysql:host=zy-ying123.mysql.rds.aliyuncs.com;port=3306;dbname=lungcare;charset=utf8
[2020-03-06T16:43:47+08:00][sql] SHOW FULL COLUMNS FROM `eb_user_token` [ RunTime:0.004367s ]
[2020-03-06T16:43:47+08:00][sql] SELECT * FROM `eb_user_token` WHERE  `token` IS NULL LIMIT 1 [ RunTime:0.003054s ]
[2020-03-06T16:43:47+08:00][sql] SHOW FULL COLUMNS FROM `eb_system_config` [ RunTime:0.004175s ]
[2020-03-06T16:43:47+08:00][sql] SELECT * FROM `eb_system_config` WHERE  `menu_name` = 'cache_config' LIMIT 1 [ RunTime:0.004243s ]
[2020-03-06T16:43:47+08:00][sql] SELECT * FROM `eb_system_config` WHERE  `menu_name` = 'cache_config' LIMIT 1 [ RunTime:0.003245s ]
[2020-03-06T16:43:47+08:00][sql] SELECT * FROM `eb_system_config` WHERE  `menu_name` = 'cache_config' LIMIT 1 [ RunTime:0.003297s ]
[2020-03-06T16:43:47+08:00][sql] SELECT * FROM `eb_system_config` WHERE  `menu_name` = 'cache_config' LIMIT 1 [ RunTime:0.003217s ]
[2020-03-06T16:43:47+08:00][sql] CONNECT:[ UseTime:0.005329s ] mysql:host=zy-ying123.mysql.rds.aliyuncs.com;port=3306;dbname=lungcare;charset=utf8
[2020-03-06T16:43:47+08:00][sql] SHOW FULL COLUMNS FROM `eb_user_token` [ RunTime:0.004221s ]
[2020-03-06T16:43:47+08:00][sql] SELECT * FROM `eb_user_token` WHERE  `token` IS NULL LIMIT 1 [ RunTime:0.003053s ]
[2020-03-06T16:43:47+08:00][sql] SHOW FULL COLUMNS FROM `eb_system_config` [ RunTime:0.004270s ]
[2020-03-06T16:43:47+08:00][sql] SELECT `menu_name`,`value` FROM `eb_system_config` WHERE  `menu_name` IN ('wechat_appid','wechat_appsecret','wechat_token','wechat_encodingaeskey','wechat_encode') [ RunTime:0.003253s ]
[2020-03-06T16:43:47+08:00][sql] SELECT `menu_name`,`value` FROM `eb_system_config` WHERE  `menu_name` IN ('pay_weixin_mchid','pay_weixin_client_cert','pay_weixin_client_key','pay_weixin_key','pay_weixin_open') [ RunTime:0.003361s ]
[2020-03-06T16:43:47+08:00][sql] SELECT * FROM `eb_system_config` WHERE  `menu_name` = 'cache_config' LIMIT 1 [ RunTime:0.003214s ]
[2020-03-06T16:43:49+08:00][info] [ VIEW ] /home/wwwroot/www/lungcare/public/index.html [ array (
) ]
[2020-03-06T16:43:49+08:00][info] [ VIEW ] /home/wwwroot/www/lungcare/public/index.html [ array (
) ]
[2020-03-06T16:43:49+08:00][info] [ VIEW ] /home/wwwroot/www/lungcare/public/index.html [ array (
) ]
[2020-03-06T16:43:49+08:00][info] [ VIEW ] /home/wwwroot/www/lungcare/public/index.html [ array (
) ]
[2020-03-06T16:43:49+08:00][info] [ VIEW ] /home/wwwroot/www/lungcare/public/index.html [ array (
) ]
[2020-03-06T16:43:49+08:00][info] [ VIEW ] /home/wwwroot/www/lungcare/public/index.html [ array (
) ]
[2020-03-06T16:43:49+08:00][info] [ VIEW ] /home/wwwroot/www/lungcare/public/index.html [ array (
) ]
[2020-03-06T16:43:49+08:00][info] [ VIEW ] /home/wwwroot/www/lungcare/public/index.html [ array (
) ]
[2020-03-06T16:43:49+08:00][sql] CONNECT:[ UseTime:0.005047s ] mysql:host=zy-ying123.mysql.rds.aliyuncs.com;port=3306;dbname=lungcare;charset=utf8
[2020-03-06T16:43:49+08:00][sql] SHOW FULL COLUMNS FROM `eb_user_token` [ RunTime:0.004604s ]
[2020-03-06T16:43:49+08:00][sql] SELECT * FROM `eb_user_token` WHERE  `token` IS NULL LIMIT 1 [ RunTime:0.002959s ]
[2020-03-06T16:43:49+08:00][sql] SHOW FULL COLUMNS FROM `eb_system_config` [ RunTime:0.004049s ]
[2020-03-06T16:43:49+08:00][sql] SELECT `menu_name`,`value` FROM `eb_system_config` WHERE  `menu_name` IN ('wechat_appid','wechat_appsecret','wechat_token','wechat_encodingaeskey','wechat_encode') [ RunTime:0.002982s ]
[2020-03-06T16:43:49+08:00][sql] SELECT `menu_name`,`value` FROM `eb_system_config` WHERE  `menu_name` IN ('pay_weixin_mchid','pay_weixin_client_cert','pay_weixin_client_key','pay_weixin_key','pay_weixin_open') [ RunTime:0.002981s ]
[2020-03-06T16:43:49+08:00][sql] SELECT * FROM `eb_system_config` WHERE  `menu_name` = 'cache_config' LIMIT 1 [ RunTime:0.003060s ]
[2020-03-06T16:43:49+08:00][sql] CONNECT:[ UseTime:0.004741s ] mysql:host=zy-ying123.mysql.rds.aliyuncs.com;port=3306;dbname=lungcare;charset=utf8
[2020-03-06T16:43:49+08:00][sql] SHOW FULL COLUMNS FROM `eb_user_token` [ RunTime:0.004173s ]
[2020-03-06T16:43:49+08:00][sql] SELECT * FROM `eb_user_token` WHERE  `token` IS NULL LIMIT 1 [ RunTime:0.002849s ]
[2020-03-06T16:43:49+08:00][sql] SHOW FULL COLUMNS FROM `eb_system_config` [ RunTime:0.003937s ]
[2020-03-06T16:43:49+08:00][sql] SELECT * FROM `eb_system_config` WHERE  `menu_name` = 'cache_config' LIMIT 1 [ RunTime:0.003031s ]
[2020-03-06T16:43:49+08:00][sql] SELECT * FROM `eb_system_config` WHERE  `menu_name` = 'cache_config' LIMIT 1 [ RunTime:0.003013s ]
[2020-03-06T16:43:49+08:00][sql] SELECT * FROM `eb_system_config` WHERE  `menu_name` = 'cache_config' LIMIT 1 [ RunTime:0.002989s ]
[2020-03-06T16:43:49+08:00][sql] SELECT * FROM `eb_system_config` WHERE  `menu_name` = 'cache_config' LIMIT 1 [ RunTime:0.002973s ]
[2020-03-06T16:43:50+08:00][sql] CONNECT:[ UseTime:0.005316s ] mysql:host=zy-ying123.mysql.rds.aliyuncs.com;port=3306;dbname=lungcare;charset=utf8
[2020-03-06T16:43:50+08:00][sql] SHOW FULL COLUMNS FROM `eb_user_token` [ RunTime:0.004989s ]
[2020-03-06T16:43:50+08:00][sql] SELECT * FROM `eb_user_token` WHERE  `token` IS NULL LIMIT 1 [ RunTime:0.003052s ]
[2020-03-06T16:43:50+08:00][sql] SHOW FULL COLUMNS FROM `eb_system_config` [ RunTime:0.004267s ]
[2020-03-06T16:43:50+08:00][sql] SELECT `menu_name`,`value` FROM `eb_system_config` WHERE  `menu_name` IN ('wechat_appid','wechat_appsecret','wechat_token','wechat_encodingaeskey','wechat_encode') [ RunTime:0.003187s ]
[2020-03-06T16:43:50+08:00][sql] SELECT `menu_name`,`value` FROM `eb_system_config` WHERE  `menu_name` IN ('pay_weixin_mchid','pay_weixin_client_cert','pay_weixin_client_key','pay_weixin_key','pay_weixin_open') [ RunTime:0.003191s ]
[2020-03-06T16:43:50+08:00][sql] SELECT * FROM `eb_system_config` WHERE  `menu_name` = 'cache_config' LIMIT 1 [ RunTime:0.003186s ]
[2020-03-06T16:43:50+08:00][sql] CONNECT:[ UseTime:0.005083s ] mysql:host=zy-ying123.mysql.rds.aliyuncs.com;port=3306;dbname=lungcare;charset=utf8
[2020-03-06T16:43:50+08:00][sql] SHOW FULL COLUMNS FROM `eb_user_token` [ RunTime:0.004154s ]
[2020-03-06T16:43:50+08:00][sql] SELECT * FROM `eb_user_token` WHERE  `token` IS NULL LIMIT 1 [ RunTime:0.003022s ]
[2020-03-06T16:43:50+08:00][sql] SHOW FULL COLUMNS FROM `eb_system_config` [ RunTime:0.004159s ]
[2020-03-06T16:43:50+08:00][sql] SELECT `menu_name`,`value` FROM `eb_system_config` WHERE  `menu_name` IN ('wechat_appid','wechat_appsecret','wechat_token','wechat_encodingaeskey','wechat_encode') [ RunTime:0.003193s ]
[2020-03-06T16:43:50+08:00][sql] SELECT `menu_name`,`value` FROM `eb_system_config` WHERE  `menu_name` IN ('pay_weixin_mchid','pay_weixin_client_cert','pay_weixin_client_key','pay_weixin_key','pay_weixin_open') [ RunTime:0.003103s ]
[2020-03-06T16:43:50+08:00][sql] SELECT * FROM `eb_system_config` WHERE  `menu_name` = 'cache_config' LIMIT 1 [ RunTime:0.003183s ]
[2020-03-06T16:43:50+08:00][sql] SHOW FULL COLUMNS FROM `eb_wechat_user` [ RunTime:0.004810s ]
[2020-03-06T16:43:50+08:00][sql] SELECT COUNT(*) AS think_count FROM `eb_wechat_user` WHERE  `openid` = 'oGk8SuE2t6z2IeHrwCTtyg9j3j54' [ RunTime:0.003102s ]
[2020-03-06T16:43:50+08:00][sql] SHOW FULL COLUMNS FROM `eb_user` [ RunTime:0.004547s ]
[2020-03-06T16:43:50+08:00][sql] SELECT COUNT(*) AS think_count FROM `eb_user` WHERE  `uid` = 0 [ RunTime:0.003031s ]
[2020-03-06T16:43:50+08:00][sql] SELECT `uid` FROM `eb_wechat_user` WHERE  `openid` = 'oGk8SuE2t6z2IeHrwCTtyg9j3j54'  AND `user_type` <> 'h5' LIMIT 1 [ RunTime:0.003255s ]
[2020-03-06T16:43:50+08:00][sql] UPDATE `eb_wechat_user`  SET `openid` = 'oGk8SuE2t6z2IeHrwCTtyg9j3j54' , `nickname` = '周恒' , `sex` = 1 , `language` = 'zh_CN' , `city` = '' , `province` = '' , `country` = '中国' , `headimgurl` = 'http://thirdwx.qlogo.cn/mmopen/vi_32/fo79zus88qcdVNuibzPEwKib4UPI5HWpxMBT106HlNYkicJWB9iaw1N6JdsicnMia2Y3tFf98vYfBfvHblOiaca6PBwNA/132'  WHERE  `uid` = 10 [ RunTime:0.003099s ]
[2020-03-06T16:43:50+08:00][sql] SELECT * FROM `eb_user` WHERE  `uid` = 10 LIMIT 1 [ RunTime:0.003215s ]
[2020-03-06T16:43:50+08:00][sql] SELECT * FROM `eb_system_config` WHERE  `menu_name` = 'cache_config' LIMIT 1 [ RunTime:0.003228s ]
[2020-03-06T16:43:50+08:00][sql] UPDATE `eb_user`  SET `nickname` = '周恒' , `avatar` = 'http://thirdwx.qlogo.cn/mmopen/vi_32/fo79zus88qcdVNuibzPEwKib4UPI5HWpxMBT106HlNYkicJWB9iaw1N6JdsicnMia2Y3tFf98vYfBfvHblOiaca6PBwNA/132' , `is_promoter` = 0 , `login_type` = '' , `spread_uid` = 0 , `spread_time` = 0 , `last_time` = 1583484230 , `last_ip` = '119.122.113.184'  WHERE  `uid` = 10 [ RunTime:0.003204s ]
[2020-03-06T16:43:50+08:00][sql] SELECT `uid` FROM `eb_wechat_user` WHERE  `openid` = 'oGk8SuE2t6z2IeHrwCTtyg9j3j54'  AND `user_type` <> 'h5' LIMIT 1 [ RunTime:0.005735s ]
[2020-03-06T16:43:50+08:00][sql] SELECT * FROM `eb_user` WHERE  `uid` = 10 LIMIT 1 [ RunTime:0.003179s ]
[2020-03-06T16:43:50+08:00][sql] UPDATE `eb_user`  SET `last_time` = 1583484230 , `last_ip` = '119.122.113.184'  WHERE  `uid` = 10  LIMIT 1 [ RunTime:0.003067s ]
[2020-03-06T16:43:50+08:00][sql] SELECT `uid` FROM `eb_wechat_user` WHERE  `openid` = 'oGk8SuE2t6z2IeHrwCTtyg9j3j54'  AND `user_type` <> 'h5' LIMIT 1 [ RunTime:0.003044s ]
[2020-03-06T16:43:50+08:00][sql] SELECT * FROM `eb_user` WHERE  `uid` = 10 LIMIT 1 [ RunTime:0.003156s ]
[2020-03-06T16:43:50+08:00][sql] INSERT INTO `eb_user_token` SET `uid` = 10 , `token` = 'eyJ0eXAiOiJKV1QiLCJhbGciOiJIUzI1NiJ9.eyJpc3MiOiJ3ZWkubHVuZ2NhcmUuc2hvcCIsImF1ZCI6IndlaS5sdW5nY2FyZS5zaG9wIiwiaWF0IjoxNTgzNDg0MjMwLCJuYmYiOjE1ODM0ODQyMzAsImV4cCI6MTU4MzQ5NTAzMCwianRpIjp7ImlkIjoxMCwidHlwZSI6IndlY2hhdCJ9fQ.CSkloS6-PulmIjeZRz_px9VRTxttsZnX59RhASpLkcs' , `expires_time` = '2020-03-06 19:43:50' , `create_time` = '2020-03-06 16:43:50.386928' , `login_ip` = '119.122.113.184' [ RunTime:0.003085s ]
[2020-03-06T16:43:50+08:00][sql] SELECT * FROM `eb_user` WHERE  `uid` = 10 LIMIT 1 [ RunTime:0.003197s ]
[2020-03-06T16:43:50+08:00][info] [ VIEW ] /home/wwwroot/www/lungcare/public/index.html [ array (
) ]
[2020-03-06T16:43:50+08:00][info] [ VIEW ] /home/wwwroot/www/lungcare/public/index.html [ array (
) ]
[2020-03-06T16:43:50+08:00][info] [ VIEW ] /home/wwwroot/www/lungcare/public/index.html [ array (
) ]
[2020-03-06T16:43:50+08:00][info] [ VIEW ] /home/wwwroot/www/lungcare/public/index.html [ array (
) ]
[2020-03-06T16:43:50+08:00][info] [ VIEW ] /home/wwwroot/www/lungcare/public/index.html [ array (
) ]
[2020-03-06T16:43:50+08:00][info] [ VIEW ] /home/wwwroot/www/lungcare/public/index.html [ array (
) ]
[2020-03-06T16:43:50+08:00][info] [ VIEW ] /home/wwwroot/www/lungcare/public/index.html [ array (
) ]
[2020-03-06T16:43:50+08:00][info] [ VIEW ] /home/wwwroot/www/lungcare/public/index.html [ array (
) ]
[2020-03-06T16:43:50+08:00][sql] CONNECT:[ UseTime:0.005590s ] mysql:host=zy-ying123.mysql.rds.aliyuncs.com;port=3306;dbname=lungcare;charset=utf8
[2020-03-06T16:43:50+08:00][sql] SHOW FULL COLUMNS FROM `eb_user_token` [ RunTime:0.004536s ]
[2020-03-06T16:43:50+08:00][sql] SELECT * FROM `eb_user_token` WHERE  `token` = 'eyJ0eXAiOiJKV1QiLCJhbGciOiJIUzI1NiJ9.eyJpc3MiOiJ3ZWkubHVuZ2NhcmUuc2hvcCIsImF1ZCI6IndlaS5sdW5nY2FyZS5zaG9wIiwiaWF0IjoxNTgzNDg0MjMwLCJuYmYiOjE1ODM0ODQyMzAsImV4cCI6MTU4MzQ5NTAzMCwianRpIjp7ImlkIjoxMCwidHlwZSI6IndlY2hhdCJ9fQ.CSkloS6-PulmIjeZRz_px9VRTxttsZnX59RhASpLkcs' LIMIT 1 [ RunTime:0.003390s ]
[2020-03-06T16:43:50+08:00][sql] SHOW FULL COLUMNS FROM `eb_user` [ RunTime:0.004839s ]
[2020-03-06T16:43:50+08:00][sql] SELECT * FROM `eb_user` WHERE  `uid` = 10 LIMIT 1 [ RunTime:0.003924s ]
[2020-03-06T16:43:50+08:00][sql] SHOW FULL COLUMNS FROM `eb_system_config` [ RunTime:0.004383s ]
[2020-03-06T16:43:50+08:00][sql] SELECT `menu_name`,`value` FROM `eb_system_config` WHERE  `menu_name` IN ('wechat_appid','wechat_appsecret','wechat_token','wechat_encodingaeskey','wechat_encode') [ RunTime:0.003388s ]
[2020-03-06T16:43:50+08:00][sql] SELECT `menu_name`,`value` FROM `eb_system_config` WHERE  `menu_name` IN ('pay_weixin_mchid','pay_weixin_client_cert','pay_weixin_client_key','pay_weixin_key','pay_weixin_open') [ RunTime:0.003354s ]
[2020-03-06T16:43:50+08:00][sql] SELECT * FROM `eb_system_config` WHERE  `menu_name` = 'cache_config' LIMIT 1 [ RunTime:0.003497s ]
[2020-03-06T16:43:50+08:00][sql] CONNECT:[ UseTime:0.005061s ] mysql:host=zy-ying123.mysql.rds.aliyuncs.com;port=3306;dbname=lungcare;charset=utf8
[2020-03-06T16:43:50+08:00][sql] SHOW FULL COLUMNS FROM `eb_user_token` [ RunTime:0.004312s ]
[2020-03-06T16:43:50+08:00][sql] SELECT * FROM `eb_user_token` WHERE  `token` = 'eyJ0eXAiOiJKV1QiLCJhbGciOiJIUzI1NiJ9.eyJpc3MiOiJ3ZWkubHVuZ2NhcmUuc2hvcCIsImF1ZCI6IndlaS5sdW5nY2FyZS5zaG9wIiwiaWF0IjoxNTgzNDg0MjMwLCJuYmYiOjE1ODM0ODQyMzAsImV4cCI6MTU4MzQ5NTAzMCwianRpIjp7ImlkIjoxMCwidHlwZSI6IndlY2hhdCJ9fQ.CSkloS6-PulmIjeZRz_px9VRTxttsZnX59RhASpLkcs' LIMIT 1 [ RunTime:0.003063s ]
[2020-03-06T16:43:50+08:00][sql] SHOW FULL COLUMNS FROM `eb_user` [ RunTime:0.004405s ]
[2020-03-06T16:43:50+08:00][sql] SELECT * FROM `eb_user` WHERE  `uid` = 10 LIMIT 1 [ RunTime:0.003147s ]
[2020-03-06T16:43:50+08:00][sql] SHOW FULL COLUMNS FROM `eb_system_config` [ RunTime:0.004029s ]
[2020-03-06T16:43:50+08:00][sql] SELECT * FROM `eb_system_config` WHERE  `menu_name` = 'cache_config' LIMIT 1 [ RunTime:0.003152s ]
[2020-03-06T16:43:50+08:00][sql] SELECT * FROM `eb_system_config` WHERE  `menu_name` = 'cache_config' LIMIT 1 [ RunTime:0.003126s ]
[2020-03-06T16:43:50+08:00][sql] CONNECT:[ UseTime:0.004957s ] mysql:host=zy-ying123.mysql.rds.aliyuncs.com;port=3306;dbname=lungcare;charset=utf8
[2020-03-06T16:43:50+08:00][sql] SHOW FULL COLUMNS FROM `eb_user_token` [ RunTime:0.004164s ]
[2020-03-06T16:43:50+08:00][sql] SELECT * FROM `eb_user_token` WHERE  `token` = 'eyJ0eXAiOiJKV1QiLCJhbGciOiJIUzI1NiJ9.eyJpc3MiOiJ3ZWkubHVuZ2NhcmUuc2hvcCIsImF1ZCI6IndlaS5sdW5nY2FyZS5zaG9wIiwiaWF0IjoxNTgzNDg0MjMwLCJuYmYiOjE1ODM0ODQyMzAsImV4cCI6MTU4MzQ5NTAzMCwianRpIjp7ImlkIjoxMCwidHlwZSI6IndlY2hhdCJ9fQ.CSkloS6-PulmIjeZRz_px9VRTxttsZnX59RhASpLkcs' LIMIT 1 [ RunTime:0.003058s ]
[2020-03-06T16:43:50+08:00][sql] SHOW FULL COLUMNS FROM `eb_user` [ RunTime:0.004557s ]
[2020-03-06T16:43:50+08:00][sql] SELECT * FROM `eb_user` WHERE  `uid` = 10 LIMIT 1 [ RunTime:0.003124s ]
[2020-03-06T16:43:50+08:00][sql] SHOW FULL COLUMNS FROM `eb_system_config` [ RunTime:0.004221s ]
[2020-03-06T16:43:50+08:00][sql] SELECT * FROM `eb_system_config` WHERE  `menu_name` = 'cache_config' LIMIT 1 [ RunTime:0.003119s ]
[2020-03-06T16:43:50+08:00][sql] SELECT * FROM `eb_system_config` WHERE  `menu_name` = 'cache_config' LIMIT 1 [ RunTime:0.003156s ]
[2020-03-06T16:43:50+08:00][sql] SELECT * FROM `eb_system_config` WHERE  `menu_name` = 'cache_config' LIMIT 1 [ RunTime:0.003100s ]
[2020-03-06T16:43:50+08:00][sql] SELECT * FROM `eb_system_config` WHERE  `menu_name` = 'cache_config' LIMIT 1 [ RunTime:0.003089s ]
[2020-03-06T16:43:51+08:00][sql] CONNECT:[ UseTime:0.006228s ] mysql:host=zy-ying123.mysql.rds.aliyuncs.com;port=3306;dbname=lungcare;charset=utf8
[2020-03-06T16:43:51+08:00][sql] SHOW FULL COLUMNS FROM `eb_user_token` [ RunTime:0.004993s ]
[2020-03-06T16:43:51+08:00][sql] SELECT * FROM `eb_user_token` WHERE  `token` = 'eyJ0eXAiOiJKV1QiLCJhbGciOiJIUzI1NiJ9.eyJpc3MiOiJ3ZWkubHVuZ2NhcmUuc2hvcCIsImF1ZCI6IndlaS5sdW5nY2FyZS5zaG9wIiwiaWF0IjoxNTgzNDg0MjMwLCJuYmYiOjE1ODM0ODQyMzAsImV4cCI6MTU4MzQ5NTAzMCwianRpIjp7ImlkIjoxMCwidHlwZSI6IndlY2hhdCJ9fQ.CSkloS6-PulmIjeZRz_px9VRTxttsZnX59RhASpLkcs' LIMIT 1 [ RunTime:0.003831s ]
[2020-03-06T16:43:51+08:00][sql] SHOW FULL COLUMNS FROM `eb_user` [ RunTime:0.005173s ]
[2020-03-06T16:43:51+08:00][sql] SELECT * FROM `eb_user` WHERE  `uid` = 10 LIMIT 1 [ RunTime:0.003903s ]
[2020-03-06T16:43:51+08:00][sql] SHOW FULL COLUMNS FROM `eb_system_config` [ RunTime:0.004867s ]
[2020-03-06T16:43:51+08:00][sql] SELECT `menu_name`,`value` FROM `eb_system_config` WHERE  `menu_name` IN ('wechat_appid','wechat_appsecret','wechat_token','wechat_encodingaeskey','wechat_encode') [ RunTime:0.003861s ]
[2020-03-06T16:43:51+08:00][sql] SELECT `menu_name`,`value` FROM `eb_system_config` WHERE  `menu_name` IN ('pay_weixin_mchid','pay_weixin_client_cert','pay_weixin_client_key','pay_weixin_key','pay_weixin_open') [ RunTime:0.003841s ]
[2020-03-06T16:43:51+08:00][sql] SELECT * FROM `eb_system_config` WHERE  `menu_name` = 'cache_config' LIMIT 1 [ RunTime:0.003896s ]
[2020-03-06T16:43:51+08:00][sql] CONNECT:[ UseTime:0.006033s ] mysql:host=zy-ying123.mysql.rds.aliyuncs.com;port=3306;dbname=lungcare;charset=utf8
[2020-03-06T16:43:51+08:00][sql] SHOW FULL COLUMNS FROM `eb_user_token` [ RunTime:0.004734s ]
[2020-03-06T16:43:51+08:00][sql] SELECT * FROM `eb_user_token` WHERE  `token` = 'eyJ0eXAiOiJKV1QiLCJhbGciOiJIUzI1NiJ9.eyJpc3MiOiJ3ZWkubHVuZ2NhcmUuc2hvcCIsImF1ZCI6IndlaS5sdW5nY2FyZS5zaG9wIiwiaWF0IjoxNTgzNDg0MjMwLCJuYmYiOjE1ODM0ODQyMzAsImV4cCI6MTU4MzQ5NTAzMCwianRpIjp7ImlkIjoxMCwidHlwZSI6IndlY2hhdCJ9fQ.CSkloS6-PulmIjeZRz_px9VRTxttsZnX59RhASpLkcs' LIMIT 1 [ RunTime:0.003803s ]
[2020-03-06T16:43:51+08:00][sql] SHOW FULL COLUMNS FROM `eb_user` [ RunTime:0.005131s ]
[2020-03-06T16:43:51+08:00][sql] SELECT * FROM `eb_user` WHERE  `uid` = 10 LIMIT 1 [ RunTime:0.003869s ]
[2020-03-06T16:43:51+08:00][sql] SHOW FULL COLUMNS FROM `eb_system_config` [ RunTime:0.004717s ]
[2020-03-06T16:43:51+08:00][sql] SELECT * FROM `eb_system_config` WHERE  `menu_name` = 'cache_config' LIMIT 1 [ RunTime:0.003850s ]
[2020-03-06T16:43:51+08:00][sql] SELECT * FROM `eb_system_config` WHERE  `menu_name` = 'cache_config' LIMIT 1 [ RunTime:0.003862s ]
[2020-03-06T16:43:51+08:00][sql] SELECT * FROM `eb_system_config` WHERE  `menu_name` = 'cache_config' LIMIT 1 [ RunTime:0.004019s ]
[2020-03-06T16:43:51+08:00][sql] SELECT * FROM `eb_system_config` WHERE  `menu_name` = 'cache_config' LIMIT 1 [ RunTime:0.003831s ]
[2020-03-06T16:43:51+08:00][sql] SELECT * FROM `eb_system_config` WHERE  `menu_name` = 'cache_config' LIMIT 1 [ RunTime:0.003801s ]
[2020-03-06T16:43:51+08:00][sql] SELECT * FROM `eb_system_config` WHERE  `menu_name` = 'cache_config' LIMIT 1 [ RunTime:0.003832s ]
[2020-03-06T16:43:51+08:00][sql] SELECT * FROM `eb_system_config` WHERE  `menu_name` = 'cache_config' LIMIT 1 [ RunTime:0.003830s ]
[2020-03-06T16:43:51+08:00][sql] SELECT * FROM `eb_system_config` WHERE  `menu_name` = 'cache_config' LIMIT 1 [ RunTime:0.003817s ]
[2020-03-06T16:43:51+08:00][sql] SHOW FULL COLUMNS FROM `eb_store_product` [ RunTime:0.005452s ]
[2020-03-06T16:43:51+08:00][sql] SELECT `id`,`image`,`store_name`,`cate_id`,`price`,`ot_price`,`stock`,`unit_name` FROM `eb_store_product` WHERE  `is_benefit` = 1  AND `is_del` = 0  AND `mer_id` = 0  AND `stock` > 0  AND `is_show` = 1 ORDER BY `sort` DESC,`id` DESC LIMIT 3 [ RunTime:0.003894s ]
[2020-03-06T16:43:51+08:00][sql] SELECT * FROM `eb_system_config` WHERE  `menu_name` = 'cache_config' LIMIT 1 [ RunTime:0.003893s ]
[2020-03-06T16:43:51+08:00][sql] SELECT `id`,`image`,`store_name`,`cate_id`,`price`,`unit_name` FROM `eb_store_product` WHERE  `is_hot` = 1  AND `is_del` = 0  AND `mer_id` = 0  AND `stock` > 0  AND `is_show` = 1 ORDER BY `sort` DESC,`id` DESC LIMIT 3 [ RunTime:0.003915s ]
[2020-03-06T16:43:51+08:00][sql] SELECT * FROM `eb_system_config` WHERE  `menu_name` = 'cache_config' LIMIT 1 [ RunTime:0.003846s ]
[2020-03-06T16:43:51+08:00][sql] SHOW FULL COLUMNS FROM `eb_user_level` [ RunTime:0.004840s ]
[2020-03-06T16:43:51+08:00][sql] SELECT `level_id`,`is_forever`,`valid_time`,`id`,`status`,`grade` FROM `eb_user_level` WHERE  `status` = 1  AND `is_del` = 0  AND `uid` = 0 ORDER BY `grade` DESC LIMIT 1 [ RunTime:0.003740s ]
[2020-03-06T16:43:51+08:00][sql] SHOW FULL COLUMNS FROM `eb_system_user_level` [ RunTime:0.004784s ]
[2020-03-06T16:43:51+08:00][sql] SELECT `discount` FROM `eb_system_user_level` WHERE  `is_show` = 1  AND `is_del` = 0 ORDER BY `grade` ASC LIMIT 1 [ RunTime:0.003749s ]
[2020-03-06T16:43:51+08:00][sql] SHOW FULL COLUMNS FROM `eb_store_coupon_issue` [ RunTime:0.004780s ]
[2020-03-06T16:43:51+08:00][sql] SELECT `A`.*,`B`.`coupon_price`,`B`.`use_min_price` FROM `eb_store_coupon_issue` `A` INNER JOIN `eb_store_coupon` `B` ON `A`.`cid`=`B`.`id` WHERE  `A`.`status` = 1  AND (  (  `A`.`start_time` < 1583484231  AND `A`.`end_time` > 1583484231 ) OR (  `A`.`start_time` = 0  AND `A`.`end_time` = 0 ) )  AND `A`.`is_del` = 0  AND ( A.remain_count > 0 OR A.is_permanent = 1 ) ORDER BY `B`.`sort` DESC,`A`.`id` DESC LIMIT 3 [ RunTime:0.003993s ]
[2020-03-06T16:43:51+08:00][sql] SHOW FULL COLUMNS FROM `eb_wechat_user` [ RunTime:0.004995s ]
[2020-03-06T16:43:51+08:00][sql] SELECT `subscribe` FROM `eb_wechat_user` WHERE  `uid` = 10 LIMIT 1 [ RunTime:0.003725s ]
[2020-03-06T16:43:51+08:00][sql] SELECT * FROM `eb_system_config` WHERE  `menu_name` = 'cache_config' LIMIT 1 [ RunTime:0.003960s ]
[2020-03-06T16:43:51+08:00][sql] CONNECT:[ UseTime:0.005761s ] mysql:host=zy-ying123.mysql.rds.aliyuncs.com;port=3306;dbname=lungcare;charset=utf8
[2020-03-06T16:43:51+08:00][sql] SHOW FULL COLUMNS FROM `eb_user_token` [ RunTime:0.004723s ]
[2020-03-06T16:43:51+08:00][sql] SELECT * FROM `eb_user_token` WHERE  `token` = 'eyJ0eXAiOiJKV1QiLCJhbGciOiJIUzI1NiJ9.eyJpc3MiOiJ3ZWkubHVuZ2NhcmUuc2hvcCIsImF1ZCI6IndlaS5sdW5nY2FyZS5zaG9wIiwiaWF0IjoxNTgzNDg0MjMwLCJuYmYiOjE1ODM0ODQyMzAsImV4cCI6MTU4MzQ5NTAzMCwianRpIjp7ImlkIjoxMCwidHlwZSI6IndlY2hhdCJ9fQ.CSkloS6-PulmIjeZRz_px9VRTxttsZnX59RhASpLkcs' LIMIT 1 [ RunTime:0.003528s ]
[2020-03-06T16:43:51+08:00][sql] SHOW FULL COLUMNS FROM `eb_user` [ RunTime:0.004938s ]
[2020-03-06T16:43:51+08:00][sql] SELECT * FROM `eb_user` WHERE  `uid` = 10 LIMIT 1 [ RunTime:0.003623s ]
[2020-03-06T16:43:51+08:00][sql] SHOW FULL COLUMNS FROM `eb_system_config` [ RunTime:0.004578s ]
[2020-03-06T16:43:51+08:00][sql] SELECT * FROM `eb_system_config` WHERE  `menu_name` = 'cache_config' LIMIT 1 [ RunTime:0.003624s ]
[2020-03-06T16:43:51+08:00][sql] SELECT * FROM `eb_system_config` WHERE  `menu_name` = 'cache_config' LIMIT 1 [ RunTime:0.003735s ]
[2020-03-06T16:43:51+08:00][sql] SELECT * FROM `eb_system_config` WHERE  `menu_name` = 'cache_config' LIMIT 1 [ RunTime:0.003599s ]
[2020-03-06T16:43:51+08:00][sql] SELECT * FROM `eb_system_config` WHERE  `menu_name` = 'cache_config' LIMIT 1 [ RunTime:0.003581s ]
[2020-03-06T16:43:51+08:00][sql] CONNECT:[ UseTime:0.005703s ] mysql:host=zy-ying123.mysql.rds.aliyuncs.com;port=3306;dbname=lungcare;charset=utf8
[2020-03-06T16:43:51+08:00][sql] SHOW FULL COLUMNS FROM `eb_user_token` [ RunTime:0.004743s ]
[2020-03-06T16:43:51+08:00][sql] SELECT * FROM `eb_user_token` WHERE  `token` = 'eyJ0eXAiOiJKV1QiLCJhbGciOiJIUzI1NiJ9.eyJpc3MiOiJ3ZWkubHVuZ2NhcmUuc2hvcCIsImF1ZCI6IndlaS5sdW5nY2FyZS5zaG9wIiwiaWF0IjoxNTgzNDg0MjMwLCJuYmYiOjE1ODM0ODQyMzAsImV4cCI6MTU4MzQ5NTAzMCwianRpIjp7ImlkIjoxMCwidHlwZSI6IndlY2hhdCJ9fQ.CSkloS6-PulmIjeZRz_px9VRTxttsZnX59RhASpLkcs' LIMIT 1 [ RunTime:0.003429s ]
[2020-03-06T16:43:51+08:00][sql] SHOW FULL COLUMNS FROM `eb_user` [ RunTime:0.005001s ]
[2020-03-06T16:43:51+08:00][sql] SELECT * FROM `eb_user` WHERE  `uid` = 10 LIMIT 1 [ RunTime:0.003675s ]
[2020-03-06T16:43:51+08:00][sql] SHOW FULL COLUMNS FROM `eb_system_config` [ RunTime:0.005267s ]
[2020-03-06T16:43:51+08:00][sql] SELECT `menu_name`,`value` FROM `eb_system_config` WHERE  `menu_name` IN ('wechat_appid','wechat_appsecret','wechat_token','wechat_encodingaeskey','wechat_encode') [ RunTime:0.003610s ]
[2020-03-06T16:43:51+08:00][sql] SELECT `menu_name`,`value` FROM `eb_system_config` WHERE  `menu_name` IN ('pay_weixin_mchid','pay_weixin_client_cert','pay_weixin_client_key','pay_weixin_key','pay_weixin_open') [ RunTime:0.003596s ]
[2020-03-06T16:43:51+08:00][sql] SELECT * FROM `eb_system_config` WHERE  `menu_name` = 'cache_config' LIMIT 1 [ RunTime:0.003584s ]
[2020-03-06T16:58:52+08:00][info] [ VIEW ] /home/wwwroot/www/lungcare/public/index.html [ array (
) ]
[2020-03-06T17:37:13+08:00][info] [ VIEW ] /home/wwwroot/www/lungcare/public/index.html [ array (
) ]
[2020-03-06T18:09:00+08:00][info] [ VIEW ] /home/wwwroot/www/lungcare/public/index.html [ array (
) ]
[2020-03-06T18:28:11+08:00][info] [ VIEW ] /home/wwwroot/www/lungcare/public/index.html [ array (
) ]
[2020-03-06T18:33:50+08:00][info] [ VIEW ] /home/wwwroot/www/lungcare/public/index.html [ array (
) ]
[2020-03-06T19:08:10+08:00][info] [ VIEW ] /home/wwwroot/www/lungcare/public/index.html [ array (
) ]
[2020-03-06T19:08:11+08:00][info] [ VIEW ] /home/wwwroot/www/lungcare/public/index.html [ array (
) ]
[2020-03-06T19:08:11+08:00][info] [ VIEW ] /home/wwwroot/www/lungcare/public/index.html [ array (
) ]
[2020-03-06T19:08:11+08:00][info] [ VIEW ] /home/wwwroot/www/lungcare/public/index.html [ array (
) ]
[2020-03-06T19:08:11+08:00][info] [ VIEW ] /home/wwwroot/www/lungcare/public/index.html [ array (
) ]
[2020-03-06T19:08:11+08:00][info] [ VIEW ] /home/wwwroot/www/lungcare/public/index.html [ array (
) ]
[2020-03-06T19:08:11+08:00][info] [ VIEW ] /home/wwwroot/www/lungcare/public/index.html [ array (
) ]
[2020-03-06T19:08:11+08:00][info] [ VIEW ] /home/wwwroot/www/lungcare/public/index.html [ array (
) ]
[2020-03-06T19:08:11+08:00][info] [ VIEW ] /home/wwwroot/www/lungcare/public/index.html [ array (
) ]
[2020-03-06T19:08:12+08:00][info] [ VIEW ] /home/wwwroot/www/lungcare/public/index.html [ array (
) ]
[2020-03-06T19:08:12+08:00][info] [ VIEW ] /home/wwwroot/www/lungcare/public/index.html [ array (
) ]
[2020-03-06T19:08:12+08:00][info] [ VIEW ] /home/wwwroot/www/lungcare/public/index.html [ array (
) ]
[2020-03-06T19:08:12+08:00][info] [ VIEW ] /home/wwwroot/www/lungcare/public/index.html [ array (
) ]
[2020-03-06T19:08:12+08:00][info] [ VIEW ] /home/wwwroot/www/lungcare/public/index.html [ array (
) ]
[2020-03-06T19:08:12+08:00][info] [ VIEW ] /home/wwwroot/www/lungcare/public/index.html [ array (
) ]
[2020-03-06T19:25:40+08:00][info] [ VIEW ] /home/wwwroot/www/lungcare/public/index.html [ array (
) ]
[2020-03-06T19:25:43+08:00][info] [ VIEW ] /home/wwwroot/www/lungcare/public/index.html [ array (
) ]
[2020-03-06T19:25:45+08:00][info] [ VIEW ] /home/wwwroot/www/lungcare/public/index.html [ array (
) ]
[2020-03-06T19:59:04+08:00][info] [ VIEW ] /home/wwwroot/www/lungcare/public/index.html [ array (
) ]
[2020-03-06T21:18:57+08:00][info] [ VIEW ] /home/wwwroot/www/lungcare/public/index.html [ array (
) ]
[2020-03-06T23:31:01+08:00][info] [ VIEW ] /home/wwwroot/www/lungcare/public/index.html [ array (
) ]
