[2020-03-10T00:17:48+08:00][info] [ VIEW ] /home/wwwroot/www/lungcare/public/index.html [ array (
) ]
[2020-03-10T00:17:51+08:00][info] [ VIEW ] /home/wwwroot/www/lungcare/public/index.html [ array (
) ]
[2020-03-10T00:33:21+08:00][info] [ VIEW ] /home/wwwroot/www/lungcare/public/index.html [ array (
) ]
[2020-03-10T00:55:15+08:00][info] [ VIEW ] /home/wwwroot/www/lungcare/public/index.html [ array (
) ]
[2020-03-10T01:12:47+08:00][info] [ VIEW ] /home/wwwroot/www/lungcare/public/index.html [ array (
) ]
[2020-03-10T01:16:23+08:00][info] [ VIEW ] /home/wwwroot/www/lungcare/public/index.html [ array (
) ]
[2020-03-10T01:16:23+08:00][info] [ VIEW ] /home/wwwroot/www/lungcare/public/index.html [ array (
) ]
[2020-03-10T01:16:23+08:00][info] [ VIEW ] /home/wwwroot/www/lungcare/public/index.html [ array (
) ]
[2020-03-10T01:16:23+08:00][info] [ VIEW ] /home/wwwroot/www/lungcare/public/index.html [ array (
) ]
[2020-03-10T01:28:29+08:00][info] [ VIEW ] /home/wwwroot/www/lungcare/public/index.html [ array (
) ]
[2020-03-10T01:38:12+08:00][info] [ VIEW ] /home/wwwroot/www/lungcare/public/index.html [ array (
) ]
[2020-03-10T02:13:23+08:00][info] [ VIEW ] /home/wwwroot/www/lungcare/public/index.html [ array (
) ]
[2020-03-10T02:14:40+08:00][info] [ VIEW ] /home/wwwroot/www/lungcare/public/index.html [ array (
) ]
[2020-03-10T02:36:42+08:00][info] [ VIEW ] /home/wwwroot/www/lungcare/public/index.html [ array (
) ]
[2020-03-10T02:36:43+08:00][info] [ VIEW ] /home/wwwroot/www/lungcare/public/index.html [ array (
) ]
[2020-03-10T02:36:43+08:00][info] [ VIEW ] /home/wwwroot/www/lungcare/public/index.html [ array (
) ]
[2020-03-10T02:36:43+08:00][info] [ VIEW ] /home/wwwroot/www/lungcare/public/index.html [ array (
) ]
[2020-03-10T02:36:43+08:00][info] [ VIEW ] /home/wwwroot/www/lungcare/public/index.html [ array (
) ]
[2020-03-10T02:36:45+08:00][sql] CONNECT:[ UseTime:0.005039s ] mysql:host=zy-ying123.mysql.rds.aliyuncs.com;port=3306;dbname=lungcare;charset=utf8
[2020-03-10T02:36:45+08:00][sql] SHOW FULL COLUMNS FROM `eb_user_token` [ RunTime:0.003875s ]
[2020-03-10T02:36:45+08:00][sql] SELECT * FROM `eb_user_token` WHERE  `token` IS NULL LIMIT 1 [ RunTime:0.002809s ]
[2020-03-10T02:36:45+08:00][sql] SHOW FULL COLUMNS FROM `eb_system_config` [ RunTime:0.003874s ]
[2020-03-10T02:36:45+08:00][sql] SELECT * FROM `eb_system_config` WHERE  `menu_name` = 'cache_config' LIMIT 1 [ RunTime:0.002972s ]
[2020-03-10T02:36:45+08:00][sql] SELECT * FROM `eb_system_config` WHERE  `menu_name` = 'cache_config' LIMIT 1 [ RunTime:0.002963s ]
[2020-03-10T02:36:45+08:00][sql] CONNECT:[ UseTime:0.005047s ] mysql:host=zy-ying123.mysql.rds.aliyuncs.com;port=3306;dbname=lungcare;charset=utf8
[2020-03-10T02:36:45+08:00][sql] SHOW FULL COLUMNS FROM `eb_user_token` [ RunTime:0.004244s ]
[2020-03-10T02:36:45+08:00][sql] SELECT * FROM `eb_user_token` WHERE  `token` IS NULL LIMIT 1 [ RunTime:0.002860s ]
[2020-03-10T02:36:45+08:00][sql] SHOW FULL COLUMNS FROM `eb_system_config` [ RunTime:0.004099s ]
[2020-03-10T02:36:45+08:00][sql] SELECT * FROM `eb_system_config` WHERE  `menu_name` = 'cache_config' LIMIT 1 [ RunTime:0.003016s ]
[2020-03-10T02:36:45+08:00][sql] SELECT * FROM `eb_system_config` WHERE  `menu_name` = 'cache_config' LIMIT 1 [ RunTime:0.002952s ]
[2020-03-10T02:36:45+08:00][sql] SELECT * FROM `eb_system_config` WHERE  `menu_name` = 'cache_config' LIMIT 1 [ RunTime:0.002909s ]
[2020-03-10T02:36:45+08:00][sql] SELECT * FROM `eb_system_config` WHERE  `menu_name` = 'cache_config' LIMIT 1 [ RunTime:0.002930s ]
[2020-03-10T02:36:45+08:00][sql] SELECT * FROM `eb_system_config` WHERE  `menu_name` = 'cache_config' LIMIT 1 [ RunTime:0.002939s ]
[2020-03-10T02:36:45+08:00][sql] SELECT * FROM `eb_system_config` WHERE  `menu_name` = 'cache_config' LIMIT 1 [ RunTime:0.002925s ]
[2020-03-10T02:36:45+08:00][sql] SHOW FULL COLUMNS FROM `eb_system_group_data` [ RunTime:0.003695s ]
[2020-03-10T02:36:45+08:00][sql] SELECT `a`.*,`b`.`config_name` FROM `eb_system_group_data` `a` INNER JOIN `eb_system_group` `b` ON `a`.`gid`=`b`.`id` WHERE  `b`.`config_name` = 'routine_index_page'  AND `a`.`status` = 1 ORDER BY `sort` DESC,`id` ASC [ RunTime:0.002901s ]
[2020-03-10T02:36:45+08:00][sql] SELECT * FROM `eb_system_config` WHERE  `menu_name` = 'cache_config' LIMIT 1 [ RunTime:0.002941s ]
[2020-03-10T02:36:45+08:00][sql] SELECT * FROM `eb_system_config` WHERE  `menu_name` = 'cache_config' LIMIT 1 [ RunTime:0.002958s ]
[2020-03-10T02:36:45+08:00][sql] SHOW FULL COLUMNS FROM `eb_store_product` [ RunTime:0.004350s ]
[2020-03-10T02:36:45+08:00][sql] SELECT `id`,`image`,`store_name`,`cate_id`,`price`,`ot_price`,`stock`,`unit_name` FROM `eb_store_product` WHERE  `is_benefit` = 1  AND `is_del` = 0  AND `mer_id` = 0  AND `stock` > 0  AND `is_show` = 1 ORDER BY `sort` DESC,`id` DESC LIMIT 3 [ RunTime:0.002970s ]
[2020-03-10T02:36:45+08:00][sql] SELECT * FROM `eb_system_config` WHERE  `menu_name` = 'cache_config' LIMIT 1 [ RunTime:0.002928s ]
[2020-03-10T02:36:45+08:00][sql] SELECT `id`,`image`,`store_name`,`cate_id`,`price`,`unit_name` FROM `eb_store_product` WHERE  `is_hot` = 1  AND `is_del` = 0  AND `mer_id` = 0  AND `stock` > 0  AND `is_show` = 1 ORDER BY `sort` DESC,`id` DESC LIMIT 3 [ RunTime:0.002900s ]
[2020-03-10T02:36:45+08:00][sql] SELECT * FROM `eb_system_config` WHERE  `menu_name` = 'cache_config' LIMIT 1 [ RunTime:0.003109s ]
[2020-03-10T02:36:45+08:00][sql] SHOW FULL COLUMNS FROM `eb_user_level` [ RunTime:0.003833s ]
[2020-03-10T02:36:45+08:00][sql] SELECT `level_id`,`is_forever`,`valid_time`,`id`,`status`,`grade` FROM `eb_user_level` WHERE  `status` = 1  AND `is_del` = 0  AND `uid` = 0 ORDER BY `grade` DESC LIMIT 1 [ RunTime:0.002849s ]
[2020-03-10T02:36:45+08:00][sql] SHOW FULL COLUMNS FROM `eb_system_user_level` [ RunTime:0.003838s ]
[2020-03-10T02:36:45+08:00][sql] SELECT `discount` FROM `eb_system_user_level` WHERE  `is_show` = 1  AND `is_del` = 0 ORDER BY `grade` ASC LIMIT 1 [ RunTime:0.002881s ]
[2020-03-10T02:36:45+08:00][sql] SHOW FULL COLUMNS FROM `eb_store_coupon_issue` [ RunTime:0.003747s ]
[2020-03-10T02:36:45+08:00][sql] SELECT `A`.*,`B`.`coupon_price`,`B`.`use_min_price` FROM `eb_store_coupon_issue` `A` INNER JOIN `eb_store_coupon` `B` ON `A`.`cid`=`B`.`id` WHERE  `A`.`status` = 1  AND (  (  `A`.`start_time` < 1583779005  AND `A`.`end_time` > 1583779005 ) OR (  `A`.`start_time` = 0  AND `A`.`end_time` = 0 ) )  AND `A`.`is_del` = 0  AND ( A.remain_count > 0 OR A.is_permanent = 1 ) ORDER BY `B`.`sort` DESC,`A`.`id` DESC LIMIT 3 [ RunTime:0.003072s ]
[2020-03-10T02:36:45+08:00][sql] SHOW FULL COLUMNS FROM `eb_wechat_user` [ RunTime:0.004033s ]
[2020-03-10T02:36:45+08:00][sql] SELECT `subscribe` FROM `eb_wechat_user` WHERE  `uid` = 0 LIMIT 1 [ RunTime:0.002790s ]
[2020-03-10T02:36:45+08:00][sql] SELECT * FROM `eb_system_config` WHERE  `menu_name` = 'cache_config' LIMIT 1 [ RunTime:0.002911s ]
[2020-03-10T02:43:01+08:00][info] [ VIEW ] /home/wwwroot/www/lungcare/public/index.html [ array (
) ]
[2020-03-10T02:43:40+08:00][info] [ VIEW ] /home/wwwroot/www/lungcare/public/index.html [ array (
) ]
[2020-03-10T02:45:15+08:00][info] [ VIEW ] /home/wwwroot/www/lungcare/public/index.html [ array (
) ]
[2020-03-10T02:49:45+08:00][info] [ VIEW ] /home/wwwroot/www/lungcare/public/index.html [ array (
) ]
[2020-03-10T03:04:12+08:00][info] [ VIEW ] /home/wwwroot/www/lungcare/public/index.html [ array (
) ]
[2020-03-10T03:04:27+08:00][info] [ VIEW ] /home/wwwroot/www/lungcare/public/index.html [ array (
) ]
[2020-03-10T03:49:50+08:00][info] [ VIEW ] /home/wwwroot/www/lungcare/public/index.html [ array (
) ]
[2020-03-10T03:49:52+08:00][info] [ VIEW ] /home/wwwroot/www/lungcare/public/index.html [ array (
) ]
[2020-03-10T04:03:54+08:00][info] [ VIEW ] /home/wwwroot/www/lungcare/public/index.html [ array (
) ]
[2020-03-10T04:14:33+08:00][info] [ VIEW ] /home/wwwroot/www/lungcare/public/index.html [ array (
) ]
[2020-03-10T04:14:36+08:00][info] [ VIEW ] /home/wwwroot/www/lungcare/public/index.html [ array (
) ]
[2020-03-10T04:32:40+08:00][info] [ VIEW ] /home/wwwroot/www/lungcare/public/index.html [ array (
) ]
[2020-03-10T04:56:09+08:00][info] [ VIEW ] /home/wwwroot/www/lungcare/public/index.html [ array (
) ]
[2020-03-10T04:56:45+08:00][info] [ VIEW ] /home/wwwroot/www/lungcare/public/index.html [ array (
) ]
[2020-03-10T05:05:52+08:00][info] [ VIEW ] /home/wwwroot/www/lungcare/public/index.html [ array (
) ]
[2020-03-10T05:12:49+08:00][info] [ VIEW ] /home/wwwroot/www/lungcare/public/index.html [ array (
) ]
[2020-03-10T05:19:37+08:00][info] [ VIEW ] /home/wwwroot/www/lungcare/public/index.html [ array (
) ]
[2020-03-10T06:16:10+08:00][info] [ VIEW ] /home/wwwroot/www/lungcare/public/index.html [ array (
) ]
[2020-03-10T06:21:48+08:00][info] [ VIEW ] /home/wwwroot/www/lungcare/public/index.html [ array (
) ]
[2020-03-10T06:29:57+08:00][info] [ VIEW ] /home/wwwroot/www/lungcare/public/index.html [ array (
) ]
[2020-03-10T06:30:38+08:00][info] [ VIEW ] /home/wwwroot/www/lungcare/public/index.html [ array (
) ]
[2020-03-10T06:45:29+08:00][info] [ VIEW ] /home/wwwroot/www/lungcare/public/index.html [ array (
) ]
[2020-03-10T07:32:04+08:00][info] [ VIEW ] /home/wwwroot/www/lungcare/public/index.html [ array (
) ]
[2020-03-10T07:32:06+08:00][info] [ VIEW ] /home/wwwroot/www/lungcare/public/index.html [ array (
) ]
[2020-03-10T07:35:31+08:00][info] [ VIEW ] /home/wwwroot/www/lungcare/public/index.html [ array (
) ]
[2020-03-10T08:16:28+08:00][info] [ VIEW ] /home/wwwroot/www/lungcare/public/index.html [ array (
) ]
[2020-03-10T08:47:12+08:00][info] [ VIEW ] /home/wwwroot/www/lungcare/public/index.html [ array (
) ]
[2020-03-10T09:15:02+08:00][info] [ VIEW ] /home/wwwroot/www/lungcare/public/index.html [ array (
) ]
[2020-03-10T09:41:36+08:00][info] [ VIEW ] /home/wwwroot/www/lungcare/public/index.html [ array (
) ]
[2020-03-10T10:14:11+08:00][info] [ VIEW ] /home/wwwroot/www/lungcare/public/index.html [ array (
) ]
[2020-03-10T10:43:30+08:00][info] [ VIEW ] /home/wwwroot/www/lungcare/public/index.html [ array (
) ]
[2020-03-10T10:43:45+08:00][info] [ VIEW ] /home/wwwroot/www/lungcare/public/index.html [ array (
) ]
[2020-03-10T11:04:23+08:00][info] [ VIEW ] /home/wwwroot/www/lungcare/public/index.html [ array (
) ]
[2020-03-10T12:06:30+08:00][info] [ VIEW ] /home/wwwroot/www/lungcare/public/index.html [ array (
) ]
[2020-03-10T12:22:42+08:00][info] [ VIEW ] /home/wwwroot/www/lungcare/public/index.html [ array (
) ]
[2020-03-10T16:32:54+08:00][info] [ VIEW ] /home/wwwroot/www/lungcare/public/index.html [ array (
) ]
[2020-03-10T16:40:46+08:00][info] [ VIEW ] /home/wwwroot/www/lungcare/public/index.html [ array (
) ]
[2020-03-10T16:40:46+08:00][info] [ VIEW ] /home/wwwroot/www/lungcare/public/index.html [ array (
) ]
[2020-03-10T16:40:46+08:00][info] [ VIEW ] /home/wwwroot/www/lungcare/public/index.html [ array (
) ]
[2020-03-10T16:40:46+08:00][info] [ VIEW ] /home/wwwroot/www/lungcare/public/index.html [ array (
) ]
[2020-03-10T16:40:47+08:00][info] [ VIEW ] /home/wwwroot/www/lungcare/public/index.html [ array (
) ]
[2020-03-10T16:40:47+08:00][info] [ VIEW ] /home/wwwroot/www/lungcare/public/index.html [ array (
) ]
[2020-03-10T16:40:47+08:00][info] [ VIEW ] /home/wwwroot/www/lungcare/public/index.html [ array (
) ]
[2020-03-10T16:40:47+08:00][info] [ VIEW ] /home/wwwroot/www/lungcare/public/index.html [ array (
) ]
[2020-03-10T16:40:48+08:00][sql] CONNECT:[ UseTime:0.005262s ] mysql:host=zy-ying123.mysql.rds.aliyuncs.com;port=3306;dbname=lungcare;charset=utf8
[2020-03-10T16:40:48+08:00][sql] SHOW FULL COLUMNS FROM `eb_user_token` [ RunTime:0.004386s ]
[2020-03-10T16:40:48+08:00][sql] SELECT * FROM `eb_user_token` WHERE  `token` = 'eyJ0eXAiOiJKV1QiLCJhbGciOiJIUzI1NiJ9.eyJpc3MiOiJ3ZWkubHVuZ2NhcmUuc2hvcCIsImF1ZCI6IndlaS5sdW5nY2FyZS5zaG9wIiwiaWF0IjoxNTgzNzQwNTkxLCJuYmYiOjE1ODM3NDA1OTEsImV4cCI6MTU4Mzc1MTM5MSwianRpIjp7ImlkIjoxLCJ0eXBlIjoid2VjaGF0In19.1AFU2MVCSq6sr1rd0RGx3b3GKahK9qz6ILJMyBtfb8Y' LIMIT 1 [ RunTime:0.003418s ]
[2020-03-10T16:40:48+08:00][sql] SHOW FULL COLUMNS FROM `eb_system_config` [ RunTime:0.004424s ]
[2020-03-10T16:40:48+08:00][sql] SELECT * FROM `eb_system_config` WHERE  `menu_name` = 'cache_config' LIMIT 1 [ RunTime:0.003423s ]
[2020-03-10T16:40:48+08:00][sql] SELECT * FROM `eb_system_config` WHERE  `menu_name` = 'cache_config' LIMIT 1 [ RunTime:0.003434s ]
[2020-03-10T16:40:48+08:00][sql] CONNECT:[ UseTime:0.005446s ] mysql:host=zy-ying123.mysql.rds.aliyuncs.com;port=3306;dbname=lungcare;charset=utf8
[2020-03-10T16:40:48+08:00][sql] SHOW FULL COLUMNS FROM `eb_user_token` [ RunTime:0.004454s ]
[2020-03-10T16:40:48+08:00][sql] SELECT * FROM `eb_user_token` WHERE  `token` = 'eyJ0eXAiOiJKV1QiLCJhbGciOiJIUzI1NiJ9.eyJpc3MiOiJ3ZWkubHVuZ2NhcmUuc2hvcCIsImF1ZCI6IndlaS5sdW5nY2FyZS5zaG9wIiwiaWF0IjoxNTgzNzQwNTkxLCJuYmYiOjE1ODM3NDA1OTEsImV4cCI6MTU4Mzc1MTM5MSwianRpIjp7ImlkIjoxLCJ0eXBlIjoid2VjaGF0In19.1AFU2MVCSq6sr1rd0RGx3b3GKahK9qz6ILJMyBtfb8Y' LIMIT 1 [ RunTime:0.003273s ]
[2020-03-10T16:40:48+08:00][sql] SHOW FULL COLUMNS FROM `eb_system_config` [ RunTime:0.004344s ]
[2020-03-10T16:40:48+08:00][sql] SELECT * FROM `eb_system_config` WHERE  `menu_name` = 'cache_config' LIMIT 1 [ RunTime:0.003397s ]
[2020-03-10T16:40:48+08:00][sql] SELECT * FROM `eb_system_config` WHERE  `menu_name` = 'cache_config' LIMIT 1 [ RunTime:0.003329s ]
[2020-03-10T16:40:48+08:00][sql] SELECT * FROM `eb_system_config` WHERE  `menu_name` = 'cache_config' LIMIT 1 [ RunTime:0.003330s ]
[2020-03-10T16:40:48+08:00][sql] SELECT * FROM `eb_system_config` WHERE  `menu_name` = 'cache_config' LIMIT 1 [ RunTime:0.004148s ]
[2020-03-10T16:40:48+08:00][sql] CONNECT:[ UseTime:0.005168s ] mysql:host=zy-ying123.mysql.rds.aliyuncs.com;port=3306;dbname=lungcare;charset=utf8
[2020-03-10T16:40:48+08:00][sql] SHOW FULL COLUMNS FROM `eb_user_token` [ RunTime:0.004499s ]
[2020-03-10T16:40:48+08:00][sql] SELECT * FROM `eb_user_token` WHERE  `token` = 'eyJ0eXAiOiJKV1QiLCJhbGciOiJIUzI1NiJ9.eyJpc3MiOiJ3ZWkubHVuZ2NhcmUuc2hvcCIsImF1ZCI6IndlaS5sdW5nY2FyZS5zaG9wIiwiaWF0IjoxNTgzNzQwNTkxLCJuYmYiOjE1ODM3NDA1OTEsImV4cCI6MTU4Mzc1MTM5MSwianRpIjp7ImlkIjoxLCJ0eXBlIjoid2VjaGF0In19.1AFU2MVCSq6sr1rd0RGx3b3GKahK9qz6ILJMyBtfb8Y' LIMIT 1 [ RunTime:0.002917s ]
[2020-03-10T16:40:48+08:00][sql] DELETE FROM `eb_user_token` WHERE  `id` = 175 [ RunTime:0.002882s ]
[2020-03-10T16:40:48+08:00][sql] SHOW FULL COLUMNS FROM `eb_system_config` [ RunTime:0.004059s ]
[2020-03-10T16:40:48+08:00][sql] SELECT `menu_name`,`value` FROM `eb_system_config` WHERE  `menu_name` IN ('wechat_appid','wechat_appsecret','wechat_token','wechat_encodingaeskey','wechat_encode') [ RunTime:0.002961s ]
[2020-03-10T16:40:48+08:00][sql] SELECT `menu_name`,`value` FROM `eb_system_config` WHERE  `menu_name` IN ('pay_weixin_mchid','pay_weixin_client_cert','pay_weixin_client_key','pay_weixin_key','pay_weixin_open') [ RunTime:0.002872s ]
[2020-03-10T16:40:48+08:00][sql] SELECT * FROM `eb_system_config` WHERE  `menu_name` = 'cache_config' LIMIT 1 [ RunTime:0.002986s ]
[2020-03-10T16:40:48+08:00][sql] SELECT `menu_name`,`value` FROM `eb_system_config` [ RunTime:0.002929s ]
[2020-03-10T16:40:48+08:00][sql] CONNECT:[ UseTime:0.005328s ] mysql:host=zy-ying123.mysql.rds.aliyuncs.com;port=3306;dbname=lungcare;charset=utf8
[2020-03-10T16:40:48+08:00][sql] SHOW FULL COLUMNS FROM `eb_user_token` [ RunTime:0.004500s ]
[2020-03-10T16:40:48+08:00][sql] SELECT * FROM `eb_user_token` WHERE  `token` = 'eyJ0eXAiOiJKV1QiLCJhbGciOiJIUzI1NiJ9.eyJpc3MiOiJ3ZWkubHVuZ2NhcmUuc2hvcCIsImF1ZCI6IndlaS5sdW5nY2FyZS5zaG9wIiwiaWF0IjoxNTgzNzQwNTkxLCJuYmYiOjE1ODM3NDA1OTEsImV4cCI6MTU4Mzc1MTM5MSwianRpIjp7ImlkIjoxLCJ0eXBlIjoid2VjaGF0In19.1AFU2MVCSq6sr1rd0RGx3b3GKahK9qz6ILJMyBtfb8Y' LIMIT 1 [ RunTime:0.003153s ]
[2020-03-10T16:40:48+08:00][sql] SHOW FULL COLUMNS FROM `eb_system_config` [ RunTime:0.004376s ]
[2020-03-10T16:40:48+08:00][sql] SELECT * FROM `eb_system_config` WHERE  `menu_name` = 'cache_config' LIMIT 1 [ RunTime:0.003281s ]
[2020-03-10T16:40:48+08:00][sql] SHOW FULL COLUMNS FROM `eb_system_group_data` [ RunTime:0.004156s ]
[2020-03-10T16:40:48+08:00][sql] SELECT `a`.*,`b`.`config_name` FROM `eb_system_group_data` `a` INNER JOIN `eb_system_group` `b` ON `a`.`gid`=`b`.`id` WHERE  `b`.`config_name` = 'routine_home_banner'  AND `a`.`status` = 1 ORDER BY `sort` DESC,`id` ASC [ RunTime:0.003236s ]
[2020-03-10T16:40:48+08:00][sql] SELECT * FROM `eb_system_config` WHERE  `menu_name` = 'cache_config' LIMIT 1 [ RunTime:0.003220s ]
[2020-03-10T16:40:48+08:00][sql] SELECT `a`.*,`b`.`config_name` FROM `eb_system_group_data` `a` INNER JOIN `eb_system_group` `b` ON `a`.`gid`=`b`.`id` WHERE  `b`.`config_name` = 'routine_home_menus'  AND `a`.`status` = 1 ORDER BY `sort` DESC,`id` ASC [ RunTime:0.003174s ]
[2020-03-10T16:40:48+08:00][sql] SELECT * FROM `eb_system_config` WHERE  `menu_name` = 'cache_config' LIMIT 1 [ RunTime:0.006216s ]
[2020-03-10T16:40:48+08:00][sql] SELECT `a`.*,`b`.`config_name` FROM `eb_system_group_data` `a` INNER JOIN `eb_system_group` `b` ON `a`.`gid`=`b`.`id` WHERE  `b`.`config_name` = 'routine_home_roll_news'  AND `a`.`status` = 1 ORDER BY `sort` DESC,`id` ASC [ RunTime:0.003246s ]
[2020-03-10T16:40:48+08:00][sql] SELECT * FROM `eb_system_config` WHERE  `menu_name` = 'cache_config' LIMIT 1 [ RunTime:0.003263s ]
[2020-03-10T16:40:48+08:00][sql] SELECT `a`.*,`b`.`config_name` FROM `eb_system_group_data` `a` INNER JOIN `eb_system_group` `b` ON `a`.`gid`=`b`.`id` WHERE  `b`.`config_name` = 'routine_home_activity'  AND `a`.`status` = 1 ORDER BY `sort` DESC,`id` ASC LIMIT 3 [ RunTime:0.003351s ]
[2020-03-10T16:40:48+08:00][sql] SELECT * FROM `eb_system_config` WHERE  `menu_name` = 'cache_config' LIMIT 1 [ RunTime:0.003277s ]
[2020-03-10T16:40:48+08:00][sql] SELECT * FROM `eb_system_config` WHERE  `menu_name` = 'cache_config' LIMIT 1 [ RunTime:0.003259s ]
[2020-03-10T16:40:48+08:00][sql] SELECT `a`.*,`b`.`config_name` FROM `eb_system_group_data` `a` INNER JOIN `eb_system_group` `b` ON `a`.`gid`=`b`.`id` WHERE  `b`.`config_name` = 'routine_index_page'  AND `a`.`status` = 1 ORDER BY `sort` DESC,`id` ASC [ RunTime:0.003267s ]
[2020-03-10T16:40:48+08:00][sql] SELECT * FROM `eb_system_config` WHERE  `menu_name` = 'cache_config' LIMIT 1 [ RunTime:0.003257s ]
[2020-03-10T16:40:48+08:00][sql] SELECT * FROM `eb_system_config` WHERE  `menu_name` = 'cache_config' LIMIT 1 [ RunTime:0.003248s ]
[2020-03-10T16:40:48+08:00][sql] SELECT `a`.*,`b`.`config_name` FROM `eb_system_group_data` `a` INNER JOIN `eb_system_group` `b` ON `a`.`gid`=`b`.`id` WHERE  `b`.`config_name` = 'routine_home_bast_banner'  AND `a`.`status` = 1 ORDER BY `sort` DESC,`id` ASC [ RunTime:0.003214s ]
[2020-03-10T16:40:48+08:00][sql] SHOW FULL COLUMNS FROM `eb_store_product` [ RunTime:0.015101s ]
[2020-03-10T16:40:48+08:00][sql] SELECT `id`,`image`,`store_name`,`cate_id`,`price`,`ot_price`,`stock`,`unit_name` FROM `eb_store_product` WHERE  `is_benefit` = 1  AND `is_del` = 0  AND `mer_id` = 0  AND `stock` > 0  AND `is_show` = 1 ORDER BY `sort` DESC,`id` DESC LIMIT 3 [ RunTime:0.003367s ]
[2020-03-10T16:40:48+08:00][sql] SELECT * FROM `eb_system_config` WHERE  `menu_name` = 'cache_config' LIMIT 1 [ RunTime:0.003902s ]
[2020-03-10T16:40:48+08:00][sql] SELECT `a`.*,`b`.`config_name` FROM `eb_system_group_data` `a` INNER JOIN `eb_system_group` `b` ON `a`.`gid`=`b`.`id` WHERE  `b`.`config_name` = 'routine_home_new_banner'  AND `a`.`status` = 1 ORDER BY `sort` DESC,`id` ASC [ RunTime:0.003197s ]
[2020-03-10T16:40:48+08:00][sql] SELECT `id`,`image`,`store_name`,`cate_id`,`price`,`unit_name` FROM `eb_store_product` WHERE  `is_hot` = 1  AND `is_del` = 0  AND `mer_id` = 0  AND `stock` > 0  AND `is_show` = 1 ORDER BY `sort` DESC,`id` DESC LIMIT 3 [ RunTime:0.003310s ]
[2020-03-10T16:40:48+08:00][sql] SELECT * FROM `eb_system_config` WHERE  `menu_name` = 'cache_config' LIMIT 1 [ RunTime:0.003253s ]
[2020-03-10T16:40:48+08:00][sql] SHOW FULL COLUMNS FROM `eb_user_level` [ RunTime:0.004483s ]
[2020-03-10T16:40:48+08:00][sql] SELECT `level_id`,`is_forever`,`valid_time`,`id`,`status`,`grade` FROM `eb_user_level` WHERE  `status` = 1  AND `is_del` = 0  AND `uid` = 0 ORDER BY `grade` DESC LIMIT 1 [ RunTime:0.003170s ]
[2020-03-10T16:40:48+08:00][sql] SHOW FULL COLUMNS FROM `eb_system_user_level` [ RunTime:0.004324s ]
[2020-03-10T16:40:48+08:00][sql] SELECT `discount` FROM `eb_system_user_level` WHERE  `is_show` = 1  AND `is_del` = 0 ORDER BY `grade` ASC LIMIT 1 [ RunTime:0.003131s ]
[2020-03-10T16:40:48+08:00][sql] SHOW FULL COLUMNS FROM `eb_store_coupon_issue` [ RunTime:0.004150s ]
[2020-03-10T16:40:48+08:00][sql] SELECT `A`.*,`B`.`coupon_price`,`B`.`use_min_price` FROM `eb_store_coupon_issue` `A` INNER JOIN `eb_store_coupon` `B` ON `A`.`cid`=`B`.`id` WHERE  `A`.`status` = 1  AND (  (  `A`.`start_time` < 1583829648  AND `A`.`end_time` > 1583829648 ) OR (  `A`.`start_time` = 0  AND `A`.`end_time` = 0 ) )  AND `A`.`is_del` = 0  AND ( A.remain_count > 0 OR A.is_permanent = 1 ) ORDER BY `B`.`sort` DESC,`A`.`id` DESC LIMIT 3 [ RunTime:0.011328s ]
[2020-03-10T16:40:48+08:00][sql] SHOW FULL COLUMNS FROM `eb_wechat_user` [ RunTime:0.004561s ]
[2020-03-10T16:40:48+08:00][sql] SELECT `subscribe` FROM `eb_wechat_user` WHERE  `uid` = 0 LIMIT 1 [ RunTime:0.003158s ]
[2020-03-10T16:40:48+08:00][sql] SELECT * FROM `eb_system_config` WHERE  `menu_name` = 'cache_config' LIMIT 1 [ RunTime:0.003299s ]
[2020-03-10T16:40:48+08:00][sql] CONNECT:[ UseTime:0.005351s ] mysql:host=zy-ying123.mysql.rds.aliyuncs.com;port=3306;dbname=lungcare;charset=utf8
[2020-03-10T16:40:48+08:00][sql] SHOW FULL COLUMNS FROM `eb_user_token` [ RunTime:0.004495s ]
[2020-03-10T16:40:48+08:00][sql] SELECT * FROM `eb_user_token` WHERE  `token` = 'eyJ0eXAiOiJKV1QiLCJhbGciOiJIUzI1NiJ9.eyJpc3MiOiJ3ZWkubHVuZ2NhcmUuc2hvcCIsImF1ZCI6IndlaS5sdW5nY2FyZS5zaG9wIiwiaWF0IjoxNTgzNzQwNTkxLCJuYmYiOjE1ODM3NDA1OTEsImV4cCI6MTU4Mzc1MTM5MSwianRpIjp7ImlkIjoxLCJ0eXBlIjoid2VjaGF0In19.1AFU2MVCSq6sr1rd0RGx3b3GKahK9qz6ILJMyBtfb8Y' LIMIT 1 [ RunTime:0.003331s ]
[2020-03-10T16:40:48+08:00][sql] SHOW FULL COLUMNS FROM `eb_system_config` [ RunTime:0.004417s ]
[2020-03-10T16:40:48+08:00][sql] SELECT `menu_name`,`value` FROM `eb_system_config` WHERE  `menu_name` IN ('wechat_appid','wechat_appsecret','wechat_token','wechat_encodingaeskey','wechat_encode') [ RunTime:0.003312s ]
[2020-03-10T16:40:48+08:00][sql] SELECT `menu_name`,`value` FROM `eb_system_config` WHERE  `menu_name` IN ('pay_weixin_mchid','pay_weixin_client_cert','pay_weixin_client_key','pay_weixin_key','pay_weixin_open') [ RunTime:0.003250s ]
[2020-03-10T16:40:48+08:00][sql] SELECT * FROM `eb_system_config` WHERE  `menu_name` = 'cache_config' LIMIT 1 [ RunTime:0.003534s ]
[2020-03-10T16:40:48+08:00][sql] CONNECT:[ UseTime:0.005118s ] mysql:host=zy-ying123.mysql.rds.aliyuncs.com;port=3306;dbname=lungcare;charset=utf8
[2020-03-10T16:40:48+08:00][sql] SHOW FULL COLUMNS FROM `eb_user_token` [ RunTime:0.004219s ]
[2020-03-10T16:40:48+08:00][sql] SELECT * FROM `eb_user_token` WHERE  `token` = 'eyJ0eXAiOiJKV1QiLCJhbGciOiJIUzI1NiJ9.eyJpc3MiOiJ3ZWkubHVuZ2NhcmUuc2hvcCIsImF1ZCI6IndlaS5sdW5nY2FyZS5zaG9wIiwiaWF0IjoxNTgzNzQwNTkxLCJuYmYiOjE1ODM3NDA1OTEsImV4cCI6MTU4Mzc1MTM5MSwianRpIjp7ImlkIjoxLCJ0eXBlIjoid2VjaGF0In19.1AFU2MVCSq6sr1rd0RGx3b3GKahK9qz6ILJMyBtfb8Y' LIMIT 1 [ RunTime:0.003135s ]
[2020-03-10T16:40:48+08:00][sql] SHOW FULL COLUMNS FROM `eb_system_config` [ RunTime:0.004182s ]
[2020-03-10T16:40:48+08:00][sql] SELECT * FROM `eb_system_config` WHERE  `menu_name` = 'cache_config' LIMIT 1 [ RunTime:0.003205s ]
[2020-03-10T16:40:48+08:00][sql] SELECT * FROM `eb_system_config` WHERE  `menu_name` = 'cache_config' LIMIT 1 [ RunTime:0.003143s ]
[2020-03-10T16:40:48+08:00][sql] SELECT * FROM `eb_system_config` WHERE  `menu_name` = 'cache_config' LIMIT 1 [ RunTime:0.003192s ]
[2020-03-10T16:40:48+08:00][sql] SELECT * FROM `eb_system_config` WHERE  `menu_name` = 'cache_config' LIMIT 1 [ RunTime:0.003177s ]
[2020-03-10T16:40:48+08:00][sql] CONNECT:[ UseTime:0.004781s ] mysql:host=zy-ying123.mysql.rds.aliyuncs.com;port=3306;dbname=lungcare;charset=utf8
[2020-03-10T16:40:48+08:00][sql] SHOW FULL COLUMNS FROM `eb_user_token` [ RunTime:0.004158s ]
[2020-03-10T16:40:48+08:00][sql] SELECT * FROM `eb_user_token` WHERE  `token` = 'eyJ0eXAiOiJKV1QiLCJhbGciOiJIUzI1NiJ9.eyJpc3MiOiJ3ZWkubHVuZ2NhcmUuc2hvcCIsImF1ZCI6IndlaS5sdW5nY2FyZS5zaG9wIiwiaWF0IjoxNTgzNzQwNTkxLCJuYmYiOjE1ODM3NDA1OTEsImV4cCI6MTU4Mzc1MTM5MSwianRpIjp7ImlkIjoxLCJ0eXBlIjoid2VjaGF0In19.1AFU2MVCSq6sr1rd0RGx3b3GKahK9qz6ILJMyBtfb8Y' LIMIT 1 [ RunTime:0.002950s ]
[2020-03-10T16:40:48+08:00][sql] SHOW FULL COLUMNS FROM `eb_system_config` [ RunTime:0.003972s ]
[2020-03-10T16:40:48+08:00][sql] SELECT `menu_name`,`value` FROM `eb_system_config` WHERE  `menu_name` IN ('wechat_appid','wechat_appsecret','wechat_token','wechat_encodingaeskey','wechat_encode') [ RunTime:0.002912s ]
[2020-03-10T16:40:48+08:00][sql] SELECT `menu_name`,`value` FROM `eb_system_config` WHERE  `menu_name` IN ('pay_weixin_mchid','pay_weixin_client_cert','pay_weixin_client_key','pay_weixin_key','pay_weixin_open') [ RunTime:0.002870s ]
[2020-03-10T16:40:48+08:00][sql] SELECT * FROM `eb_system_config` WHERE  `menu_name` = 'cache_config' LIMIT 1 [ RunTime:0.002933s ]
[2020-03-10T16:40:51+08:00][info] [ VIEW ] /home/wwwroot/www/lungcare/public/index.html [ array (
) ]
[2020-03-10T16:40:51+08:00][info] [ VIEW ] /home/wwwroot/www/lungcare/public/index.html [ array (
) ]
[2020-03-10T16:40:51+08:00][info] [ VIEW ] /home/wwwroot/www/lungcare/public/index.html [ array (
) ]
[2020-03-10T16:40:51+08:00][info] [ VIEW ] /home/wwwroot/www/lungcare/public/index.html [ array (
) ]
[2020-03-10T16:40:51+08:00][info] [ VIEW ] /home/wwwroot/www/lungcare/public/index.html [ array (
) ]
[2020-03-10T16:40:51+08:00][info] [ VIEW ] /home/wwwroot/www/lungcare/public/index.html [ array (
) ]
[2020-03-10T16:40:51+08:00][info] [ VIEW ] /home/wwwroot/www/lungcare/public/index.html [ array (
) ]
[2020-03-10T16:40:52+08:00][info] [ VIEW ] /home/wwwroot/www/lungcare/public/index.html [ array (
) ]
[2020-03-10T16:40:52+08:00][sql] CONNECT:[ UseTime:0.006659s ] mysql:host=zy-ying123.mysql.rds.aliyuncs.com;port=3306;dbname=lungcare;charset=utf8
[2020-03-10T16:40:52+08:00][sql] SHOW FULL COLUMNS FROM `eb_user_token` [ RunTime:0.005738s ]
[2020-03-10T16:40:52+08:00][sql] SELECT * FROM `eb_user_token` WHERE  `token` = 'eyJ0eXAiOiJKV1QiLCJhbGciOiJIUzI1NiJ9.eyJpc3MiOiJ3ZWkubHVuZ2NhcmUuc2hvcCIsImF1ZCI6IndlaS5sdW5nY2FyZS5zaG9wIiwiaWF0IjoxNTgzNzQwNTkxLCJuYmYiOjE1ODM3NDA1OTEsImV4cCI6MTU4Mzc1MTM5MSwianRpIjp7ImlkIjoxLCJ0eXBlIjoid2VjaGF0In19.1AFU2MVCSq6sr1rd0RGx3b3GKahK9qz6ILJMyBtfb8Y' LIMIT 1 [ RunTime:0.003885s ]
[2020-03-10T16:40:52+08:00][sql] SHOW FULL COLUMNS FROM `eb_system_config` [ RunTime:0.004901s ]
[2020-03-10T16:40:52+08:00][sql] SELECT `menu_name`,`value` FROM `eb_system_config` WHERE  `menu_name` IN ('wechat_appid','wechat_appsecret','wechat_token','wechat_encodingaeskey','wechat_encode') [ RunTime:0.003854s ]
[2020-03-10T16:40:52+08:00][sql] SELECT `menu_name`,`value` FROM `eb_system_config` WHERE  `menu_name` IN ('pay_weixin_mchid','pay_weixin_client_cert','pay_weixin_client_key','pay_weixin_key','pay_weixin_open') [ RunTime:0.003821s ]
[2020-03-10T16:40:52+08:00][sql] SELECT * FROM `eb_system_config` WHERE  `menu_name` = 'cache_config' LIMIT 1 [ RunTime:0.004003s ]
[2020-03-10T16:40:52+08:00][sql] CONNECT:[ UseTime:0.006179s ] mysql:host=zy-ying123.mysql.rds.aliyuncs.com;port=3306;dbname=lungcare;charset=utf8
[2020-03-10T16:40:52+08:00][sql] SHOW FULL COLUMNS FROM `eb_user_token` [ RunTime:0.004736s ]
[2020-03-10T16:40:52+08:00][sql] SELECT * FROM `eb_user_token` WHERE  `token` = 'eyJ0eXAiOiJKV1QiLCJhbGciOiJIUzI1NiJ9.eyJpc3MiOiJ3ZWkubHVuZ2NhcmUuc2hvcCIsImF1ZCI6IndlaS5sdW5nY2FyZS5zaG9wIiwiaWF0IjoxNTgzNzQwNTkxLCJuYmYiOjE1ODM3NDA1OTEsImV4cCI6MTU4Mzc1MTM5MSwianRpIjp7ImlkIjoxLCJ0eXBlIjoid2VjaGF0In19.1AFU2MVCSq6sr1rd0RGx3b3GKahK9qz6ILJMyBtfb8Y' LIMIT 1 [ RunTime:0.003827s ]
[2020-03-10T16:40:52+08:00][sql] SHOW FULL COLUMNS FROM `eb_system_config` [ RunTime:0.004842s ]
[2020-03-10T16:40:52+08:00][sql] SELECT * FROM `eb_system_config` WHERE  `menu_name` = 'cache_config' LIMIT 1 [ RunTime:0.003874s ]
[2020-03-10T16:40:52+08:00][sql] SELECT * FROM `eb_system_config` WHERE  `menu_name` = 'cache_config' LIMIT 1 [ RunTime:0.003868s ]
[2020-03-10T16:40:52+08:00][sql] SELECT * FROM `eb_system_config` WHERE  `menu_name` = 'cache_config' LIMIT 1 [ RunTime:0.003859s ]
[2020-03-10T16:40:52+08:00][sql] SELECT * FROM `eb_system_config` WHERE  `menu_name` = 'cache_config' LIMIT 1 [ RunTime:0.003856s ]
[2020-03-10T16:40:52+08:00][sql] CONNECT:[ UseTime:0.005348s ] mysql:host=zy-ying123.mysql.rds.aliyuncs.com;port=3306;dbname=lungcare;charset=utf8
[2020-03-10T16:40:52+08:00][sql] SHOW FULL COLUMNS FROM `eb_user_token` [ RunTime:0.004344s ]
[2020-03-10T16:40:52+08:00][sql] SELECT * FROM `eb_user_token` WHERE  `token` = 'eyJ0eXAiOiJKV1QiLCJhbGciOiJIUzI1NiJ9.eyJpc3MiOiJ3ZWkubHVuZ2NhcmUuc2hvcCIsImF1ZCI6IndlaS5sdW5nY2FyZS5zaG9wIiwiaWF0IjoxNTgzNzQwNTkxLCJuYmYiOjE1ODM3NDA1OTEsImV4cCI6MTU4Mzc1MTM5MSwianRpIjp7ImlkIjoxLCJ0eXBlIjoid2VjaGF0In19.1AFU2MVCSq6sr1rd0RGx3b3GKahK9qz6ILJMyBtfb8Y' LIMIT 1 [ RunTime:0.003193s ]
[2020-03-10T16:40:52+08:00][sql] SHOW FULL COLUMNS FROM `eb_system_config` [ RunTime:0.004172s ]
[2020-03-10T16:40:52+08:00][sql] SELECT `menu_name`,`value` FROM `eb_system_config` WHERE  `menu_name` IN ('wechat_appid','wechat_appsecret','wechat_token','wechat_encodingaeskey','wechat_encode') [ RunTime:0.003228s ]
[2020-03-10T16:40:52+08:00][sql] SELECT `menu_name`,`value` FROM `eb_system_config` WHERE  `menu_name` IN ('pay_weixin_mchid','pay_weixin_client_cert','pay_weixin_client_key','pay_weixin_key','pay_weixin_open') [ RunTime:0.004116s ]
[2020-03-10T16:40:52+08:00][sql] SELECT * FROM `eb_system_config` WHERE  `menu_name` = 'cache_config' LIMIT 1 [ RunTime:0.003200s ]
[2020-03-10T16:40:52+08:00][sql] CONNECT:[ UseTime:0.005543s ] mysql:host=zy-ying123.mysql.rds.aliyuncs.com;port=3306;dbname=lungcare;charset=utf8
[2020-03-10T16:40:52+08:00][sql] SHOW FULL COLUMNS FROM `eb_user_token` [ RunTime:0.004772s ]
[2020-03-10T16:40:52+08:00][sql] SELECT * FROM `eb_user_token` WHERE  `token` = 'eyJ0eXAiOiJKV1QiLCJhbGciOiJIUzI1NiJ9.eyJpc3MiOiJ3ZWkubHVuZ2NhcmUuc2hvcCIsImF1ZCI6IndlaS5sdW5nY2FyZS5zaG9wIiwiaWF0IjoxNTgzNzQwNTkxLCJuYmYiOjE1ODM3NDA1OTEsImV4cCI6MTU4Mzc1MTM5MSwianRpIjp7ImlkIjoxLCJ0eXBlIjoid2VjaGF0In19.1AFU2MVCSq6sr1rd0RGx3b3GKahK9qz6ILJMyBtfb8Y' LIMIT 1 [ RunTime:0.003802s ]
[2020-03-10T16:40:52+08:00][sql] SHOW FULL COLUMNS FROM `eb_system_config` [ RunTime:0.004528s ]
[2020-03-10T16:40:52+08:00][sql] SELECT `menu_name`,`value` FROM `eb_system_config` WHERE  `menu_name` IN ('wechat_appid','wechat_appsecret','wechat_token','wechat_encodingaeskey','wechat_encode') [ RunTime:0.003413s ]
[2020-03-10T16:40:52+08:00][sql] SELECT `menu_name`,`value` FROM `eb_system_config` WHERE  `menu_name` IN ('pay_weixin_mchid','pay_weixin_client_cert','pay_weixin_client_key','pay_weixin_key','pay_weixin_open') [ RunTime:0.003378s ]
[2020-03-10T16:40:52+08:00][sql] SELECT * FROM `eb_system_config` WHERE  `menu_name` = 'cache_config' LIMIT 1 [ RunTime:0.003571s ]
[2020-03-10T16:40:52+08:00][sql] SHOW FULL COLUMNS FROM `eb_wechat_user` [ RunTime:0.005290s ]
[2020-03-10T16:40:52+08:00][sql] SELECT COUNT(*) AS think_count FROM `eb_wechat_user` WHERE  `openid` = 'oGk8SuCa1Zq2JXQMcVGqCl4jg4m4' [ RunTime:0.003529s ]
[2020-03-10T16:40:52+08:00][sql] SHOW FULL COLUMNS FROM `eb_user` [ RunTime:0.004850s ]
[2020-03-10T16:40:52+08:00][sql] SELECT COUNT(*) AS think_count FROM `eb_user` WHERE  `uid` = 0 [ RunTime:0.003307s ]
[2020-03-10T16:40:52+08:00][sql] SELECT `uid` FROM `eb_wechat_user` WHERE  `openid` = 'oGk8SuCa1Zq2JXQMcVGqCl4jg4m4'  AND `user_type` <> 'h5' LIMIT 1 [ RunTime:0.003344s ]
[2020-03-10T16:40:52+08:00][sql] UPDATE `eb_wechat_user`  SET `openid` = 'oGk8SuCa1Zq2JXQMcVGqCl4jg4m4' , `nickname` = '羽毛' , `sex` = 1 , `language` = 'zh_CN' , `city` = '深圳' , `province` = '广东' , `country` = '中国' , `headimgurl` = 'http://thirdwx.qlogo.cn/mmopen/vi_32/Tru14xvlhQRiahBqxeuJO3wqGBznXgiaK7xXFK1E4HkiaThF8yia0afromnkdMuq8AdkD4bpZBKyB2LPCZqIsGXenQ/132'  WHERE  `uid` = 1 [ RunTime:0.003478s ]
[2020-03-10T16:40:52+08:00][sql] SELECT * FROM `eb_user` WHERE  `uid` = 1 LIMIT 1 [ RunTime:0.003476s ]
[2020-03-10T16:40:52+08:00][sql] SELECT * FROM `eb_system_config` WHERE  `menu_name` = 'cache_config' LIMIT 1 [ RunTime:0.003452s ]
[2020-03-10T16:40:52+08:00][sql] UPDATE `eb_user`  SET `nickname` = '羽毛' , `avatar` = 'http://thirdwx.qlogo.cn/mmopen/vi_32/Tru14xvlhQRiahBqxeuJO3wqGBznXgiaK7xXFK1E4HkiaThF8yia0afromnkdMuq8AdkD4bpZBKyB2LPCZqIsGXenQ/132' , `is_promoter` = 1 , `login_type` = '' , `spread_uid` = 0 , `spread_time` = 0 , `last_time` = 1583829652 , `last_ip` = '119.122.113.184'  WHERE  `uid` = 1 [ RunTime:0.003457s ]
[2020-03-10T16:40:52+08:00][sql] SELECT `uid` FROM `eb_wechat_user` WHERE  `openid` = 'oGk8SuCa1Zq2JXQMcVGqCl4jg4m4'  AND `user_type` <> 'h5' LIMIT 1 [ RunTime:0.003446s ]
[2020-03-10T16:40:52+08:00][sql] SELECT * FROM `eb_user` WHERE  `uid` = 1 LIMIT 1 [ RunTime:0.003569s ]
[2020-03-10T16:40:52+08:00][sql] UPDATE `eb_user`  SET `last_time` = 1583829652 , `last_ip` = '119.122.113.184'  WHERE  `uid` = 1  LIMIT 1 [ RunTime:0.003323s ]
[2020-03-10T16:40:52+08:00][sql] SELECT `uid` FROM `eb_wechat_user` WHERE  `openid` = 'oGk8SuCa1Zq2JXQMcVGqCl4jg4m4'  AND `user_type` <> 'h5' LIMIT 1 [ RunTime:0.003373s ]
[2020-03-10T16:40:52+08:00][sql] SELECT * FROM `eb_user` WHERE  `uid` = 1 LIMIT 1 [ RunTime:0.003356s ]
[2020-03-10T16:40:52+08:00][sql] INSERT INTO `eb_user_token` SET `uid` = 1 , `token` = 'eyJ0eXAiOiJKV1QiLCJhbGciOiJIUzI1NiJ9.eyJpc3MiOiJ3ZWkubHVuZ2NhcmUuc2hvcCIsImF1ZCI6IndlaS5sdW5nY2FyZS5zaG9wIiwiaWF0IjoxNTgzODI5NjUyLCJuYmYiOjE1ODM4Mjk2NTIsImV4cCI6MTU4Mzg0MDQ1MiwianRpIjp7ImlkIjoxLCJ0eXBlIjoid2VjaGF0In19._IjDtm-cUOpZt5J_AhA2bs3mtvDmLpdcveTMgnZBBvA' , `expires_time` = '2020-03-10 19:40:52' , `create_time` = '2020-03-10 16:40:52.984642' , `login_ip` = '119.122.113.184' [ RunTime:0.003392s ]
[2020-03-10T16:40:52+08:00][sql] SELECT * FROM `eb_user` WHERE  `uid` = 1 LIMIT 1 [ RunTime:0.003441s ]
[2020-03-10T16:40:53+08:00][info] [ VIEW ] /home/wwwroot/www/lungcare/public/index.html [ array (
) ]
[2020-03-10T16:40:53+08:00][info] [ VIEW ] /home/wwwroot/www/lungcare/public/index.html [ array (
) ]
[2020-03-10T16:40:53+08:00][info] [ VIEW ] /home/wwwroot/www/lungcare/public/index.html [ array (
) ]
[2020-03-10T16:40:53+08:00][info] [ VIEW ] /home/wwwroot/www/lungcare/public/index.html [ array (
) ]
[2020-03-10T16:40:53+08:00][info] [ VIEW ] /home/wwwroot/www/lungcare/public/index.html [ array (
) ]
[2020-03-10T16:40:53+08:00][info] [ VIEW ] /home/wwwroot/www/lungcare/public/index.html [ array (
) ]
[2020-03-10T16:40:53+08:00][info] [ VIEW ] /home/wwwroot/www/lungcare/public/index.html [ array (
) ]
[2020-03-10T16:40:53+08:00][info] [ VIEW ] /home/wwwroot/www/lungcare/public/index.html [ array (
) ]
[2020-03-10T16:40:53+08:00][sql] CONNECT:[ UseTime:0.005954s ] mysql:host=zy-ying123.mysql.rds.aliyuncs.com;port=3306;dbname=lungcare;charset=utf8
[2020-03-10T16:40:53+08:00][sql] SHOW FULL COLUMNS FROM `eb_user_token` [ RunTime:0.005458s ]
[2020-03-10T16:40:53+08:00][sql] SELECT * FROM `eb_user_token` WHERE  `token` = 'eyJ0eXAiOiJKV1QiLCJhbGciOiJIUzI1NiJ9.eyJpc3MiOiJ3ZWkubHVuZ2NhcmUuc2hvcCIsImF1ZCI6IndlaS5sdW5nY2FyZS5zaG9wIiwiaWF0IjoxNTgzODI5NjUyLCJuYmYiOjE1ODM4Mjk2NTIsImV4cCI6MTU4Mzg0MDQ1MiwianRpIjp7ImlkIjoxLCJ0eXBlIjoid2VjaGF0In19._IjDtm-cUOpZt5J_AhA2bs3mtvDmLpdcveTMgnZBBvA' LIMIT 1 [ RunTime:0.003574s ]
[2020-03-10T16:40:53+08:00][sql] SHOW FULL COLUMNS FROM `eb_user` [ RunTime:0.004968s ]
[2020-03-10T16:40:53+08:00][sql] SELECT * FROM `eb_user` WHERE  `uid` = 1 LIMIT 1 [ RunTime:0.003644s ]
[2020-03-10T16:40:53+08:00][sql] SHOW FULL COLUMNS FROM `eb_system_config` [ RunTime:0.004688s ]
[2020-03-10T16:40:53+08:00][sql] SELECT `menu_name`,`value` FROM `eb_system_config` WHERE  `menu_name` IN ('wechat_appid','wechat_appsecret','wechat_token','wechat_encodingaeskey','wechat_encode') [ RunTime:0.003588s ]
[2020-03-10T16:40:53+08:00][sql] SELECT `menu_name`,`value` FROM `eb_system_config` WHERE  `menu_name` IN ('pay_weixin_mchid','pay_weixin_client_cert','pay_weixin_client_key','pay_weixin_key','pay_weixin_open') [ RunTime:0.006814s ]
[2020-03-10T16:40:53+08:00][sql] SELECT * FROM `eb_system_config` WHERE  `menu_name` = 'cache_config' LIMIT 1 [ RunTime:0.003660s ]
[2020-03-10T16:40:53+08:00][sql] CONNECT:[ UseTime:0.005417s ] mysql:host=zy-ying123.mysql.rds.aliyuncs.com;port=3306;dbname=lungcare;charset=utf8
[2020-03-10T16:40:53+08:00][sql] SHOW FULL COLUMNS FROM `eb_user_token` [ RunTime:0.004550s ]
[2020-03-10T16:40:53+08:00][sql] SELECT * FROM `eb_user_token` WHERE  `token` = 'eyJ0eXAiOiJKV1QiLCJhbGciOiJIUzI1NiJ9.eyJpc3MiOiJ3ZWkubHVuZ2NhcmUuc2hvcCIsImF1ZCI6IndlaS5sdW5nY2FyZS5zaG9wIiwiaWF0IjoxNTgzODI5NjUyLCJuYmYiOjE1ODM4Mjk2NTIsImV4cCI6MTU4Mzg0MDQ1MiwianRpIjp7ImlkIjoxLCJ0eXBlIjoid2VjaGF0In19._IjDtm-cUOpZt5J_AhA2bs3mtvDmLpdcveTMgnZBBvA' LIMIT 1 [ RunTime:0.003453s ]
[2020-03-10T16:40:53+08:00][sql] SHOW FULL COLUMNS FROM `eb_user` [ RunTime:0.004850s ]
[2020-03-10T16:40:53+08:00][sql] SELECT * FROM `eb_user` WHERE  `uid` = 1 LIMIT 1 [ RunTime:0.003444s ]
[2020-03-10T16:40:53+08:00][sql] SHOW FULL COLUMNS FROM `eb_system_config` [ RunTime:0.004352s ]
[2020-03-10T16:40:53+08:00][sql] SELECT * FROM `eb_system_config` WHERE  `menu_name` = 'cache_config' LIMIT 1 [ RunTime:0.003476s ]
[2020-03-10T16:40:53+08:00][sql] SELECT * FROM `eb_system_config` WHERE  `menu_name` = 'cache_config' LIMIT 1 [ RunTime:0.003551s ]
[2020-03-10T16:40:53+08:00][sql] CONNECT:[ UseTime:0.005060s ] mysql:host=zy-ying123.mysql.rds.aliyuncs.com;port=3306;dbname=lungcare;charset=utf8
[2020-03-10T16:40:53+08:00][sql] SHOW FULL COLUMNS FROM `eb_user_token` [ RunTime:0.004714s ]
[2020-03-10T16:40:53+08:00][sql] SELECT * FROM `eb_user_token` WHERE  `token` = 'eyJ0eXAiOiJKV1QiLCJhbGciOiJIUzI1NiJ9.eyJpc3MiOiJ3ZWkubHVuZ2NhcmUuc2hvcCIsImF1ZCI6IndlaS5sdW5nY2FyZS5zaG9wIiwiaWF0IjoxNTgzODI5NjUyLCJuYmYiOjE1ODM4Mjk2NTIsImV4cCI6MTU4Mzg0MDQ1MiwianRpIjp7ImlkIjoxLCJ0eXBlIjoid2VjaGF0In19._IjDtm-cUOpZt5J_AhA2bs3mtvDmLpdcveTMgnZBBvA' LIMIT 1 [ RunTime:0.003174s ]
[2020-03-10T16:40:53+08:00][sql] SHOW FULL COLUMNS FROM `eb_user` [ RunTime:0.004552s ]
[2020-03-10T16:40:53+08:00][sql] SELECT * FROM `eb_user` WHERE  `uid` = 1 LIMIT 1 [ RunTime:0.003197s ]
[2020-03-10T16:40:53+08:00][sql] SHOW FULL COLUMNS FROM `eb_system_config` [ RunTime:0.004388s ]
[2020-03-10T16:40:53+08:00][sql] SELECT * FROM `eb_system_config` WHERE  `menu_name` = 'cache_config' LIMIT 1 [ RunTime:0.003211s ]
[2020-03-10T16:40:53+08:00][sql] SELECT * FROM `eb_system_config` WHERE  `menu_name` = 'cache_config' LIMIT 1 [ RunTime:0.003206s ]
[2020-03-10T16:40:53+08:00][sql] SELECT * FROM `eb_system_config` WHERE  `menu_name` = 'cache_config' LIMIT 1 [ RunTime:0.003264s ]
[2020-03-10T16:40:53+08:00][sql] SELECT * FROM `eb_system_config` WHERE  `menu_name` = 'cache_config' LIMIT 1 [ RunTime:0.003229s ]
[2020-03-10T16:40:53+08:00][sql] CONNECT:[ UseTime:0.005440s ] mysql:host=zy-ying123.mysql.rds.aliyuncs.com;port=3306;dbname=lungcare;charset=utf8
[2020-03-10T16:40:53+08:00][sql] SHOW FULL COLUMNS FROM `eb_user_token` [ RunTime:0.004451s ]
[2020-03-10T16:40:53+08:00][sql] SELECT * FROM `eb_user_token` WHERE  `token` = 'eyJ0eXAiOiJKV1QiLCJhbGciOiJIUzI1NiJ9.eyJpc3MiOiJ3ZWkubHVuZ2NhcmUuc2hvcCIsImF1ZCI6IndlaS5sdW5nY2FyZS5zaG9wIiwiaWF0IjoxNTgzODI5NjUyLCJuYmYiOjE1ODM4Mjk2NTIsImV4cCI6MTU4Mzg0MDQ1MiwianRpIjp7ImlkIjoxLCJ0eXBlIjoid2VjaGF0In19._IjDtm-cUOpZt5J_AhA2bs3mtvDmLpdcveTMgnZBBvA' LIMIT 1 [ RunTime:0.003278s ]
[2020-03-10T16:40:53+08:00][sql] SHOW FULL COLUMNS FROM `eb_user` [ RunTime:0.004577s ]
[2020-03-10T16:40:53+08:00][sql] SELECT * FROM `eb_user` WHERE  `uid` = 1 LIMIT 1 [ RunTime:0.003313s ]
[2020-03-10T16:40:53+08:00][sql] SHOW FULL COLUMNS FROM `eb_system_config` [ RunTime:0.004191s ]
[2020-03-10T16:40:53+08:00][sql] SELECT `menu_name`,`value` FROM `eb_system_config` WHERE  `menu_name` IN ('wechat_appid','wechat_appsecret','wechat_token','wechat_encodingaeskey','wechat_encode') [ RunTime:0.003303s ]
[2020-03-10T16:40:53+08:00][sql] SELECT `menu_name`,`value` FROM `eb_system_config` WHERE  `menu_name` IN ('pay_weixin_mchid','pay_weixin_client_cert','pay_weixin_client_key','pay_weixin_key','pay_weixin_open') [ RunTime:0.003223s ]
[2020-03-10T16:40:53+08:00][sql] SELECT * FROM `eb_system_config` WHERE  `menu_name` = 'cache_config' LIMIT 1 [ RunTime:0.003348s ]
[2020-03-10T16:40:53+08:00][sql] CONNECT:[ UseTime:0.005384s ] mysql:host=zy-ying123.mysql.rds.aliyuncs.com;port=3306;dbname=lungcare;charset=utf8
[2020-03-10T16:40:53+08:00][sql] SHOW FULL COLUMNS FROM `eb_user_token` [ RunTime:0.004512s ]
[2020-03-10T16:40:53+08:00][sql] SELECT * FROM `eb_user_token` WHERE  `token` = 'eyJ0eXAiOiJKV1QiLCJhbGciOiJIUzI1NiJ9.eyJpc3MiOiJ3ZWkubHVuZ2NhcmUuc2hvcCIsImF1ZCI6IndlaS5sdW5nY2FyZS5zaG9wIiwiaWF0IjoxNTgzODI5NjUyLCJuYmYiOjE1ODM4Mjk2NTIsImV4cCI6MTU4Mzg0MDQ1MiwianRpIjp7ImlkIjoxLCJ0eXBlIjoid2VjaGF0In19._IjDtm-cUOpZt5J_AhA2bs3mtvDmLpdcveTMgnZBBvA' LIMIT 1 [ RunTime:0.003271s ]
[2020-03-10T16:40:53+08:00][sql] SHOW FULL COLUMNS FROM `eb_user` [ RunTime:0.004673s ]
[2020-03-10T16:40:53+08:00][sql] SELECT * FROM `eb_user` WHERE  `uid` = 1 LIMIT 1 [ RunTime:0.003397s ]
[2020-03-10T16:40:53+08:00][sql] SHOW FULL COLUMNS FROM `eb_system_config` [ RunTime:0.004338s ]
[2020-03-10T16:40:53+08:00][sql] SELECT * FROM `eb_system_config` WHERE  `menu_name` = 'cache_config' LIMIT 1 [ RunTime:0.003382s ]
[2020-03-10T16:40:53+08:00][sql] SELECT * FROM `eb_system_config` WHERE  `menu_name` = 'cache_config' LIMIT 1 [ RunTime:0.003304s ]
[2020-03-10T16:40:53+08:00][sql] SELECT * FROM `eb_system_config` WHERE  `menu_name` = 'cache_config' LIMIT 1 [ RunTime:0.003301s ]
[2020-03-10T16:40:53+08:00][sql] SELECT * FROM `eb_system_config` WHERE  `menu_name` = 'cache_config' LIMIT 1 [ RunTime:0.003295s ]
[2020-03-10T16:40:53+08:00][sql] SELECT * FROM `eb_system_config` WHERE  `menu_name` = 'cache_config' LIMIT 1 [ RunTime:0.003323s ]
[2020-03-10T16:40:53+08:00][sql] SELECT * FROM `eb_system_config` WHERE  `menu_name` = 'cache_config' LIMIT 1 [ RunTime:0.003295s ]
[2020-03-10T16:40:53+08:00][sql] SELECT * FROM `eb_system_config` WHERE  `menu_name` = 'cache_config' LIMIT 1 [ RunTime:0.003321s ]
[2020-03-10T16:40:53+08:00][sql] SELECT * FROM `eb_system_config` WHERE  `menu_name` = 'cache_config' LIMIT 1 [ RunTime:0.003291s ]
[2020-03-10T16:40:53+08:00][sql] SHOW FULL COLUMNS FROM `eb_store_product` [ RunTime:0.004869s ]
[2020-03-10T16:40:53+08:00][sql] SELECT `id`,`image`,`store_name`,`cate_id`,`price`,`ot_price`,`stock`,`unit_name` FROM `eb_store_product` WHERE  `is_benefit` = 1  AND `is_del` = 0  AND `mer_id` = 0  AND `stock` > 0  AND `is_show` = 1 ORDER BY `sort` DESC,`id` DESC LIMIT 3 [ RunTime:0.003368s ]
[2020-03-10T16:40:53+08:00][sql] SELECT * FROM `eb_system_config` WHERE  `menu_name` = 'cache_config' LIMIT 1 [ RunTime:0.003346s ]
[2020-03-10T16:40:53+08:00][sql] SELECT `id`,`image`,`store_name`,`cate_id`,`price`,`unit_name` FROM `eb_store_product` WHERE  `is_hot` = 1  AND `is_del` = 0  AND `mer_id` = 0  AND `stock` > 0  AND `is_show` = 1 ORDER BY `sort` DESC,`id` DESC LIMIT 3 [ RunTime:0.003361s ]
[2020-03-10T16:40:53+08:00][sql] SELECT * FROM `eb_system_config` WHERE  `menu_name` = 'cache_config' LIMIT 1 [ RunTime:0.003349s ]
[2020-03-10T16:40:53+08:00][sql] SHOW FULL COLUMNS FROM `eb_user_level` [ RunTime:0.004461s ]
[2020-03-10T16:40:53+08:00][sql] SELECT `level_id`,`is_forever`,`valid_time`,`id`,`status`,`grade` FROM `eb_user_level` WHERE  `status` = 1  AND `is_del` = 0  AND `uid` = 0 ORDER BY `grade` DESC LIMIT 1 [ RunTime:0.003223s ]
[2020-03-10T16:40:53+08:00][sql] SHOW FULL COLUMNS FROM `eb_system_user_level` [ RunTime:0.004330s ]
[2020-03-10T16:40:53+08:00][sql] SELECT `discount` FROM `eb_system_user_level` WHERE  `is_show` = 1  AND `is_del` = 0 ORDER BY `grade` ASC LIMIT 1 [ RunTime:0.003218s ]
[2020-03-10T16:40:53+08:00][sql] SHOW FULL COLUMNS FROM `eb_store_coupon_issue` [ RunTime:0.004224s ]
[2020-03-10T16:40:53+08:00][sql] SELECT `A`.*,`B`.`coupon_price`,`B`.`use_min_price` FROM `eb_store_coupon_issue` `A` INNER JOIN `eb_store_coupon` `B` ON `A`.`cid`=`B`.`id` WHERE  `A`.`status` = 1  AND (  (  `A`.`start_time` < 1583829653  AND `A`.`end_time` > 1583829653 ) OR (  `A`.`start_time` = 0  AND `A`.`end_time` = 0 ) )  AND `A`.`is_del` = 0  AND ( A.remain_count > 0 OR A.is_permanent = 1 ) ORDER BY `B`.`sort` DESC,`A`.`id` DESC LIMIT 3 [ RunTime:0.003431s ]
[2020-03-10T16:40:53+08:00][sql] SHOW FULL COLUMNS FROM `eb_wechat_user` [ RunTime:0.004416s ]
[2020-03-10T16:40:53+08:00][sql] SELECT `subscribe` FROM `eb_wechat_user` WHERE  `uid` = 1 LIMIT 1 [ RunTime:0.003160s ]
[2020-03-10T16:40:53+08:00][sql] SELECT * FROM `eb_system_config` WHERE  `menu_name` = 'cache_config' LIMIT 1 [ RunTime:0.003373s ]
[2020-03-10T16:40:54+08:00][sql] CONNECT:[ UseTime:0.005445s ] mysql:host=zy-ying123.mysql.rds.aliyuncs.com;port=3306;dbname=lungcare;charset=utf8
[2020-03-10T16:40:54+08:00][sql] SHOW FULL COLUMNS FROM `eb_user_token` [ RunTime:0.004630s ]
[2020-03-10T16:40:54+08:00][sql] SELECT * FROM `eb_user_token` WHERE  `token` = 'eyJ0eXAiOiJKV1QiLCJhbGciOiJIUzI1NiJ9.eyJpc3MiOiJ3ZWkubHVuZ2NhcmUuc2hvcCIsImF1ZCI6IndlaS5sdW5nY2FyZS5zaG9wIiwiaWF0IjoxNTgzODI5NjUyLCJuYmYiOjE1ODM4Mjk2NTIsImV4cCI6MTU4Mzg0MDQ1MiwianRpIjp7ImlkIjoxLCJ0eXBlIjoid2VjaGF0In19._IjDtm-cUOpZt5J_AhA2bs3mtvDmLpdcveTMgnZBBvA' LIMIT 1 [ RunTime:0.003347s ]
[2020-03-10T16:40:54+08:00][sql] SHOW FULL COLUMNS FROM `eb_user` [ RunTime:0.004977s ]
[2020-03-10T16:40:54+08:00][sql] SELECT * FROM `eb_user` WHERE  `uid` = 1 LIMIT 1 [ RunTime:0.003377s ]
[2020-03-10T16:40:54+08:00][sql] SHOW FULL COLUMNS FROM `eb_system_config` [ RunTime:0.004337s ]
[2020-03-10T16:40:54+08:00][sql] SELECT * FROM `eb_system_config` WHERE  `menu_name` = 'cache_config' LIMIT 1 [ RunTime:0.003408s ]
[2020-03-10T16:40:54+08:00][sql] SELECT * FROM `eb_system_config` WHERE  `menu_name` = 'cache_config' LIMIT 1 [ RunTime:0.003375s ]
[2020-03-10T16:40:54+08:00][sql] SELECT * FROM `eb_system_config` WHERE  `menu_name` = 'cache_config' LIMIT 1 [ RunTime:0.003404s ]
[2020-03-10T16:40:54+08:00][sql] SELECT * FROM `eb_system_config` WHERE  `menu_name` = 'cache_config' LIMIT 1 [ RunTime:0.003384s ]
[2020-03-10T16:40:54+08:00][sql] CONNECT:[ UseTime:0.005393s ] mysql:host=zy-ying123.mysql.rds.aliyuncs.com;port=3306;dbname=lungcare;charset=utf8
[2020-03-10T16:40:54+08:00][sql] SHOW FULL COLUMNS FROM `eb_user_token` [ RunTime:0.004561s ]
[2020-03-10T16:40:54+08:00][sql] SELECT * FROM `eb_user_token` WHERE  `token` = 'eyJ0eXAiOiJKV1QiLCJhbGciOiJIUzI1NiJ9.eyJpc3MiOiJ3ZWkubHVuZ2NhcmUuc2hvcCIsImF1ZCI6IndlaS5sdW5nY2FyZS5zaG9wIiwiaWF0IjoxNTgzODI5NjUyLCJuYmYiOjE1ODM4Mjk2NTIsImV4cCI6MTU4Mzg0MDQ1MiwianRpIjp7ImlkIjoxLCJ0eXBlIjoid2VjaGF0In19._IjDtm-cUOpZt5J_AhA2bs3mtvDmLpdcveTMgnZBBvA' LIMIT 1 [ RunTime:0.003271s ]
[2020-03-10T16:40:54+08:00][sql] SHOW FULL COLUMNS FROM `eb_user` [ RunTime:0.004871s ]
[2020-03-10T16:40:54+08:00][sql] SELECT * FROM `eb_user` WHERE  `uid` = 1 LIMIT 1 [ RunTime:0.003369s ]
[2020-03-10T16:40:54+08:00][sql] SHOW FULL COLUMNS FROM `eb_system_config` [ RunTime:0.004382s ]
[2020-03-10T16:40:54+08:00][sql] SELECT `menu_name`,`value` FROM `eb_system_config` WHERE  `menu_name` IN ('wechat_appid','wechat_appsecret','wechat_token','wechat_encodingaeskey','wechat_encode') [ RunTime:0.003335s ]
[2020-03-10T16:40:54+08:00][sql] SELECT `menu_name`,`value` FROM `eb_system_config` WHERE  `menu_name` IN ('pay_weixin_mchid','pay_weixin_client_cert','pay_weixin_client_key','pay_weixin_key','pay_weixin_open') [ RunTime:0.003385s ]
[2020-03-10T16:40:54+08:00][sql] SELECT * FROM `eb_system_config` WHERE  `menu_name` = 'cache_config' LIMIT 1 [ RunTime:0.003416s ]
[2020-03-10T16:41:00+08:00][sql] CONNECT:[ UseTime:0.005327s ] mysql:host=zy-ying123.mysql.rds.aliyuncs.com;port=3306;dbname=lungcare;charset=utf8
[2020-03-10T16:41:00+08:00][sql] SHOW FULL COLUMNS FROM `eb_user_token` [ RunTime:0.004307s ]
[2020-03-10T16:41:00+08:00][sql] SELECT * FROM `eb_user_token` WHERE  `token` = 'eyJ0eXAiOiJKV1QiLCJhbGciOiJIUzI1NiJ9.eyJpc3MiOiJ3ZWkubHVuZ2NhcmUuc2hvcCIsImF1ZCI6IndlaS5sdW5nY2FyZS5zaG9wIiwiaWF0IjoxNTgzODI5NjUyLCJuYmYiOjE1ODM4Mjk2NTIsImV4cCI6MTU4Mzg0MDQ1MiwianRpIjp7ImlkIjoxLCJ0eXBlIjoid2VjaGF0In19._IjDtm-cUOpZt5J_AhA2bs3mtvDmLpdcveTMgnZBBvA' LIMIT 1 [ RunTime:0.003377s ]
[2020-03-10T16:41:00+08:00][sql] SHOW FULL COLUMNS FROM `eb_user` [ RunTime:0.004663s ]
[2020-03-10T16:41:00+08:00][sql] SELECT * FROM `eb_user` WHERE  `uid` = 1 LIMIT 1 [ RunTime:0.003400s ]
[2020-03-10T16:41:00+08:00][sql] SHOW FULL COLUMNS FROM `eb_store_coupon_issue` [ RunTime:0.004298s ]
[2020-03-10T16:41:00+08:00][sql] SELECT `A`.*,`B`.`coupon_price`,`B`.`use_min_price` FROM `eb_store_coupon_issue` `A` INNER JOIN `eb_store_coupon` `B` ON `A`.`cid`=`B`.`id` WHERE  `A`.`status` = 1  AND (  (  `A`.`start_time` < 1583829660  AND `A`.`end_time` > 1583829660 ) OR (  `A`.`start_time` = 0  AND `A`.`end_time` = 0 ) )  AND `A`.`is_del` = 0  AND ( A.remain_count > 0 OR A.is_permanent = 1 ) ORDER BY `B`.`sort` DESC,`A`.`id` DESC LIMIT 0,20 [ RunTime:0.003530s ]
[2020-03-10T16:41:00+08:00][sql] CONNECT:[ UseTime:0.004877s ] mysql:host=zy-ying123.mysql.rds.aliyuncs.com;port=3306;dbname=lungcare;charset=utf8
[2020-03-10T16:41:00+08:00][sql] SHOW FULL COLUMNS FROM `eb_user_token` [ RunTime:0.004286s ]
[2020-03-10T16:41:00+08:00][sql] SELECT * FROM `eb_user_token` WHERE  `token` = 'eyJ0eXAiOiJKV1QiLCJhbGciOiJIUzI1NiJ9.eyJpc3MiOiJ3ZWkubHVuZ2NhcmUuc2hvcCIsImF1ZCI6IndlaS5sdW5nY2FyZS5zaG9wIiwiaWF0IjoxNTgzODI5NjUyLCJuYmYiOjE1ODM4Mjk2NTIsImV4cCI6MTU4Mzg0MDQ1MiwianRpIjp7ImlkIjoxLCJ0eXBlIjoid2VjaGF0In19._IjDtm-cUOpZt5J_AhA2bs3mtvDmLpdcveTMgnZBBvA' LIMIT 1 [ RunTime:0.002955s ]
[2020-03-10T16:41:00+08:00][sql] SHOW FULL COLUMNS FROM `eb_user` [ RunTime:0.004440s ]
[2020-03-10T16:41:00+08:00][sql] SELECT * FROM `eb_user` WHERE  `uid` = 1 LIMIT 1 [ RunTime:0.003054s ]
[2020-03-10T16:41:00+08:00][sql] SHOW FULL COLUMNS FROM `eb_store_product` [ RunTime:0.004279s ]
[2020-03-10T16:41:00+08:00][sql] SELECT add_time,browse,cate_id,code_path,cost,description,ficti,give_integral,id,image,is_bargain,is_benefit,is_best,is_del,is_hot,is_new,is_postage,is_seckill,is_show,keyword,mer_id,mer_use,ot_price,postage,price,sales,slider_image,sort,stock,store_info,store_name,unit_name,vip_price,IFNULL(sales,0) + IFNULL(ficti,0) as fsales FROM `eb_store_product` WHERE  `is_del` = 0  AND `is_show` = 1  AND `id` = 20 LIMIT 1 [ RunTime:0.003224s ]
[2020-03-10T16:41:00+08:00][sql] SHOW FULL COLUMNS FROM `eb_system_config` [ RunTime:0.003916s ]
[2020-03-10T16:41:00+08:00][sql] SELECT * FROM `eb_system_config` WHERE  `menu_name` = 'cache_config' LIMIT 1 [ RunTime:0.003094s ]
[2020-03-10T16:41:00+08:00][sql] SHOW FULL COLUMNS FROM `eb_system_attachment` [ RunTime:0.003992s ]
[2020-03-10T16:41:00+08:00][sql] SELECT COUNT(*) AS think_count FROM `eb_system_attachment` WHERE  `name` = '20_product_detail_wap.jpg' [ RunTime:0.002957s ]
[2020-03-10T16:41:00+08:00][sql] SELECT * FROM `eb_system_attachment` WHERE  `name` = '20_product_detail_wap.jpg' LIMIT 1 [ RunTime:0.002961s ]
[2020-03-10T16:41:00+08:00][sql] SELECT * FROM `eb_system_config` WHERE  `menu_name` = 'cache_config' LIMIT 1 [ RunTime:0.003053s ]
[2020-03-10T16:41:00+08:00][sql] SHOW FULL COLUMNS FROM `eb_store_product_relation` [ RunTime:0.003865s ]
[2020-03-10T16:41:00+08:00][sql] SELECT COUNT(*) AS think_count FROM `eb_store_product_relation` WHERE  `product_id` = 20  AND `uid` = 1  AND `type` = 'collect'  AND `category` = 'product' [ RunTime:0.002871s ]
[2020-03-10T16:41:00+08:00][sql] SELECT COUNT(*) AS think_count FROM `eb_store_product_relation` WHERE  `product_id` = 20  AND `uid` = 1  AND `type` = 'like'  AND `category` = 'product' [ RunTime:0.002846s ]
[2020-03-10T16:41:00+08:00][sql] SHOW FULL COLUMNS FROM `eb_store_product_attr` [ RunTime:0.003711s ]
[2020-03-10T16:41:00+08:00][sql] SELECT * FROM `eb_store_product_attr` WHERE  `product_id` = 20 ORDER BY `attr_values` ASC [ RunTime:0.002894s ]
[2020-03-10T16:41:00+08:00][sql] SHOW FULL COLUMNS FROM `eb_store_product_attr_value` [ RunTime:0.003843s ]
[2020-03-10T16:41:00+08:00][sql] SELECT * FROM `eb_store_product_attr_value` WHERE  `product_id` = 20 [ RunTime:0.002932s ]
[2020-03-10T16:41:00+08:00][sql] SHOW FULL COLUMNS FROM `eb_store_visit` [ RunTime:0.003829s ]
[2020-03-10T16:41:00+08:00][sql] SELECT `count`,`add_time`,`id` FROM `eb_store_visit` WHERE  `uid` = 1  AND `product_id` = 20 LIMIT 1 [ RunTime:0.002949s ]
[2020-03-10T16:41:00+08:00][sql] UPDATE `eb_store_visit`  SET `count` = 8 , `add_time` = 1583829660  WHERE  `id` = 37 [ RunTime:0.003688s ]
[2020-03-10T16:41:00+08:00][sql] SELECT * FROM `eb_system_config` WHERE  `menu_name` = 'cache_config' LIMIT 1 [ RunTime:0.003017s ]
[2020-03-10T16:41:00+08:00][sql] SHOW FULL COLUMNS FROM `eb_user_level` [ RunTime:0.004047s ]
[2020-03-10T16:41:00+08:00][sql] SELECT `level_id`,`is_forever`,`valid_time`,`id`,`status`,`grade` FROM `eb_user_level` WHERE  `status` = 1  AND `is_del` = 0  AND `uid` = 1 ORDER BY `grade` DESC LIMIT 1 [ RunTime:0.003363s ]
[2020-03-10T16:41:00+08:00][sql] SHOW FULL COLUMNS FROM `eb_system_user_level` [ RunTime:0.004178s ]
[2020-03-10T16:41:00+08:00][sql] SELECT `discount` FROM `eb_system_user_level` WHERE  `is_show` = 1  AND `is_del` = 0 ORDER BY `grade` ASC LIMIT 1 [ RunTime:0.002914s ]
[2020-03-10T16:41:00+08:00][sql] SHOW FULL COLUMNS FROM `eb_store_category` [ RunTime:0.003938s ]
[2020-03-10T16:41:00+08:00][sql] SELECT `pid` FROM `eb_store_category` WHERE  `id` = 27,4,2 LIMIT 1 [ RunTime:0.002959s ]
[2020-03-10T16:41:00+08:00][sql] SELECT `id` FROM `eb_store_category` WHERE  `pid` = 18  AND `is_show` = 1 ORDER BY `sort` DESC,`id` DESC [ RunTime:0.002932s ]
[2020-03-10T16:41:00+08:00][sql] SELECT `id`,`store_name`,`image`,`price`,`sales`,`ficti` FROM `eb_store_product` WHERE  `cate_id` IN (18,27)  AND `is_show` = 1  AND `is_del` = 0 ORDER BY `sort` DESC,`id` DESC LIMIT 4 [ RunTime:0.003072s ]
[2020-03-10T16:41:00+08:00][sql] SELECT * FROM `eb_system_config` WHERE  `menu_name` = 'cache_config' LIMIT 1 [ RunTime:0.003109s ]
[2020-03-10T16:41:00+08:00][sql] SELECT * FROM `eb_system_config` WHERE  `menu_name` = 'cache_config' LIMIT 1 [ RunTime:0.003023s ]
[2020-03-10T16:41:00+08:00][sql] SHOW FULL COLUMNS FROM `eb_store_product_reply` [ RunTime:0.004173s ]
[2020-03-10T16:41:00+08:00][sql] SELECT `A`.`product_score`,`A`.`service_score`,`A`.`comment`,`A`.`merchant_reply_content`,`A`.`merchant_reply_time`,`A`.`pics`,`A`.`add_time`,`B`.`nickname`,`B`.`avatar`,`C`.`cart_info` FROM `eb_store_product_reply` `A` INNER JOIN `eb_user` `B` ON `A`.`uid`=`B`.`uid` INNER JOIN `eb_store_order_cart_info` `C` ON `A`.`unique`=`C`.`unique` WHERE  `A`.`is_del` = 0  AND `A`.`reply_type` = 'product'  AND `A`.`product_id` = 20 ORDER BY `A`.`add_time` DESC,`A`.`product_score` DESC,`A`.`service_score` DESC,`A`.`add_time` DESC LIMIT 1 [ RunTime:0.003211s ]
[2020-03-10T16:41:00+08:00][sql] SELECT COUNT(*) AS think_count FROM `eb_store_product_reply` WHERE  `is_del` = 0  AND `reply_type` = 'product'  AND `product_id` = 20 [ RunTime:0.002975s ]
[2020-03-10T16:41:00+08:00][sql] SELECT COUNT(*) AS think_count FROM `eb_store_product_reply` WHERE  `is_del` = 0  AND `reply_type` = 'product'  AND `product_id` = 20  AND `product_score` = 5 [ RunTime:0.003085s ]
[2020-03-10T16:41:00+08:00][sql] SHOW FULL COLUMNS FROM `eb_system_store` [ RunTime:0.004101s ]
[2020-03-10T16:41:00+08:00][sql] SELECT * FROM `eb_system_store` WHERE  `is_show` = 1  AND `is_del` = 0 LIMIT 1 [ RunTime:0.003069s ]
[2020-03-10T16:41:00+08:00][sql] SELECT `image`,`store_name`,`price`,`id`,`ot_price` FROM `eb_store_product` WHERE  `is_del` = 0  AND `is_show` = 1  AND `mer_id` = 0  AND `is_good` = 1 ORDER BY `sort` DESC,`id` DESC LIMIT 18 [ RunTime:0.003052s ]
[2020-03-10T16:41:00+08:00][sql] SELECT * FROM `eb_system_config` WHERE  `menu_name` = 'cache_config' LIMIT 1 [ RunTime:0.003035s ]
[2020-03-10T16:41:00+08:00][sql] SELECT * FROM `eb_system_config` WHERE  `menu_name` = 'cache_config' LIMIT 1 [ RunTime:0.003080s ]
[2020-03-10T16:41:00+08:00][sql] CONNECT:[ UseTime:0.005468s ] mysql:host=zy-ying123.mysql.rds.aliyuncs.com;port=3306;dbname=lungcare;charset=utf8
[2020-03-10T16:41:00+08:00][sql] SHOW FULL COLUMNS FROM `eb_user_token` [ RunTime:0.004768s ]
[2020-03-10T16:41:00+08:00][sql] SELECT * FROM `eb_user_token` WHERE  `token` = 'eyJ0eXAiOiJKV1QiLCJhbGciOiJIUzI1NiJ9.eyJpc3MiOiJ3ZWkubHVuZ2NhcmUuc2hvcCIsImF1ZCI6IndlaS5sdW5nY2FyZS5zaG9wIiwiaWF0IjoxNTgzODI5NjUyLCJuYmYiOjE1ODM4Mjk2NTIsImV4cCI6MTU4Mzg0MDQ1MiwianRpIjp7ImlkIjoxLCJ0eXBlIjoid2VjaGF0In19._IjDtm-cUOpZt5J_AhA2bs3mtvDmLpdcveTMgnZBBvA' LIMIT 1 [ RunTime:0.003386s ]
[2020-03-10T16:41:00+08:00][sql] SHOW FULL COLUMNS FROM `eb_user` [ RunTime:0.005306s ]
[2020-03-10T16:41:00+08:00][sql] SELECT * FROM `eb_user` WHERE  `uid` = 1 LIMIT 1 [ RunTime:0.003398s ]
[2020-03-10T16:41:00+08:00][sql] SHOW FULL COLUMNS FROM `eb_store_cart` [ RunTime:0.004799s ]
[2020-03-10T16:41:00+08:00][sql] SELECT SUM(`cart_num`) AS think_sum FROM `eb_store_cart` WHERE  `uid` = 1  AND `type` = 'product'  AND `is_pay` = 0  AND `is_del` = 0  AND `is_new` = 0 [ RunTime:0.003419s ]
[2020-03-10T16:41:00+08:00][sql] CONNECT:[ UseTime:0.006243s ] mysql:host=zy-ying123.mysql.rds.aliyuncs.com;port=3306;dbname=lungcare;charset=utf8
[2020-03-10T16:41:00+08:00][sql] SHOW FULL COLUMNS FROM `eb_user_token` [ RunTime:0.005292s ]
[2020-03-10T16:41:00+08:00][sql] SELECT * FROM `eb_user_token` WHERE  `token` = 'eyJ0eXAiOiJKV1QiLCJhbGciOiJIUzI1NiJ9.eyJpc3MiOiJ3ZWkubHVuZ2NhcmUuc2hvcCIsImF1ZCI6IndlaS5sdW5nY2FyZS5zaG9wIiwiaWF0IjoxNTgzODI5NjUyLCJuYmYiOjE1ODM4Mjk2NTIsImV4cCI6MTU4Mzg0MDQ1MiwianRpIjp7ImlkIjoxLCJ0eXBlIjoid2VjaGF0In19._IjDtm-cUOpZt5J_AhA2bs3mtvDmLpdcveTMgnZBBvA' LIMIT 1 [ RunTime:0.003787s ]
[2020-03-10T16:41:00+08:00][sql] SHOW FULL COLUMNS FROM `eb_user` [ RunTime:0.005189s ]
[2020-03-10T16:41:00+08:00][sql] SELECT * FROM `eb_user` WHERE  `uid` = 1 LIMIT 1 [ RunTime:0.003818s ]
[2020-03-10T16:41:01+08:00][sql] CONNECT:[ UseTime:0.004842s ] mysql:host=zy-ying123.mysql.rds.aliyuncs.com;port=3306;dbname=lungcare;charset=utf8
[2020-03-10T16:41:01+08:00][sql] SHOW FULL COLUMNS FROM `eb_user_token` [ RunTime:0.004384s ]
[2020-03-10T16:41:01+08:00][sql] SELECT * FROM `eb_user_token` WHERE  `token` = 'eyJ0eXAiOiJKV1QiLCJhbGciOiJIUzI1NiJ9.eyJpc3MiOiJ3ZWkubHVuZ2NhcmUuc2hvcCIsImF1ZCI6IndlaS5sdW5nY2FyZS5zaG9wIiwiaWF0IjoxNTgzODI5NjUyLCJuYmYiOjE1ODM4Mjk2NTIsImV4cCI6MTU4Mzg0MDQ1MiwianRpIjp7ImlkIjoxLCJ0eXBlIjoid2VjaGF0In19._IjDtm-cUOpZt5J_AhA2bs3mtvDmLpdcveTMgnZBBvA' LIMIT 1 [ RunTime:0.003010s ]
[2020-03-10T16:41:01+08:00][sql] SHOW FULL COLUMNS FROM `eb_user` [ RunTime:0.005146s ]
[2020-03-10T16:41:01+08:00][sql] SELECT * FROM `eb_user` WHERE  `uid` = 1 LIMIT 1 [ RunTime:0.003052s ]
[2020-03-10T16:41:01+08:00][sql] CONNECT:[ UseTime:0.005604s ] mysql:host=zy-ying123.mysql.rds.aliyuncs.com;port=3306;dbname=lungcare;charset=utf8
[2020-03-10T16:41:01+08:00][sql] SHOW FULL COLUMNS FROM `eb_user_token` [ RunTime:0.004724s ]
[2020-03-10T16:41:01+08:00][sql] SELECT * FROM `eb_user_token` WHERE  `token` = 'eyJ0eXAiOiJKV1QiLCJhbGciOiJIUzI1NiJ9.eyJpc3MiOiJ3ZWkubHVuZ2NhcmUuc2hvcCIsImF1ZCI6IndlaS5sdW5nY2FyZS5zaG9wIiwiaWF0IjoxNTgzODI5NjUyLCJuYmYiOjE1ODM4Mjk2NTIsImV4cCI6MTU4Mzg0MDQ1MiwianRpIjp7ImlkIjoxLCJ0eXBlIjoid2VjaGF0In19._IjDtm-cUOpZt5J_AhA2bs3mtvDmLpdcveTMgnZBBvA' LIMIT 1 [ RunTime:0.003419s ]
[2020-03-10T16:41:01+08:00][sql] SHOW FULL COLUMNS FROM `eb_user` [ RunTime:0.005052s ]
[2020-03-10T16:41:01+08:00][sql] SELECT * FROM `eb_user` WHERE  `uid` = 1 LIMIT 1 [ RunTime:0.003458s ]
[2020-03-10T16:41:01+08:00][sql] SHOW FULL COLUMNS FROM `eb_store_product` [ RunTime:0.004912s ]
[2020-03-10T16:41:01+08:00][sql] SELECT `id` FROM `eb_store_product` WHERE  `is_del` = 0  AND `is_show` = 1  AND `id` = 20 LIMIT 1 [ RunTime:0.003384s ]
[2020-03-10T16:41:01+08:00][sql] SHOW FULL COLUMNS FROM `eb_system_attachment` [ RunTime:0.004468s ]
[2020-03-10T16:41:01+08:00][sql] SELECT COUNT(*) AS think_count FROM `eb_system_attachment` WHERE  `name` = '20_product_detail_1_is_promoter_1_wap.jpg' [ RunTime:0.003422s ]
[2020-03-10T16:41:01+08:00][sql] SELECT * FROM `eb_system_attachment` WHERE  `name` = '20_product_detail_1_is_promoter_1_wap.jpg' LIMIT 1 [ RunTime:0.003431s ]
[2020-03-10T16:41:01+08:00][sql] SHOW FULL COLUMNS FROM `eb_system_config` [ RunTime:0.004481s ]
[2020-03-10T16:41:01+08:00][sql] SELECT * FROM `eb_system_config` WHERE  `menu_name` = 'cache_config' LIMIT 1 [ RunTime:0.003490s ]
[2020-03-10T16:41:27+08:00][info] [ VIEW ] /home/wwwroot/www/lungcare/public/index.html [ array (
) ]
[2020-03-10T16:41:28+08:00][info] [ VIEW ] /home/wwwroot/www/lungcare/public/index.html [ array (
) ]
[2020-03-10T16:41:28+08:00][info] [ VIEW ] /home/wwwroot/www/lungcare/public/index.html [ array (
) ]
[2020-03-10T16:41:28+08:00][info] [ VIEW ] /home/wwwroot/www/lungcare/public/index.html [ array (
) ]
[2020-03-10T16:41:28+08:00][info] [ VIEW ] /home/wwwroot/www/lungcare/public/index.html [ array (
) ]
[2020-03-10T16:41:29+08:00][info] [ VIEW ] /home/wwwroot/www/lungcare/public/index.html [ array (
) ]
[2020-03-10T16:41:29+08:00][sql] CONNECT:[ UseTime:0.005381s ] mysql:host=zy-ying123.mysql.rds.aliyuncs.com;port=3306;dbname=lungcare;charset=utf8
[2020-03-10T16:41:29+08:00][sql] SHOW FULL COLUMNS FROM `eb_user_token` [ RunTime:0.004738s ]
[2020-03-10T16:41:29+08:00][sql] SELECT * FROM `eb_user_token` WHERE  `token` IS NULL LIMIT 1 [ RunTime:0.003207s ]
[2020-03-10T16:41:29+08:00][sql] SHOW FULL COLUMNS FROM `eb_store_coupon_issue` [ RunTime:0.004359s ]
[2020-03-10T16:41:29+08:00][sql] SELECT `A`.*,`B`.`coupon_price`,`B`.`use_min_price` FROM `eb_store_coupon_issue` `A` INNER JOIN `eb_store_coupon` `B` ON `A`.`cid`=`B`.`id` WHERE  `A`.`status` = 1  AND (  (  `A`.`start_time` < 1583829689  AND `A`.`end_time` > 1583829689 ) OR (  `A`.`start_time` = 0  AND `A`.`end_time` = 0 ) )  AND `A`.`is_del` = 0  AND ( A.remain_count > 0 OR A.is_permanent = 1 ) ORDER BY `B`.`sort` DESC,`A`.`id` DESC LIMIT 0,20 [ RunTime:0.003480s ]
[2020-03-10T16:41:29+08:00][info] [ VIEW ] /home/wwwroot/www/lungcare/public/index.html [ array (
) ]
[2020-03-10T16:41:29+08:00][info] [ VIEW ] /home/wwwroot/www/lungcare/public/index.html [ array (
) ]
[2020-03-10T16:41:29+08:00][sql] CONNECT:[ UseTime:0.005179s ] mysql:host=zy-ying123.mysql.rds.aliyuncs.com;port=3306;dbname=lungcare;charset=utf8
[2020-03-10T16:41:29+08:00][sql] SHOW FULL COLUMNS FROM `eb_user_token` [ RunTime:0.004424s ]
[2020-03-10T16:41:29+08:00][sql] SELECT * FROM `eb_user_token` WHERE  `token` IS NULL LIMIT 1 [ RunTime:0.002960s ]
[2020-03-10T16:41:29+08:00][sql] SHOW FULL COLUMNS FROM `eb_store_product` [ RunTime:0.004551s ]
[2020-03-10T16:41:29+08:00][sql] SELECT add_time,browse,cate_id,code_path,cost,description,ficti,give_integral,id,image,is_bargain,is_benefit,is_best,is_del,is_hot,is_new,is_postage,is_seckill,is_show,keyword,mer_id,mer_use,ot_price,postage,price,sales,slider_image,sort,stock,store_info,store_name,unit_name,vip_price,IFNULL(sales,0) + IFNULL(ficti,0) as fsales FROM `eb_store_product` WHERE  `is_del` = 0  AND `is_show` = 1  AND `id` = 20 LIMIT 1 [ RunTime:0.003270s ]
[2020-03-10T16:41:29+08:00][sql] SHOW FULL COLUMNS FROM `eb_system_config` [ RunTime:0.004168s ]
[2020-03-10T16:41:29+08:00][sql] SELECT * FROM `eb_system_config` WHERE  `menu_name` = 'cache_config' LIMIT 1 [ RunTime:0.003154s ]
[2020-03-10T16:41:29+08:00][sql] SHOW FULL COLUMNS FROM `eb_system_attachment` [ RunTime:0.004229s ]
[2020-03-10T16:41:29+08:00][sql] SELECT COUNT(*) AS think_count FROM `eb_system_attachment` WHERE  `name` = '20_product_detail_wap.jpg' [ RunTime:0.003099s ]
[2020-03-10T16:41:29+08:00][sql] SELECT * FROM `eb_system_attachment` WHERE  `name` = '20_product_detail_wap.jpg' LIMIT 1 [ RunTime:0.003009s ]
[2020-03-10T16:41:29+08:00][sql] SELECT * FROM `eb_system_config` WHERE  `menu_name` = 'cache_config' LIMIT 1 [ RunTime:0.003134s ]
[2020-03-10T16:41:29+08:00][sql] SHOW FULL COLUMNS FROM `eb_store_product_relation` [ RunTime:0.004103s ]
[2020-03-10T16:41:29+08:00][sql] SELECT COUNT(*) AS think_count FROM `eb_store_product_relation` WHERE  `product_id` = 20  AND `uid` = 0  AND `type` = 'collect'  AND `category` = 'product' [ RunTime:0.003040s ]
[2020-03-10T16:41:29+08:00][sql] SELECT COUNT(*) AS think_count FROM `eb_store_product_relation` WHERE  `product_id` = 20  AND `uid` = 0  AND `type` = 'like'  AND `category` = 'product' [ RunTime:0.002960s ]
[2020-03-10T16:41:29+08:00][sql] SHOW FULL COLUMNS FROM `eb_store_product_attr` [ RunTime:0.004064s ]
[2020-03-10T16:41:29+08:00][sql] SELECT * FROM `eb_store_product_attr` WHERE  `product_id` = 20 ORDER BY `attr_values` ASC [ RunTime:0.003025s ]
[2020-03-10T16:41:29+08:00][sql] SHOW FULL COLUMNS FROM `eb_store_product_attr_value` [ RunTime:0.004065s ]
[2020-03-10T16:41:29+08:00][sql] SELECT * FROM `eb_store_product_attr_value` WHERE  `product_id` = 20 [ RunTime:0.003047s ]
[2020-03-10T16:41:29+08:00][sql] SHOW FULL COLUMNS FROM `eb_store_visit` [ RunTime:0.003959s ]
[2020-03-10T16:41:29+08:00][sql] SELECT `count`,`add_time`,`id` FROM `eb_store_visit` WHERE  `uid` = 0  AND `product_id` = 20 LIMIT 1 [ RunTime:0.003113s ]
[2020-03-10T16:41:29+08:00][sql] UPDATE `eb_store_visit`  SET `count` = 12 , `add_time` = 1583829689  WHERE  `id` = 32 [ RunTime:0.003730s ]
[2020-03-10T16:41:29+08:00][sql] SELECT * FROM `eb_system_config` WHERE  `menu_name` = 'cache_config' LIMIT 1 [ RunTime:0.003185s ]
[2020-03-10T16:41:29+08:00][sql] SHOW FULL COLUMNS FROM `eb_user_level` [ RunTime:0.004149s ]
[2020-03-10T16:41:29+08:00][sql] SELECT `level_id`,`is_forever`,`valid_time`,`id`,`status`,`grade` FROM `eb_user_level` WHERE  `status` = 1  AND `is_del` = 0  AND `uid` = 0 ORDER BY `grade` DESC LIMIT 1 [ RunTime:0.016457s ]
[2020-03-10T16:41:29+08:00][sql] SHOW FULL COLUMNS FROM `eb_system_user_level` [ RunTime:0.004151s ]
[2020-03-10T16:41:29+08:00][sql] SELECT `discount` FROM `eb_system_user_level` WHERE  `is_show` = 1  AND `is_del` = 0 ORDER BY `grade` ASC LIMIT 1 [ RunTime:0.003005s ]
[2020-03-10T16:41:29+08:00][sql] SHOW FULL COLUMNS FROM `eb_store_category` [ RunTime:0.003933s ]
[2020-03-10T16:41:29+08:00][sql] SELECT `pid` FROM `eb_store_category` WHERE  `id` = 27,4,2 LIMIT 1 [ RunTime:0.003023s ]
[2020-03-10T16:41:29+08:00][sql] SELECT `id` FROM `eb_store_category` WHERE  `pid` = 18  AND `is_show` = 1 ORDER BY `sort` DESC,`id` DESC [ RunTime:0.003036s ]
[2020-03-10T16:41:29+08:00][sql] SELECT `id`,`store_name`,`image`,`price`,`sales`,`ficti` FROM `eb_store_product` WHERE  `cate_id` IN (18,27)  AND `is_show` = 1  AND `is_del` = 0 ORDER BY `sort` DESC,`id` DESC LIMIT 4 [ RunTime:0.003103s ]
[2020-03-10T16:41:29+08:00][sql] SHOW FULL COLUMNS FROM `eb_store_product_reply` [ RunTime:0.004069s ]
[2020-03-10T16:41:29+08:00][sql] SELECT `A`.`product_score`,`A`.`service_score`,`A`.`comment`,`A`.`merchant_reply_content`,`A`.`merchant_reply_time`,`A`.`pics`,`A`.`add_time`,`B`.`nickname`,`B`.`avatar`,`C`.`cart_info` FROM `eb_store_product_reply` `A` INNER JOIN `eb_user` `B` ON `A`.`uid`=`B`.`uid` INNER JOIN `eb_store_order_cart_info` `C` ON `A`.`unique`=`C`.`unique` WHERE  `A`.`is_del` = 0  AND `A`.`reply_type` = 'product'  AND `A`.`product_id` = 20 ORDER BY `A`.`add_time` DESC,`A`.`product_score` DESC,`A`.`service_score` DESC,`A`.`add_time` DESC LIMIT 1 [ RunTime:0.003308s ]
[2020-03-10T16:41:29+08:00][sql] SELECT COUNT(*) AS think_count FROM `eb_store_product_reply` WHERE  `is_del` = 0  AND `reply_type` = 'product'  AND `product_id` = 20 [ RunTime:0.003008s ]
[2020-03-10T16:41:29+08:00][sql] SELECT COUNT(*) AS think_count FROM `eb_store_product_reply` WHERE  `is_del` = 0  AND `reply_type` = 'product'  AND `product_id` = 20  AND `product_score` = 5 [ RunTime:0.002992s ]
[2020-03-10T16:41:29+08:00][sql] SHOW FULL COLUMNS FROM `eb_system_store` [ RunTime:0.015240s ]
[2020-03-10T16:41:29+08:00][sql] SELECT * FROM `eb_system_store` WHERE  `is_show` = 1  AND `is_del` = 0 LIMIT 1 [ RunTime:0.003026s ]
[2020-03-10T16:41:29+08:00][sql] SELECT `image`,`store_name`,`price`,`id`,`ot_price` FROM `eb_store_product` WHERE  `is_del` = 0  AND `is_show` = 1  AND `mer_id` = 0  AND `is_good` = 1 ORDER BY `sort` DESC,`id` DESC LIMIT 18 [ RunTime:0.003123s ]
[2020-03-10T16:41:29+08:00][sql] SELECT * FROM `eb_system_config` WHERE  `menu_name` = 'cache_config' LIMIT 1 [ RunTime:0.003258s ]
[2020-03-10T16:41:29+08:00][sql] SELECT * FROM `eb_system_config` WHERE  `menu_name` = 'cache_config' LIMIT 1 [ RunTime:0.003089s ]
[2020-03-10T16:41:30+08:00][sql] CONNECT:[ UseTime:0.005053s ] mysql:host=zy-ying123.mysql.rds.aliyuncs.com;port=3306;dbname=lungcare;charset=utf8
[2020-03-10T16:41:30+08:00][sql] SHOW FULL COLUMNS FROM `eb_user_token` [ RunTime:0.004143s ]
[2020-03-10T16:41:30+08:00][sql] SELECT * FROM `eb_user_token` WHERE  `token` IS NULL LIMIT 1 [ RunTime:0.002911s ]
[2020-03-10T16:42:01+08:00][info] [ VIEW ] /home/wwwroot/www/lungcare/public/index.html [ array (
) ]
[2020-03-10T16:42:39+08:00][info] [ VIEW ] /home/wwwroot/www/lungcare/public/index.html [ array (
) ]
[2020-03-10T16:42:40+08:00][info] [ VIEW ] /home/wwwroot/www/lungcare/public/index.html [ array (
) ]
[2020-03-10T16:43:01+08:00][info] [ VIEW ] /home/wwwroot/www/lungcare/public/index.html [ array (
) ]
[2020-03-10T16:52:52+08:00][info] [ VIEW ] /home/wwwroot/www/lungcare/public/index.html [ array (
) ]
[2020-03-10T16:52:52+08:00][info] [ VIEW ] /home/wwwroot/www/lungcare/public/index.html [ array (
) ]
[2020-03-10T16:52:52+08:00][info] [ VIEW ] /home/wwwroot/www/lungcare/public/index.html [ array (
) ]
[2020-03-10T16:52:52+08:00][info] [ VIEW ] /home/wwwroot/www/lungcare/public/index.html [ array (
) ]
[2020-03-10T16:52:52+08:00][info] [ VIEW ] /home/wwwroot/www/lungcare/public/index.html [ array (
) ]
[2020-03-10T16:52:52+08:00][info] [ VIEW ] /home/wwwroot/www/lungcare/public/index.html [ array (
) ]
[2020-03-10T16:52:53+08:00][info] [ VIEW ] /home/wwwroot/www/lungcare/public/index.html [ array (
) ]
[2020-03-10T16:52:53+08:00][info] [ VIEW ] /home/wwwroot/www/lungcare/public/index.html [ array (
) ]
[2020-03-10T16:58:12+08:00][info] [ VIEW ] /home/wwwroot/www/lungcare/public/index.html [ array (
) ]
[2020-03-10T17:16:32+08:00][info] [ VIEW ] /home/wwwroot/www/lungcare/public/index.html [ array (
) ]
[2020-03-10T17:16:32+08:00][info] [ VIEW ] /home/wwwroot/www/lungcare/public/index.html [ array (
) ]
[2020-03-10T17:16:32+08:00][info] [ VIEW ] /home/wwwroot/www/lungcare/public/index.html [ array (
) ]
[2020-03-10T17:16:32+08:00][info] [ VIEW ] /home/wwwroot/www/lungcare/public/index.html [ array (
) ]
[2020-03-10T17:16:33+08:00][info] [ VIEW ] /home/wwwroot/www/lungcare/public/index.html [ array (
) ]
[2020-03-10T17:17:07+08:00][info] [ VIEW ] /home/wwwroot/www/lungcare/public/index.html [ array (
) ]
[2020-03-10T17:18:12+08:00][info] [ VIEW ] /home/wwwroot/www/lungcare/public/index.html [ array (
) ]
[2020-03-10T17:18:12+08:00][info] [ VIEW ] /home/wwwroot/www/lungcare/public/index.html [ array (
) ]
[2020-03-10T17:18:12+08:00][info] [ VIEW ] /home/wwwroot/www/lungcare/public/index.html [ array (
) ]
[2020-03-10T17:18:12+08:00][info] [ VIEW ] /home/wwwroot/www/lungcare/public/index.html [ array (
) ]
[2020-03-10T17:29:31+08:00][info] [ VIEW ] /home/wwwroot/www/lungcare/public/index.html [ array (
) ]
[2020-03-10T18:03:03+08:00][info] [ VIEW ] /home/wwwroot/www/lungcare/public/index.html [ array (
) ]
[2020-03-10T18:56:12+08:00][info] [ VIEW ] /home/wwwroot/www/lungcare/public/index.html [ array (
) ]
[2020-03-10T19:04:54+08:00][info] [ VIEW ] /home/wwwroot/www/lungcare/public/index.html [ array (
) ]
[2020-03-10T19:04:54+08:00][info] [ VIEW ] /home/wwwroot/www/lungcare/public/index.html [ array (
) ]
[2020-03-10T19:19:41+08:00][info] [ VIEW ] /home/wwwroot/www/lungcare/public/index.html [ array (
) ]
[2020-03-10T19:39:54+08:00][info] [ VIEW ] /home/wwwroot/www/lungcare/public/index.html [ array (
) ]
[2020-03-10T19:39:57+08:00][info] [ VIEW ] /home/wwwroot/www/lungcare/public/index.html [ array (
) ]
[2020-03-10T19:40:04+08:00][info] [ VIEW ] /home/wwwroot/www/lungcare/public/index.html [ array (
) ]
[2020-03-10T20:50:11+08:00][info] [ VIEW ] /home/wwwroot/www/lungcare/public/index.html [ array (
) ]
[2020-03-10T21:05:22+08:00][info] [ VIEW ] /home/wwwroot/www/lungcare/public/index.html [ array (
) ]
[2020-03-10T21:55:24+08:00][info] [ VIEW ] /home/wwwroot/www/lungcare/public/index.html [ array (
) ]
[2020-03-10T22:18:07+08:00][info] [ VIEW ] /home/wwwroot/www/lungcare/public/index.html [ array (
) ]
[2020-03-10T23:00:06+08:00][info] [ VIEW ] /home/wwwroot/www/lungcare/public/index.html [ array (
) ]
[2020-03-10T23:18:10+08:00][info] [ VIEW ] /home/wwwroot/www/lungcare/public/index.html [ array (
) ]
[2020-03-10T23:27:40+08:00][info] [ VIEW ] /home/wwwroot/www/lungcare/public/index.html [ array (
) ]
[2020-03-10T23:45:34+08:00][info] [ VIEW ] /home/wwwroot/www/lungcare/public/index.html [ array (
) ]
[2020-03-10T23:45:35+08:00][info] [ VIEW ] /home/wwwroot/www/lungcare/public/index.html [ array (
) ]
