[2020-03-13T01:08:12+08:00][info] [ VIEW ] /home/wwwroot/www/lungcare/public/index.html [ array (
) ]
[2020-03-13T01:39:05+08:00][info] [ VIEW ] /home/wwwroot/www/lungcare/public/index.html [ array (
) ]
[2020-03-13T02:38:30+08:00][info] [ VIEW ] /home/wwwroot/www/lungcare/public/index.html [ array (
) ]
[2020-03-13T02:41:03+08:00][info] [ VIEW ] /home/wwwroot/www/lungcare/public/index.html [ array (
) ]
[2020-03-13T03:19:28+08:00][info] [ VIEW ] /home/wwwroot/www/lungcare/public/index.html [ array (
) ]
[2020-03-13T03:24:59+08:00][info] [ VIEW ] /home/wwwroot/www/lungcare/public/index.html [ array (
) ]
[2020-03-13T03:48:38+08:00][info] [ VIEW ] /home/wwwroot/www/lungcare/public/index.html [ array (
) ]
[2020-03-13T03:48:38+08:00][info] [ VIEW ] /home/wwwroot/www/lungcare/public/index.html [ array (
) ]
[2020-03-13T03:48:43+08:00][info] [ VIEW ] /home/wwwroot/www/lungcare/public/index.html [ array (
) ]
[2020-03-13T03:48:43+08:00][info] [ VIEW ] /home/wwwroot/www/lungcare/public/index.html [ array (
) ]
[2020-03-13T03:48:43+08:00][info] [ VIEW ] /home/wwwroot/www/lungcare/public/index.html [ array (
) ]
[2020-03-13T03:48:50+08:00][info] [ VIEW ] /home/wwwroot/www/lungcare/public/index.html [ array (
) ]
[2020-03-13T03:48:50+08:00][info] [ VIEW ] /home/wwwroot/www/lungcare/public/index.html [ array (
) ]
[2020-03-13T03:48:50+08:00][info] [ VIEW ] /home/wwwroot/www/lungcare/public/index.html [ array (
) ]
[2020-03-13T04:34:14+08:00][info] [ VIEW ] /home/wwwroot/www/lungcare/public/index.html [ array (
) ]
[2020-03-13T04:36:32+08:00][info] [ VIEW ] /home/wwwroot/www/lungcare/public/index.html [ array (
) ]
[2020-03-13T04:53:47+08:00][info] [ VIEW ] /home/wwwroot/www/lungcare/public/index.html [ array (
) ]
[2020-03-13T06:00:27+08:00][info] [ VIEW ] /home/wwwroot/www/lungcare/public/index.html [ array (
) ]
[2020-03-13T06:22:33+08:00][info] [ VIEW ] /home/wwwroot/www/lungcare/public/index.html [ array (
) ]
[2020-03-13T06:22:38+08:00][info] [ VIEW ] /home/wwwroot/www/lungcare/public/index.html [ array (
) ]
[2020-03-13T06:22:38+08:00][info] [ VIEW ] /home/wwwroot/www/lungcare/public/index.html [ array (
) ]
[2020-03-13T06:22:38+08:00][info] [ VIEW ] /home/wwwroot/www/lungcare/public/index.html [ array (
) ]
[2020-03-13T06:22:38+08:00][info] [ VIEW ] /home/wwwroot/www/lungcare/public/index.html [ array (
) ]
[2020-03-13T06:22:38+08:00][info] [ VIEW ] /home/wwwroot/www/lungcare/public/index.html [ array (
) ]
[2020-03-13T06:22:38+08:00][info] [ VIEW ] /home/wwwroot/www/lungcare/public/index.html [ array (
) ]
[2020-03-13T06:22:49+08:00][info] [ VIEW ] /home/wwwroot/www/lungcare/public/index.html [ array (
) ]
[2020-03-13T06:31:17+08:00][info] [ VIEW ] /home/wwwroot/www/lungcare/public/index.html [ array (
) ]
[2020-03-13T07:02:01+08:00][info] [ VIEW ] /home/wwwroot/www/lungcare/public/index.html [ array (
) ]
[2020-03-13T07:38:08+08:00][info] [ VIEW ] /home/wwwroot/www/lungcare/public/index.html [ array (
) ]
[2020-03-13T07:39:30+08:00][info] [ VIEW ] /home/wwwroot/www/lungcare/public/index.html [ array (
) ]
[2020-03-13T07:39:31+08:00][info] [ VIEW ] /home/wwwroot/www/lungcare/public/index.html [ array (
) ]
[2020-03-13T07:39:31+08:00][info] [ VIEW ] /home/wwwroot/www/lungcare/public/index.html [ array (
) ]
[2020-03-13T07:39:31+08:00][info] [ VIEW ] /home/wwwroot/www/lungcare/public/index.html [ array (
) ]
[2020-03-13T07:39:31+08:00][info] [ VIEW ] /home/wwwroot/www/lungcare/public/index.html [ array (
) ]
[2020-03-13T07:39:31+08:00][info] [ VIEW ] /home/wwwroot/www/lungcare/public/index.html [ array (
) ]
[2020-03-13T07:39:31+08:00][info] [ VIEW ] /home/wwwroot/www/lungcare/public/index.html [ array (
) ]
[2020-03-13T07:39:31+08:00][info] [ VIEW ] /home/wwwroot/www/lungcare/public/index.html [ array (
) ]
[2020-03-13T07:39:32+08:00][info] [ VIEW ] /home/wwwroot/www/lungcare/public/index.html [ array (
) ]
[2020-03-13T07:57:09+08:00][info] [ VIEW ] /home/wwwroot/www/lungcare/public/index.html [ array (
) ]
[2020-03-13T08:50:21+08:00][info] [ VIEW ] /home/wwwroot/www/lungcare/public/index.html [ array (
) ]
[2020-03-13T09:00:25+08:00][info] [ VIEW ] /home/wwwroot/www/lungcare/public/index.html [ array (
) ]
[2020-03-13T09:20:12+08:00][info] [ VIEW ] /home/wwwroot/www/lungcare/public/index.html [ array (
) ]
[2020-03-13T09:47:09+08:00][sql] CONNECT:[ UseTime:0.005252s ] mysql:host=zy-ying123.mysql.rds.aliyuncs.com;port=3306;dbname=lungcare;charset=utf8
[2020-03-13T09:47:09+08:00][sql] SHOW FULL COLUMNS FROM `eb_user_token` [ RunTime:0.004360s ]
[2020-03-13T09:47:09+08:00][sql] SELECT * FROM `eb_user_token` WHERE  `token` = 'eyJ0eXAiOiJKV1QiLCJhbGciOiJIUzI1NiJ9.eyJpc3MiOiJ3ZWkubHVuZ2NhcmUuc2hvcCIsImF1ZCI6IndlaS5sdW5nY2FyZS5zaG9wIiwiaWF0IjoxNTg0MDAzMjkzLCJuYmYiOjE1ODQwMDMyOTMsImV4cCI6MTU4NDAxNDA5MywianRpIjp7ImlkIjoxLCJ0eXBlIjoid2VjaGF0In19.qDfbleg6MYdevLA9hbvVPAnzt_5SK-oy6XI8fgScrOk' LIMIT 1 [ RunTime:0.003124s ]
[2020-03-13T09:47:09+08:00][sql] DELETE FROM `eb_user_token` WHERE  `id` = 188 [ RunTime:0.003065s ]
[2020-03-13T09:47:09+08:00][sql] CONNECT:[ UseTime:0.005239s ] mysql:host=zy-ying123.mysql.rds.aliyuncs.com;port=3306;dbname=lungcare;charset=utf8
[2020-03-13T09:47:09+08:00][sql] SHOW FULL COLUMNS FROM `eb_user_token` [ RunTime:0.004467s ]
[2020-03-13T09:47:09+08:00][sql] SELECT * FROM `eb_user_token` WHERE  `token` = 'eyJ0eXAiOiJKV1QiLCJhbGciOiJIUzI1NiJ9.eyJpc3MiOiJ3ZWkubHVuZ2NhcmUuc2hvcCIsImF1ZCI6IndlaS5sdW5nY2FyZS5zaG9wIiwiaWF0IjoxNTg0MDAzMjkzLCJuYmYiOjE1ODQwMDMyOTMsImV4cCI6MTU4NDAxNDA5MywianRpIjp7ImlkIjoxLCJ0eXBlIjoid2VjaGF0In19.qDfbleg6MYdevLA9hbvVPAnzt_5SK-oy6XI8fgScrOk' LIMIT 1 [ RunTime:0.003166s ]
[2020-03-13T09:47:09+08:00][sql] DELETE FROM `eb_user_token` WHERE  `id` = 188 [ RunTime:0.005079s ]
[2020-03-13T09:47:12+08:00][info] [ VIEW ] /home/wwwroot/www/lungcare/public/index.html [ array (
) ]
[2020-03-13T09:47:12+08:00][info] [ VIEW ] /home/wwwroot/www/lungcare/public/index.html [ array (
) ]
[2020-03-13T09:47:12+08:00][info] [ VIEW ] /home/wwwroot/www/lungcare/public/index.html [ array (
) ]
[2020-03-13T09:47:12+08:00][info] [ VIEW ] /home/wwwroot/www/lungcare/public/index.html [ array (
) ]
[2020-03-13T09:47:12+08:00][info] [ VIEW ] /home/wwwroot/www/lungcare/public/index.html [ array (
) ]
[2020-03-13T09:47:12+08:00][info] [ VIEW ] /home/wwwroot/www/lungcare/public/index.html [ array (
) ]
[2020-03-13T09:47:12+08:00][info] [ VIEW ] /home/wwwroot/www/lungcare/public/index.html [ array (
) ]
[2020-03-13T09:47:12+08:00][info] [ VIEW ] /home/wwwroot/www/lungcare/public/index.html [ array (
) ]
[2020-03-13T09:47:13+08:00][sql] CONNECT:[ UseTime:0.005694s ] mysql:host=zy-ying123.mysql.rds.aliyuncs.com;port=3306;dbname=lungcare;charset=utf8
[2020-03-13T09:47:13+08:00][sql] SHOW FULL COLUMNS FROM `eb_user_token` [ RunTime:0.004780s ]
[2020-03-13T09:47:13+08:00][sql] SELECT * FROM `eb_user_token` WHERE  `token` IS NULL LIMIT 1 [ RunTime:0.003323s ]
[2020-03-13T09:47:13+08:00][sql] SHOW FULL COLUMNS FROM `eb_system_config` [ RunTime:0.004497s ]
[2020-03-13T09:47:13+08:00][sql] SELECT * FROM `eb_system_config` WHERE  `menu_name` = 'cache_config' LIMIT 1 [ RunTime:0.003529s ]
[2020-03-13T09:47:13+08:00][sql] SELECT * FROM `eb_system_config` WHERE  `menu_name` = 'cache_config' LIMIT 1 [ RunTime:0.003470s ]
[2020-03-13T09:47:13+08:00][sql] SELECT * FROM `eb_system_config` WHERE  `menu_name` = 'cache_config' LIMIT 1 [ RunTime:0.003550s ]
[2020-03-13T09:47:13+08:00][sql] SELECT * FROM `eb_system_config` WHERE  `menu_name` = 'cache_config' LIMIT 1 [ RunTime:0.003448s ]
[2020-03-13T09:47:13+08:00][sql] CONNECT:[ UseTime:0.006372s ] mysql:host=zy-ying123.mysql.rds.aliyuncs.com;port=3306;dbname=lungcare;charset=utf8
[2020-03-13T09:47:13+08:00][sql] SHOW FULL COLUMNS FROM `eb_user_token` [ RunTime:0.005005s ]
[2020-03-13T09:47:13+08:00][sql] SELECT * FROM `eb_user_token` WHERE  `token` IS NULL LIMIT 1 [ RunTime:0.003729s ]
[2020-03-13T09:47:13+08:00][sql] SHOW FULL COLUMNS FROM `eb_system_config` [ RunTime:0.004873s ]
[2020-03-13T09:47:13+08:00][sql] SELECT `menu_name`,`value` FROM `eb_system_config` WHERE  `menu_name` IN ('wechat_appid','wechat_appsecret','wechat_token','wechat_encodingaeskey','wechat_encode') [ RunTime:0.003797s ]
[2020-03-13T09:47:13+08:00][sql] SELECT `menu_name`,`value` FROM `eb_system_config` WHERE  `menu_name` IN ('pay_weixin_mchid','pay_weixin_client_cert','pay_weixin_client_key','pay_weixin_key','pay_weixin_open') [ RunTime:0.003754s ]
[2020-03-13T09:47:13+08:00][sql] SELECT * FROM `eb_system_config` WHERE  `menu_name` = 'cache_config' LIMIT 1 [ RunTime:0.003810s ]
[2020-03-13T09:47:13+08:00][sql] CONNECT:[ UseTime:0.005630s ] mysql:host=zy-ying123.mysql.rds.aliyuncs.com;port=3306;dbname=lungcare;charset=utf8
[2020-03-13T09:47:13+08:00][sql] SHOW FULL COLUMNS FROM `eb_user_token` [ RunTime:0.004931s ]
[2020-03-13T09:47:13+08:00][sql] SELECT * FROM `eb_user_token` WHERE  `token` IS NULL LIMIT 1 [ RunTime:0.003375s ]
[2020-03-13T09:47:13+08:00][sql] SHOW FULL COLUMNS FROM `eb_system_config` [ RunTime:0.004686s ]
[2020-03-13T09:47:13+08:00][sql] SELECT `menu_name`,`value` FROM `eb_system_config` WHERE  `menu_name` IN ('wechat_appid','wechat_appsecret','wechat_token','wechat_encodingaeskey','wechat_encode') [ RunTime:0.003558s ]
[2020-03-13T09:47:13+08:00][sql] SELECT `menu_name`,`value` FROM `eb_system_config` WHERE  `menu_name` IN ('pay_weixin_mchid','pay_weixin_client_cert','pay_weixin_client_key','pay_weixin_key','pay_weixin_open') [ RunTime:0.003440s ]
[2020-03-13T09:47:13+08:00][sql] SELECT * FROM `eb_system_config` WHERE  `menu_name` = 'cache_config' LIMIT 1 [ RunTime:0.003524s ]
[2020-03-13T09:47:13+08:00][sql] CONNECT:[ UseTime:0.005771s ] mysql:host=zy-ying123.mysql.rds.aliyuncs.com;port=3306;dbname=lungcare;charset=utf8
[2020-03-13T09:47:13+08:00][sql] SHOW FULL COLUMNS FROM `eb_user_token` [ RunTime:0.004719s ]
[2020-03-13T09:47:13+08:00][sql] SELECT * FROM `eb_user_token` WHERE  `token` IS NULL LIMIT 1 [ RunTime:0.003483s ]
[2020-03-13T09:47:13+08:00][sql] SHOW FULL COLUMNS FROM `eb_system_config` [ RunTime:0.004662s ]
[2020-03-13T09:47:13+08:00][sql] SELECT `menu_name`,`value` FROM `eb_system_config` WHERE  `menu_name` IN ('wechat_appid','wechat_appsecret','wechat_token','wechat_encodingaeskey','wechat_encode') [ RunTime:0.003617s ]
[2020-03-13T09:47:13+08:00][sql] SELECT `menu_name`,`value` FROM `eb_system_config` WHERE  `menu_name` IN ('pay_weixin_mchid','pay_weixin_client_cert','pay_weixin_client_key','pay_weixin_key','pay_weixin_open') [ RunTime:0.003617s ]
[2020-03-13T09:47:13+08:00][sql] SELECT * FROM `eb_system_config` WHERE  `menu_name` = 'cache_config' LIMIT 1 [ RunTime:0.003595s ]
[2020-03-13T09:47:13+08:00][sql] SHOW FULL COLUMNS FROM `eb_wechat_user` [ RunTime:0.005716s ]
[2020-03-13T09:47:13+08:00][sql] SELECT COUNT(*) AS think_count FROM `eb_wechat_user` WHERE  `openid` = 'oGk8SuCa1Zq2JXQMcVGqCl4jg4m4' [ RunTime:0.003656s ]
[2020-03-13T09:47:13+08:00][sql] SHOW FULL COLUMNS FROM `eb_user` [ RunTime:0.005268s ]
[2020-03-13T09:47:13+08:00][sql] SELECT COUNT(*) AS think_count FROM `eb_user` WHERE  `uid` = 0 [ RunTime:0.003585s ]
[2020-03-13T09:47:13+08:00][sql] SELECT `uid` FROM `eb_wechat_user` WHERE  `openid` = 'oGk8SuCa1Zq2JXQMcVGqCl4jg4m4'  AND `user_type` <> 'h5' LIMIT 1 [ RunTime:0.003602s ]
[2020-03-13T09:47:13+08:00][sql] UPDATE `eb_wechat_user`  SET `openid` = 'oGk8SuCa1Zq2JXQMcVGqCl4jg4m4' , `nickname` = '羽毛' , `sex` = 1 , `language` = 'zh_CN' , `city` = '深圳' , `province` = '广东' , `country` = '中国' , `headimgurl` = 'http://thirdwx.qlogo.cn/mmopen/vi_32/Tru14xvlhQRiahBqxeuJO3wqGBznXgiaK7xXFK1E4HkiaThF8yia0afromnkdMuq8AdkD4bpZBKyB2LPCZqIsGXenQ/132'  WHERE  `uid` = 1 [ RunTime:0.003608s ]
[2020-03-13T09:47:13+08:00][sql] SELECT * FROM `eb_user` WHERE  `uid` = 1 LIMIT 1 [ RunTime:0.003752s ]
[2020-03-13T09:47:13+08:00][sql] SELECT * FROM `eb_system_config` WHERE  `menu_name` = 'cache_config' LIMIT 1 [ RunTime:0.003788s ]
[2020-03-13T09:47:13+08:00][sql] UPDATE `eb_user`  SET `nickname` = '羽毛' , `avatar` = 'http://thirdwx.qlogo.cn/mmopen/vi_32/Tru14xvlhQRiahBqxeuJO3wqGBznXgiaK7xXFK1E4HkiaThF8yia0afromnkdMuq8AdkD4bpZBKyB2LPCZqIsGXenQ/132' , `is_promoter` = 1 , `login_type` = '' , `spread_uid` = 0 , `spread_time` = 0 , `last_time` = 1584064033 , `last_ip` = '119.122.113.184'  WHERE  `uid` = 1 [ RunTime:0.003717s ]
[2020-03-13T09:47:13+08:00][sql] SELECT `uid` FROM `eb_wechat_user` WHERE  `openid` = 'oGk8SuCa1Zq2JXQMcVGqCl4jg4m4'  AND `user_type` <> 'h5' LIMIT 1 [ RunTime:0.003609s ]
[2020-03-13T09:47:13+08:00][sql] SELECT * FROM `eb_user` WHERE  `uid` = 1 LIMIT 1 [ RunTime:0.003695s ]
[2020-03-13T09:47:13+08:00][sql] UPDATE `eb_user`  SET `last_time` = 1584064033 , `last_ip` = '119.122.113.184'  WHERE  `uid` = 1  LIMIT 1 [ RunTime:0.003555s ]
[2020-03-13T09:47:13+08:00][sql] SELECT `uid` FROM `eb_wechat_user` WHERE  `openid` = 'oGk8SuCa1Zq2JXQMcVGqCl4jg4m4'  AND `user_type` <> 'h5' LIMIT 1 [ RunTime:0.003590s ]
[2020-03-13T09:47:13+08:00][sql] SELECT * FROM `eb_user` WHERE  `uid` = 1 LIMIT 1 [ RunTime:0.003712s ]
[2020-03-13T09:47:13+08:00][sql] INSERT INTO `eb_user_token` SET `uid` = 1 , `token` = 'eyJ0eXAiOiJKV1QiLCJhbGciOiJIUzI1NiJ9.eyJpc3MiOiJ3ZWkubHVuZ2NhcmUuc2hvcCIsImF1ZCI6IndlaS5sdW5nY2FyZS5zaG9wIiwiaWF0IjoxNTg0MDY0MDMzLCJuYmYiOjE1ODQwNjQwMzMsImV4cCI6MTU4NDA3NDgzMywianRpIjp7ImlkIjoxLCJ0eXBlIjoid2VjaGF0In19.8BCoyS988-S3Lyfa5rAeaGACyOErAepZRsyUB7PX5NU' , `expires_time` = '2020-03-13 12:47:13' , `create_time` = '2020-03-13 09:47:13.491620' , `login_ip` = '119.122.113.184' [ RunTime:0.003613s ]
[2020-03-13T09:47:13+08:00][sql] SELECT * FROM `eb_user` WHERE  `uid` = 1 LIMIT 1 [ RunTime:0.003653s ]
[2020-03-13T09:47:13+08:00][info] [ VIEW ] /home/wwwroot/www/lungcare/public/index.html [ array (
) ]
[2020-03-13T09:47:13+08:00][info] [ VIEW ] /home/wwwroot/www/lungcare/public/index.html [ array (
) ]
[2020-03-13T09:47:13+08:00][info] [ VIEW ] /home/wwwroot/www/lungcare/public/index.html [ array (
) ]
[2020-03-13T09:47:13+08:00][info] [ VIEW ] /home/wwwroot/www/lungcare/public/index.html [ array (
) ]
[2020-03-13T09:47:13+08:00][info] [ VIEW ] /home/wwwroot/www/lungcare/public/index.html [ array (
) ]
[2020-03-13T09:47:13+08:00][info] [ VIEW ] /home/wwwroot/www/lungcare/public/index.html [ array (
) ]
[2020-03-13T09:47:13+08:00][info] [ VIEW ] /home/wwwroot/www/lungcare/public/index.html [ array (
) ]
[2020-03-13T09:47:13+08:00][info] [ VIEW ] /home/wwwroot/www/lungcare/public/index.html [ array (
) ]
[2020-03-13T09:47:13+08:00][sql] CONNECT:[ UseTime:0.005135s ] mysql:host=zy-ying123.mysql.rds.aliyuncs.com;port=3306;dbname=lungcare;charset=utf8
[2020-03-13T09:47:13+08:00][sql] SHOW FULL COLUMNS FROM `eb_user_token` [ RunTime:0.004856s ]
[2020-03-13T09:47:13+08:00][sql] SELECT * FROM `eb_user_token` WHERE  `token` = 'eyJ0eXAiOiJKV1QiLCJhbGciOiJIUzI1NiJ9.eyJpc3MiOiJ3ZWkubHVuZ2NhcmUuc2hvcCIsImF1ZCI6IndlaS5sdW5nY2FyZS5zaG9wIiwiaWF0IjoxNTg0MDY0MDMzLCJuYmYiOjE1ODQwNjQwMzMsImV4cCI6MTU4NDA3NDgzMywianRpIjp7ImlkIjoxLCJ0eXBlIjoid2VjaGF0In19.8BCoyS988-S3Lyfa5rAeaGACyOErAepZRsyUB7PX5NU' LIMIT 1 [ RunTime:0.003157s ]
[2020-03-13T09:47:13+08:00][sql] SHOW FULL COLUMNS FROM `eb_user` [ RunTime:0.004664s ]
[2020-03-13T09:47:13+08:00][sql] SELECT * FROM `eb_user` WHERE  `uid` = 1 LIMIT 1 [ RunTime:0.003124s ]
[2020-03-13T09:47:13+08:00][sql] CONNECT:[ UseTime:0.004792s ] mysql:host=zy-ying123.mysql.rds.aliyuncs.com;port=3306;dbname=lungcare;charset=utf8
[2020-03-13T09:47:13+08:00][sql] SHOW FULL COLUMNS FROM `eb_user_token` [ RunTime:0.003905s ]
[2020-03-13T09:47:13+08:00][sql] SELECT * FROM `eb_user_token` WHERE  `token` = 'eyJ0eXAiOiJKV1QiLCJhbGciOiJIUzI1NiJ9.eyJpc3MiOiJ3ZWkubHVuZ2NhcmUuc2hvcCIsImF1ZCI6IndlaS5sdW5nY2FyZS5zaG9wIiwiaWF0IjoxNTg0MDY0MDMzLCJuYmYiOjE1ODQwNjQwMzMsImV4cCI6MTU4NDA3NDgzMywianRpIjp7ImlkIjoxLCJ0eXBlIjoid2VjaGF0In19.8BCoyS988-S3Lyfa5rAeaGACyOErAepZRsyUB7PX5NU' LIMIT 1 [ RunTime:0.002936s ]
[2020-03-13T09:47:13+08:00][sql] SHOW FULL COLUMNS FROM `eb_user` [ RunTime:0.004169s ]
[2020-03-13T09:47:13+08:00][sql] SELECT * FROM `eb_user` WHERE  `uid` = 1 LIMIT 1 [ RunTime:0.002993s ]
[2020-03-13T09:47:13+08:00][sql] SHOW FULL COLUMNS FROM `eb_system_config` [ RunTime:0.004016s ]
[2020-03-13T09:47:13+08:00][sql] SELECT `menu_name`,`value` FROM `eb_system_config` WHERE  `menu_name` IN ('wechat_appid','wechat_appsecret','wechat_token','wechat_encodingaeskey','wechat_encode') [ RunTime:0.002952s ]
[2020-03-13T09:47:13+08:00][sql] SELECT `menu_name`,`value` FROM `eb_system_config` WHERE  `menu_name` IN ('pay_weixin_mchid','pay_weixin_client_cert','pay_weixin_client_key','pay_weixin_key','pay_weixin_open') [ RunTime:0.002965s ]
[2020-03-13T09:47:13+08:00][sql] SELECT * FROM `eb_system_config` WHERE  `menu_name` = 'cache_config' LIMIT 1 [ RunTime:0.003049s ]
[2020-03-13T09:47:14+08:00][sql] CONNECT:[ UseTime:0.004908s ] mysql:host=zy-ying123.mysql.rds.aliyuncs.com;port=3306;dbname=lungcare;charset=utf8
[2020-03-13T09:47:14+08:00][sql] SHOW FULL COLUMNS FROM `eb_user_token` [ RunTime:0.004269s ]
[2020-03-13T09:47:14+08:00][sql] SELECT * FROM `eb_user_token` WHERE  `token` = 'eyJ0eXAiOiJKV1QiLCJhbGciOiJIUzI1NiJ9.eyJpc3MiOiJ3ZWkubHVuZ2NhcmUuc2hvcCIsImF1ZCI6IndlaS5sdW5nY2FyZS5zaG9wIiwiaWF0IjoxNTg0MDY0MDMzLCJuYmYiOjE1ODQwNjQwMzMsImV4cCI6MTU4NDA3NDgzMywianRpIjp7ImlkIjoxLCJ0eXBlIjoid2VjaGF0In19.8BCoyS988-S3Lyfa5rAeaGACyOErAepZRsyUB7PX5NU' LIMIT 1 [ RunTime:0.002956s ]
[2020-03-13T09:47:14+08:00][sql] SHOW FULL COLUMNS FROM `eb_user` [ RunTime:0.004381s ]
[2020-03-13T09:47:14+08:00][sql] SELECT * FROM `eb_user` WHERE  `uid` = 1 LIMIT 1 [ RunTime:0.003034s ]
[2020-03-13T09:47:14+08:00][sql] SHOW FULL COLUMNS FROM `eb_store_product` [ RunTime:0.004401s ]
[2020-03-13T09:47:14+08:00][sql] SELECT `id`,`image`,`store_name`,`cate_id`,`price`,`unit_name`,`ot_price` FROM `eb_store_product` WHERE  `is_hot` = 1  AND `is_del` = 0  AND `mer_id` = 0  AND `stock` > 0  AND `is_show` = 1 ORDER BY `sort` DESC,`id` DESC LIMIT 0,20 [ RunTime:0.003093s ]
[2020-03-13T09:47:14+08:00][sql] CONNECT:[ UseTime:0.005012s ] mysql:host=zy-ying123.mysql.rds.aliyuncs.com;port=3306;dbname=lungcare;charset=utf8
[2020-03-13T09:47:14+08:00][sql] SHOW FULL COLUMNS FROM `eb_user_token` [ RunTime:0.004015s ]
[2020-03-13T09:47:14+08:00][sql] SELECT * FROM `eb_user_token` WHERE  `token` = 'eyJ0eXAiOiJKV1QiLCJhbGciOiJIUzI1NiJ9.eyJpc3MiOiJ3ZWkubHVuZ2NhcmUuc2hvcCIsImF1ZCI6IndlaS5sdW5nY2FyZS5zaG9wIiwiaWF0IjoxNTg0MDY0MDMzLCJuYmYiOjE1ODQwNjQwMzMsImV4cCI6MTU4NDA3NDgzMywianRpIjp7ImlkIjoxLCJ0eXBlIjoid2VjaGF0In19.8BCoyS988-S3Lyfa5rAeaGACyOErAepZRsyUB7PX5NU' LIMIT 1 [ RunTime:0.003049s ]
[2020-03-13T09:47:14+08:00][sql] SHOW FULL COLUMNS FROM `eb_user` [ RunTime:0.004505s ]
[2020-03-13T09:47:14+08:00][sql] SELECT * FROM `eb_user` WHERE  `uid` = 1 LIMIT 1 [ RunTime:0.003171s ]
[2020-03-13T09:47:14+08:00][sql] SHOW FULL COLUMNS FROM `eb_store_cart` [ RunTime:0.004035s ]
[2020-03-13T09:47:14+08:00][sql] SELECT COUNT(*) AS think_count FROM `eb_store_cart` WHERE  `uid` = 1  AND `type` = 'product'  AND `is_pay` = 0  AND `is_del` = 0  AND `is_new` = 0 [ RunTime:0.003147s ]
[2020-03-13T09:47:14+08:00][sql] CONNECT:[ UseTime:0.005123s ] mysql:host=zy-ying123.mysql.rds.aliyuncs.com;port=3306;dbname=lungcare;charset=utf8
[2020-03-13T09:47:14+08:00][sql] SHOW FULL COLUMNS FROM `eb_user_token` [ RunTime:0.004452s ]
[2020-03-13T09:47:14+08:00][sql] SELECT * FROM `eb_user_token` WHERE  `token` = 'eyJ0eXAiOiJKV1QiLCJhbGciOiJIUzI1NiJ9.eyJpc3MiOiJ3ZWkubHVuZ2NhcmUuc2hvcCIsImF1ZCI6IndlaS5sdW5nY2FyZS5zaG9wIiwiaWF0IjoxNTg0MDY0MDMzLCJuYmYiOjE1ODQwNjQwMzMsImV4cCI6MTU4NDA3NDgzMywianRpIjp7ImlkIjoxLCJ0eXBlIjoid2VjaGF0In19.8BCoyS988-S3Lyfa5rAeaGACyOErAepZRsyUB7PX5NU' LIMIT 1 [ RunTime:0.003142s ]
[2020-03-13T09:47:14+08:00][sql] SHOW FULL COLUMNS FROM `eb_user` [ RunTime:0.004491s ]
[2020-03-13T09:47:14+08:00][sql] SELECT * FROM `eb_user` WHERE  `uid` = 1 LIMIT 1 [ RunTime:0.003175s ]
[2020-03-13T09:47:14+08:00][sql] SHOW FULL COLUMNS FROM `eb_store_cart` [ RunTime:0.004105s ]
[2020-03-13T09:47:14+08:00][sql] SELECT * FROM `eb_store_cart` WHERE  `uid` = 1  AND `type` = 'product'  AND `is_pay` = 0  AND `is_del` = 0  AND `is_new` = 0 ORDER BY `add_time` DESC [ RunTime:0.003192s ]
[2020-03-13T09:47:14+08:00][sql] CONNECT:[ UseTime:0.005923s ] mysql:host=zy-ying123.mysql.rds.aliyuncs.com;port=3306;dbname=lungcare;charset=utf8
[2020-03-13T09:47:14+08:00][sql] SHOW FULL COLUMNS FROM `eb_user_token` [ RunTime:0.004650s ]
[2020-03-13T09:47:14+08:00][sql] SELECT * FROM `eb_user_token` WHERE  `token` = 'eyJ0eXAiOiJKV1QiLCJhbGciOiJIUzI1NiJ9.eyJpc3MiOiJ3ZWkubHVuZ2NhcmUuc2hvcCIsImF1ZCI6IndlaS5sdW5nY2FyZS5zaG9wIiwiaWF0IjoxNTg0MDY0MDMzLCJuYmYiOjE1ODQwNjQwMzMsImV4cCI6MTU4NDA3NDgzMywianRpIjp7ImlkIjoxLCJ0eXBlIjoid2VjaGF0In19.8BCoyS988-S3Lyfa5rAeaGACyOErAepZRsyUB7PX5NU' LIMIT 1 [ RunTime:0.003702s ]
[2020-03-13T09:47:14+08:00][sql] SHOW FULL COLUMNS FROM `eb_user` [ RunTime:0.005137s ]
[2020-03-13T09:47:14+08:00][sql] SELECT * FROM `eb_user` WHERE  `uid` = 1 LIMIT 1 [ RunTime:0.003919s ]
[2020-03-13T09:47:14+08:00][sql] SHOW FULL COLUMNS FROM `eb_system_config` [ RunTime:0.004871s ]
[2020-03-13T09:47:14+08:00][sql] SELECT * FROM `eb_system_config` WHERE  `menu_name` = 'cache_config' LIMIT 1 [ RunTime:0.003856s ]
[2020-03-13T09:47:14+08:00][sql] SELECT * FROM `eb_system_config` WHERE  `menu_name` = 'cache_config' LIMIT 1 [ RunTime:0.003759s ]
[2020-03-13T09:47:14+08:00][sql] SELECT * FROM `eb_system_config` WHERE  `menu_name` = 'cache_config' LIMIT 1 [ RunTime:0.003815s ]
[2020-03-13T09:47:14+08:00][sql] SELECT * FROM `eb_system_config` WHERE  `menu_name` = 'cache_config' LIMIT 1 [ RunTime:0.003710s ]
[2020-03-13T09:47:14+08:00][sql] CONNECT:[ UseTime:0.004811s ] mysql:host=zy-ying123.mysql.rds.aliyuncs.com;port=3306;dbname=lungcare;charset=utf8
[2020-03-13T09:47:14+08:00][sql] SHOW FULL COLUMNS FROM `eb_user_token` [ RunTime:0.004206s ]
[2020-03-13T09:47:14+08:00][sql] SELECT * FROM `eb_user_token` WHERE  `token` = 'eyJ0eXAiOiJKV1QiLCJhbGciOiJIUzI1NiJ9.eyJpc3MiOiJ3ZWkubHVuZ2NhcmUuc2hvcCIsImF1ZCI6IndlaS5sdW5nY2FyZS5zaG9wIiwiaWF0IjoxNTg0MDY0MDMzLCJuYmYiOjE1ODQwNjQwMzMsImV4cCI6MTU4NDA3NDgzMywianRpIjp7ImlkIjoxLCJ0eXBlIjoid2VjaGF0In19.8BCoyS988-S3Lyfa5rAeaGACyOErAepZRsyUB7PX5NU' LIMIT 1 [ RunTime:0.002951s ]
[2020-03-13T09:47:14+08:00][sql] SHOW FULL COLUMNS FROM `eb_user` [ RunTime:0.004514s ]
[2020-03-13T09:47:14+08:00][sql] SELECT * FROM `eb_user` WHERE  `uid` = 1 LIMIT 1 [ RunTime:0.003002s ]
[2020-03-13T09:47:14+08:00][sql] SHOW FULL COLUMNS FROM `eb_system_config` [ RunTime:0.003998s ]
[2020-03-13T09:47:14+08:00][sql] SELECT `menu_name`,`value` FROM `eb_system_config` WHERE  `menu_name` IN ('wechat_appid','wechat_appsecret','wechat_token','wechat_encodingaeskey','wechat_encode') [ RunTime:0.003017s ]
[2020-03-13T09:47:14+08:00][sql] SELECT `menu_name`,`value` FROM `eb_system_config` WHERE  `menu_name` IN ('pay_weixin_mchid','pay_weixin_client_cert','pay_weixin_client_key','pay_weixin_key','pay_weixin_open') [ RunTime:0.003079s ]
[2020-03-13T09:47:14+08:00][sql] SELECT * FROM `eb_system_config` WHERE  `menu_name` = 'cache_config' LIMIT 1 [ RunTime:0.003221s ]
[2020-03-13T09:47:18+08:00][sql] CONNECT:[ UseTime:0.005844s ] mysql:host=zy-ying123.mysql.rds.aliyuncs.com;port=3306;dbname=lungcare;charset=utf8
[2020-03-13T09:47:18+08:00][sql] SHOW FULL COLUMNS FROM `eb_user_token` [ RunTime:0.004817s ]
[2020-03-13T09:47:18+08:00][sql] SELECT * FROM `eb_user_token` WHERE  `token` = 'eyJ0eXAiOiJKV1QiLCJhbGciOiJIUzI1NiJ9.eyJpc3MiOiJ3ZWkubHVuZ2NhcmUuc2hvcCIsImF1ZCI6IndlaS5sdW5nY2FyZS5zaG9wIiwiaWF0IjoxNTg0MDY0MDMzLCJuYmYiOjE1ODQwNjQwMzMsImV4cCI6MTU4NDA3NDgzMywianRpIjp7ImlkIjoxLCJ0eXBlIjoid2VjaGF0In19.8BCoyS988-S3Lyfa5rAeaGACyOErAepZRsyUB7PX5NU' LIMIT 1 [ RunTime:0.003612s ]
[2020-03-13T09:47:18+08:00][sql] SHOW FULL COLUMNS FROM `eb_user` [ RunTime:0.004825s ]
[2020-03-13T09:47:18+08:00][sql] SELECT * FROM `eb_user` WHERE  `uid` = 1 LIMIT 1 [ RunTime:0.003577s ]
[2020-03-13T09:47:18+08:00][sql] SHOW FULL COLUMNS FROM `eb_system_config` [ RunTime:0.004545s ]
[2020-03-13T09:47:18+08:00][sql] SELECT * FROM `eb_system_config` WHERE  `menu_name` = 'cache_config' LIMIT 1 [ RunTime:0.003571s ]
[2020-03-13T09:47:18+08:00][sql] SELECT * FROM `eb_system_config` WHERE  `menu_name` = 'cache_config' LIMIT 1 [ RunTime:0.003508s ]
[2020-03-13T09:47:18+08:00][sql] SELECT * FROM `eb_system_config` WHERE  `menu_name` = 'cache_config' LIMIT 1 [ RunTime:0.003648s ]
[2020-03-13T09:47:18+08:00][sql] SHOW FULL COLUMNS FROM `eb_store_service` [ RunTime:0.004377s ]
[2020-03-13T09:47:18+08:00][sql] SELECT COUNT(*) AS think_count FROM `eb_store_service` WHERE  `uid` = 1  AND `status` = 1  AND `customer` = 1 [ RunTime:0.003439s ]
[2020-03-13T09:47:18+08:00][sql] SELECT * FROM `eb_system_config` WHERE  `menu_name` = 'cache_config' LIMIT 1 [ RunTime:0.003581s ]
[2020-03-13T09:47:18+08:00][sql] SELECT COUNT(*) AS think_count FROM `eb_store_service` WHERE  `uid` = 1  AND `status` = 1  AND `customer` = 1 [ RunTime:0.003377s ]
[2020-03-13T09:47:18+08:00][sql] SELECT * FROM `eb_system_config` WHERE  `menu_name` = 'cache_config' LIMIT 1 [ RunTime:0.003556s ]
[2020-03-13T09:47:18+08:00][sql] SELECT * FROM `eb_system_config` WHERE  `menu_name` = 'cache_config' LIMIT 1 [ RunTime:0.003516s ]
[2020-03-13T09:47:18+08:00][sql] SELECT COUNT(*) AS think_count FROM `eb_store_service` WHERE  `uid` = 1  AND `status` = 1  AND `customer` = 1 [ RunTime:0.003402s ]
[2020-03-13T09:47:18+08:00][sql] SELECT * FROM `eb_system_config` WHERE  `menu_name` = 'cache_config' LIMIT 1 [ RunTime:0.004847s ]
[2020-03-13T09:47:18+08:00][sql] SELECT COUNT(*) AS think_count FROM `eb_store_service` WHERE  `uid` = 1  AND `status` = 1  AND `customer` = 1 [ RunTime:0.003456s ]
[2020-03-13T09:47:18+08:00][sql] SELECT * FROM `eb_system_config` WHERE  `menu_name` = 'cache_config' LIMIT 1 [ RunTime:0.003508s ]
[2020-03-13T09:47:18+08:00][sql] SELECT COUNT(*) AS think_count FROM `eb_store_service` WHERE  `uid` = 1  AND `status` = 1  AND `customer` = 1 [ RunTime:0.003469s ]
[2020-03-13T09:47:18+08:00][sql] SELECT * FROM `eb_system_config` WHERE  `menu_name` = 'cache_config' LIMIT 1 [ RunTime:0.003580s ]
[2020-03-13T09:47:18+08:00][sql] SELECT COUNT(*) AS think_count FROM `eb_store_service` WHERE  `uid` = 1  AND `status` = 1  AND `customer` = 1 [ RunTime:0.003361s ]
[2020-03-13T09:47:18+08:00][sql] SELECT * FROM `eb_system_config` WHERE  `menu_name` = 'cache_config' LIMIT 1 [ RunTime:0.003549s ]
[2020-03-13T09:47:18+08:00][sql] SELECT COUNT(*) AS think_count FROM `eb_store_service` WHERE  `uid` = 1  AND `status` = 1  AND `customer` = 1 [ RunTime:0.003381s ]
[2020-03-13T09:47:18+08:00][sql] SELECT * FROM `eb_system_config` WHERE  `menu_name` = 'cache_config' LIMIT 1 [ RunTime:0.003951s ]
[2020-03-13T09:47:18+08:00][sql] SELECT COUNT(*) AS think_count FROM `eb_store_service` WHERE  `uid` = 1  AND `status` = 1  AND `customer` = 1 [ RunTime:0.003400s ]
[2020-03-13T09:47:18+08:00][sql] SELECT COUNT(*) AS think_count FROM `eb_store_service` WHERE  `uid` = 1  AND `status` = 1  AND `customer` = 1 [ RunTime:0.003387s ]
[2020-03-13T09:47:18+08:00][sql] SELECT COUNT(*) AS think_count FROM `eb_store_service` WHERE  `uid` = 1  AND `status` = 1  AND `customer` = 1 [ RunTime:0.003437s ]
[2020-03-13T09:47:18+08:00][sql] SELECT * FROM `eb_system_config` WHERE  `menu_name` = 'cache_config' LIMIT 1 [ RunTime:0.003534s ]
[2020-03-13T09:47:18+08:00][sql] SELECT COUNT(*) AS think_count FROM `eb_store_service` WHERE  `uid` = 1  AND `status` = 1  AND `customer` = 1 [ RunTime:0.003364s ]
[2020-03-13T09:47:18+08:00][sql] CONNECT:[ UseTime:0.005902s ] mysql:host=zy-ying123.mysql.rds.aliyuncs.com;port=3306;dbname=lungcare;charset=utf8
[2020-03-13T09:47:18+08:00][sql] SHOW FULL COLUMNS FROM `eb_user_token` [ RunTime:0.005245s ]
[2020-03-13T09:47:18+08:00][sql] SELECT * FROM `eb_user_token` WHERE  `token` = 'eyJ0eXAiOiJKV1QiLCJhbGciOiJIUzI1NiJ9.eyJpc3MiOiJ3ZWkubHVuZ2NhcmUuc2hvcCIsImF1ZCI6IndlaS5sdW5nY2FyZS5zaG9wIiwiaWF0IjoxNTg0MDY0MDMzLCJuYmYiOjE1ODQwNjQwMzMsImV4cCI6MTU4NDA3NDgzMywianRpIjp7ImlkIjoxLCJ0eXBlIjoid2VjaGF0In19.8BCoyS988-S3Lyfa5rAeaGACyOErAepZRsyUB7PX5NU' LIMIT 1 [ RunTime:0.003706s ]
[2020-03-13T09:47:18+08:00][sql] SHOW FULL COLUMNS FROM `eb_user` [ RunTime:0.005189s ]
[2020-03-13T09:47:18+08:00][sql] SELECT * FROM `eb_user` WHERE  `uid` = 1 LIMIT 1 [ RunTime:0.003748s ]
[2020-03-13T09:47:18+08:00][sql] SHOW FULL COLUMNS FROM `eb_store_coupon_user` [ RunTime:0.004868s ]
[2020-03-13T09:47:18+08:00][sql] UPDATE `eb_store_coupon_user`  SET `status` = 2  WHERE  `end_time` < 1584064037  AND `status` = 0 [ RunTime:0.003570s ]
[2020-03-13T09:47:18+08:00][sql] SELECT COUNT(*) AS think_count FROM `eb_store_coupon_user` WHERE  `uid` = 1  AND `status` = 0 ORDER BY `is_fail` ASC,`status` ASC,`add_time` DESC [ RunTime:0.003597s ]
[2020-03-13T09:47:18+08:00][sql] SHOW FULL COLUMNS FROM `eb_store_product_relation` [ RunTime:0.004401s ]
[2020-03-13T09:47:18+08:00][sql] SELECT COUNT(*) AS think_count FROM `eb_store_product_relation` WHERE  `uid` = 1  AND `type` = 'collect' [ RunTime:0.003552s ]
[2020-03-13T09:47:18+08:00][sql] SHOW FULL COLUMNS FROM `eb_store_order` [ RunTime:0.005173s ]
[2020-03-13T09:47:18+08:00][sql] SELECT COUNT(*) AS think_count FROM `eb_store_order` WHERE  `is_del` = 0  AND `paid` = 1  AND `uid` = 1  AND `refund_status` = 0 [ RunTime:0.003589s ]
[2020-03-13T09:47:18+08:00][sql] SELECT SUM(`pay_price`) AS think_sum FROM `eb_store_order` WHERE  `is_del` = 0  AND `paid` = 1  AND `uid` = 1  AND `refund_status` = 0 [ RunTime:0.003705s ]
[2020-03-13T09:47:18+08:00][sql] SELECT COUNT(*) AS think_count FROM `eb_store_order` WHERE  `paid` = 0  AND `status` = 0  AND `refund_status` = 0  AND `is_del` = 0  AND `uid` = 1 [ RunTime:0.003658s ]
[2020-03-13T09:47:18+08:00][sql] SELECT COUNT(*) AS think_count FROM `eb_store_order` WHERE  `paid` = 1  AND `status` = 0  AND `refund_status` = 0  AND `is_del` = 0  AND `uid` = 1 [ RunTime:0.003626s ]
[2020-03-13T09:47:18+08:00][sql] SELECT COUNT(*) AS think_count FROM `eb_store_order` WHERE  `paid` = 1  AND `status` = 1  AND `refund_status` = 0  AND `is_del` = 0  AND `uid` = 1 [ RunTime:0.003614s ]
[2020-03-13T09:47:18+08:00][sql] SELECT COUNT(*) AS think_count FROM `eb_store_order` WHERE  `paid` = 1  AND `status` = 2  AND `refund_status` = 0  AND `is_del` = 0  AND `uid` = 1 [ RunTime:0.003564s ]
[2020-03-13T09:47:18+08:00][sql] SELECT COUNT(*) AS think_count FROM `eb_store_order` WHERE  `paid` = 1  AND `status` = 3  AND `refund_status` = 0  AND `is_del` = 0  AND `uid` = 1 [ RunTime:0.003572s ]
[2020-03-13T09:47:18+08:00][sql] SELECT COUNT(*) AS think_count FROM `eb_store_order` WHERE  `paid` = 1  AND `refund_status` = 1  AND `is_del` = 0  AND `uid` = 1 [ RunTime:0.003611s ]
[2020-03-13T09:47:18+08:00][sql] SHOW FULL COLUMNS FROM `eb_user_notice` [ RunTime:0.004769s ]
[2020-03-13T09:47:18+08:00][sql] SELECT COUNT(*) AS think_count FROM `eb_user_notice` WHERE  `uid` LIKE '%,1,%'  AND `is_send` = 1 [ RunTime:0.003602s ]
[2020-03-13T09:47:18+08:00][sql] SHOW FULL COLUMNS FROM `eb_user_notice_see` [ RunTime:0.004389s ]
[2020-03-13T09:47:18+08:00][sql] SELECT COUNT(*) AS think_count FROM `eb_user_notice_see` WHERE  `uid` = 1 [ RunTime:0.003506s ]
[2020-03-13T09:47:18+08:00][sql] SHOW FULL COLUMNS FROM `eb_user_bill` [ RunTime:0.005503s ]
[2020-03-13T09:47:18+08:00][sql] SELECT SUM(`number`) AS think_sum FROM `eb_user_bill` WHERE  `uid` = 1  AND `category` = 'now_money'  AND `type` = 'brokerage'  AND `pm` = 1  AND `status` = 1 [ RunTime:0.003720s ]
[2020-03-13T09:47:18+08:00][sql] SELECT SUM(`number`) AS think_sum FROM `eb_user_bill` WHERE  `uid` = 1  AND `category` = 'now_money'  AND `type` = 'recharge'  AND `pm` = 1  AND `status` = 1 [ RunTime:0.003571s ]
[2020-03-13T09:47:18+08:00][sql] SELECT SUM(`pay_price`) AS think_sum FROM `eb_store_order` WHERE  `uid` = 1  AND `is_del` = 0  AND `paid` = 1 [ RunTime:0.003530s ]
[2020-03-13T09:47:18+08:00][sql] SHOW FULL COLUMNS FROM `eb_user_extract` [ RunTime:0.004614s ]
[2020-03-13T09:47:18+08:00][sql] SELECT SUM(extract_price) FROM `eb_user_extract` WHERE  `uid` = 1  AND `status` = 1 LIMIT 1 [ RunTime:0.003588s ]
[2020-03-13T09:47:18+08:00][sql] SHOW FULL COLUMNS FROM `eb_system_config` [ RunTime:0.004722s ]
[2020-03-13T09:47:18+08:00][sql] SELECT * FROM `eb_system_config` WHERE  `menu_name` = 'cache_config' LIMIT 1 [ RunTime:0.003649s ]
[2020-03-13T09:47:18+08:00][sql] SELECT * FROM `eb_system_config` WHERE  `menu_name` = 'cache_config' LIMIT 1 [ RunTime:0.003668s ]
[2020-03-13T09:47:18+08:00][sql] SHOW FULL COLUMNS FROM `eb_user_level` [ RunTime:0.004594s ]
[2020-03-13T09:47:18+08:00][sql] SELECT `level_id`,`is_forever`,`valid_time`,`id`,`status`,`grade` FROM `eb_user_level` WHERE  `status` = 1  AND `is_del` = 0  AND `uid` = 1 ORDER BY `grade` DESC LIMIT 1 [ RunTime:0.003740s ]
[2020-03-13T09:47:18+08:00][sql] SELECT SUM(`number`) AS think_sum FROM `eb_user_bill` WHERE  `uid` = 1  AND `category` = 'now_money'  AND `type` = 'brokerage'  AND `pm` = 1  AND `status` = 1  AND `add_time` BETWEEN 1583942400 AND 1584028799 [ RunTime:0.003621s ]
[2020-03-13T09:47:18+08:00][sql] SELECT * FROM `eb_system_config` WHERE  `menu_name` = 'cache_config' LIMIT 1 [ RunTime:0.003677s ]
[2020-03-13T09:47:18+08:00][sql] SHOW FULL COLUMNS FROM `eb_store_service` [ RunTime:0.004534s ]
[2020-03-13T09:47:18+08:00][sql] SELECT COUNT(*) AS think_count FROM `eb_store_service` WHERE  `uid` = 1  AND `status` = 1  AND `customer` = 1 [ RunTime:0.003550s ]
[2020-03-13T10:37:08+08:00][info] [ VIEW ] /home/wwwroot/www/lungcare/public/index.html [ array (
) ]
[2020-03-13T10:40:53+08:00][info] [ VIEW ] /home/wwwroot/www/lungcare/public/index.html [ array (
) ]
[2020-03-13T10:50:03+08:00][info] [ VIEW ] /home/wwwroot/www/lungcare/public/index.html [ array (
) ]
[2020-03-13T10:51:00+08:00][info] [ VIEW ] /home/wwwroot/www/lungcare/public/index.html [ array (
) ]
[2020-03-13T11:19:54+08:00][info] [ VIEW ] /home/wwwroot/www/lungcare/public/index.html [ array (
) ]
[2020-03-13T12:31:50+08:00][info] [ VIEW ] /home/wwwroot/www/lungcare/public/index.html [ array (
) ]
[2020-03-13T12:42:37+08:00][info] [ VIEW ] /home/wwwroot/www/lungcare/public/index.html [ array (
) ]
[2020-03-13T12:42:40+08:00][info] [ VIEW ] /home/wwwroot/www/lungcare/public/index.html [ array (
) ]
[2020-03-13T14:31:55+08:00][info] [ VIEW ] /home/wwwroot/www/lungcare/public/index.html [ array (
) ]
[2020-03-13T14:37:13+08:00][info] [ VIEW ] /home/wwwroot/www/lungcare/public/index.html [ array (
) ]
[2020-03-13T14:49:39+08:00][info] [ VIEW ] /home/wwwroot/www/lungcare/public/index.html [ array (
) ]
[2020-03-13T14:56:28+08:00][info] [ VIEW ] /home/wwwroot/www/lungcare/public/index.html [ array (
) ]
[2020-03-13T15:15:41+08:00][info] [ VIEW ] /home/wwwroot/www/lungcare/public/index.html [ array (
) ]
[2020-03-13T15:15:47+08:00][info] [ VIEW ] /home/wwwroot/www/lungcare/public/index.html [ array (
) ]
[2020-03-13T15:15:48+08:00][info] [ VIEW ] /home/wwwroot/www/lungcare/public/index.html [ array (
) ]
[2020-03-13T15:15:49+08:00][info] [ VIEW ] /home/wwwroot/www/lungcare/public/index.html [ array (
) ]
[2020-03-13T15:15:53+08:00][info] [ VIEW ] /home/wwwroot/www/lungcare/public/index.html [ array (
) ]
[2020-03-13T15:40:55+08:00][info] [ VIEW ] /home/wwwroot/www/lungcare/public/index.html [ array (
) ]
[2020-03-13T15:42:46+08:00][info] [ VIEW ] /home/wwwroot/www/lungcare/public/index.html [ array (
) ]
[2020-03-13T16:12:48+08:00][info] [ VIEW ] /home/wwwroot/www/lungcare/public/index.html [ array (
) ]
[2020-03-13T18:14:25+08:00][info] [ VIEW ] /home/wwwroot/www/lungcare/public/index.html [ array (
) ]
[2020-03-13T20:15:14+08:00][info] [ VIEW ] /home/wwwroot/www/lungcare/public/index.html [ array (
) ]
[2020-03-13T20:15:35+08:00][info] [ VIEW ] /home/wwwroot/www/lungcare/public/index.html [ array (
) ]
[2020-03-13T20:33:26+08:00][info] [ VIEW ] /home/wwwroot/www/lungcare/public/index.html [ array (
) ]
[2020-03-13T20:54:31+08:00][info] [ VIEW ] /home/wwwroot/www/lungcare/public/index.html [ array (
) ]
[2020-03-13T21:19:26+08:00][info] [ VIEW ] /home/wwwroot/www/lungcare/public/index.html [ array (
) ]
[2020-03-13T22:17:53+08:00][info] [ VIEW ] /home/wwwroot/www/lungcare/public/index.html [ array (
) ]
[2020-03-13T23:11:44+08:00][info] [ VIEW ] /home/wwwroot/www/lungcare/public/index.html [ array (
) ]
[2020-03-13T23:12:05+08:00][info] [ VIEW ] /home/wwwroot/www/lungcare/public/index.html [ array (
) ]
[2020-03-13T23:12:05+08:00][info] [ VIEW ] /home/wwwroot/www/lungcare/public/index.html [ array (
) ]
[2020-03-13T23:12:05+08:00][info] [ VIEW ] /home/wwwroot/www/lungcare/public/index.html [ array (
) ]
[2020-03-13T23:12:05+08:00][info] [ VIEW ] /home/wwwroot/www/lungcare/public/index.html [ array (
) ]
[2020-03-13T23:12:05+08:00][info] [ VIEW ] /home/wwwroot/www/lungcare/public/index.html [ array (
) ]
[2020-03-13T23:12:39+08:00][info] [ VIEW ] /home/wwwroot/www/lungcare/public/index.html [ array (
) ]
[2020-03-13T23:12:39+08:00][info] [ VIEW ] /home/wwwroot/www/lungcare/public/index.html [ array (
) ]
[2020-03-13T23:33:10+08:00][info] [ VIEW ] /home/wwwroot/www/lungcare/public/index.html [ array (
) ]
[2020-03-13T23:38:04+08:00][info] [ VIEW ] /home/wwwroot/www/lungcare/public/index.html [ array (
) ]
