[2020-03-19T00:03:13+08:00][info] [ VIEW ] /home/wwwroot/www/lungcare/public/index.html [ array (
) ]
[2020-03-19T00:09:44+08:00][info] [ VIEW ] /home/wwwroot/www/lungcare/public/index.html [ array (
) ]
[2020-03-19T00:39:17+08:00][info] [ VIEW ] /home/wwwroot/www/lungcare/public/index.html [ array (
) ]
[2020-03-19T00:39:30+08:00][info] [ VIEW ] /home/wwwroot/www/lungcare/public/index.html [ array (
) ]
[2020-03-19T01:00:40+08:00][info] [ VIEW ] /home/wwwroot/www/lungcare/public/index.html [ array (
) ]
[2020-03-19T01:32:48+08:00][info] [ VIEW ] /home/wwwroot/www/lungcare/public/index.html [ array (
) ]
[2020-03-19T01:49:28+08:00][info] [ VIEW ] /home/wwwroot/www/lungcare/public/index.html [ array (
) ]
[2020-03-19T01:52:13+08:00][info] [ VIEW ] /home/wwwroot/www/lungcare/public/index.html [ array (
) ]
[2020-03-19T01:54:02+08:00][info] [ VIEW ] /home/wwwroot/www/lungcare/public/index.html [ array (
) ]
[2020-03-19T02:03:30+08:00][info] [ VIEW ] /home/wwwroot/www/lungcare/public/index.html [ array (
) ]
[2020-03-19T02:03:34+08:00][info] [ VIEW ] /home/wwwroot/www/lungcare/public/index.html [ array (
) ]
[2020-03-19T02:34:31+08:00][info] [ VIEW ] /home/wwwroot/www/lungcare/public/index.html [ array (
) ]
[2020-03-19T02:35:41+08:00][info] [ VIEW ] /home/wwwroot/www/lungcare/public/index.html [ array (
) ]
[2020-03-19T02:42:30+08:00][info] [ VIEW ] /home/wwwroot/www/lungcare/public/index.html [ array (
) ]
[2020-03-19T02:49:00+08:00][info] [ VIEW ] /home/wwwroot/www/lungcare/public/index.html [ array (
) ]
[2020-03-19T03:07:08+08:00][info] [ VIEW ] /home/wwwroot/www/lungcare/public/index.html [ array (
) ]
[2020-03-19T03:19:55+08:00][info] [ VIEW ] /home/wwwroot/www/lungcare/public/index.html [ array (
) ]
[2020-03-19T03:23:04+08:00][info] [ VIEW ] /home/wwwroot/www/lungcare/public/index.html [ array (
) ]
[2020-03-19T03:25:17+08:00][info] [ VIEW ] /home/wwwroot/www/lungcare/public/index.html [ array (
) ]
[2020-03-19T03:29:46+08:00][info] [ VIEW ] /home/wwwroot/www/lungcare/public/index.html [ array (
) ]
[2020-03-19T03:55:30+08:00][info] [ VIEW ] /home/wwwroot/www/lungcare/public/index.html [ array (
) ]
[2020-03-19T04:16:19+08:00][info] [ VIEW ] /home/wwwroot/www/lungcare/public/index.html [ array (
) ]
[2020-03-19T04:19:05+08:00][info] [ VIEW ] /home/wwwroot/www/lungcare/public/index.html [ array (
) ]
[2020-03-19T04:31:59+08:00][info] [ VIEW ] /home/wwwroot/www/lungcare/public/index.html [ array (
) ]
[2020-03-19T04:38:15+08:00][info] [ VIEW ] /home/wwwroot/www/lungcare/public/index.html [ array (
) ]
[2020-03-19T04:59:59+08:00][info] [ VIEW ] /home/wwwroot/www/lungcare/public/index.html [ array (
) ]
[2020-03-19T05:00:24+08:00][info] [ VIEW ] /home/wwwroot/www/lungcare/public/index.html [ array (
) ]
[2020-03-19T05:02:50+08:00][info] [ VIEW ] /home/wwwroot/www/lungcare/public/index.html [ array (
) ]
[2020-03-19T05:18:51+08:00][info] [ VIEW ] /home/wwwroot/www/lungcare/public/index.html [ array (
) ]
[2020-03-19T05:18:51+08:00][info] [ VIEW ] /home/wwwroot/www/lungcare/public/index.html [ array (
) ]
[2020-03-19T05:18:51+08:00][info] [ VIEW ] /home/wwwroot/www/lungcare/public/index.html [ array (
) ]
[2020-03-19T05:18:51+08:00][info] [ VIEW ] /home/wwwroot/www/lungcare/public/index.html [ array (
) ]
[2020-03-19T05:18:53+08:00][sql] CONNECT:[ UseTime:0.005641s ] mysql:host=zy-ying123.mysql.rds.aliyuncs.com;port=3306;dbname=lungcare;charset=utf8
[2020-03-19T05:18:53+08:00][sql] SHOW FULL COLUMNS FROM `eb_user_token` [ RunTime:0.004999s ]
[2020-03-19T05:18:53+08:00][sql] SELECT * FROM `eb_user_token` WHERE  `token` IS NULL LIMIT 1 [ RunTime:0.003172s ]
[2020-03-19T05:18:53+08:00][sql] SHOW FULL COLUMNS FROM `eb_system_config` [ RunTime:0.004845s ]
[2020-03-19T05:18:53+08:00][sql] SELECT * FROM `eb_system_config` WHERE  `menu_name` = 'cache_config' LIMIT 1 [ RunTime:0.003402s ]
[2020-03-19T05:18:53+08:00][sql] SELECT * FROM `eb_system_config` WHERE  `menu_name` = 'cache_config' LIMIT 1 [ RunTime:0.003422s ]
[2020-03-19T05:18:53+08:00][info] [ VIEW ] /home/wwwroot/www/lungcare/public/index.html [ array (
) ]
[2020-03-19T05:18:53+08:00][sql] CONNECT:[ UseTime:0.005744s ] mysql:host=zy-ying123.mysql.rds.aliyuncs.com;port=3306;dbname=lungcare;charset=utf8
[2020-03-19T05:18:53+08:00][sql] SHOW FULL COLUMNS FROM `eb_user_token` [ RunTime:0.004614s ]
[2020-03-19T05:18:53+08:00][sql] SELECT * FROM `eb_user_token` WHERE  `token` IS NULL LIMIT 1 [ RunTime:0.003270s ]
[2020-03-19T05:18:53+08:00][sql] SHOW FULL COLUMNS FROM `eb_system_config` [ RunTime:0.004402s ]
[2020-03-19T05:18:53+08:00][sql] SELECT * FROM `eb_system_config` WHERE  `menu_name` = 'cache_config' LIMIT 1 [ RunTime:0.003485s ]
[2020-03-19T05:18:53+08:00][sql] SELECT * FROM `eb_system_config` WHERE  `menu_name` = 'cache_config' LIMIT 1 [ RunTime:0.003450s ]
[2020-03-19T05:18:53+08:00][sql] SELECT * FROM `eb_system_config` WHERE  `menu_name` = 'cache_config' LIMIT 1 [ RunTime:0.003470s ]
[2020-03-19T05:18:53+08:00][sql] SELECT * FROM `eb_system_config` WHERE  `menu_name` = 'cache_config' LIMIT 1 [ RunTime:0.003418s ]
[2020-03-19T05:18:53+08:00][sql] SELECT * FROM `eb_system_config` WHERE  `menu_name` = 'cache_config' LIMIT 1 [ RunTime:0.003480s ]
[2020-03-19T05:18:53+08:00][sql] SELECT * FROM `eb_system_config` WHERE  `menu_name` = 'cache_config' LIMIT 1 [ RunTime:0.003422s ]
[2020-03-19T05:18:53+08:00][sql] SELECT * FROM `eb_system_config` WHERE  `menu_name` = 'cache_config' LIMIT 1 [ RunTime:0.003502s ]
[2020-03-19T05:18:53+08:00][sql] SHOW FULL COLUMNS FROM `eb_store_category` [ RunTime:0.004311s ]
[2020-03-19T05:18:53+08:00][sql] SELECT `id`,`cate_name`,`pid`,`pic` FROM `eb_store_category` WHERE  `pid` > 0  AND `is_show` = 1 ORDER BY `sort` DESC LIMIT 10 [ RunTime:0.003371s ]
[2020-03-19T05:18:53+08:00][sql] SHOW FULL COLUMNS FROM `eb_store_product` [ RunTime:0.004702s ]
[2020-03-19T05:18:53+08:00][sql] SELECT id,image,store_name,cate_id,price,ot_price,IFNULL(sales,0) + IFNULL(ficti,0) as sales,unit_name FROM `eb_store_product` WHERE  `is_best` = 1  AND `is_del` = 0  AND `mer_id` = 0  AND `stock` > 0  AND `is_show` = 1 ORDER BY `sort` DESC,`id` DESC LIMIT 10 [ RunTime:0.003478s ]
[2020-03-19T05:18:53+08:00][sql] SELECT * FROM `eb_system_config` WHERE  `menu_name` = 'cache_config' LIMIT 1 [ RunTime:0.003550s ]
[2020-03-19T05:18:53+08:00][sql] SHOW FULL COLUMNS FROM `eb_user_level` [ RunTime:0.004343s ]
[2020-03-19T05:18:53+08:00][sql] SELECT `level_id`,`is_forever`,`valid_time`,`id`,`status`,`grade` FROM `eb_user_level` WHERE  `status` = 1  AND `is_del` = 0  AND `uid` = 0 ORDER BY `grade` DESC LIMIT 1 [ RunTime:0.003354s ]
[2020-03-19T05:18:53+08:00][sql] SHOW FULL COLUMNS FROM `eb_system_user_level` [ RunTime:0.004371s ]
[2020-03-19T05:18:53+08:00][sql] SELECT `discount` FROM `eb_system_user_level` WHERE  `is_show` = 1  AND `is_del` = 0 ORDER BY `grade` ASC LIMIT 1 [ RunTime:0.003303s ]
[2020-03-19T05:18:53+08:00][sql] SELECT id,image,store_name,cate_id,price,unit_name,IFNULL(sales,0) + IFNULL(ficti,0) as sales FROM `eb_store_product` WHERE  `is_new` = 1  AND `is_del` = 0  AND `mer_id` = 0  AND `stock` > 0  AND `is_show` = 1 ORDER BY `sort` DESC,`id` DESC LIMIT 10 [ RunTime:0.003482s ]
[2020-03-19T05:18:53+08:00][sql] SELECT * FROM `eb_system_config` WHERE  `menu_name` = 'cache_config' LIMIT 1 [ RunTime:0.003457s ]
[2020-03-19T05:18:53+08:00][sql] SELECT `level_id`,`is_forever`,`valid_time`,`id`,`status`,`grade` FROM `eb_user_level` WHERE  `status` = 1  AND `is_del` = 0  AND `uid` = 0 ORDER BY `grade` DESC LIMIT 1 [ RunTime:0.003315s ]
[2020-03-19T05:18:53+08:00][sql] SELECT `discount` FROM `eb_system_user_level` WHERE  `is_show` = 1  AND `is_del` = 0 ORDER BY `grade` ASC LIMIT 1 [ RunTime:0.003314s ]
[2020-03-19T05:18:53+08:00][sql] SELECT * FROM `eb_system_config` WHERE  `menu_name` = 'cache_config' LIMIT 1 [ RunTime:0.003397s ]
[2020-03-19T05:18:53+08:00][sql] SELECT `id`,`image`,`store_name`,`cate_id`,`price`,`ot_price`,`stock`,`unit_name` FROM `eb_store_product` WHERE  `is_benefit` = 1  AND `is_del` = 0  AND `mer_id` = 0  AND `stock` > 0  AND `is_show` = 1 ORDER BY `sort` DESC,`id` DESC LIMIT 3 [ RunTime:0.003476s ]
[2020-03-19T05:18:53+08:00][sql] SELECT * FROM `eb_system_config` WHERE  `menu_name` = 'cache_config' LIMIT 1 [ RunTime:0.003395s ]
[2020-03-19T05:18:53+08:00][sql] SELECT `id`,`image`,`store_name`,`cate_id`,`price`,`unit_name` FROM `eb_store_product` WHERE  `is_hot` = 1  AND `is_del` = 0  AND `mer_id` = 0  AND `stock` > 0  AND `is_show` = 1 ORDER BY `sort` DESC,`id` DESC LIMIT 3 [ RunTime:0.003383s ]
[2020-03-19T05:18:53+08:00][sql] SELECT * FROM `eb_system_config` WHERE  `menu_name` = 'cache_config' LIMIT 1 [ RunTime:0.003400s ]
[2020-03-19T05:18:53+08:00][sql] SELECT `level_id`,`is_forever`,`valid_time`,`id`,`status`,`grade` FROM `eb_user_level` WHERE  `status` = 1  AND `is_del` = 0  AND `uid` = 0 ORDER BY `grade` DESC LIMIT 1 [ RunTime:0.003328s ]
[2020-03-19T05:18:53+08:00][sql] SELECT `discount` FROM `eb_system_user_level` WHERE  `is_show` = 1  AND `is_del` = 0 ORDER BY `grade` ASC LIMIT 1 [ RunTime:0.003288s ]
[2020-03-19T05:18:53+08:00][sql] SHOW FULL COLUMNS FROM `eb_store_coupon_issue` [ RunTime:0.004622s ]
[2020-03-19T05:18:53+08:00][sql] SELECT `A`.*,`B`.`coupon_price`,`B`.`use_min_price` FROM `eb_store_coupon_issue` `A` INNER JOIN `eb_store_coupon` `B` ON `A`.`cid`=`B`.`id` WHERE  `A`.`status` = 1  AND (  (  `A`.`start_time` < 1584566333  AND `A`.`end_time` > 1584566333 ) OR (  `A`.`start_time` = 0  AND `A`.`end_time` = 0 ) )  AND `A`.`is_del` = 0  AND ( A.remain_count > 0 OR A.is_permanent = 1 ) ORDER BY `B`.`sort` DESC,`A`.`id` DESC LIMIT 3 [ RunTime:0.003574s ]
[2020-03-19T05:18:53+08:00][sql] SHOW FULL COLUMNS FROM `eb_wechat_user` [ RunTime:0.004686s ]
[2020-03-19T05:18:53+08:00][sql] SELECT `subscribe` FROM `eb_wechat_user` WHERE  `uid` = 0 LIMIT 1 [ RunTime:0.003295s ]
[2020-03-19T05:18:53+08:00][sql] SELECT * FROM `eb_system_config` WHERE  `menu_name` = 'cache_config' LIMIT 1 [ RunTime:0.003549s ]
[2020-03-19T05:18:54+08:00][info] [ VIEW ] /home/wwwroot/www/lungcare/public/index.html [ array (
) ]
[2020-03-19T05:18:55+08:00][info] [ VIEW ] /home/wwwroot/www/lungcare/public/index.html [ array (
) ]
[2020-03-19T05:25:04+08:00][info] [ VIEW ] /home/wwwroot/www/lungcare/public/index.html [ array (
) ]
[2020-03-19T05:48:04+08:00][info] [ VIEW ] /home/wwwroot/www/lungcare/public/index.html [ array (
) ]
[2020-03-19T05:49:27+08:00][info] [ VIEW ] /home/wwwroot/www/lungcare/public/index.html [ array (
) ]
[2020-03-19T06:03:28+08:00][info] [ VIEW ] /home/wwwroot/www/lungcare/public/index.html [ array (
) ]
[2020-03-19T06:16:03+08:00][info] [ VIEW ] /home/wwwroot/www/lungcare/public/index.html [ array (
) ]
[2020-03-19T06:19:01+08:00][info] [ VIEW ] /home/wwwroot/www/lungcare/public/index.html [ array (
) ]
[2020-03-19T06:36:03+08:00][info] [ VIEW ] /home/wwwroot/www/lungcare/public/index.html [ array (
) ]
[2020-03-19T06:43:55+08:00][info] [ VIEW ] /home/wwwroot/www/lungcare/public/index.html [ array (
) ]
[2020-03-19T07:22:41+08:00][info] [ VIEW ] /home/wwwroot/www/lungcare/public/index.html [ array (
) ]
[2020-03-19T07:23:08+08:00][info] [ VIEW ] /home/wwwroot/www/lungcare/public/index.html [ array (
) ]
[2020-03-19T07:29:30+08:00][info] [ VIEW ] /home/wwwroot/www/lungcare/public/index.html [ array (
) ]
[2020-03-19T08:09:40+08:00][info] [ VIEW ] /home/wwwroot/www/lungcare/public/index.html [ array (
) ]
[2020-03-19T08:25:09+08:00][info] [ VIEW ] /home/wwwroot/www/lungcare/public/index.html [ array (
) ]
[2020-03-19T08:29:29+08:00][info] [ VIEW ] /home/wwwroot/www/lungcare/public/index.html [ array (
) ]
[2020-03-19T08:57:01+08:00][info] [ VIEW ] /home/wwwroot/www/lungcare/public/index.html [ array (
) ]
[2020-03-19T09:37:16+08:00][info] [ VIEW ] /home/wwwroot/www/lungcare/public/index.html [ array (
) ]
[2020-03-19T09:45:37+08:00][info] [ VIEW ] /home/wwwroot/www/lungcare/public/index.html [ array (
) ]
[2020-03-19T09:45:57+08:00][info] [ VIEW ] /home/wwwroot/www/lungcare/public/index.html [ array (
) ]
[2020-03-19T10:35:00+08:00][info] [ VIEW ] /home/wwwroot/www/lungcare/public/index.html [ array (
) ]
[2020-03-19T10:43:49+08:00][info] [ VIEW ] /home/wwwroot/www/lungcare/public/index.html [ array (
) ]
[2020-03-19T11:10:00+08:00][info] [ VIEW ] /home/wwwroot/www/lungcare/app/admin/view/login/index.php [ array (
) ]
[2020-03-19T11:11:05+08:00][info] [ VIEW ] /home/wwwroot/www/lungcare/app/admin/view/login/index.php [ array (
) ]
[2020-03-19T11:27:41+08:00][info] [ VIEW ] /home/wwwroot/www/lungcare/public/index.html [ array (
) ]
[2020-03-19T11:31:38+08:00][info] [ VIEW ] /home/wwwroot/www/lungcare/public/index.html [ array (
) ]
[2020-03-19T11:37:58+08:00][info] [ VIEW ] /home/wwwroot/www/lungcare/public/index.html [ array (
) ]
[2020-03-19T11:38:00+08:00][info] [ VIEW ] /home/wwwroot/www/lungcare/public/index.html [ array (
) ]
[2020-03-19T12:15:06+08:00][info] [ VIEW ] /home/wwwroot/www/lungcare/public/index.html [ array (
) ]
[2020-03-19T12:19:19+08:00][info] [ VIEW ] /home/wwwroot/www/lungcare/public/index.html [ array (
) ]
[2020-03-19T12:31:14+08:00][info] [ VIEW ] /home/wwwroot/www/lungcare/public/index.html [ array (
) ]
[2020-03-19T12:55:43+08:00][info] [ VIEW ] /home/wwwroot/www/lungcare/public/index.html [ array (
) ]
[2020-03-19T13:12:43+08:00][info] [ VIEW ] /home/wwwroot/www/lungcare/public/index.html [ array (
) ]
[2020-03-19T13:26:55+08:00][info] [ VIEW ] /home/wwwroot/www/lungcare/public/index.html [ array (
) ]
[2020-03-19T13:26:55+08:00][info] [ VIEW ] /home/wwwroot/www/lungcare/public/index.html [ array (
) ]
[2020-03-19T13:26:55+08:00][info] [ VIEW ] /home/wwwroot/www/lungcare/public/index.html [ array (
) ]
[2020-03-19T13:26:55+08:00][info] [ VIEW ] /home/wwwroot/www/lungcare/public/index.html [ array (
) ]
[2020-03-19T13:26:56+08:00][info] [ VIEW ] /home/wwwroot/www/lungcare/public/index.html [ array (
) ]
[2020-03-19T13:26:56+08:00][sql] CONNECT:[ UseTime:0.005556s ] mysql:host=zy-ying123.mysql.rds.aliyuncs.com;port=3306;dbname=lungcare;charset=utf8
[2020-03-19T13:26:56+08:00][sql] SHOW FULL COLUMNS FROM `eb_user_token` [ RunTime:0.004424s ]
[2020-03-19T13:26:56+08:00][sql] SELECT * FROM `eb_user_token` WHERE  `token` IS NULL LIMIT 1 [ RunTime:0.003268s ]
[2020-03-19T13:26:56+08:00][sql] SHOW FULL COLUMNS FROM `eb_system_config` [ RunTime:0.004432s ]
[2020-03-19T13:26:56+08:00][sql] SELECT * FROM `eb_system_config` WHERE  `menu_name` = 'cache_config' LIMIT 1 [ RunTime:0.003451s ]
[2020-03-19T13:26:56+08:00][sql] SELECT * FROM `eb_system_config` WHERE  `menu_name` = 'cache_config' LIMIT 1 [ RunTime:0.003448s ]
[2020-03-19T13:26:56+08:00][sql] CONNECT:[ UseTime:0.005749s ] mysql:host=zy-ying123.mysql.rds.aliyuncs.com;port=3306;dbname=lungcare;charset=utf8
[2020-03-19T13:26:56+08:00][sql] SHOW FULL COLUMNS FROM `eb_user_token` [ RunTime:0.004687s ]
[2020-03-19T13:26:56+08:00][sql] SELECT * FROM `eb_user_token` WHERE  `token` IS NULL LIMIT 1 [ RunTime:0.003193s ]
[2020-03-19T13:26:56+08:00][sql] SHOW FULL COLUMNS FROM `eb_system_config` [ RunTime:0.004310s ]
[2020-03-19T13:26:56+08:00][sql] SELECT * FROM `eb_system_config` WHERE  `menu_name` = 'cache_config' LIMIT 1 [ RunTime:0.003427s ]
[2020-03-19T13:26:56+08:00][sql] SELECT * FROM `eb_system_config` WHERE  `menu_name` = 'cache_config' LIMIT 1 [ RunTime:0.003358s ]
[2020-03-19T13:26:56+08:00][sql] SELECT * FROM `eb_system_config` WHERE  `menu_name` = 'cache_config' LIMIT 1 [ RunTime:0.003271s ]
[2020-03-19T13:26:56+08:00][sql] SELECT * FROM `eb_system_config` WHERE  `menu_name` = 'cache_config' LIMIT 1 [ RunTime:0.003338s ]
[2020-03-19T13:26:56+08:00][sql] SELECT * FROM `eb_system_config` WHERE  `menu_name` = 'cache_config' LIMIT 1 [ RunTime:0.003278s ]
[2020-03-19T13:26:56+08:00][sql] SELECT * FROM `eb_system_config` WHERE  `menu_name` = 'cache_config' LIMIT 1 [ RunTime:0.003239s ]
[2020-03-19T13:26:56+08:00][sql] SELECT * FROM `eb_system_config` WHERE  `menu_name` = 'cache_config' LIMIT 1 [ RunTime:0.003314s ]
[2020-03-19T13:26:56+08:00][sql] SHOW FULL COLUMNS FROM `eb_store_category` [ RunTime:0.004397s ]
[2020-03-19T13:26:56+08:00][sql] SELECT `id`,`cate_name`,`pid`,`pic` FROM `eb_store_category` WHERE  `pid` > 0  AND `is_show` = 1 ORDER BY `sort` DESC LIMIT 10 [ RunTime:0.003316s ]
[2020-03-19T13:26:56+08:00][sql] SHOW FULL COLUMNS FROM `eb_store_product` [ RunTime:0.004731s ]
[2020-03-19T13:26:56+08:00][sql] SELECT id,image,store_name,cate_id,price,ot_price,IFNULL(sales,0) + IFNULL(ficti,0) as sales,unit_name FROM `eb_store_product` WHERE  `is_best` = 1  AND `is_del` = 0  AND `mer_id` = 0  AND `stock` > 0  AND `is_show` = 1 ORDER BY `sort` DESC,`id` DESC LIMIT 10 [ RunTime:0.003413s ]
[2020-03-19T13:26:56+08:00][sql] SELECT * FROM `eb_system_config` WHERE  `menu_name` = 'cache_config' LIMIT 1 [ RunTime:0.003296s ]
[2020-03-19T13:26:56+08:00][sql] SHOW FULL COLUMNS FROM `eb_user_level` [ RunTime:0.004250s ]
[2020-03-19T13:26:56+08:00][sql] SELECT `level_id`,`is_forever`,`valid_time`,`id`,`status`,`grade` FROM `eb_user_level` WHERE  `status` = 1  AND `is_del` = 0  AND `uid` = 0 ORDER BY `grade` DESC LIMIT 1 [ RunTime:0.003183s ]
[2020-03-19T13:26:56+08:00][sql] SHOW FULL COLUMNS FROM `eb_system_user_level` [ RunTime:0.004254s ]
[2020-03-19T13:26:56+08:00][sql] SELECT `discount` FROM `eb_system_user_level` WHERE  `is_show` = 1  AND `is_del` = 0 ORDER BY `grade` ASC LIMIT 1 [ RunTime:0.003240s ]
[2020-03-19T13:26:56+08:00][sql] SELECT id,image,store_name,cate_id,price,unit_name,IFNULL(sales,0) + IFNULL(ficti,0) as sales FROM `eb_store_product` WHERE  `is_new` = 1  AND `is_del` = 0  AND `mer_id` = 0  AND `stock` > 0  AND `is_show` = 1 ORDER BY `sort` DESC,`id` DESC LIMIT 10 [ RunTime:0.003381s ]
[2020-03-19T13:26:56+08:00][sql] SELECT * FROM `eb_system_config` WHERE  `menu_name` = 'cache_config' LIMIT 1 [ RunTime:0.003354s ]
[2020-03-19T13:26:56+08:00][sql] SELECT `level_id`,`is_forever`,`valid_time`,`id`,`status`,`grade` FROM `eb_user_level` WHERE  `status` = 1  AND `is_del` = 0  AND `uid` = 0 ORDER BY `grade` DESC LIMIT 1 [ RunTime:0.003204s ]
[2020-03-19T13:26:56+08:00][sql] SELECT `discount` FROM `eb_system_user_level` WHERE  `is_show` = 1  AND `is_del` = 0 ORDER BY `grade` ASC LIMIT 1 [ RunTime:0.003163s ]
[2020-03-19T13:26:56+08:00][sql] SELECT * FROM `eb_system_config` WHERE  `menu_name` = 'cache_config' LIMIT 1 [ RunTime:0.003296s ]
[2020-03-19T13:26:56+08:00][sql] SELECT `id`,`image`,`store_name`,`cate_id`,`price`,`ot_price`,`stock`,`unit_name` FROM `eb_store_product` WHERE  `is_benefit` = 1  AND `is_del` = 0  AND `mer_id` = 0  AND `stock` > 0  AND `is_show` = 1 ORDER BY `sort` DESC,`id` DESC LIMIT 3 [ RunTime:0.003417s ]
[2020-03-19T13:26:56+08:00][sql] SELECT * FROM `eb_system_config` WHERE  `menu_name` = 'cache_config' LIMIT 1 [ RunTime:0.003327s ]
[2020-03-19T13:26:56+08:00][sql] SELECT `id`,`image`,`store_name`,`cate_id`,`price`,`unit_name` FROM `eb_store_product` WHERE  `is_hot` = 1  AND `is_del` = 0  AND `mer_id` = 0  AND `stock` > 0  AND `is_show` = 1 ORDER BY `sort` DESC,`id` DESC LIMIT 3 [ RunTime:0.003354s ]
[2020-03-19T13:26:56+08:00][sql] SELECT * FROM `eb_system_config` WHERE  `menu_name` = 'cache_config' LIMIT 1 [ RunTime:0.003353s ]
[2020-03-19T13:26:56+08:00][sql] SELECT `level_id`,`is_forever`,`valid_time`,`id`,`status`,`grade` FROM `eb_user_level` WHERE  `status` = 1  AND `is_del` = 0  AND `uid` = 0 ORDER BY `grade` DESC LIMIT 1 [ RunTime:0.003226s ]
[2020-03-19T13:26:56+08:00][sql] SELECT `discount` FROM `eb_system_user_level` WHERE  `is_show` = 1  AND `is_del` = 0 ORDER BY `grade` ASC LIMIT 1 [ RunTime:0.003234s ]
[2020-03-19T13:26:56+08:00][sql] SHOW FULL COLUMNS FROM `eb_store_coupon_issue` [ RunTime:0.004363s ]
[2020-03-19T13:26:56+08:00][sql] SELECT `A`.*,`B`.`coupon_price`,`B`.`use_min_price` FROM `eb_store_coupon_issue` `A` INNER JOIN `eb_store_coupon` `B` ON `A`.`cid`=`B`.`id` WHERE  `A`.`status` = 1  AND (  (  `A`.`start_time` < 1584595616  AND `A`.`end_time` > 1584595616 ) OR (  `A`.`start_time` = 0  AND `A`.`end_time` = 0 ) )  AND `A`.`is_del` = 0  AND ( A.remain_count > 0 OR A.is_permanent = 1 ) ORDER BY `B`.`sort` DESC,`A`.`id` DESC LIMIT 3 [ RunTime:0.003449s ]
[2020-03-19T13:26:56+08:00][sql] SHOW FULL COLUMNS FROM `eb_wechat_user` [ RunTime:0.004486s ]
[2020-03-19T13:26:56+08:00][sql] SELECT `subscribe` FROM `eb_wechat_user` WHERE  `uid` = 0 LIMIT 1 [ RunTime:0.003168s ]
[2020-03-19T13:26:56+08:00][sql] SELECT * FROM `eb_system_config` WHERE  `menu_name` = 'cache_config' LIMIT 1 [ RunTime:0.003314s ]
[2020-03-19T13:26:56+08:00][info] [ VIEW ] /home/wwwroot/www/lungcare/public/index.html [ array (
) ]
[2020-03-19T13:26:58+08:00][info] [ VIEW ] /home/wwwroot/www/lungcare/public/index.html [ array (
) ]
[2020-03-19T13:26:59+08:00][info] [ VIEW ] /home/wwwroot/www/lungcare/public/index.html [ array (
) ]
[2020-03-19T14:07:59+08:00][info] [ VIEW ] /home/wwwroot/www/lungcare/public/index.html [ array (
) ]
[2020-03-19T15:06:11+08:00][info] [ VIEW ] /home/wwwroot/www/lungcare/public/index.html [ array (
) ]
[2020-03-19T15:06:14+08:00][info] [ VIEW ] /home/wwwroot/www/lungcare/public/index.html [ array (
) ]
[2020-03-19T15:11:13+08:00][info] [ VIEW ] /home/wwwroot/www/lungcare/public/index.html [ array (
) ]
[2020-03-19T16:00:53+08:00][info] [ VIEW ] /home/wwwroot/www/lungcare/public/index.html [ array (
) ]
[2020-03-19T16:08:56+08:00][info] [ VIEW ] /home/wwwroot/www/lungcare/public/index.html [ array (
) ]
[2020-03-19T16:15:45+08:00][info] [ VIEW ] /home/wwwroot/www/lungcare/public/index.html [ array (
) ]
[2020-03-19T16:23:36+08:00][info] [ VIEW ] /home/wwwroot/www/lungcare/public/index.html [ array (
) ]
[2020-03-19T17:04:49+08:00][info] [ VIEW ] /home/wwwroot/www/lungcare/public/index.html [ array (
) ]
[2020-03-19T17:10:44+08:00][info] [ VIEW ] /home/wwwroot/www/lungcare/public/index.html [ array (
) ]
[2020-03-19T17:46:42+08:00][info] [ VIEW ] /home/wwwroot/www/lungcare/public/index.html [ array (
) ]
[2020-03-19T17:59:14+08:00][info] [ VIEW ] /home/wwwroot/www/lungcare/public/index.html [ array (
) ]
[2020-03-19T18:26:55+08:00][info] [ VIEW ] /home/wwwroot/www/lungcare/public/index.html [ array (
) ]
[2020-03-19T18:54:24+08:00][info] [ VIEW ] /home/wwwroot/www/lungcare/public/index.html [ array (
) ]
[2020-03-19T19:50:55+08:00][info] [ VIEW ] /home/wwwroot/www/lungcare/public/index.html [ array (
) ]
[2020-03-19T19:52:16+08:00][info] [ VIEW ] /home/wwwroot/www/lungcare/public/index.html [ array (
) ]
[2020-03-19T20:13:19+08:00][info] [ VIEW ] /home/wwwroot/www/lungcare/public/index.html [ array (
) ]
[2020-03-19T20:49:18+08:00][info] [ VIEW ] /home/wwwroot/www/lungcare/public/index.html [ array (
) ]
[2020-03-19T21:05:30+08:00][info] [ VIEW ] /home/wwwroot/www/lungcare/public/index.html [ array (
) ]
[2020-03-19T21:46:47+08:00][info] [ VIEW ] /home/wwwroot/www/lungcare/public/index.html [ array (
) ]
[2020-03-19T21:47:21+08:00][info] [ VIEW ] /home/wwwroot/www/lungcare/public/index.html [ array (
) ]
[2020-03-19T21:49:39+08:00][info] [ VIEW ] /home/wwwroot/www/lungcare/public/index.html [ array (
) ]
[2020-03-19T22:19:36+08:00][info] [ VIEW ] /home/wwwroot/www/lungcare/public/index.html [ array (
) ]
[2020-03-19T22:51:05+08:00][info] [ VIEW ] /home/wwwroot/www/lungcare/public/index.html [ array (
) ]
[2020-03-19T23:26:27+08:00][info] [ VIEW ] /home/wwwroot/www/lungcare/public/index.html [ array (
) ]
[2020-03-19T23:26:27+08:00][info] [ VIEW ] /home/wwwroot/www/lungcare/public/index.html [ array (
) ]
[2020-03-19T23:26:27+08:00][info] [ VIEW ] /home/wwwroot/www/lungcare/public/index.html [ array (
) ]
[2020-03-19T23:26:28+08:00][info] [ VIEW ] /home/wwwroot/www/lungcare/public/index.html [ array (
) ]
[2020-03-19T23:26:29+08:00][sql] CONNECT:[ UseTime:0.005643s ] mysql:host=zy-ying123.mysql.rds.aliyuncs.com;port=3306;dbname=lungcare;charset=utf8
[2020-03-19T23:26:29+08:00][sql] SHOW FULL COLUMNS FROM `eb_user_token` [ RunTime:0.004522s ]
[2020-03-19T23:26:29+08:00][sql] SELECT * FROM `eb_user_token` WHERE  `token` IS NULL LIMIT 1 [ RunTime:0.003337s ]
[2020-03-19T23:26:29+08:00][sql] SHOW FULL COLUMNS FROM `eb_system_config` [ RunTime:0.004386s ]
[2020-03-19T23:26:29+08:00][sql] SELECT * FROM `eb_system_config` WHERE  `menu_name` = 'cache_config' LIMIT 1 [ RunTime:0.003472s ]
[2020-03-19T23:26:29+08:00][sql] SELECT * FROM `eb_system_config` WHERE  `menu_name` = 'cache_config' LIMIT 1 [ RunTime:0.003462s ]
[2020-03-19T23:26:29+08:00][sql] CONNECT:[ UseTime:0.005842s ] mysql:host=zy-ying123.mysql.rds.aliyuncs.com;port=3306;dbname=lungcare;charset=utf8
[2020-03-19T23:26:29+08:00][sql] SHOW FULL COLUMNS FROM `eb_user_token` [ RunTime:0.004617s ]
[2020-03-19T23:26:29+08:00][sql] SELECT * FROM `eb_user_token` WHERE  `token` IS NULL LIMIT 1 [ RunTime:0.003513s ]
[2020-03-19T23:26:29+08:00][sql] SHOW FULL COLUMNS FROM `eb_system_config` [ RunTime:0.004673s ]
[2020-03-19T23:26:29+08:00][sql] SELECT * FROM `eb_system_config` WHERE  `menu_name` = 'cache_config' LIMIT 1 [ RunTime:0.003630s ]
[2020-03-19T23:26:29+08:00][sql] SELECT * FROM `eb_system_config` WHERE  `menu_name` = 'cache_config' LIMIT 1 [ RunTime:0.003644s ]
[2020-03-19T23:26:29+08:00][sql] SELECT * FROM `eb_system_config` WHERE  `menu_name` = 'cache_config' LIMIT 1 [ RunTime:0.003647s ]
[2020-03-19T23:26:29+08:00][sql] SELECT * FROM `eb_system_config` WHERE  `menu_name` = 'cache_config' LIMIT 1 [ RunTime:0.003637s ]
[2020-03-19T23:26:29+08:00][sql] CONNECT:[ UseTime:0.005322s ] mysql:host=zy-ying123.mysql.rds.aliyuncs.com;port=3306;dbname=lungcare;charset=utf8
[2020-03-19T23:26:29+08:00][sql] SHOW FULL COLUMNS FROM `eb_user_token` [ RunTime:0.004318s ]
[2020-03-19T23:26:29+08:00][sql] SELECT * FROM `eb_user_token` WHERE  `token` IS NULL LIMIT 1 [ RunTime:0.002870s ]
[2020-03-19T23:26:29+08:00][sql] SHOW FULL COLUMNS FROM `eb_system_config` [ RunTime:0.003979s ]
[2020-03-19T23:26:29+08:00][sql] SELECT `menu_name`,`value` FROM `eb_system_config` WHERE  `menu_name` IN ('wechat_appid','wechat_appsecret','wechat_token','wechat_encodingaeskey','wechat_encode') [ RunTime:0.003226s ]
[2020-03-19T23:26:29+08:00][sql] SELECT `menu_name`,`value` FROM `eb_system_config` WHERE  `menu_name` IN ('pay_weixin_mchid','pay_weixin_client_cert','pay_weixin_client_key','pay_weixin_key','pay_weixin_open') [ RunTime:0.003193s ]
[2020-03-19T23:26:29+08:00][sql] SELECT * FROM `eb_system_config` WHERE  `menu_name` = 'cache_config' LIMIT 1 [ RunTime:0.003044s ]
[2020-03-19T23:26:29+08:00][sql] SELECT `menu_name`,`value` FROM `eb_system_config` [ RunTime:0.003153s ]
[2020-03-19T23:26:29+08:00][sql] CONNECT:[ UseTime:0.006322s ] mysql:host=zy-ying123.mysql.rds.aliyuncs.com;port=3306;dbname=lungcare;charset=utf8
[2020-03-19T23:26:29+08:00][sql] SHOW FULL COLUMNS FROM `eb_user_token` [ RunTime:0.004723s ]
[2020-03-19T23:26:29+08:00][sql] SELECT * FROM `eb_user_token` WHERE  `token` IS NULL LIMIT 1 [ RunTime:0.003338s ]
[2020-03-19T23:26:29+08:00][sql] SHOW FULL COLUMNS FROM `eb_system_config` [ RunTime:0.004402s ]
[2020-03-19T23:26:29+08:00][sql] SELECT * FROM `eb_system_config` WHERE  `menu_name` = 'cache_config' LIMIT 1 [ RunTime:0.003498s ]
[2020-03-19T23:26:29+08:00][sql] SHOW FULL COLUMNS FROM `eb_system_group_data` [ RunTime:0.004259s ]
[2020-03-19T23:26:29+08:00][sql] SELECT `a`.*,`b`.`config_name` FROM `eb_system_group_data` `a` INNER JOIN `eb_system_group` `b` ON `a`.`gid`=`b`.`id` WHERE  `b`.`config_name` = 'routine_home_banner'  AND `a`.`status` = 1 ORDER BY `sort` DESC,`id` ASC [ RunTime:0.003459s ]
[2020-03-19T23:26:29+08:00][sql] SELECT * FROM `eb_system_config` WHERE  `menu_name` = 'cache_config' LIMIT 1 [ RunTime:0.003427s ]
[2020-03-19T23:26:29+08:00][sql] SELECT `a`.*,`b`.`config_name` FROM `eb_system_group_data` `a` INNER JOIN `eb_system_group` `b` ON `a`.`gid`=`b`.`id` WHERE  `b`.`config_name` = 'routine_home_menus'  AND `a`.`status` = 1 ORDER BY `sort` DESC,`id` ASC [ RunTime:0.003460s ]
[2020-03-19T23:26:29+08:00][sql] SELECT * FROM `eb_system_config` WHERE  `menu_name` = 'cache_config' LIMIT 1 [ RunTime:0.003441s ]
[2020-03-19T23:26:29+08:00][sql] SELECT `a`.*,`b`.`config_name` FROM `eb_system_group_data` `a` INNER JOIN `eb_system_group` `b` ON `a`.`gid`=`b`.`id` WHERE  `b`.`config_name` = 'routine_home_roll_news'  AND `a`.`status` = 1 ORDER BY `sort` DESC,`id` ASC [ RunTime:0.003425s ]
[2020-03-19T23:26:29+08:00][sql] SELECT * FROM `eb_system_config` WHERE  `menu_name` = 'cache_config' LIMIT 1 [ RunTime:0.003399s ]
[2020-03-19T23:26:29+08:00][sql] SELECT `a`.*,`b`.`config_name` FROM `eb_system_group_data` `a` INNER JOIN `eb_system_group` `b` ON `a`.`gid`=`b`.`id` WHERE  `b`.`config_name` = 'routine_home_activity'  AND `a`.`status` = 1 ORDER BY `sort` DESC,`id` ASC LIMIT 3 [ RunTime:0.003430s ]
[2020-03-19T23:26:29+08:00][sql] SELECT * FROM `eb_system_config` WHERE  `menu_name` = 'cache_config' LIMIT 1 [ RunTime:0.003431s ]
[2020-03-19T23:26:29+08:00][sql] SELECT * FROM `eb_system_config` WHERE  `menu_name` = 'cache_config' LIMIT 1 [ RunTime:0.003399s ]
[2020-03-19T23:26:29+08:00][sql] SELECT `a`.*,`b`.`config_name` FROM `eb_system_group_data` `a` INNER JOIN `eb_system_group` `b` ON `a`.`gid`=`b`.`id` WHERE  `b`.`config_name` = 'routine_index_page'  AND `a`.`status` = 1 ORDER BY `sort` DESC,`id` ASC [ RunTime:0.003401s ]
[2020-03-19T23:26:29+08:00][sql] SELECT * FROM `eb_system_config` WHERE  `menu_name` = 'cache_config' LIMIT 1 [ RunTime:0.003439s ]
[2020-03-19T23:26:29+08:00][sql] SHOW FULL COLUMNS FROM `eb_store_category` [ RunTime:0.004401s ]
[2020-03-19T23:26:29+08:00][sql] SELECT `id`,`cate_name`,`pid`,`pic` FROM `eb_store_category` WHERE  `pid` > 0  AND `is_show` = 1 ORDER BY `sort` DESC LIMIT 10 [ RunTime:0.003442s ]
[2020-03-19T23:26:29+08:00][sql] SHOW FULL COLUMNS FROM `eb_store_product` [ RunTime:0.004669s ]
[2020-03-19T23:26:29+08:00][sql] SELECT id,image,store_name,cate_id,price,ot_price,IFNULL(sales,0) + IFNULL(ficti,0) as sales,unit_name FROM `eb_store_product` WHERE  `is_best` = 1  AND `is_del` = 0  AND `mer_id` = 0  AND `stock` > 0  AND `is_show` = 1 ORDER BY `sort` DESC,`id` DESC LIMIT 10 [ RunTime:0.003523s ]
[2020-03-19T23:26:29+08:00][sql] SELECT * FROM `eb_system_config` WHERE  `menu_name` = 'cache_config' LIMIT 1 [ RunTime:0.003480s ]
[2020-03-19T23:26:29+08:00][sql] SHOW FULL COLUMNS FROM `eb_user_level` [ RunTime:0.004448s ]
[2020-03-19T23:26:29+08:00][sql] SELECT `level_id`,`is_forever`,`valid_time`,`id`,`status`,`grade` FROM `eb_user_level` WHERE  `status` = 1  AND `is_del` = 0  AND `uid` = 0 ORDER BY `grade` DESC LIMIT 1 [ RunTime:0.003349s ]
[2020-03-19T23:26:29+08:00][sql] SHOW FULL COLUMNS FROM `eb_system_user_level` [ RunTime:0.004405s ]
[2020-03-19T23:26:29+08:00][sql] SELECT `discount` FROM `eb_system_user_level` WHERE  `is_show` = 1  AND `is_del` = 0 ORDER BY `grade` ASC LIMIT 1 [ RunTime:0.003316s ]
[2020-03-19T23:26:29+08:00][sql] SELECT id,image,store_name,cate_id,price,unit_name,IFNULL(sales,0) + IFNULL(ficti,0) as sales FROM `eb_store_product` WHERE  `is_new` = 1  AND `is_del` = 0  AND `mer_id` = 0  AND `stock` > 0  AND `is_show` = 1 ORDER BY `sort` DESC,`id` DESC LIMIT 10 [ RunTime:0.003493s ]
[2020-03-19T23:26:29+08:00][sql] SELECT * FROM `eb_system_config` WHERE  `menu_name` = 'cache_config' LIMIT 1 [ RunTime:0.003469s ]
[2020-03-19T23:26:29+08:00][sql] SELECT `level_id`,`is_forever`,`valid_time`,`id`,`status`,`grade` FROM `eb_user_level` WHERE  `status` = 1  AND `is_del` = 0  AND `uid` = 0 ORDER BY `grade` DESC LIMIT 1 [ RunTime:0.003379s ]
[2020-03-19T23:26:29+08:00][sql] SELECT `discount` FROM `eb_system_user_level` WHERE  `is_show` = 1  AND `is_del` = 0 ORDER BY `grade` ASC LIMIT 1 [ RunTime:0.003476s ]
[2020-03-19T23:26:29+08:00][sql] SELECT * FROM `eb_system_config` WHERE  `menu_name` = 'cache_config' LIMIT 1 [ RunTime:0.003463s ]
[2020-03-19T23:26:29+08:00][sql] SELECT `a`.*,`b`.`config_name` FROM `eb_system_group_data` `a` INNER JOIN `eb_system_group` `b` ON `a`.`gid`=`b`.`id` WHERE  `b`.`config_name` = 'routine_home_bast_banner'  AND `a`.`status` = 1 ORDER BY `sort` DESC,`id` ASC [ RunTime:0.003563s ]
[2020-03-19T23:26:29+08:00][sql] SELECT `id`,`image`,`store_name`,`cate_id`,`price`,`ot_price`,`stock`,`unit_name` FROM `eb_store_product` WHERE  `is_benefit` = 1  AND `is_del` = 0  AND `mer_id` = 0  AND `stock` > 0  AND `is_show` = 1 ORDER BY `sort` DESC,`id` DESC LIMIT 3 [ RunTime:0.003551s ]
[2020-03-19T23:26:29+08:00][sql] SELECT * FROM `eb_system_config` WHERE  `menu_name` = 'cache_config' LIMIT 1 [ RunTime:0.003587s ]
[2020-03-19T23:26:29+08:00][sql] SELECT `a`.*,`b`.`config_name` FROM `eb_system_group_data` `a` INNER JOIN `eb_system_group` `b` ON `a`.`gid`=`b`.`id` WHERE  `b`.`config_name` = 'routine_home_new_banner'  AND `a`.`status` = 1 ORDER BY `sort` DESC,`id` ASC [ RunTime:0.003607s ]
[2020-03-19T23:26:29+08:00][sql] SELECT `id`,`image`,`store_name`,`cate_id`,`price`,`unit_name` FROM `eb_store_product` WHERE  `is_hot` = 1  AND `is_del` = 0  AND `mer_id` = 0  AND `stock` > 0  AND `is_show` = 1 ORDER BY `sort` DESC,`id` DESC LIMIT 3 [ RunTime:0.003570s ]
[2020-03-19T23:26:29+08:00][sql] SELECT * FROM `eb_system_config` WHERE  `menu_name` = 'cache_config' LIMIT 1 [ RunTime:0.003550s ]
[2020-03-19T23:26:29+08:00][sql] SELECT `level_id`,`is_forever`,`valid_time`,`id`,`status`,`grade` FROM `eb_user_level` WHERE  `status` = 1  AND `is_del` = 0  AND `uid` = 0 ORDER BY `grade` DESC LIMIT 1 [ RunTime:0.003407s ]
[2020-03-19T23:26:29+08:00][sql] SELECT `discount` FROM `eb_system_user_level` WHERE  `is_show` = 1  AND `is_del` = 0 ORDER BY `grade` ASC LIMIT 1 [ RunTime:0.003417s ]
[2020-03-19T23:26:29+08:00][sql] SHOW FULL COLUMNS FROM `eb_store_coupon_issue` [ RunTime:0.004905s ]
[2020-03-19T23:26:29+08:00][sql] SELECT `A`.*,`B`.`coupon_price`,`B`.`use_min_price` FROM `eb_store_coupon_issue` `A` INNER JOIN `eb_store_coupon` `B` ON `A`.`cid`=`B`.`id` WHERE  `A`.`status` = 1  AND (  (  `A`.`start_time` < 1584631589  AND `A`.`end_time` > 1584631589 ) OR (  `A`.`start_time` = 0  AND `A`.`end_time` = 0 ) )  AND `A`.`is_del` = 0  AND ( A.remain_count > 0 OR A.is_permanent = 1 ) ORDER BY `B`.`sort` DESC,`A`.`id` DESC LIMIT 3 [ RunTime:0.003788s ]
[2020-03-19T23:26:29+08:00][sql] SHOW FULL COLUMNS FROM `eb_wechat_user` [ RunTime:0.004947s ]
[2020-03-19T23:26:29+08:00][sql] SELECT `subscribe` FROM `eb_wechat_user` WHERE  `uid` = 0 LIMIT 1 [ RunTime:0.003358s ]
[2020-03-19T23:26:29+08:00][sql] SELECT * FROM `eb_system_config` WHERE  `menu_name` = 'cache_config' LIMIT 1 [ RunTime:0.003520s ]
[2020-03-19T23:26:29+08:00][sql] CONNECT:[ UseTime:0.005255s ] mysql:host=zy-ying123.mysql.rds.aliyuncs.com;port=3306;dbname=lungcare;charset=utf8
[2020-03-19T23:26:29+08:00][sql] SHOW FULL COLUMNS FROM `eb_user_token` [ RunTime:0.004592s ]
[2020-03-19T23:26:29+08:00][sql] SELECT * FROM `eb_user_token` WHERE  `token` IS NULL LIMIT 1 [ RunTime:0.003056s ]
[2020-03-19T23:26:29+08:00][sql] SHOW FULL COLUMNS FROM `eb_system_config` [ RunTime:0.004131s ]
[2020-03-19T23:26:29+08:00][sql] SELECT * FROM `eb_system_config` WHERE  `menu_name` = 'cache_config' LIMIT 1 [ RunTime:0.003187s ]
[2020-03-19T23:26:29+08:00][sql] SELECT * FROM `eb_system_config` WHERE  `menu_name` = 'cache_config' LIMIT 1 [ RunTime:0.003172s ]
[2020-03-19T23:26:29+08:00][sql] SELECT * FROM `eb_system_config` WHERE  `menu_name` = 'cache_config' LIMIT 1 [ RunTime:0.003125s ]
[2020-03-19T23:26:29+08:00][sql] SELECT * FROM `eb_system_config` WHERE  `menu_name` = 'cache_config' LIMIT 1 [ RunTime:0.003196s ]
[2020-03-19T23:26:29+08:00][sql] CONNECT:[ UseTime:0.005616s ] mysql:host=zy-ying123.mysql.rds.aliyuncs.com;port=3306;dbname=lungcare;charset=utf8
[2020-03-19T23:26:29+08:00][sql] SHOW FULL COLUMNS FROM `eb_user_token` [ RunTime:0.004789s ]
[2020-03-19T23:26:29+08:00][sql] SELECT * FROM `eb_user_token` WHERE  `token` IS NULL LIMIT 1 [ RunTime:0.003476s ]
[2020-03-19T23:26:29+08:00][sql] SHOW FULL COLUMNS FROM `eb_system_config` [ RunTime:0.004512s ]
[2020-03-19T23:26:29+08:00][sql] SELECT `menu_name`,`value` FROM `eb_system_config` WHERE  `menu_name` IN ('wechat_appid','wechat_appsecret','wechat_token','wechat_encodingaeskey','wechat_encode') [ RunTime:0.003488s ]
[2020-03-19T23:26:29+08:00][sql] SELECT `menu_name`,`value` FROM `eb_system_config` WHERE  `menu_name` IN ('pay_weixin_mchid','pay_weixin_client_cert','pay_weixin_client_key','pay_weixin_key','pay_weixin_open') [ RunTime:0.003416s ]
[2020-03-19T23:26:29+08:00][sql] SELECT * FROM `eb_system_config` WHERE  `menu_name` = 'cache_config' LIMIT 1 [ RunTime:0.003486s ]
[2020-03-19T23:26:29+08:00][info] [ VIEW ] /home/wwwroot/www/lungcare/public/index.html [ array (
) ]
[2020-03-19T23:26:30+08:00][sql] CONNECT:[ UseTime:0.005263s ] mysql:host=zy-ying123.mysql.rds.aliyuncs.com;port=3306;dbname=lungcare;charset=utf8
[2020-03-19T23:26:30+08:00][sql] SHOW FULL COLUMNS FROM `eb_user_token` [ RunTime:0.004458s ]
[2020-03-19T23:26:30+08:00][sql] SELECT * FROM `eb_user_token` WHERE  `token` IS NULL LIMIT 1 [ RunTime:0.003117s ]
[2020-03-19T23:26:30+08:00][sql] SHOW FULL COLUMNS FROM `eb_system_config` [ RunTime:0.004403s ]
[2020-03-19T23:26:30+08:00][sql] SELECT `menu_name`,`value` FROM `eb_system_config` WHERE  `menu_name` IN ('wechat_appid','wechat_appsecret','wechat_token','wechat_encodingaeskey','wechat_encode') [ RunTime:0.003211s ]
[2020-03-19T23:26:30+08:00][sql] SELECT `menu_name`,`value` FROM `eb_system_config` WHERE  `menu_name` IN ('pay_weixin_mchid','pay_weixin_client_cert','pay_weixin_client_key','pay_weixin_key','pay_weixin_open') [ RunTime:0.003153s ]
[2020-03-19T23:26:30+08:00][sql] SELECT * FROM `eb_system_config` WHERE  `menu_name` = 'cache_config' LIMIT 1 [ RunTime:0.003217s ]
[2020-03-19T23:26:30+08:00][sql] CONNECT:[ UseTime:0.005796s ] mysql:host=zy-ying123.mysql.rds.aliyuncs.com;port=3306;dbname=lungcare;charset=utf8
[2020-03-19T23:26:30+08:00][sql] SHOW FULL COLUMNS FROM `eb_user_token` [ RunTime:0.004419s ]
[2020-03-19T23:26:30+08:00][sql] SELECT * FROM `eb_user_token` WHERE  `token` IS NULL LIMIT 1 [ RunTime:0.003310s ]
[2020-03-19T23:26:30+08:00][sql] SHOW FULL COLUMNS FROM `eb_system_config` [ RunTime:0.004405s ]
[2020-03-19T23:26:30+08:00][sql] SELECT * FROM `eb_system_config` WHERE  `menu_name` = 'cache_config' LIMIT 1 [ RunTime:0.003522s ]
[2020-03-19T23:26:30+08:00][sql] SELECT * FROM `eb_system_config` WHERE  `menu_name` = 'cache_config' LIMIT 1 [ RunTime:0.003515s ]
[2020-03-19T23:26:30+08:00][sql] SELECT * FROM `eb_system_config` WHERE  `menu_name` = 'cache_config' LIMIT 1 [ RunTime:0.003503s ]
[2020-03-19T23:26:30+08:00][sql] SELECT * FROM `eb_system_config` WHERE  `menu_name` = 'cache_config' LIMIT 1 [ RunTime:0.003457s ]
[2020-03-19T23:26:30+08:00][sql] CONNECT:[ UseTime:0.005632s ] mysql:host=zy-ying123.mysql.rds.aliyuncs.com;port=3306;dbname=lungcare;charset=utf8
[2020-03-19T23:26:30+08:00][sql] SHOW FULL COLUMNS FROM `eb_user_token` [ RunTime:0.004664s ]
[2020-03-19T23:26:30+08:00][sql] SELECT * FROM `eb_user_token` WHERE  `token` IS NULL LIMIT 1 [ RunTime:0.003378s ]
[2020-03-19T23:26:30+08:00][sql] SHOW FULL COLUMNS FROM `eb_system_config` [ RunTime:0.004510s ]
[2020-03-19T23:26:30+08:00][sql] SELECT `menu_name`,`value` FROM `eb_system_config` WHERE  `menu_name` IN ('wechat_appid','wechat_appsecret','wechat_token','wechat_encodingaeskey','wechat_encode') [ RunTime:0.003504s ]
[2020-03-19T23:26:30+08:00][sql] SELECT `menu_name`,`value` FROM `eb_system_config` WHERE  `menu_name` IN ('pay_weixin_mchid','pay_weixin_client_cert','pay_weixin_client_key','pay_weixin_key','pay_weixin_open') [ RunTime:0.003377s ]
[2020-03-19T23:26:30+08:00][sql] SELECT * FROM `eb_system_config` WHERE  `menu_name` = 'cache_config' LIMIT 1 [ RunTime:0.003496s ]
[2020-03-19T23:26:30+08:00][sql] CONNECT:[ UseTime:0.004938s ] mysql:host=zy-ying123.mysql.rds.aliyuncs.com;port=3306;dbname=lungcare;charset=utf8
[2020-03-19T23:26:30+08:00][sql] SHOW FULL COLUMNS FROM `eb_user_token` [ RunTime:0.004196s ]
[2020-03-19T23:26:30+08:00][sql] SELECT * FROM `eb_user_token` WHERE  `token` IS NULL LIMIT 1 [ RunTime:0.002793s ]
[2020-03-19T23:26:30+08:00][sql] SHOW FULL COLUMNS FROM `eb_system_config` [ RunTime:0.003949s ]
[2020-03-19T23:26:30+08:00][sql] SELECT `menu_name`,`value` FROM `eb_system_config` WHERE  `menu_name` IN ('wechat_appid','wechat_appsecret','wechat_token','wechat_encodingaeskey','wechat_encode') [ RunTime:0.002918s ]
[2020-03-19T23:26:30+08:00][sql] SELECT `menu_name`,`value` FROM `eb_system_config` WHERE  `menu_name` IN ('pay_weixin_mchid','pay_weixin_client_cert','pay_weixin_client_key','pay_weixin_key','pay_weixin_open') [ RunTime:0.002867s ]
[2020-03-19T23:26:30+08:00][sql] SELECT * FROM `eb_system_config` WHERE  `menu_name` = 'cache_config' LIMIT 1 [ RunTime:0.002951s ]
[2020-03-19T23:26:30+08:00][sql] SHOW FULL COLUMNS FROM `eb_wechat_user` [ RunTime:0.004664s ]
[2020-03-19T23:26:30+08:00][sql] SELECT COUNT(*) AS think_count FROM `eb_wechat_user` WHERE  `openid` = 'oGk8SuNXhKvnuiUYfcDVQswcYxWA' [ RunTime:0.002908s ]
[2020-03-19T23:26:30+08:00][sql] SHOW FULL COLUMNS FROM `eb_user` [ RunTime:0.004241s ]
[2020-03-19T23:26:30+08:00][sql] SELECT COUNT(*) AS think_count FROM `eb_user` WHERE  `uid` = 0 [ RunTime:0.002804s ]
[2020-03-19T23:26:30+08:00][sql] SELECT `uid` FROM `eb_wechat_user` WHERE  `openid` = 'oGk8SuNXhKvnuiUYfcDVQswcYxWA'  AND `user_type` <> 'h5' LIMIT 1 [ RunTime:0.002907s ]
[2020-03-19T23:26:30+08:00][sql] INSERT INTO `eb_wechat_user` SET `openid` = 'oGk8SuNXhKvnuiUYfcDVQswcYxWA' , `nickname` = 'Lynn Yan' , `sex` = 2 , `language` = 'zh_CN' , `city` = '深圳' , `province` = '广东' , `country` = '中国' , `headimgurl` = 'http://thirdwx.qlogo.cn/mmopen/vi_32/vLu8eic2Or0kD0jEb16P8O4akfUicreQQiaHlSPHD9ysWl6iaibeX9ggauZoibGGxV5KickicPiacrR2pmAc34au51dQFfg/132' , `subscribe` = 0 [ RunTime:0.002921s ]
[2020-03-19T23:26:30+08:00][sql] INSERT INTO `eb_user` SET `account` = 'wx221584631590' , `pwd` = 'e10adc3949ba59abbe56e057f20f883e' , `nickname` = 'Lynn Yan' , `avatar` = 'http://thirdwx.qlogo.cn/mmopen/vi_32/vLu8eic2Or0kD0jEb16P8O4akfUicreQQiaHlSPHD9ysWl6iaibeX9ggauZoibGGxV5KickicPiacrR2pmAc34au51dQFfg/132' , `spread_uid` = 0 , `add_time` = 1584631590 , `add_ip` = '183.236.78.33' , `last_time` = 1584631590 , `last_ip` = '183.236.78.33' , `uid` = 22 , `user_type` = 'wechat' [ RunTime:0.002875s ]
[2020-03-19T23:26:30+08:00][sql] SELECT `uid` FROM `eb_wechat_user` WHERE  `openid` = 'oGk8SuNXhKvnuiUYfcDVQswcYxWA'  AND `user_type` <> 'h5' LIMIT 1 [ RunTime:0.002910s ]
[2020-03-19T23:26:30+08:00][sql] SELECT * FROM `eb_user` WHERE  `uid` = 22 LIMIT 1 [ RunTime:0.002904s ]
[2020-03-19T23:26:30+08:00][sql] UPDATE `eb_user`  SET `last_time` = 1584631590 , `last_ip` = '183.236.78.33'  WHERE  `uid` = 22  LIMIT 1 [ RunTime:0.002788s ]
[2020-03-19T23:26:30+08:00][sql] SELECT `uid` FROM `eb_wechat_user` WHERE  `openid` = 'oGk8SuNXhKvnuiUYfcDVQswcYxWA'  AND `user_type` <> 'h5' LIMIT 1 [ RunTime:0.002853s ]
[2020-03-19T23:26:30+08:00][sql] SELECT * FROM `eb_user` WHERE  `uid` = 22 LIMIT 1 [ RunTime:0.002914s ]
[2020-03-19T23:26:30+08:00][sql] INSERT INTO `eb_user_token` SET `uid` = 22 , `token` = 'eyJ0eXAiOiJKV1QiLCJhbGciOiJIUzI1NiJ9.eyJpc3MiOiJ3ZWkubHVuZ2NhcmUuc2hvcCIsImF1ZCI6IndlaS5sdW5nY2FyZS5zaG9wIiwiaWF0IjoxNTg0NjMxNTkwLCJuYmYiOjE1ODQ2MzE1OTAsImV4cCI6MTU4NDY0MjM5MCwianRpIjp7ImlkIjoyMiwidHlwZSI6IndlY2hhdCJ9fQ.udbxqQmMJM4f761Ll1NtTsDn3OhrxeMjT_IXo7Gixq0' , `expires_time` = '2020-03-20 02:26:30' , `create_time` = '2020-03-19 23:26:30.750123' , `login_ip` = '183.236.78.33' [ RunTime:0.002824s ]
[2020-03-19T23:26:30+08:00][sql] SELECT * FROM `eb_user` WHERE  `uid` = 22 LIMIT 1 [ RunTime:0.002894s ]
[2020-03-19T23:26:30+08:00][info] [ VIEW ] /home/wwwroot/www/lungcare/public/index.html [ array (
) ]
[2020-03-19T23:26:30+08:00][sql] CONNECT:[ UseTime:0.005922s ] mysql:host=zy-ying123.mysql.rds.aliyuncs.com;port=3306;dbname=lungcare;charset=utf8
[2020-03-19T23:26:30+08:00][sql] SHOW FULL COLUMNS FROM `eb_user_token` [ RunTime:0.004947s ]
[2020-03-19T23:26:30+08:00][sql] SELECT * FROM `eb_user_token` WHERE  `token` = 'eyJ0eXAiOiJKV1QiLCJhbGciOiJIUzI1NiJ9.eyJpc3MiOiJ3ZWkubHVuZ2NhcmUuc2hvcCIsImF1ZCI6IndlaS5sdW5nY2FyZS5zaG9wIiwiaWF0IjoxNTg0NjMxNTkwLCJuYmYiOjE1ODQ2MzE1OTAsImV4cCI6MTU4NDY0MjM5MCwianRpIjp7ImlkIjoyMiwidHlwZSI6IndlY2hhdCJ9fQ.udbxqQmMJM4f761Ll1NtTsDn3OhrxeMjT_IXo7Gixq0' LIMIT 1 [ RunTime:0.003665s ]
[2020-03-19T23:26:30+08:00][sql] SHOW FULL COLUMNS FROM `eb_user` [ RunTime:0.005059s ]
[2020-03-19T23:26:30+08:00][sql] SELECT * FROM `eb_user` WHERE  `uid` = 22 LIMIT 1 [ RunTime:0.003671s ]
[2020-03-19T23:26:30+08:00][sql] SHOW FULL COLUMNS FROM `eb_system_config` [ RunTime:0.004723s ]
[2020-03-19T23:26:30+08:00][sql] SELECT `menu_name`,`value` FROM `eb_system_config` WHERE  `menu_name` IN ('wechat_appid','wechat_appsecret','wechat_token','wechat_encodingaeskey','wechat_encode') [ RunTime:0.003667s ]
[2020-03-19T23:26:30+08:00][sql] SELECT `menu_name`,`value` FROM `eb_system_config` WHERE  `menu_name` IN ('pay_weixin_mchid','pay_weixin_client_cert','pay_weixin_client_key','pay_weixin_key','pay_weixin_open') [ RunTime:0.003628s ]
[2020-03-19T23:26:30+08:00][sql] SELECT * FROM `eb_system_config` WHERE  `menu_name` = 'cache_config' LIMIT 1 [ RunTime:0.003723s ]
[2020-03-19T23:26:31+08:00][sql] CONNECT:[ UseTime:0.005228s ] mysql:host=zy-ying123.mysql.rds.aliyuncs.com;port=3306;dbname=lungcare;charset=utf8
[2020-03-19T23:26:31+08:00][sql] SHOW FULL COLUMNS FROM `eb_user_token` [ RunTime:0.004637s ]
[2020-03-19T23:26:31+08:00][sql] SELECT * FROM `eb_user_token` WHERE  `token` = 'eyJ0eXAiOiJKV1QiLCJhbGciOiJIUzI1NiJ9.eyJpc3MiOiJ3ZWkubHVuZ2NhcmUuc2hvcCIsImF1ZCI6IndlaS5sdW5nY2FyZS5zaG9wIiwiaWF0IjoxNTg0NjMxNTkwLCJuYmYiOjE1ODQ2MzE1OTAsImV4cCI6MTU4NDY0MjM5MCwianRpIjp7ImlkIjoyMiwidHlwZSI6IndlY2hhdCJ9fQ.udbxqQmMJM4f761Ll1NtTsDn3OhrxeMjT_IXo7Gixq0' LIMIT 1 [ RunTime:0.003240s ]
[2020-03-19T23:26:31+08:00][sql] SHOW FULL COLUMNS FROM `eb_user` [ RunTime:0.004611s ]
[2020-03-19T23:26:31+08:00][sql] SELECT * FROM `eb_user` WHERE  `uid` = 22 LIMIT 1 [ RunTime:0.003320s ]
[2020-03-19T23:26:31+08:00][sql] SHOW FULL COLUMNS FROM `eb_system_config` [ RunTime:0.004457s ]
[2020-03-19T23:26:31+08:00][sql] SELECT * FROM `eb_system_config` WHERE  `menu_name` = 'cache_config' LIMIT 1 [ RunTime:0.003301s ]
[2020-03-19T23:26:31+08:00][sql] SELECT * FROM `eb_system_config` WHERE  `menu_name` = 'cache_config' LIMIT 1 [ RunTime:0.003271s ]
[2020-03-19T23:26:31+08:00][sql] CONNECT:[ UseTime:0.005864s ] mysql:host=zy-ying123.mysql.rds.aliyuncs.com;port=3306;dbname=lungcare;charset=utf8
[2020-03-19T23:26:31+08:00][sql] SHOW FULL COLUMNS FROM `eb_user_token` [ RunTime:0.004690s ]
[2020-03-19T23:26:31+08:00][sql] SELECT * FROM `eb_user_token` WHERE  `token` = 'eyJ0eXAiOiJKV1QiLCJhbGciOiJIUzI1NiJ9.eyJpc3MiOiJ3ZWkubHVuZ2NhcmUuc2hvcCIsImF1ZCI6IndlaS5sdW5nY2FyZS5zaG9wIiwiaWF0IjoxNTg0NjMxNTkwLCJuYmYiOjE1ODQ2MzE1OTAsImV4cCI6MTU4NDY0MjM5MCwianRpIjp7ImlkIjoyMiwidHlwZSI6IndlY2hhdCJ9fQ.udbxqQmMJM4f761Ll1NtTsDn3OhrxeMjT_IXo7Gixq0' LIMIT 1 [ RunTime:0.003658s ]
[2020-03-19T23:26:31+08:00][sql] SHOW FULL COLUMNS FROM `eb_user` [ RunTime:0.004991s ]
[2020-03-19T23:26:31+08:00][sql] SELECT * FROM `eb_user` WHERE  `uid` = 22 LIMIT 1 [ RunTime:0.003676s ]
[2020-03-19T23:26:31+08:00][sql] SHOW FULL COLUMNS FROM `eb_system_config` [ RunTime:0.004794s ]
[2020-03-19T23:26:31+08:00][sql] SELECT * FROM `eb_system_config` WHERE  `menu_name` = 'cache_config' LIMIT 1 [ RunTime:0.003804s ]
[2020-03-19T23:26:31+08:00][sql] SELECT * FROM `eb_system_config` WHERE  `menu_name` = 'cache_config' LIMIT 1 [ RunTime:0.003761s ]
[2020-03-19T23:26:31+08:00][sql] SELECT * FROM `eb_system_config` WHERE  `menu_name` = 'cache_config' LIMIT 1 [ RunTime:0.003756s ]
[2020-03-19T23:26:31+08:00][sql] SELECT * FROM `eb_system_config` WHERE  `menu_name` = 'cache_config' LIMIT 1 [ RunTime:0.003781s ]
[2020-03-19T23:26:31+08:00][sql] CONNECT:[ UseTime:0.005587s ] mysql:host=zy-ying123.mysql.rds.aliyuncs.com;port=3306;dbname=lungcare;charset=utf8
[2020-03-19T23:26:31+08:00][sql] SHOW FULL COLUMNS FROM `eb_user_token` [ RunTime:0.004661s ]
[2020-03-19T23:26:31+08:00][sql] SELECT * FROM `eb_user_token` WHERE  `token` = 'eyJ0eXAiOiJKV1QiLCJhbGciOiJIUzI1NiJ9.eyJpc3MiOiJ3ZWkubHVuZ2NhcmUuc2hvcCIsImF1ZCI6IndlaS5sdW5nY2FyZS5zaG9wIiwiaWF0IjoxNTg0NjMxNTkwLCJuYmYiOjE1ODQ2MzE1OTAsImV4cCI6MTU4NDY0MjM5MCwianRpIjp7ImlkIjoyMiwidHlwZSI6IndlY2hhdCJ9fQ.udbxqQmMJM4f761Ll1NtTsDn3OhrxeMjT_IXo7Gixq0' LIMIT 1 [ RunTime:0.003323s ]
[2020-03-19T23:26:31+08:00][sql] SHOW FULL COLUMNS FROM `eb_user` [ RunTime:0.004701s ]
[2020-03-19T23:26:31+08:00][sql] SELECT * FROM `eb_user` WHERE  `uid` = 22 LIMIT 1 [ RunTime:0.003357s ]
[2020-03-19T23:26:31+08:00][sql] SHOW FULL COLUMNS FROM `eb_system_config` [ RunTime:0.004449s ]
[2020-03-19T23:26:31+08:00][sql] SELECT `menu_name`,`value` FROM `eb_system_config` WHERE  `menu_name` IN ('wechat_appid','wechat_appsecret','wechat_token','wechat_encodingaeskey','wechat_encode') [ RunTime:0.003334s ]
[2020-03-19T23:26:31+08:00][sql] SELECT `menu_name`,`value` FROM `eb_system_config` WHERE  `menu_name` IN ('pay_weixin_mchid','pay_weixin_client_cert','pay_weixin_client_key','pay_weixin_key','pay_weixin_open') [ RunTime:0.003344s ]
[2020-03-19T23:26:31+08:00][sql] SELECT * FROM `eb_system_config` WHERE  `menu_name` = 'cache_config' LIMIT 1 [ RunTime:0.003489s ]
[2020-03-19T23:26:31+08:00][sql] CONNECT:[ UseTime:0.005934s ] mysql:host=zy-ying123.mysql.rds.aliyuncs.com;port=3306;dbname=lungcare;charset=utf8
[2020-03-19T23:26:31+08:00][sql] SHOW FULL COLUMNS FROM `eb_user_token` [ RunTime:0.004953s ]
[2020-03-19T23:26:31+08:00][sql] SELECT * FROM `eb_user_token` WHERE  `token` = 'eyJ0eXAiOiJKV1QiLCJhbGciOiJIUzI1NiJ9.eyJpc3MiOiJ3ZWkubHVuZ2NhcmUuc2hvcCIsImF1ZCI6IndlaS5sdW5nY2FyZS5zaG9wIiwiaWF0IjoxNTg0NjMxNTkwLCJuYmYiOjE1ODQ2MzE1OTAsImV4cCI6MTU4NDY0MjM5MCwianRpIjp7ImlkIjoyMiwidHlwZSI6IndlY2hhdCJ9fQ.udbxqQmMJM4f761Ll1NtTsDn3OhrxeMjT_IXo7Gixq0' LIMIT 1 [ RunTime:0.003652s ]
[2020-03-19T23:26:31+08:00][sql] SHOW FULL COLUMNS FROM `eb_user` [ RunTime:0.004994s ]
[2020-03-19T23:26:31+08:00][sql] SELECT * FROM `eb_user` WHERE  `uid` = 22 LIMIT 1 [ RunTime:0.003647s ]
[2020-03-19T23:26:31+08:00][sql] SHOW FULL COLUMNS FROM `eb_system_config` [ RunTime:0.004732s ]
[2020-03-19T23:26:31+08:00][sql] SELECT * FROM `eb_system_config` WHERE  `menu_name` = 'cache_config' LIMIT 1 [ RunTime:0.003650s ]
[2020-03-19T23:26:31+08:00][sql] SELECT * FROM `eb_system_config` WHERE  `menu_name` = 'cache_config' LIMIT 1 [ RunTime:0.003628s ]
[2020-03-19T23:26:31+08:00][sql] SELECT * FROM `eb_system_config` WHERE  `menu_name` = 'cache_config' LIMIT 1 [ RunTime:0.003629s ]
[2020-03-19T23:26:31+08:00][sql] SELECT * FROM `eb_system_config` WHERE  `menu_name` = 'cache_config' LIMIT 1 [ RunTime:0.003619s ]
[2020-03-19T23:26:31+08:00][sql] SELECT * FROM `eb_system_config` WHERE  `menu_name` = 'cache_config' LIMIT 1 [ RunTime:0.003633s ]
[2020-03-19T23:26:31+08:00][sql] SELECT * FROM `eb_system_config` WHERE  `menu_name` = 'cache_config' LIMIT 1 [ RunTime:0.003635s ]
[2020-03-19T23:26:31+08:00][sql] SELECT * FROM `eb_system_config` WHERE  `menu_name` = 'cache_config' LIMIT 1 [ RunTime:0.003642s ]
[2020-03-19T23:26:31+08:00][sql] SHOW FULL COLUMNS FROM `eb_store_category` [ RunTime:0.004761s ]
[2020-03-19T23:26:31+08:00][sql] SELECT `id`,`cate_name`,`pid`,`pic` FROM `eb_store_category` WHERE  `pid` > 0  AND `is_show` = 1 ORDER BY `sort` DESC LIMIT 10 [ RunTime:0.003624s ]
[2020-03-19T23:26:31+08:00][sql] SHOW FULL COLUMNS FROM `eb_store_product` [ RunTime:0.005020s ]
[2020-03-19T23:26:31+08:00][sql] SELECT id,image,store_name,cate_id,price,ot_price,IFNULL(sales,0) + IFNULL(ficti,0) as sales,unit_name FROM `eb_store_product` WHERE  `is_best` = 1  AND `is_del` = 0  AND `mer_id` = 0  AND `stock` > 0  AND `is_show` = 1 ORDER BY `sort` DESC,`id` DESC LIMIT 10 [ RunTime:0.003718s ]
[2020-03-19T23:26:31+08:00][sql] SELECT * FROM `eb_system_config` WHERE  `menu_name` = 'cache_config' LIMIT 1 [ RunTime:0.003687s ]
[2020-03-19T23:26:31+08:00][sql] SHOW FULL COLUMNS FROM `eb_user_level` [ RunTime:0.004701s ]
[2020-03-19T23:26:31+08:00][sql] SELECT `level_id`,`is_forever`,`valid_time`,`id`,`status`,`grade` FROM `eb_user_level` WHERE  `status` = 1  AND `is_del` = 0  AND `uid` = 22 ORDER BY `grade` DESC LIMIT 1 [ RunTime:0.003565s ]
[2020-03-19T23:26:31+08:00][sql] SHOW FULL COLUMNS FROM `eb_system_user_level` [ RunTime:0.004605s ]
[2020-03-19T23:26:31+08:00][sql] SELECT `discount` FROM `eb_system_user_level` WHERE  `is_show` = 1  AND `is_del` = 0 ORDER BY `grade` ASC LIMIT 1 [ RunTime:0.003545s ]
[2020-03-19T23:26:31+08:00][sql] SELECT id,image,store_name,cate_id,price,unit_name,IFNULL(sales,0) + IFNULL(ficti,0) as sales FROM `eb_store_product` WHERE  `is_new` = 1  AND `is_del` = 0  AND `mer_id` = 0  AND `stock` > 0  AND `is_show` = 1 ORDER BY `sort` DESC,`id` DESC LIMIT 10 [ RunTime:0.003642s ]
[2020-03-19T23:26:31+08:00][sql] SELECT * FROM `eb_system_config` WHERE  `menu_name` = 'cache_config' LIMIT 1 [ RunTime:0.003632s ]
[2020-03-19T23:26:31+08:00][sql] SELECT `level_id`,`is_forever`,`valid_time`,`id`,`status`,`grade` FROM `eb_user_level` WHERE  `status` = 1  AND `is_del` = 0  AND `uid` = 22 ORDER BY `grade` DESC LIMIT 1 [ RunTime:0.003504s ]
[2020-03-19T23:26:31+08:00][sql] SELECT `discount` FROM `eb_system_user_level` WHERE  `is_show` = 1  AND `is_del` = 0 ORDER BY `grade` ASC LIMIT 1 [ RunTime:0.003476s ]
[2020-03-19T23:26:31+08:00][sql] SELECT * FROM `eb_system_config` WHERE  `menu_name` = 'cache_config' LIMIT 1 [ RunTime:0.003601s ]
[2020-03-19T23:26:31+08:00][sql] SELECT `id`,`image`,`store_name`,`cate_id`,`price`,`ot_price`,`stock`,`unit_name` FROM `eb_store_product` WHERE  `is_benefit` = 1  AND `is_del` = 0  AND `mer_id` = 0  AND `stock` > 0  AND `is_show` = 1 ORDER BY `sort` DESC,`id` DESC LIMIT 3 [ RunTime:0.003612s ]
[2020-03-19T23:26:31+08:00][sql] SELECT * FROM `eb_system_config` WHERE  `menu_name` = 'cache_config' LIMIT 1 [ RunTime:0.003578s ]
[2020-03-19T23:26:31+08:00][sql] SELECT `id`,`image`,`store_name`,`cate_id`,`price`,`unit_name` FROM `eb_store_product` WHERE  `is_hot` = 1  AND `is_del` = 0  AND `mer_id` = 0  AND `stock` > 0  AND `is_show` = 1 ORDER BY `sort` DESC,`id` DESC LIMIT 3 [ RunTime:0.003673s ]
[2020-03-19T23:26:31+08:00][sql] SELECT * FROM `eb_system_config` WHERE  `menu_name` = 'cache_config' LIMIT 1 [ RunTime:0.003618s ]
[2020-03-19T23:26:31+08:00][sql] SELECT `level_id`,`is_forever`,`valid_time`,`id`,`status`,`grade` FROM `eb_user_level` WHERE  `status` = 1  AND `is_del` = 0  AND `uid` = 0 ORDER BY `grade` DESC LIMIT 1 [ RunTime:0.003484s ]
[2020-03-19T23:26:31+08:00][sql] SELECT `discount` FROM `eb_system_user_level` WHERE  `is_show` = 1  AND `is_del` = 0 ORDER BY `grade` ASC LIMIT 1 [ RunTime:0.003474s ]
[2020-03-19T23:26:31+08:00][sql] SHOW FULL COLUMNS FROM `eb_store_coupon_issue` [ RunTime:0.004798s ]
[2020-03-19T23:26:31+08:00][sql] SELECT `A`.*,`B`.`coupon_price`,`B`.`use_min_price` FROM `eb_store_coupon_issue` `A` INNER JOIN `eb_store_coupon` `B` ON `A`.`cid`=`B`.`id` WHERE  `A`.`status` = 1  AND (  (  `A`.`start_time` < 1584631591  AND `A`.`end_time` > 1584631591 ) OR (  `A`.`start_time` = 0  AND `A`.`end_time` = 0 ) )  AND `A`.`is_del` = 0  AND ( A.remain_count > 0 OR A.is_permanent = 1 ) ORDER BY `B`.`sort` DESC,`A`.`id` DESC LIMIT 3 [ RunTime:0.003904s ]
[2020-03-19T23:26:31+08:00][sql] SHOW FULL COLUMNS FROM `eb_wechat_user` [ RunTime:0.004855s ]
[2020-03-19T23:26:31+08:00][sql] SELECT `subscribe` FROM `eb_wechat_user` WHERE  `uid` = 22 LIMIT 1 [ RunTime:0.003506s ]
[2020-03-19T23:26:31+08:00][sql] SELECT * FROM `eb_system_config` WHERE  `menu_name` = 'cache_config' LIMIT 1 [ RunTime:0.003654s ]
[2020-03-19T23:26:31+08:00][sql] CONNECT:[ UseTime:0.005516s ] mysql:host=zy-ying123.mysql.rds.aliyuncs.com;port=3306;dbname=lungcare;charset=utf8
[2020-03-19T23:26:31+08:00][sql] SHOW FULL COLUMNS FROM `eb_user_token` [ RunTime:0.005136s ]
[2020-03-19T23:26:31+08:00][sql] SELECT * FROM `eb_user_token` WHERE  `token` = 'eyJ0eXAiOiJKV1QiLCJhbGciOiJIUzI1NiJ9.eyJpc3MiOiJ3ZWkubHVuZ2NhcmUuc2hvcCIsImF1ZCI6IndlaS5sdW5nY2FyZS5zaG9wIiwiaWF0IjoxNTg0NjMxNTkwLCJuYmYiOjE1ODQ2MzE1OTAsImV4cCI6MTU4NDY0MjM5MCwianRpIjp7ImlkIjoyMiwidHlwZSI6IndlY2hhdCJ9fQ.udbxqQmMJM4f761Ll1NtTsDn3OhrxeMjT_IXo7Gixq0' LIMIT 1 [ RunTime:0.003522s ]
[2020-03-19T23:26:31+08:00][sql] SHOW FULL COLUMNS FROM `eb_user` [ RunTime:0.005483s ]
[2020-03-19T23:26:31+08:00][sql] SELECT * FROM `eb_user` WHERE  `uid` = 22 LIMIT 1 [ RunTime:0.003518s ]
[2020-03-19T23:26:31+08:00][sql] SHOW FULL COLUMNS FROM `eb_system_config` [ RunTime:0.004931s ]
[2020-03-19T23:26:31+08:00][sql] SELECT * FROM `eb_system_config` WHERE  `menu_name` = 'cache_config' LIMIT 1 [ RunTime:0.003494s ]
[2020-03-19T23:26:31+08:00][sql] SELECT * FROM `eb_system_config` WHERE  `menu_name` = 'cache_config' LIMIT 1 [ RunTime:0.003414s ]
[2020-03-19T23:26:31+08:00][sql] SELECT * FROM `eb_system_config` WHERE  `menu_name` = 'cache_config' LIMIT 1 [ RunTime:0.003466s ]
[2020-03-19T23:26:31+08:00][sql] SELECT * FROM `eb_system_config` WHERE  `menu_name` = 'cache_config' LIMIT 1 [ RunTime:0.003445s ]
[2020-03-19T23:26:31+08:00][sql] CONNECT:[ UseTime:0.006078s ] mysql:host=zy-ying123.mysql.rds.aliyuncs.com;port=3306;dbname=lungcare;charset=utf8
[2020-03-19T23:26:31+08:00][sql] SHOW FULL COLUMNS FROM `eb_user_token` [ RunTime:0.005314s ]
[2020-03-19T23:26:31+08:00][sql] SELECT * FROM `eb_user_token` WHERE  `token` = 'eyJ0eXAiOiJKV1QiLCJhbGciOiJIUzI1NiJ9.eyJpc3MiOiJ3ZWkubHVuZ2NhcmUuc2hvcCIsImF1ZCI6IndlaS5sdW5nY2FyZS5zaG9wIiwiaWF0IjoxNTg0NjMxNTkwLCJuYmYiOjE1ODQ2MzE1OTAsImV4cCI6MTU4NDY0MjM5MCwianRpIjp7ImlkIjoyMiwidHlwZSI6IndlY2hhdCJ9fQ.udbxqQmMJM4f761Ll1NtTsDn3OhrxeMjT_IXo7Gixq0' LIMIT 1 [ RunTime:0.003753s ]
[2020-03-19T23:26:31+08:00][sql] SHOW FULL COLUMNS FROM `eb_user` [ RunTime:0.005087s ]
[2020-03-19T23:26:31+08:00][sql] SELECT * FROM `eb_user` WHERE  `uid` = 22 LIMIT 1 [ RunTime:0.003750s ]
[2020-03-19T23:26:31+08:00][sql] SHOW FULL COLUMNS FROM `eb_system_config` [ RunTime:0.004772s ]
[2020-03-19T23:26:31+08:00][sql] SELECT `menu_name`,`value` FROM `eb_system_config` WHERE  `menu_name` IN ('wechat_appid','wechat_appsecret','wechat_token','wechat_encodingaeskey','wechat_encode') [ RunTime:0.003709s ]
[2020-03-19T23:26:31+08:00][sql] SELECT `menu_name`,`value` FROM `eb_system_config` WHERE  `menu_name` IN ('pay_weixin_mchid','pay_weixin_client_cert','pay_weixin_client_key','pay_weixin_key','pay_weixin_open') [ RunTime:0.003678s ]
[2020-03-19T23:26:31+08:00][sql] SELECT * FROM `eb_system_config` WHERE  `menu_name` = 'cache_config' LIMIT 1 [ RunTime:0.003793s ]
[2020-03-19T23:27:02+08:00][info] [ VIEW ] /home/wwwroot/www/lungcare/public/index.html [ array (
) ]
[2020-03-19T23:27:02+08:00][sql] CONNECT:[ UseTime:0.005847s ] mysql:host=zy-ying123.mysql.rds.aliyuncs.com;port=3306;dbname=lungcare;charset=utf8
[2020-03-19T23:27:02+08:00][sql] SHOW FULL COLUMNS FROM `eb_user_token` [ RunTime:0.004656s ]
[2020-03-19T23:27:02+08:00][sql] SELECT * FROM `eb_user_token` WHERE  `token` = 'eyJ0eXAiOiJKV1QiLCJhbGciOiJIUzI1NiJ9.eyJpc3MiOiJ3ZWkubHVuZ2NhcmUuc2hvcCIsImF1ZCI6IndlaS5sdW5nY2FyZS5zaG9wIiwiaWF0IjoxNTg0NjMxNTkwLCJuYmYiOjE1ODQ2MzE1OTAsImV4cCI6MTU4NDY0MjM5MCwianRpIjp7ImlkIjoyMiwidHlwZSI6IndlY2hhdCJ9fQ.udbxqQmMJM4f761Ll1NtTsDn3OhrxeMjT_IXo7Gixq0' LIMIT 1 [ RunTime:0.003479s ]
[2020-03-19T23:27:02+08:00][sql] SHOW FULL COLUMNS FROM `eb_user` [ RunTime:0.004735s ]
[2020-03-19T23:27:02+08:00][sql] SELECT * FROM `eb_user` WHERE  `uid` = 22 LIMIT 1 [ RunTime:0.003571s ]
[2020-03-19T23:27:02+08:00][sql] SHOW FULL COLUMNS FROM `eb_system_config` [ RunTime:0.004459s ]
[2020-03-19T23:27:02+08:00][sql] SELECT `menu_name`,`value` FROM `eb_system_config` WHERE  `menu_name` IN ('wechat_appid','wechat_appsecret','wechat_token','wechat_encodingaeskey','wechat_encode') [ RunTime:0.003444s ]
[2020-03-19T23:27:02+08:00][sql] SELECT `menu_name`,`value` FROM `eb_system_config` WHERE  `menu_name` IN ('pay_weixin_mchid','pay_weixin_client_cert','pay_weixin_client_key','pay_weixin_key','pay_weixin_open') [ RunTime:0.003411s ]
[2020-03-19T23:27:02+08:00][sql] SELECT * FROM `eb_system_config` WHERE  `menu_name` = 'cache_config' LIMIT 1 [ RunTime:0.003506s ]
[2020-03-19T23:27:03+08:00][sql] CONNECT:[ UseTime:0.005499s ] mysql:host=zy-ying123.mysql.rds.aliyuncs.com;port=3306;dbname=lungcare;charset=utf8
[2020-03-19T23:27:03+08:00][sql] SHOW FULL COLUMNS FROM `eb_user_token` [ RunTime:0.004554s ]
[2020-03-19T23:27:03+08:00][sql] SELECT * FROM `eb_user_token` WHERE  `token` = 'eyJ0eXAiOiJKV1QiLCJhbGciOiJIUzI1NiJ9.eyJpc3MiOiJ3ZWkubHVuZ2NhcmUuc2hvcCIsImF1ZCI6IndlaS5sdW5nY2FyZS5zaG9wIiwiaWF0IjoxNTg0NjMxNTkwLCJuYmYiOjE1ODQ2MzE1OTAsImV4cCI6MTU4NDY0MjM5MCwianRpIjp7ImlkIjoyMiwidHlwZSI6IndlY2hhdCJ9fQ.udbxqQmMJM4f761Ll1NtTsDn3OhrxeMjT_IXo7Gixq0' LIMIT 1 [ RunTime:0.003381s ]
[2020-03-19T23:27:03+08:00][sql] SHOW FULL COLUMNS FROM `eb_user` [ RunTime:0.004794s ]
[2020-03-19T23:27:03+08:00][sql] SELECT * FROM `eb_user` WHERE  `uid` = 22 LIMIT 1 [ RunTime:0.003420s ]
[2020-03-19T23:27:03+08:00][sql] SHOW FULL COLUMNS FROM `eb_article_category` [ RunTime:0.004282s ]
[2020-03-19T23:27:03+08:00][sql] SELECT `id`,`title` FROM `eb_article_category` WHERE  `hidden` = 0  AND `is_del` = 0  AND `status` = 1  AND `pid` = 0 ORDER BY `sort` DESC [ RunTime:0.003351s ]
[2020-03-19T23:27:03+08:00][sql] CONNECT:[ UseTime:0.005093s ] mysql:host=zy-ying123.mysql.rds.aliyuncs.com;port=3306;dbname=lungcare;charset=utf8
[2020-03-19T23:27:03+08:00][sql] SHOW FULL COLUMNS FROM `eb_user_token` [ RunTime:0.004645s ]
[2020-03-19T23:27:03+08:00][sql] SELECT * FROM `eb_user_token` WHERE  `token` = 'eyJ0eXAiOiJKV1QiLCJhbGciOiJIUzI1NiJ9.eyJpc3MiOiJ3ZWkubHVuZ2NhcmUuc2hvcCIsImF1ZCI6IndlaS5sdW5nY2FyZS5zaG9wIiwiaWF0IjoxNTg0NjMxNTkwLCJuYmYiOjE1ODQ2MzE1OTAsImV4cCI6MTU4NDY0MjM5MCwianRpIjp7ImlkIjoyMiwidHlwZSI6IndlY2hhdCJ9fQ.udbxqQmMJM4f761Ll1NtTsDn3OhrxeMjT_IXo7Gixq0' LIMIT 1 [ RunTime:0.003263s ]
[2020-03-19T23:27:03+08:00][sql] SHOW FULL COLUMNS FROM `eb_user` [ RunTime:0.005151s ]
[2020-03-19T23:27:03+08:00][sql] SELECT * FROM `eb_user` WHERE  `uid` = 22 LIMIT 1 [ RunTime:0.003220s ]
[2020-03-19T23:27:03+08:00][sql] SHOW FULL COLUMNS FROM `eb_article` [ RunTime:0.004545s ]
[2020-03-19T23:27:03+08:00][sql] SELECT id,title,image_input,visit,from_unixtime(add_time,'%Y-%m-%d %H:%i') as add_time,synopsis,url FROM `eb_article` WHERE  `status` = 1  AND `hide` = 0  AND `is_hot` = 1 ORDER BY `sort` DESC,`add_time` DESC [ RunTime:0.003289s ]
[2020-03-19T23:27:03+08:00][sql] CONNECT:[ UseTime:0.004985s ] mysql:host=zy-ying123.mysql.rds.aliyuncs.com;port=3306;dbname=lungcare;charset=utf8
[2020-03-19T23:27:03+08:00][sql] SHOW FULL COLUMNS FROM `eb_user_token` [ RunTime:0.004067s ]
[2020-03-19T23:27:03+08:00][sql] SELECT * FROM `eb_user_token` WHERE  `token` = 'eyJ0eXAiOiJKV1QiLCJhbGciOiJIUzI1NiJ9.eyJpc3MiOiJ3ZWkubHVuZ2NhcmUuc2hvcCIsImF1ZCI6IndlaS5sdW5nY2FyZS5zaG9wIiwiaWF0IjoxNTg0NjMxNTkwLCJuYmYiOjE1ODQ2MzE1OTAsImV4cCI6MTU4NDY0MjM5MCwianRpIjp7ImlkIjoyMiwidHlwZSI6IndlY2hhdCJ9fQ.udbxqQmMJM4f761Ll1NtTsDn3OhrxeMjT_IXo7Gixq0' LIMIT 1 [ RunTime:0.003119s ]
[2020-03-19T23:27:03+08:00][sql] SHOW FULL COLUMNS FROM `eb_user` [ RunTime:0.004485s ]
[2020-03-19T23:27:03+08:00][sql] SELECT * FROM `eb_user` WHERE  `uid` = 22 LIMIT 1 [ RunTime:0.003161s ]
[2020-03-19T23:27:03+08:00][sql] SHOW FULL COLUMNS FROM `eb_system_config` [ RunTime:0.004283s ]
[2020-03-19T23:27:03+08:00][sql] SELECT * FROM `eb_system_config` WHERE  `menu_name` = 'cache_config' LIMIT 1 [ RunTime:0.003275s ]
[2020-03-19T23:27:03+08:00][sql] SHOW FULL COLUMNS FROM `eb_article` [ RunTime:0.004211s ]
[2020-03-19T23:27:03+08:00][sql] SELECT id,title,image_input,visit,from_unixtime(add_time,'%Y-%m-%d %H:%i') as add_time,synopsis,url FROM `eb_article` WHERE  `status` = 1  AND `hide` = 0  AND `is_banner` = 1 ORDER BY `sort` DESC,`add_time` DESC LIMIT 5 [ RunTime:0.003146s ]
[2020-03-19T23:27:03+08:00][sql] CONNECT:[ UseTime:0.005098s ] mysql:host=zy-ying123.mysql.rds.aliyuncs.com;port=3306;dbname=lungcare;charset=utf8
[2020-03-19T23:27:03+08:00][sql] SHOW FULL COLUMNS FROM `eb_user_token` [ RunTime:0.004463s ]
[2020-03-19T23:27:03+08:00][sql] SELECT * FROM `eb_user_token` WHERE  `token` = 'eyJ0eXAiOiJKV1QiLCJhbGciOiJIUzI1NiJ9.eyJpc3MiOiJ3ZWkubHVuZ2NhcmUuc2hvcCIsImF1ZCI6IndlaS5sdW5nY2FyZS5zaG9wIiwiaWF0IjoxNTg0NjMxNTkwLCJuYmYiOjE1ODQ2MzE1OTAsImV4cCI6MTU4NDY0MjM5MCwianRpIjp7ImlkIjoyMiwidHlwZSI6IndlY2hhdCJ9fQ.udbxqQmMJM4f761Ll1NtTsDn3OhrxeMjT_IXo7Gixq0' LIMIT 1 [ RunTime:0.003163s ]
[2020-03-19T23:27:03+08:00][sql] SHOW FULL COLUMNS FROM `eb_user` [ RunTime:0.004454s ]
[2020-03-19T23:27:03+08:00][sql] SELECT * FROM `eb_user` WHERE  `uid` = 22 LIMIT 1 [ RunTime:0.003151s ]
[2020-03-19T23:27:03+08:00][sql] SHOW FULL COLUMNS FROM `eb_system_config` [ RunTime:0.004577s ]
[2020-03-19T23:27:03+08:00][sql] SELECT * FROM `eb_system_config` WHERE  `menu_name` = 'cache_config' LIMIT 1 [ RunTime:0.003332s ]
[2020-03-19T23:27:03+08:00][sql] SELECT * FROM `eb_system_config` WHERE  `menu_name` = 'cache_config' LIMIT 1 [ RunTime:0.003194s ]
[2020-03-19T23:27:03+08:00][sql] SELECT * FROM `eb_system_config` WHERE  `menu_name` = 'cache_config' LIMIT 1 [ RunTime:0.003170s ]
[2020-03-19T23:27:03+08:00][sql] SELECT * FROM `eb_system_config` WHERE  `menu_name` = 'cache_config' LIMIT 1 [ RunTime:0.003162s ]
[2020-03-19T23:27:03+08:00][sql] CONNECT:[ UseTime:0.005310s ] mysql:host=zy-ying123.mysql.rds.aliyuncs.com;port=3306;dbname=lungcare;charset=utf8
[2020-03-19T23:27:03+08:00][sql] SHOW FULL COLUMNS FROM `eb_user_token` [ RunTime:0.004495s ]
[2020-03-19T23:27:03+08:00][sql] SELECT * FROM `eb_user_token` WHERE  `token` = 'eyJ0eXAiOiJKV1QiLCJhbGciOiJIUzI1NiJ9.eyJpc3MiOiJ3ZWkubHVuZ2NhcmUuc2hvcCIsImF1ZCI6IndlaS5sdW5nY2FyZS5zaG9wIiwiaWF0IjoxNTg0NjMxNTkwLCJuYmYiOjE1ODQ2MzE1OTAsImV4cCI6MTU4NDY0MjM5MCwianRpIjp7ImlkIjoyMiwidHlwZSI6IndlY2hhdCJ9fQ.udbxqQmMJM4f761Ll1NtTsDn3OhrxeMjT_IXo7Gixq0' LIMIT 1 [ RunTime:0.003340s ]
[2020-03-19T23:27:03+08:00][sql] SHOW FULL COLUMNS FROM `eb_user` [ RunTime:0.004601s ]
[2020-03-19T23:27:03+08:00][sql] SELECT * FROM `eb_user` WHERE  `uid` = 22 LIMIT 1 [ RunTime:0.003240s ]
[2020-03-19T23:27:03+08:00][sql] SHOW FULL COLUMNS FROM `eb_system_config` [ RunTime:0.004151s ]
[2020-03-19T23:27:03+08:00][sql] SELECT `menu_name`,`value` FROM `eb_system_config` WHERE  `menu_name` IN ('wechat_appid','wechat_appsecret','wechat_token','wechat_encodingaeskey','wechat_encode') [ RunTime:0.003282s ]
[2020-03-19T23:27:03+08:00][sql] SELECT `menu_name`,`value` FROM `eb_system_config` WHERE  `menu_name` IN ('pay_weixin_mchid','pay_weixin_client_cert','pay_weixin_client_key','pay_weixin_key','pay_weixin_open') [ RunTime:0.003155s ]
[2020-03-19T23:27:03+08:00][sql] SELECT * FROM `eb_system_config` WHERE  `menu_name` = 'cache_config' LIMIT 1 [ RunTime:0.003281s ]
[2020-03-19T23:27:08+08:00][sql] CONNECT:[ UseTime:0.005304s ] mysql:host=zy-ying123.mysql.rds.aliyuncs.com;port=3306;dbname=lungcare;charset=utf8
[2020-03-19T23:27:08+08:00][sql] SHOW FULL COLUMNS FROM `eb_user_token` [ RunTime:0.004535s ]
[2020-03-19T23:27:08+08:00][sql] SELECT * FROM `eb_user_token` WHERE  `token` = 'eyJ0eXAiOiJKV1QiLCJhbGciOiJIUzI1NiJ9.eyJpc3MiOiJ3ZWkubHVuZ2NhcmUuc2hvcCIsImF1ZCI6IndlaS5sdW5nY2FyZS5zaG9wIiwiaWF0IjoxNTg0NjMxNTkwLCJuYmYiOjE1ODQ2MzE1OTAsImV4cCI6MTU4NDY0MjM5MCwianRpIjp7ImlkIjoyMiwidHlwZSI6IndlY2hhdCJ9fQ.udbxqQmMJM4f761Ll1NtTsDn3OhrxeMjT_IXo7Gixq0' LIMIT 1 [ RunTime:0.003244s ]
[2020-03-19T23:27:08+08:00][sql] SHOW FULL COLUMNS FROM `eb_user` [ RunTime:0.004557s ]
[2020-03-19T23:27:08+08:00][sql] SELECT * FROM `eb_user` WHERE  `uid` = 22 LIMIT 1 [ RunTime:0.003256s ]
[2020-03-19T23:27:08+08:00][sql] SHOW FULL COLUMNS FROM `eb_article` [ RunTime:0.004334s ]
[2020-03-19T23:27:08+08:00][sql] SELECT id,title,image_input,visit,from_unixtime(add_time,'%Y-%m-%d %H:%i') as add_time,synopsis,url FROM `eb_article` WHERE  ( CONCAT(',',cid,',')  LIKE '%,1,%' )  AND `status` = 1  AND `hide` = 0 ORDER BY `sort` DESC,`add_time` DESC LIMIT 0,20 [ RunTime:0.003310s ]
[2020-03-19T23:27:13+08:00][info] [ VIEW ] /home/wwwroot/www/lungcare/public/index.html [ array (
) ]
[2020-03-19T23:27:13+08:00][info] [ VIEW ] /home/wwwroot/www/lungcare/public/index.html [ array (
) ]
[2020-03-19T23:27:13+08:00][info] [ VIEW ] /home/wwwroot/www/lungcare/public/index.html [ array (
) ]
[2020-03-19T23:27:13+08:00][info] [ VIEW ] /home/wwwroot/www/lungcare/public/index.html [ array (
) ]
[2020-03-19T23:27:13+08:00][sql] CONNECT:[ UseTime:0.005453s ] mysql:host=zy-ying123.mysql.rds.aliyuncs.com;port=3306;dbname=lungcare;charset=utf8
[2020-03-19T23:27:13+08:00][sql] SHOW FULL COLUMNS FROM `eb_user_token` [ RunTime:0.004562s ]
[2020-03-19T23:27:13+08:00][sql] SELECT * FROM `eb_user_token` WHERE  `token` = 'eyJ0eXAiOiJKV1QiLCJhbGciOiJIUzI1NiJ9.eyJpc3MiOiJ3ZWkubHVuZ2NhcmUuc2hvcCIsImF1ZCI6IndlaS5sdW5nY2FyZS5zaG9wIiwiaWF0IjoxNTg0NjMxNTkwLCJuYmYiOjE1ODQ2MzE1OTAsImV4cCI6MTU4NDY0MjM5MCwianRpIjp7ImlkIjoyMiwidHlwZSI6IndlY2hhdCJ9fQ.udbxqQmMJM4f761Ll1NtTsDn3OhrxeMjT_IXo7Gixq0' LIMIT 1 [ RunTime:0.003386s ]
[2020-03-19T23:27:13+08:00][sql] SHOW FULL COLUMNS FROM `eb_user` [ RunTime:0.004666s ]
[2020-03-19T23:27:13+08:00][sql] SELECT * FROM `eb_user` WHERE  `uid` = 22 LIMIT 1 [ RunTime:0.003460s ]
[2020-03-19T23:27:13+08:00][sql] SHOW FULL COLUMNS FROM `eb_system_config` [ RunTime:0.004399s ]
[2020-03-19T23:27:13+08:00][sql] SELECT `menu_name`,`value` FROM `eb_system_config` WHERE  `menu_name` IN ('wechat_appid','wechat_appsecret','wechat_token','wechat_encodingaeskey','wechat_encode') [ RunTime:0.003364s ]
[2020-03-19T23:27:13+08:00][sql] SELECT `menu_name`,`value` FROM `eb_system_config` WHERE  `menu_name` IN ('pay_weixin_mchid','pay_weixin_client_cert','pay_weixin_client_key','pay_weixin_key','pay_weixin_open') [ RunTime:0.003343s ]
[2020-03-19T23:27:13+08:00][sql] SELECT * FROM `eb_system_config` WHERE  `menu_name` = 'cache_config' LIMIT 1 [ RunTime:0.003410s ]
[2020-03-19T23:27:14+08:00][sql] CONNECT:[ UseTime:0.005167s ] mysql:host=zy-ying123.mysql.rds.aliyuncs.com;port=3306;dbname=lungcare;charset=utf8
[2020-03-19T23:27:14+08:00][sql] SHOW FULL COLUMNS FROM `eb_user_token` [ RunTime:0.004478s ]
[2020-03-19T23:27:14+08:00][sql] SELECT * FROM `eb_user_token` WHERE  `token` = 'eyJ0eXAiOiJKV1QiLCJhbGciOiJIUzI1NiJ9.eyJpc3MiOiJ3ZWkubHVuZ2NhcmUuc2hvcCIsImF1ZCI6IndlaS5sdW5nY2FyZS5zaG9wIiwiaWF0IjoxNTg0NjMxNTkwLCJuYmYiOjE1ODQ2MzE1OTAsImV4cCI6MTU4NDY0MjM5MCwianRpIjp7ImlkIjoyMiwidHlwZSI6IndlY2hhdCJ9fQ.udbxqQmMJM4f761Ll1NtTsDn3OhrxeMjT_IXo7Gixq0' LIMIT 1 [ RunTime:0.003235s ]
[2020-03-19T23:27:14+08:00][sql] SHOW FULL COLUMNS FROM `eb_user` [ RunTime:0.004605s ]
[2020-03-19T23:27:14+08:00][sql] SELECT * FROM `eb_user` WHERE  `uid` = 22 LIMIT 1 [ RunTime:0.003265s ]
[2020-03-19T23:27:14+08:00][sql] SHOW FULL COLUMNS FROM `eb_system_config` [ RunTime:0.004244s ]
[2020-03-19T23:27:14+08:00][sql] SELECT * FROM `eb_system_config` WHERE  `menu_name` = 'cache_config' LIMIT 1 [ RunTime:0.003233s ]
[2020-03-19T23:27:14+08:00][sql] SELECT * FROM `eb_system_config` WHERE  `menu_name` = 'cache_config' LIMIT 1 [ RunTime:0.003306s ]
[2020-03-19T23:27:14+08:00][sql] CONNECT:[ UseTime:0.005355s ] mysql:host=zy-ying123.mysql.rds.aliyuncs.com;port=3306;dbname=lungcare;charset=utf8
[2020-03-19T23:27:14+08:00][sql] SHOW FULL COLUMNS FROM `eb_user_token` [ RunTime:0.004766s ]
[2020-03-19T23:27:14+08:00][sql] SELECT * FROM `eb_user_token` WHERE  `token` = 'eyJ0eXAiOiJKV1QiLCJhbGciOiJIUzI1NiJ9.eyJpc3MiOiJ3ZWkubHVuZ2NhcmUuc2hvcCIsImF1ZCI6IndlaS5sdW5nY2FyZS5zaG9wIiwiaWF0IjoxNTg0NjMxNTkwLCJuYmYiOjE1ODQ2MzE1OTAsImV4cCI6MTU4NDY0MjM5MCwianRpIjp7ImlkIjoyMiwidHlwZSI6IndlY2hhdCJ9fQ.udbxqQmMJM4f761Ll1NtTsDn3OhrxeMjT_IXo7Gixq0' LIMIT 1 [ RunTime:0.003413s ]
[2020-03-19T23:27:14+08:00][sql] SHOW FULL COLUMNS FROM `eb_user` [ RunTime:0.005275s ]
[2020-03-19T23:27:14+08:00][sql] SELECT * FROM `eb_user` WHERE  `uid` = 22 LIMIT 1 [ RunTime:0.003427s ]
[2020-03-19T23:27:14+08:00][sql] SHOW FULL COLUMNS FROM `eb_system_config` [ RunTime:0.004761s ]
[2020-03-19T23:27:14+08:00][sql] SELECT * FROM `eb_system_config` WHERE  `menu_name` = 'cache_config' LIMIT 1 [ RunTime:0.003496s ]
[2020-03-19T23:27:14+08:00][sql] SELECT * FROM `eb_system_config` WHERE  `menu_name` = 'cache_config' LIMIT 1 [ RunTime:0.003464s ]
[2020-03-19T23:27:14+08:00][sql] SELECT * FROM `eb_system_config` WHERE  `menu_name` = 'cache_config' LIMIT 1 [ RunTime:0.003449s ]
[2020-03-19T23:27:14+08:00][sql] SELECT * FROM `eb_system_config` WHERE  `menu_name` = 'cache_config' LIMIT 1 [ RunTime:0.003445s ]
[2020-03-19T23:27:14+08:00][sql] CONNECT:[ UseTime:0.005337s ] mysql:host=zy-ying123.mysql.rds.aliyuncs.com;port=3306;dbname=lungcare;charset=utf8
[2020-03-19T23:27:14+08:00][sql] SHOW FULL COLUMNS FROM `eb_user_token` [ RunTime:0.004742s ]
[2020-03-19T23:27:14+08:00][sql] SELECT * FROM `eb_user_token` WHERE  `token` = 'eyJ0eXAiOiJKV1QiLCJhbGciOiJIUzI1NiJ9.eyJpc3MiOiJ3ZWkubHVuZ2NhcmUuc2hvcCIsImF1ZCI6IndlaS5sdW5nY2FyZS5zaG9wIiwiaWF0IjoxNTg0NjMxNTkwLCJuYmYiOjE1ODQ2MzE1OTAsImV4cCI6MTU4NDY0MjM5MCwianRpIjp7ImlkIjoyMiwidHlwZSI6IndlY2hhdCJ9fQ.udbxqQmMJM4f761Ll1NtTsDn3OhrxeMjT_IXo7Gixq0' LIMIT 1 [ RunTime:0.003235s ]
[2020-03-19T23:27:14+08:00][sql] SHOW FULL COLUMNS FROM `eb_user` [ RunTime:0.004702s ]
[2020-03-19T23:27:14+08:00][sql] SELECT * FROM `eb_user` WHERE  `uid` = 22 LIMIT 1 [ RunTime:0.003293s ]
[2020-03-19T23:27:14+08:00][sql] SHOW FULL COLUMNS FROM `eb_system_config` [ RunTime:0.004302s ]
[2020-03-19T23:27:14+08:00][sql] SELECT * FROM `eb_system_config` WHERE  `menu_name` = 'cache_config' LIMIT 1 [ RunTime:0.003283s ]
[2020-03-19T23:27:14+08:00][sql] SELECT * FROM `eb_system_config` WHERE  `menu_name` = 'cache_config' LIMIT 1 [ RunTime:0.003247s ]
[2020-03-19T23:27:14+08:00][sql] SELECT * FROM `eb_system_config` WHERE  `menu_name` = 'cache_config' LIMIT 1 [ RunTime:0.003227s ]
[2020-03-19T23:27:14+08:00][sql] SELECT * FROM `eb_system_config` WHERE  `menu_name` = 'cache_config' LIMIT 1 [ RunTime:0.003267s ]
[2020-03-19T23:27:14+08:00][sql] SELECT * FROM `eb_system_config` WHERE  `menu_name` = 'cache_config' LIMIT 1 [ RunTime:0.003260s ]
[2020-03-19T23:27:14+08:00][sql] SELECT * FROM `eb_system_config` WHERE  `menu_name` = 'cache_config' LIMIT 1 [ RunTime:0.003264s ]
[2020-03-19T23:27:14+08:00][sql] SELECT * FROM `eb_system_config` WHERE  `menu_name` = 'cache_config' LIMIT 1 [ RunTime:0.003258s ]
[2020-03-19T23:27:14+08:00][sql] SHOW FULL COLUMNS FROM `eb_store_category` [ RunTime:0.004303s ]
[2020-03-19T23:27:14+08:00][sql] SELECT `id`,`cate_name`,`pid`,`pic` FROM `eb_store_category` WHERE  `pid` > 0  AND `is_show` = 1 ORDER BY `sort` DESC LIMIT 10 [ RunTime:0.003281s ]
[2020-03-19T23:27:14+08:00][sql] SHOW FULL COLUMNS FROM `eb_store_product` [ RunTime:0.004630s ]
[2020-03-19T23:27:14+08:00][sql] SELECT id,image,store_name,cate_id,price,ot_price,IFNULL(sales,0) + IFNULL(ficti,0) as sales,unit_name FROM `eb_store_product` WHERE  `is_best` = 1  AND `is_del` = 0  AND `mer_id` = 0  AND `stock` > 0  AND `is_show` = 1 ORDER BY `sort` DESC,`id` DESC LIMIT 10 [ RunTime:0.003330s ]
[2020-03-19T23:27:14+08:00][sql] SELECT * FROM `eb_system_config` WHERE  `menu_name` = 'cache_config' LIMIT 1 [ RunTime:0.003273s ]
[2020-03-19T23:27:14+08:00][sql] SHOW FULL COLUMNS FROM `eb_user_level` [ RunTime:0.004305s ]
[2020-03-19T23:27:14+08:00][sql] SELECT `level_id`,`is_forever`,`valid_time`,`id`,`status`,`grade` FROM `eb_user_level` WHERE  `status` = 1  AND `is_del` = 0  AND `uid` = 22 ORDER BY `grade` DESC LIMIT 1 [ RunTime:0.003198s ]
[2020-03-19T23:27:14+08:00][sql] SHOW FULL COLUMNS FROM `eb_system_user_level` [ RunTime:0.004273s ]
[2020-03-19T23:27:14+08:00][sql] SELECT `discount` FROM `eb_system_user_level` WHERE  `is_show` = 1  AND `is_del` = 0 ORDER BY `grade` ASC LIMIT 1 [ RunTime:0.003197s ]
[2020-03-19T23:27:14+08:00][sql] SELECT id,image,store_name,cate_id,price,unit_name,IFNULL(sales,0) + IFNULL(ficti,0) as sales FROM `eb_store_product` WHERE  `is_new` = 1  AND `is_del` = 0  AND `mer_id` = 0  AND `stock` > 0  AND `is_show` = 1 ORDER BY `sort` DESC,`id` DESC LIMIT 10 [ RunTime:0.003278s ]
[2020-03-19T23:27:14+08:00][sql] SELECT * FROM `eb_system_config` WHERE  `menu_name` = 'cache_config' LIMIT 1 [ RunTime:0.003247s ]
[2020-03-19T23:27:14+08:00][sql] SELECT `level_id`,`is_forever`,`valid_time`,`id`,`status`,`grade` FROM `eb_user_level` WHERE  `status` = 1  AND `is_del` = 0  AND `uid` = 22 ORDER BY `grade` DESC LIMIT 1 [ RunTime:0.003123s ]
[2020-03-19T23:27:14+08:00][sql] SELECT `discount` FROM `eb_system_user_level` WHERE  `is_show` = 1  AND `is_del` = 0 ORDER BY `grade` ASC LIMIT 1 [ RunTime:0.003143s ]
[2020-03-19T23:27:14+08:00][sql] SELECT * FROM `eb_system_config` WHERE  `menu_name` = 'cache_config' LIMIT 1 [ RunTime:0.003293s ]
[2020-03-19T23:27:14+08:00][sql] SELECT `id`,`image`,`store_name`,`cate_id`,`price`,`ot_price`,`stock`,`unit_name` FROM `eb_store_product` WHERE  `is_benefit` = 1  AND `is_del` = 0  AND `mer_id` = 0  AND `stock` > 0  AND `is_show` = 1 ORDER BY `sort` DESC,`id` DESC LIMIT 3 [ RunTime:0.003274s ]
[2020-03-19T23:27:14+08:00][sql] SELECT * FROM `eb_system_config` WHERE  `menu_name` = 'cache_config' LIMIT 1 [ RunTime:0.003267s ]
[2020-03-19T23:27:14+08:00][sql] SELECT `id`,`image`,`store_name`,`cate_id`,`price`,`unit_name` FROM `eb_store_product` WHERE  `is_hot` = 1  AND `is_del` = 0  AND `mer_id` = 0  AND `stock` > 0  AND `is_show` = 1 ORDER BY `sort` DESC,`id` DESC LIMIT 3 [ RunTime:0.003267s ]
[2020-03-19T23:27:14+08:00][sql] SELECT * FROM `eb_system_config` WHERE  `menu_name` = 'cache_config' LIMIT 1 [ RunTime:0.003671s ]
[2020-03-19T23:27:14+08:00][sql] SELECT `level_id`,`is_forever`,`valid_time`,`id`,`status`,`grade` FROM `eb_user_level` WHERE  `status` = 1  AND `is_del` = 0  AND `uid` = 0 ORDER BY `grade` DESC LIMIT 1 [ RunTime:0.003139s ]
[2020-03-19T23:27:14+08:00][sql] SELECT `discount` FROM `eb_system_user_level` WHERE  `is_show` = 1  AND `is_del` = 0 ORDER BY `grade` ASC LIMIT 1 [ RunTime:0.003115s ]
[2020-03-19T23:27:14+08:00][sql] SHOW FULL COLUMNS FROM `eb_store_coupon_issue` [ RunTime:0.004290s ]
[2020-03-19T23:27:14+08:00][sql] SELECT `A`.*,`B`.`coupon_price`,`B`.`use_min_price` FROM `eb_store_coupon_issue` `A` INNER JOIN `eb_store_coupon` `B` ON `A`.`cid`=`B`.`id` WHERE  `A`.`status` = 1  AND (  (  `A`.`start_time` < 1584631634  AND `A`.`end_time` > 1584631634 ) OR (  `A`.`start_time` = 0  AND `A`.`end_time` = 0 ) )  AND `A`.`is_del` = 0  AND ( A.remain_count > 0 OR A.is_permanent = 1 ) ORDER BY `B`.`sort` DESC,`A`.`id` DESC LIMIT 3 [ RunTime:0.003380s ]
[2020-03-19T23:27:14+08:00][sql] SHOW FULL COLUMNS FROM `eb_wechat_user` [ RunTime:0.004435s ]
[2020-03-19T23:27:14+08:00][sql] SELECT `subscribe` FROM `eb_wechat_user` WHERE  `uid` = 22 LIMIT 1 [ RunTime:0.003156s ]
[2020-03-19T23:27:14+08:00][sql] SELECT * FROM `eb_system_config` WHERE  `menu_name` = 'cache_config' LIMIT 1 [ RunTime:0.003374s ]
[2020-03-19T23:27:14+08:00][sql] CONNECT:[ UseTime:0.005821s ] mysql:host=zy-ying123.mysql.rds.aliyuncs.com;port=3306;dbname=lungcare;charset=utf8
[2020-03-19T23:27:14+08:00][sql] SHOW FULL COLUMNS FROM `eb_user_token` [ RunTime:0.004793s ]
[2020-03-19T23:27:14+08:00][sql] SELECT * FROM `eb_user_token` WHERE  `token` = 'eyJ0eXAiOiJKV1QiLCJhbGciOiJIUzI1NiJ9.eyJpc3MiOiJ3ZWkubHVuZ2NhcmUuc2hvcCIsImF1ZCI6IndlaS5sdW5nY2FyZS5zaG9wIiwiaWF0IjoxNTg0NjMxNTkwLCJuYmYiOjE1ODQ2MzE1OTAsImV4cCI6MTU4NDY0MjM5MCwianRpIjp7ImlkIjoyMiwidHlwZSI6IndlY2hhdCJ9fQ.udbxqQmMJM4f761Ll1NtTsDn3OhrxeMjT_IXo7Gixq0' LIMIT 1 [ RunTime:0.003623s ]
[2020-03-19T23:27:14+08:00][sql] SHOW FULL COLUMNS FROM `eb_user` [ RunTime:0.005205s ]
[2020-03-19T23:27:14+08:00][sql] SELECT * FROM `eb_user` WHERE  `uid` = 22 LIMIT 1 [ RunTime:0.003606s ]
[2020-03-19T23:27:14+08:00][sql] SHOW FULL COLUMNS FROM `eb_system_config` [ RunTime:0.004631s ]
[2020-03-19T23:27:14+08:00][sql] SELECT `menu_name`,`value` FROM `eb_system_config` WHERE  `menu_name` IN ('wechat_appid','wechat_appsecret','wechat_token','wechat_encodingaeskey','wechat_encode') [ RunTime:0.003617s ]
[2020-03-19T23:27:14+08:00][sql] SELECT `menu_name`,`value` FROM `eb_system_config` WHERE  `menu_name` IN ('pay_weixin_mchid','pay_weixin_client_cert','pay_weixin_client_key','pay_weixin_key','pay_weixin_open') [ RunTime:0.003545s ]
[2020-03-19T23:27:14+08:00][sql] SELECT * FROM `eb_system_config` WHERE  `menu_name` = 'cache_config' LIMIT 1 [ RunTime:0.003671s ]
[2020-03-19T23:27:14+08:00][sql] CONNECT:[ UseTime:0.005610s ] mysql:host=zy-ying123.mysql.rds.aliyuncs.com;port=3306;dbname=lungcare;charset=utf8
[2020-03-19T23:27:14+08:00][sql] SHOW FULL COLUMNS FROM `eb_user_token` [ RunTime:0.004593s ]
[2020-03-19T23:27:14+08:00][sql] SELECT * FROM `eb_user_token` WHERE  `token` = 'eyJ0eXAiOiJKV1QiLCJhbGciOiJIUzI1NiJ9.eyJpc3MiOiJ3ZWkubHVuZ2NhcmUuc2hvcCIsImF1ZCI6IndlaS5sdW5nY2FyZS5zaG9wIiwiaWF0IjoxNTg0NjMxNTkwLCJuYmYiOjE1ODQ2MzE1OTAsImV4cCI6MTU4NDY0MjM5MCwianRpIjp7ImlkIjoyMiwidHlwZSI6IndlY2hhdCJ9fQ.udbxqQmMJM4f761Ll1NtTsDn3OhrxeMjT_IXo7Gixq0' LIMIT 1 [ RunTime:0.003413s ]
[2020-03-19T23:27:14+08:00][sql] SHOW FULL COLUMNS FROM `eb_user` [ RunTime:0.004812s ]
[2020-03-19T23:27:14+08:00][sql] SELECT * FROM `eb_user` WHERE  `uid` = 22 LIMIT 1 [ RunTime:0.003405s ]
[2020-03-19T23:27:14+08:00][sql] SHOW FULL COLUMNS FROM `eb_system_config` [ RunTime:0.004420s ]
[2020-03-19T23:27:14+08:00][sql] SELECT * FROM `eb_system_config` WHERE  `menu_name` = 'cache_config' LIMIT 1 [ RunTime:0.003467s ]
[2020-03-19T23:27:14+08:00][sql] SELECT * FROM `eb_system_config` WHERE  `menu_name` = 'cache_config' LIMIT 1 [ RunTime:0.003436s ]
[2020-03-19T23:27:14+08:00][sql] SELECT * FROM `eb_system_config` WHERE  `menu_name` = 'cache_config' LIMIT 1 [ RunTime:0.003393s ]
[2020-03-19T23:27:14+08:00][sql] SELECT * FROM `eb_system_config` WHERE  `menu_name` = 'cache_config' LIMIT 1 [ RunTime:0.003520s ]
[2020-03-19T23:27:14+08:00][sql] CONNECT:[ UseTime:0.005127s ] mysql:host=zy-ying123.mysql.rds.aliyuncs.com;port=3306;dbname=lungcare;charset=utf8
[2020-03-19T23:27:14+08:00][sql] SHOW FULL COLUMNS FROM `eb_user_token` [ RunTime:0.004361s ]
[2020-03-19T23:27:14+08:00][sql] SELECT * FROM `eb_user_token` WHERE  `token` = 'eyJ0eXAiOiJKV1QiLCJhbGciOiJIUzI1NiJ9.eyJpc3MiOiJ3ZWkubHVuZ2NhcmUuc2hvcCIsImF1ZCI6IndlaS5sdW5nY2FyZS5zaG9wIiwiaWF0IjoxNTg0NjMxNTkwLCJuYmYiOjE1ODQ2MzE1OTAsImV4cCI6MTU4NDY0MjM5MCwianRpIjp7ImlkIjoyMiwidHlwZSI6IndlY2hhdCJ9fQ.udbxqQmMJM4f761Ll1NtTsDn3OhrxeMjT_IXo7Gixq0' LIMIT 1 [ RunTime:0.003237s ]
[2020-03-19T23:27:14+08:00][sql] SHOW FULL COLUMNS FROM `eb_user` [ RunTime:0.004435s ]
[2020-03-19T23:27:14+08:00][sql] SELECT * FROM `eb_user` WHERE  `uid` = 22 LIMIT 1 [ RunTime:0.003277s ]
[2020-03-19T23:27:14+08:00][sql] SHOW FULL COLUMNS FROM `eb_system_config` [ RunTime:0.004236s ]
[2020-03-19T23:27:14+08:00][sql] SELECT `menu_name`,`value` FROM `eb_system_config` WHERE  `menu_name` IN ('wechat_appid','wechat_appsecret','wechat_token','wechat_encodingaeskey','wechat_encode') [ RunTime:0.003155s ]
[2020-03-19T23:27:14+08:00][sql] SELECT `menu_name`,`value` FROM `eb_system_config` WHERE  `menu_name` IN ('pay_weixin_mchid','pay_weixin_client_cert','pay_weixin_client_key','pay_weixin_key','pay_weixin_open') [ RunTime:0.003203s ]
[2020-03-19T23:27:14+08:00][sql] SELECT * FROM `eb_system_config` WHERE  `menu_name` = 'cache_config' LIMIT 1 [ RunTime:0.003288s ]
[2020-03-19T23:31:39+08:00][info] [ VIEW ] /home/wwwroot/www/lungcare/public/index.html [ array (
) ]
[2020-03-19T23:50:04+08:00][info] [ VIEW ] /home/wwwroot/www/lungcare/public/index.html [ array (
) ]
[2020-03-19T23:51:27+08:00][info] [ VIEW ] /home/wwwroot/www/lungcare/public/index.html [ array (
) ]
[2020-03-19T23:59:07+08:00][info] [ VIEW ] /home/wwwroot/www/lungcare/public/index.html [ array (
) ]
