[2020-04-04T01:02:53+08:00][info] [ VIEW ] /home/wwwroot/www/lungcare/public/index.html [ array (
) ]
[2020-04-04T01:02:54+08:00][info] [ VIEW ] /home/wwwroot/www/lungcare/public/index.html [ array (
) ]
[2020-04-04T01:02:54+08:00][info] [ VIEW ] /home/wwwroot/www/lungcare/public/index.html [ array (
) ]
[2020-04-04T01:02:54+08:00][info] [ VIEW ] /home/wwwroot/www/lungcare/public/index.html [ array (
) ]
[2020-04-04T01:02:54+08:00][info] [ VIEW ] /home/wwwroot/www/lungcare/public/index.html [ array (
) ]
[2020-04-04T01:02:56+08:00][sql] CONNECT:[ UseTime:0.005359s ] mysql:host=zy-ying123.mysql.rds.aliyuncs.com;port=3306;dbname=lungcare;charset=utf8
[2020-04-04T01:02:56+08:00][sql] SHOW FULL COLUMNS FROM `eb_user_token` [ RunTime:0.005164s ]
[2020-04-04T01:02:56+08:00][sql] SELECT * FROM `eb_user_token` WHERE  `token` IS NULL LIMIT 1 [ RunTime:0.003142s ]
[2020-04-04T01:02:56+08:00][sql] SHOW FULL COLUMNS FROM `eb_system_config` [ RunTime:0.004985s ]
[2020-04-04T01:02:56+08:00][sql] SELECT * FROM `eb_system_config` WHERE  `menu_name` = 'cache_config' LIMIT 1 [ RunTime:0.003378s ]
[2020-04-04T01:02:56+08:00][sql] SELECT * FROM `eb_system_config` WHERE  `menu_name` = 'cache_config' LIMIT 1 [ RunTime:0.003312s ]
[2020-04-04T01:02:56+08:00][sql] CONNECT:[ UseTime:0.005429s ] mysql:host=zy-ying123.mysql.rds.aliyuncs.com;port=3306;dbname=lungcare;charset=utf8
[2020-04-04T01:02:56+08:00][sql] SHOW FULL COLUMNS FROM `eb_user_token` [ RunTime:0.004945s ]
[2020-04-04T01:02:56+08:00][sql] SELECT * FROM `eb_user_token` WHERE  `token` IS NULL LIMIT 1 [ RunTime:0.003095s ]
[2020-04-04T01:02:56+08:00][sql] SHOW FULL COLUMNS FROM `eb_system_config` [ RunTime:0.004996s ]
[2020-04-04T01:02:56+08:00][sql] SELECT * FROM `eb_system_config` WHERE  `menu_name` = 'cache_config' LIMIT 1 [ RunTime:0.003408s ]
[2020-04-04T01:02:56+08:00][sql] SELECT * FROM `eb_system_config` WHERE  `menu_name` = 'cache_config' LIMIT 1 [ RunTime:0.003373s ]
[2020-04-04T01:02:56+08:00][sql] SELECT * FROM `eb_system_config` WHERE  `menu_name` = 'cache_config' LIMIT 1 [ RunTime:0.003371s ]
[2020-04-04T01:02:56+08:00][sql] SELECT * FROM `eb_system_config` WHERE  `menu_name` = 'cache_config' LIMIT 1 [ RunTime:0.003324s ]
[2020-04-04T01:02:56+08:00][sql] SELECT * FROM `eb_system_config` WHERE  `menu_name` = 'cache_config' LIMIT 1 [ RunTime:0.003355s ]
[2020-04-04T01:02:56+08:00][sql] SELECT * FROM `eb_system_config` WHERE  `menu_name` = 'cache_config' LIMIT 1 [ RunTime:0.003405s ]
[2020-04-04T01:02:56+08:00][sql] SELECT * FROM `eb_system_config` WHERE  `menu_name` = 'cache_config' LIMIT 1 [ RunTime:0.003322s ]
[2020-04-04T01:02:56+08:00][sql] SHOW FULL COLUMNS FROM `eb_store_category` [ RunTime:0.004956s ]
[2020-04-04T01:02:56+08:00][sql] SELECT `id`,`cate_name`,`pid`,`pic` FROM `eb_store_category` WHERE  `pid` > 0  AND `is_show` = 1 ORDER BY `sort` DESC LIMIT 10 [ RunTime:0.003269s ]
[2020-04-04T01:02:56+08:00][sql] SHOW FULL COLUMNS FROM `eb_store_product` [ RunTime:0.005478s ]
[2020-04-04T01:02:56+08:00][sql] SELECT id,image,store_name,cate_id,price,ot_price,IFNULL(sales,0) + IFNULL(ficti,0) as sales,unit_name FROM `eb_store_product` WHERE  `is_best` = 1  AND `is_del` = 0  AND `mer_id` = 0  AND `stock` > 0  AND `is_show` = 1 ORDER BY `sort` DESC,`id` DESC LIMIT 10 [ RunTime:0.003516s ]
[2020-04-04T01:02:56+08:00][sql] SELECT * FROM `eb_system_config` WHERE  `menu_name` = 'cache_config' LIMIT 1 [ RunTime:0.003372s ]
[2020-04-04T01:02:56+08:00][sql] SHOW FULL COLUMNS FROM `eb_user_level` [ RunTime:0.004922s ]
[2020-04-04T01:02:56+08:00][sql] SELECT `level_id`,`is_forever`,`valid_time`,`id`,`status`,`grade` FROM `eb_user_level` WHERE  `status` = 1  AND `is_del` = 0  AND `uid` = 0 ORDER BY `grade` DESC LIMIT 1 [ RunTime:0.003208s ]
[2020-04-04T01:02:56+08:00][sql] SHOW FULL COLUMNS FROM `eb_system_user_level` [ RunTime:0.004859s ]
[2020-04-04T01:02:56+08:00][sql] SELECT `discount` FROM `eb_system_user_level` WHERE  `is_show` = 1  AND `is_del` = 0 ORDER BY `grade` ASC LIMIT 1 [ RunTime:0.003178s ]
[2020-04-04T01:02:56+08:00][sql] SELECT id,image,store_name,cate_id,price,unit_name,IFNULL(sales,0) + IFNULL(ficti,0) as sales FROM `eb_store_product` WHERE  `is_new` = 1  AND `is_del` = 0  AND `mer_id` = 0  AND `stock` > 0  AND `is_show` = 1 ORDER BY `sort` DESC,`id` DESC LIMIT 10 [ RunTime:0.003544s ]
[2020-04-04T01:02:56+08:00][sql] SELECT * FROM `eb_system_config` WHERE  `menu_name` = 'cache_config' LIMIT 1 [ RunTime:0.003350s ]
[2020-04-04T01:02:56+08:00][sql] SELECT `level_id`,`is_forever`,`valid_time`,`id`,`status`,`grade` FROM `eb_user_level` WHERE  `status` = 1  AND `is_del` = 0  AND `uid` = 0 ORDER BY `grade` DESC LIMIT 1 [ RunTime:0.003168s ]
[2020-04-04T01:02:56+08:00][sql] SELECT `discount` FROM `eb_system_user_level` WHERE  `is_show` = 1  AND `is_del` = 0 ORDER BY `grade` ASC LIMIT 1 [ RunTime:0.003074s ]
[2020-04-04T01:02:56+08:00][sql] SELECT * FROM `eb_system_config` WHERE  `menu_name` = 'cache_config' LIMIT 1 [ RunTime:0.003197s ]
[2020-04-04T01:02:56+08:00][sql] SELECT `id`,`image`,`store_name`,`cate_id`,`price`,`ot_price`,`stock`,`unit_name` FROM `eb_store_product` WHERE  `is_benefit` = 1  AND `is_del` = 0  AND `mer_id` = 0  AND `stock` > 0  AND `is_show` = 1 ORDER BY `sort` DESC,`id` DESC LIMIT 3 [ RunTime:0.003331s ]
[2020-04-04T01:02:56+08:00][sql] SELECT * FROM `eb_system_config` WHERE  `menu_name` = 'cache_config' LIMIT 1 [ RunTime:0.003331s ]
[2020-04-04T01:02:56+08:00][sql] SELECT `id`,`image`,`store_name`,`cate_id`,`price`,`unit_name` FROM `eb_store_product` WHERE  `is_hot` = 1  AND `is_del` = 0  AND `mer_id` = 0  AND `stock` > 0  AND `is_show` = 1 ORDER BY `sort` DESC,`id` DESC LIMIT 3 [ RunTime:0.003293s ]
[2020-04-04T01:02:56+08:00][sql] SELECT * FROM `eb_system_config` WHERE  `menu_name` = 'cache_config' LIMIT 1 [ RunTime:0.003307s ]
[2020-04-04T01:02:56+08:00][sql] SELECT `level_id`,`is_forever`,`valid_time`,`id`,`status`,`grade` FROM `eb_user_level` WHERE  `status` = 1  AND `is_del` = 0  AND `uid` = 0 ORDER BY `grade` DESC LIMIT 1 [ RunTime:0.003122s ]
[2020-04-04T01:02:56+08:00][sql] SELECT `discount` FROM `eb_system_user_level` WHERE  `is_show` = 1  AND `is_del` = 0 ORDER BY `grade` ASC LIMIT 1 [ RunTime:0.003091s ]
[2020-04-04T01:02:56+08:00][sql] SHOW FULL COLUMNS FROM `eb_store_coupon_issue` [ RunTime:0.004475s ]
[2020-04-04T01:02:56+08:00][sql] SELECT `A`.*,`B`.`coupon_price`,`B`.`use_min_price` FROM `eb_store_coupon_issue` `A` INNER JOIN `eb_store_coupon` `B` ON `A`.`cid`=`B`.`id` WHERE  `A`.`status` = 1  AND (  (  `A`.`start_time` < 1585933376  AND `A`.`end_time` > 1585933376 ) OR (  `A`.`start_time` = 0  AND `A`.`end_time` = 0 ) )  AND `A`.`is_del` = 0  AND ( A.remain_count > 0 OR A.is_permanent = 1 ) ORDER BY `B`.`sort` DESC,`A`.`id` DESC LIMIT 3 [ RunTime:0.003449s ]
[2020-04-04T01:02:56+08:00][sql] SHOW FULL COLUMNS FROM `eb_wechat_user` [ RunTime:0.004542s ]
[2020-04-04T01:02:56+08:00][sql] SELECT `subscribe` FROM `eb_wechat_user` WHERE  `uid` = 0 LIMIT 1 [ RunTime:0.003145s ]
[2020-04-04T01:02:56+08:00][sql] SELECT * FROM `eb_system_config` WHERE  `menu_name` = 'cache_config' LIMIT 1 [ RunTime:0.003384s ]
[2020-04-04T01:09:33+08:00][info] [ VIEW ] /home/wwwroot/www/lungcare/public/index.html [ array (
) ]
[2020-04-04T01:20:22+08:00][info] [ VIEW ] /home/wwwroot/www/lungcare/public/index.html [ array (
) ]
[2020-04-04T01:50:45+08:00][info] [ VIEW ] /home/wwwroot/www/lungcare/public/index.html [ array (
) ]
[2020-04-04T01:54:18+08:00][info] [ VIEW ] /home/wwwroot/www/lungcare/public/index.html [ array (
) ]
[2020-04-04T02:28:31+08:00][info] [ VIEW ] /home/wwwroot/www/lungcare/public/index.html [ array (
) ]
[2020-04-04T02:36:50+08:00][info] [ VIEW ] /home/wwwroot/www/lungcare/public/index.html [ array (
) ]
[2020-04-04T02:36:59+08:00][info] [ VIEW ] /home/wwwroot/www/lungcare/public/index.html [ array (
) ]
[2020-04-04T03:24:48+08:00][info] [ VIEW ] /home/wwwroot/www/lungcare/public/index.html [ array (
) ]
[2020-04-04T04:33:14+08:00][info] [ VIEW ] /home/wwwroot/www/lungcare/public/index.html [ array (
) ]
[2020-04-04T05:07:42+08:00][info] [ VIEW ] /home/wwwroot/www/lungcare/public/index.html [ array (
) ]
[2020-04-04T05:17:46+08:00][info] [ VIEW ] /home/wwwroot/www/lungcare/public/index.html [ array (
) ]
[2020-04-04T05:17:46+08:00][info] [ VIEW ] /home/wwwroot/www/lungcare/public/index.html [ array (
) ]
[2020-04-04T05:17:46+08:00][info] [ VIEW ] /home/wwwroot/www/lungcare/public/index.html [ array (
) ]
[2020-04-04T05:17:46+08:00][info] [ VIEW ] /home/wwwroot/www/lungcare/public/index.html [ array (
) ]
[2020-04-04T05:17:47+08:00][sql] CONNECT:[ UseTime:0.005636s ] mysql:host=zy-ying123.mysql.rds.aliyuncs.com;port=3306;dbname=lungcare;charset=utf8
[2020-04-04T05:17:47+08:00][sql] SHOW FULL COLUMNS FROM `eb_user_token` [ RunTime:0.004645s ]
[2020-04-04T05:17:47+08:00][sql] SELECT * FROM `eb_user_token` WHERE  `token` IS NULL LIMIT 1 [ RunTime:0.003180s ]
[2020-04-04T05:17:47+08:00][sql] SHOW FULL COLUMNS FROM `eb_system_config` [ RunTime:0.004462s ]
[2020-04-04T05:17:47+08:00][sql] SELECT * FROM `eb_system_config` WHERE  `menu_name` = 'cache_config' LIMIT 1 [ RunTime:0.003390s ]
[2020-04-04T05:17:47+08:00][sql] SELECT * FROM `eb_system_config` WHERE  `menu_name` = 'cache_config' LIMIT 1 [ RunTime:0.003374s ]
[2020-04-04T05:17:48+08:00][info] [ VIEW ] /home/wwwroot/www/lungcare/public/index.html [ array (
) ]
[2020-04-04T05:17:48+08:00][sql] CONNECT:[ UseTime:0.004928s ] mysql:host=zy-ying123.mysql.rds.aliyuncs.com;port=3306;dbname=lungcare;charset=utf8
[2020-04-04T05:17:48+08:00][sql] SHOW FULL COLUMNS FROM `eb_user_token` [ RunTime:0.004576s ]
[2020-04-04T05:17:48+08:00][sql] SELECT * FROM `eb_user_token` WHERE  `token` IS NULL LIMIT 1 [ RunTime:0.002849s ]
[2020-04-04T05:17:48+08:00][sql] SHOW FULL COLUMNS FROM `eb_system_config` [ RunTime:0.004616s ]
[2020-04-04T05:17:48+08:00][sql] SELECT * FROM `eb_system_config` WHERE  `menu_name` = 'cache_config' LIMIT 1 [ RunTime:0.003130s ]
[2020-04-04T05:17:48+08:00][sql] SELECT * FROM `eb_system_config` WHERE  `menu_name` = 'cache_config' LIMIT 1 [ RunTime:0.003096s ]
[2020-04-04T05:17:48+08:00][sql] SELECT * FROM `eb_system_config` WHERE  `menu_name` = 'cache_config' LIMIT 1 [ RunTime:0.003066s ]
[2020-04-04T05:17:48+08:00][sql] SELECT * FROM `eb_system_config` WHERE  `menu_name` = 'cache_config' LIMIT 1 [ RunTime:0.003100s ]
[2020-04-04T05:17:48+08:00][sql] SELECT * FROM `eb_system_config` WHERE  `menu_name` = 'cache_config' LIMIT 1 [ RunTime:0.003045s ]
[2020-04-04T05:17:48+08:00][sql] SELECT * FROM `eb_system_config` WHERE  `menu_name` = 'cache_config' LIMIT 1 [ RunTime:0.003314s ]
[2020-04-04T05:17:48+08:00][sql] SELECT * FROM `eb_system_config` WHERE  `menu_name` = 'cache_config' LIMIT 1 [ RunTime:0.003000s ]
[2020-04-04T05:17:48+08:00][sql] SHOW FULL COLUMNS FROM `eb_store_category` [ RunTime:0.004513s ]
[2020-04-04T05:17:48+08:00][sql] SELECT `id`,`cate_name`,`pid`,`pic` FROM `eb_store_category` WHERE  `pid` > 0  AND `is_show` = 1 ORDER BY `sort` DESC LIMIT 10 [ RunTime:0.003000s ]
[2020-04-04T05:17:48+08:00][sql] SHOW FULL COLUMNS FROM `eb_store_product` [ RunTime:0.005021s ]
[2020-04-04T05:17:48+08:00][sql] SELECT id,image,store_name,cate_id,price,ot_price,IFNULL(sales,0) + IFNULL(ficti,0) as sales,unit_name FROM `eb_store_product` WHERE  `is_best` = 1  AND `is_del` = 0  AND `mer_id` = 0  AND `stock` > 0  AND `is_show` = 1 ORDER BY `sort` DESC,`id` DESC LIMIT 10 [ RunTime:0.003160s ]
[2020-04-04T05:17:48+08:00][sql] SELECT * FROM `eb_system_config` WHERE  `menu_name` = 'cache_config' LIMIT 1 [ RunTime:0.003078s ]
[2020-04-04T05:17:48+08:00][sql] SHOW FULL COLUMNS FROM `eb_user_level` [ RunTime:0.004531s ]
[2020-04-04T05:17:48+08:00][sql] SELECT `level_id`,`is_forever`,`valid_time`,`id`,`status`,`grade` FROM `eb_user_level` WHERE  `status` = 1  AND `is_del` = 0  AND `uid` = 0 ORDER BY `grade` DESC LIMIT 1 [ RunTime:0.002976s ]
[2020-04-04T05:17:48+08:00][sql] SHOW FULL COLUMNS FROM `eb_system_user_level` [ RunTime:0.004577s ]
[2020-04-04T05:17:48+08:00][sql] SELECT `discount` FROM `eb_system_user_level` WHERE  `is_show` = 1  AND `is_del` = 0 ORDER BY `grade` ASC LIMIT 1 [ RunTime:0.002919s ]
[2020-04-04T05:17:48+08:00][sql] SELECT id,image,store_name,cate_id,price,unit_name,IFNULL(sales,0) + IFNULL(ficti,0) as sales FROM `eb_store_product` WHERE  `is_new` = 1  AND `is_del` = 0  AND `mer_id` = 0  AND `stock` > 0  AND `is_show` = 1 ORDER BY `sort` DESC,`id` DESC LIMIT 10 [ RunTime:0.003067s ]
[2020-04-04T05:17:48+08:00][sql] SELECT * FROM `eb_system_config` WHERE  `menu_name` = 'cache_config' LIMIT 1 [ RunTime:0.003065s ]
[2020-04-04T05:17:48+08:00][sql] SELECT `level_id`,`is_forever`,`valid_time`,`id`,`status`,`grade` FROM `eb_user_level` WHERE  `status` = 1  AND `is_del` = 0  AND `uid` = 0 ORDER BY `grade` DESC LIMIT 1 [ RunTime:0.002884s ]
[2020-04-04T05:17:48+08:00][sql] SELECT `discount` FROM `eb_system_user_level` WHERE  `is_show` = 1  AND `is_del` = 0 ORDER BY `grade` ASC LIMIT 1 [ RunTime:0.002842s ]
[2020-04-04T05:17:48+08:00][sql] SELECT * FROM `eb_system_config` WHERE  `menu_name` = 'cache_config' LIMIT 1 [ RunTime:0.003123s ]
[2020-04-04T05:17:48+08:00][sql] SELECT `id`,`image`,`store_name`,`cate_id`,`price`,`ot_price`,`stock`,`unit_name` FROM `eb_store_product` WHERE  `is_benefit` = 1  AND `is_del` = 0  AND `mer_id` = 0  AND `stock` > 0  AND `is_show` = 1 ORDER BY `sort` DESC,`id` DESC LIMIT 3 [ RunTime:0.003069s ]
[2020-04-04T05:17:48+08:00][sql] SELECT * FROM `eb_system_config` WHERE  `menu_name` = 'cache_config' LIMIT 1 [ RunTime:0.003056s ]
[2020-04-04T05:17:48+08:00][sql] SELECT `id`,`image`,`store_name`,`cate_id`,`price`,`unit_name` FROM `eb_store_product` WHERE  `is_hot` = 1  AND `is_del` = 0  AND `mer_id` = 0  AND `stock` > 0  AND `is_show` = 1 ORDER BY `sort` DESC,`id` DESC LIMIT 3 [ RunTime:0.003044s ]
[2020-04-04T05:17:48+08:00][sql] SELECT * FROM `eb_system_config` WHERE  `menu_name` = 'cache_config' LIMIT 1 [ RunTime:0.003101s ]
[2020-04-04T05:17:48+08:00][sql] SELECT `level_id`,`is_forever`,`valid_time`,`id`,`status`,`grade` FROM `eb_user_level` WHERE  `status` = 1  AND `is_del` = 0  AND `uid` = 0 ORDER BY `grade` DESC LIMIT 1 [ RunTime:0.002882s ]
[2020-04-04T05:17:48+08:00][sql] SELECT `discount` FROM `eb_system_user_level` WHERE  `is_show` = 1  AND `is_del` = 0 ORDER BY `grade` ASC LIMIT 1 [ RunTime:0.002841s ]
[2020-04-04T05:17:48+08:00][sql] SHOW FULL COLUMNS FROM `eb_store_coupon_issue` [ RunTime:0.004573s ]
[2020-04-04T05:17:48+08:00][sql] SELECT `A`.*,`B`.`coupon_price`,`B`.`use_min_price` FROM `eb_store_coupon_issue` `A` INNER JOIN `eb_store_coupon` `B` ON `A`.`cid`=`B`.`id` WHERE  `A`.`status` = 1  AND (  (  `A`.`start_time` < 1585948668  AND `A`.`end_time` > 1585948668 ) OR (  `A`.`start_time` = 0  AND `A`.`end_time` = 0 ) )  AND `A`.`is_del` = 0  AND ( A.remain_count > 0 OR A.is_permanent = 1 ) ORDER BY `B`.`sort` DESC,`A`.`id` DESC LIMIT 3 [ RunTime:0.003252s ]
[2020-04-04T05:17:48+08:00][sql] SHOW FULL COLUMNS FROM `eb_wechat_user` [ RunTime:0.004829s ]
[2020-04-04T05:17:48+08:00][sql] SELECT `subscribe` FROM `eb_wechat_user` WHERE  `uid` = 0 LIMIT 1 [ RunTime:0.003807s ]
[2020-04-04T05:17:48+08:00][sql] SELECT * FROM `eb_system_config` WHERE  `menu_name` = 'cache_config' LIMIT 1 [ RunTime:0.003013s ]
[2020-04-04T05:17:48+08:00][info] [ VIEW ] /home/wwwroot/www/lungcare/public/index.html [ array (
) ]
[2020-04-04T05:17:49+08:00][info] [ VIEW ] /home/wwwroot/www/lungcare/public/index.html [ array (
) ]
[2020-04-04T05:17:50+08:00][info] [ VIEW ] /home/wwwroot/www/lungcare/public/index.html [ array (
) ]
[2020-04-04T05:51:06+08:00][info] [ VIEW ] /home/wwwroot/www/lungcare/public/index.html [ array (
) ]
[2020-04-04T05:54:51+08:00][info] [ VIEW ] /home/wwwroot/www/lungcare/public/index.html [ array (
) ]
[2020-04-04T05:58:34+08:00][info] [ VIEW ] /home/wwwroot/www/lungcare/public/index.html [ array (
) ]
[2020-04-04T06:32:47+08:00][info] [ VIEW ] /home/wwwroot/www/lungcare/public/index.html [ array (
) ]
[2020-04-04T06:35:02+08:00][info] [ VIEW ] /home/wwwroot/www/lungcare/public/index.html [ array (
) ]
[2020-04-04T06:38:09+08:00][info] [ VIEW ] /home/wwwroot/www/lungcare/public/index.html [ array (
) ]
[2020-04-04T06:38:12+08:00][info] [ VIEW ] /home/wwwroot/www/lungcare/public/index.html [ array (
) ]
[2020-04-04T06:51:07+08:00][info] [ VIEW ] /home/wwwroot/www/lungcare/public/index.html [ array (
) ]
[2020-04-04T07:18:34+08:00][info] [ VIEW ] /home/wwwroot/www/lungcare/public/index.html [ array (
) ]
[2020-04-04T07:18:40+08:00][info] [ VIEW ] /home/wwwroot/www/lungcare/public/index.html [ array (
) ]
[2020-04-04T07:53:31+08:00][info] [ VIEW ] /home/wwwroot/www/lungcare/public/index.html [ array (
) ]
[2020-04-04T08:02:08+08:00][info] [ VIEW ] /home/wwwroot/www/lungcare/public/index.html [ array (
) ]
[2020-04-04T09:07:29+08:00][info] [ VIEW ] /home/wwwroot/www/lungcare/public/index.html [ array (
) ]
[2020-04-04T09:43:04+08:00][info] [ VIEW ] /home/wwwroot/www/lungcare/public/index.html [ array (
) ]
[2020-04-04T09:43:06+08:00][info] [ VIEW ] /home/wwwroot/www/lungcare/public/index.html [ array (
) ]
[2020-04-04T09:43:06+08:00][info] [ VIEW ] /home/wwwroot/www/lungcare/public/index.html [ array (
) ]
[2020-04-04T09:43:07+08:00][info] [ VIEW ] /home/wwwroot/www/lungcare/public/index.html [ array (
) ]
[2020-04-04T09:43:07+08:00][info] [ VIEW ] /home/wwwroot/www/lungcare/public/index.html [ array (
) ]
[2020-04-04T09:43:08+08:00][info] [ VIEW ] /home/wwwroot/www/lungcare/public/index.html [ array (
) ]
[2020-04-04T09:43:08+08:00][info] [ VIEW ] /home/wwwroot/www/lungcare/public/index.html [ array (
) ]
[2020-04-04T09:43:09+08:00][info] [ VIEW ] /home/wwwroot/www/lungcare/public/index.html [ array (
) ]
[2020-04-04T09:43:10+08:00][info] [ VIEW ] /home/wwwroot/www/lungcare/public/index.html [ array (
) ]
[2020-04-04T10:33:06+08:00][info] [ VIEW ] /home/wwwroot/www/lungcare/public/index.html [ array (
) ]
[2020-04-04T10:33:06+08:00][info] [ VIEW ] /home/wwwroot/www/lungcare/public/index.html [ array (
) ]
[2020-04-04T10:33:06+08:00][info] [ VIEW ] /home/wwwroot/www/lungcare/public/index.html [ array (
) ]
[2020-04-04T10:33:06+08:00][info] [ VIEW ] /home/wwwroot/www/lungcare/public/index.html [ array (
) ]
[2020-04-04T10:33:08+08:00][sql] CONNECT:[ UseTime:0.005986s ] mysql:host=zy-ying123.mysql.rds.aliyuncs.com;port=3306;dbname=lungcare;charset=utf8
[2020-04-04T10:33:08+08:00][sql] SHOW FULL COLUMNS FROM `eb_user_token` [ RunTime:0.004846s ]
[2020-04-04T10:33:08+08:00][sql] SELECT * FROM `eb_user_token` WHERE  `token` IS NULL LIMIT 1 [ RunTime:0.003255s ]
[2020-04-04T10:33:08+08:00][sql] SHOW FULL COLUMNS FROM `eb_system_config` [ RunTime:0.004365s ]
[2020-04-04T10:33:08+08:00][sql] SELECT * FROM `eb_system_config` WHERE  `menu_name` = 'cache_config' LIMIT 1 [ RunTime:0.003426s ]
[2020-04-04T10:33:08+08:00][sql] SELECT * FROM `eb_system_config` WHERE  `menu_name` = 'cache_config' LIMIT 1 [ RunTime:0.003453s ]
[2020-04-04T10:33:08+08:00][info] [ VIEW ] /home/wwwroot/www/lungcare/public/index.html [ array (
) ]
[2020-04-04T10:33:08+08:00][sql] CONNECT:[ UseTime:0.005234s ] mysql:host=zy-ying123.mysql.rds.aliyuncs.com;port=3306;dbname=lungcare;charset=utf8
[2020-04-04T10:33:08+08:00][sql] SHOW FULL COLUMNS FROM `eb_user_token` [ RunTime:0.004420s ]
[2020-04-04T10:33:08+08:00][sql] SELECT * FROM `eb_user_token` WHERE  `token` IS NULL LIMIT 1 [ RunTime:0.003126s ]
[2020-04-04T10:33:08+08:00][sql] SHOW FULL COLUMNS FROM `eb_system_config` [ RunTime:0.004204s ]
[2020-04-04T10:33:08+08:00][sql] SELECT * FROM `eb_system_config` WHERE  `menu_name` = 'cache_config' LIMIT 1 [ RunTime:0.003266s ]
[2020-04-04T10:33:08+08:00][sql] SELECT * FROM `eb_system_config` WHERE  `menu_name` = 'cache_config' LIMIT 1 [ RunTime:0.003249s ]
[2020-04-04T10:33:08+08:00][sql] SELECT * FROM `eb_system_config` WHERE  `menu_name` = 'cache_config' LIMIT 1 [ RunTime:0.003403s ]
[2020-04-04T10:33:08+08:00][sql] SELECT * FROM `eb_system_config` WHERE  `menu_name` = 'cache_config' LIMIT 1 [ RunTime:0.003403s ]
[2020-04-04T10:33:08+08:00][sql] SELECT * FROM `eb_system_config` WHERE  `menu_name` = 'cache_config' LIMIT 1 [ RunTime:0.003308s ]
[2020-04-04T10:33:08+08:00][sql] SELECT * FROM `eb_system_config` WHERE  `menu_name` = 'cache_config' LIMIT 1 [ RunTime:0.003351s ]
[2020-04-04T10:33:08+08:00][sql] SELECT * FROM `eb_system_config` WHERE  `menu_name` = 'cache_config' LIMIT 1 [ RunTime:0.003260s ]
[2020-04-04T10:33:08+08:00][sql] SHOW FULL COLUMNS FROM `eb_store_category` [ RunTime:0.004382s ]
[2020-04-04T10:33:08+08:00][sql] SELECT `id`,`cate_name`,`pid`,`pic` FROM `eb_store_category` WHERE  `pid` > 0  AND `is_show` = 1 ORDER BY `sort` DESC LIMIT 10 [ RunTime:0.003230s ]
[2020-04-04T10:33:08+08:00][sql] SHOW FULL COLUMNS FROM `eb_store_product` [ RunTime:0.004698s ]
[2020-04-04T10:33:08+08:00][sql] SELECT id,image,store_name,cate_id,price,ot_price,IFNULL(sales,0) + IFNULL(ficti,0) as sales,unit_name FROM `eb_store_product` WHERE  `is_best` = 1  AND `is_del` = 0  AND `mer_id` = 0  AND `stock` > 0  AND `is_show` = 1 ORDER BY `sort` DESC,`id` DESC LIMIT 10 [ RunTime:0.003342s ]
[2020-04-04T10:33:08+08:00][sql] SELECT * FROM `eb_system_config` WHERE  `menu_name` = 'cache_config' LIMIT 1 [ RunTime:0.003230s ]
[2020-04-04T10:33:08+08:00][sql] SHOW FULL COLUMNS FROM `eb_user_level` [ RunTime:0.004865s ]
[2020-04-04T10:33:08+08:00][sql] SELECT `level_id`,`is_forever`,`valid_time`,`id`,`status`,`grade` FROM `eb_user_level` WHERE  `status` = 1  AND `is_del` = 0  AND `uid` = 0 ORDER BY `grade` DESC LIMIT 1 [ RunTime:0.003182s ]
[2020-04-04T10:33:08+08:00][sql] SHOW FULL COLUMNS FROM `eb_system_user_level` [ RunTime:0.004320s ]
[2020-04-04T10:33:08+08:00][sql] SELECT `discount` FROM `eb_system_user_level` WHERE  `is_show` = 1  AND `is_del` = 0 ORDER BY `grade` ASC LIMIT 1 [ RunTime:0.003130s ]
[2020-04-04T10:33:08+08:00][sql] SELECT id,image,store_name,cate_id,price,unit_name,IFNULL(sales,0) + IFNULL(ficti,0) as sales FROM `eb_store_product` WHERE  `is_new` = 1  AND `is_del` = 0  AND `mer_id` = 0  AND `stock` > 0  AND `is_show` = 1 ORDER BY `sort` DESC,`id` DESC LIMIT 10 [ RunTime:0.003330s ]
[2020-04-04T10:33:08+08:00][sql] SELECT * FROM `eb_system_config` WHERE  `menu_name` = 'cache_config' LIMIT 1 [ RunTime:0.003273s ]
[2020-04-04T10:33:08+08:00][sql] SELECT `level_id`,`is_forever`,`valid_time`,`id`,`status`,`grade` FROM `eb_user_level` WHERE  `status` = 1  AND `is_del` = 0  AND `uid` = 0 ORDER BY `grade` DESC LIMIT 1 [ RunTime:0.003138s ]
[2020-04-04T10:33:08+08:00][sql] SELECT `discount` FROM `eb_system_user_level` WHERE  `is_show` = 1  AND `is_del` = 0 ORDER BY `grade` ASC LIMIT 1 [ RunTime:0.003076s ]
[2020-04-04T10:33:08+08:00][sql] SELECT * FROM `eb_system_config` WHERE  `menu_name` = 'cache_config' LIMIT 1 [ RunTime:0.003219s ]
[2020-04-04T10:33:08+08:00][sql] SELECT `id`,`image`,`store_name`,`cate_id`,`price`,`ot_price`,`stock`,`unit_name` FROM `eb_store_product` WHERE  `is_benefit` = 1  AND `is_del` = 0  AND `mer_id` = 0  AND `stock` > 0  AND `is_show` = 1 ORDER BY `sort` DESC,`id` DESC LIMIT 3 [ RunTime:0.003412s ]
[2020-04-04T10:33:08+08:00][sql] SELECT * FROM `eb_system_config` WHERE  `menu_name` = 'cache_config' LIMIT 1 [ RunTime:0.003382s ]
[2020-04-04T10:33:08+08:00][sql] SELECT `id`,`image`,`store_name`,`cate_id`,`price`,`unit_name` FROM `eb_store_product` WHERE  `is_hot` = 1  AND `is_del` = 0  AND `mer_id` = 0  AND `stock` > 0  AND `is_show` = 1 ORDER BY `sort` DESC,`id` DESC LIMIT 3 [ RunTime:0.003326s ]
[2020-04-04T10:33:08+08:00][sql] SELECT * FROM `eb_system_config` WHERE  `menu_name` = 'cache_config' LIMIT 1 [ RunTime:0.003397s ]
[2020-04-04T10:33:08+08:00][sql] SELECT `level_id`,`is_forever`,`valid_time`,`id`,`status`,`grade` FROM `eb_user_level` WHERE  `status` = 1  AND `is_del` = 0  AND `uid` = 0 ORDER BY `grade` DESC LIMIT 1 [ RunTime:0.003190s ]
[2020-04-04T10:33:08+08:00][sql] SELECT `discount` FROM `eb_system_user_level` WHERE  `is_show` = 1  AND `is_del` = 0 ORDER BY `grade` ASC LIMIT 1 [ RunTime:0.003155s ]
[2020-04-04T10:33:08+08:00][sql] SHOW FULL COLUMNS FROM `eb_store_coupon_issue` [ RunTime:0.004452s ]
[2020-04-04T10:33:08+08:00][sql] SELECT `A`.*,`B`.`coupon_price`,`B`.`use_min_price` FROM `eb_store_coupon_issue` `A` INNER JOIN `eb_store_coupon` `B` ON `A`.`cid`=`B`.`id` WHERE  `A`.`status` = 1  AND (  (  `A`.`start_time` < 1585967588  AND `A`.`end_time` > 1585967588 ) OR (  `A`.`start_time` = 0  AND `A`.`end_time` = 0 ) )  AND `A`.`is_del` = 0  AND ( A.remain_count > 0 OR A.is_permanent = 1 ) ORDER BY `B`.`sort` DESC,`A`.`id` DESC LIMIT 3 [ RunTime:0.003501s ]
[2020-04-04T10:33:08+08:00][sql] SHOW FULL COLUMNS FROM `eb_wechat_user` [ RunTime:0.004593s ]
[2020-04-04T10:33:08+08:00][sql] SELECT `subscribe` FROM `eb_wechat_user` WHERE  `uid` = 0 LIMIT 1 [ RunTime:0.003233s ]
[2020-04-04T10:33:08+08:00][sql] SELECT * FROM `eb_system_config` WHERE  `menu_name` = 'cache_config' LIMIT 1 [ RunTime:0.003267s ]
[2020-04-04T10:33:08+08:00][info] [ VIEW ] /home/wwwroot/www/lungcare/public/index.html [ array (
) ]
[2020-04-04T10:33:10+08:00][info] [ VIEW ] /home/wwwroot/www/lungcare/public/index.html [ array (
) ]
[2020-04-04T10:58:13+08:00][info] [ VIEW ] /home/wwwroot/www/lungcare/public/index.html [ array (
) ]
[2020-04-04T10:58:15+08:00][info] [ VIEW ] /home/wwwroot/www/lungcare/public/index.html [ array (
) ]
[2020-04-04T11:22:49+08:00][info] [ VIEW ] /home/wwwroot/www/lungcare/public/index.html [ array (
) ]
[2020-04-04T11:49:53+08:00][info] [ VIEW ] /home/wwwroot/www/lungcare/public/index.html [ array (
) ]
[2020-04-04T12:12:05+08:00][info] [ VIEW ] /home/wwwroot/www/lungcare/public/index.html [ array (
) ]
[2020-04-04T12:17:02+08:00][info] [ VIEW ] /home/wwwroot/www/lungcare/public/index.html [ array (
) ]
[2020-04-04T12:17:57+08:00][info] [ VIEW ] /home/wwwroot/www/lungcare/public/index.html [ array (
) ]
[2020-04-04T12:19:31+08:00][info] [ VIEW ] /home/wwwroot/www/lungcare/public/index.html [ array (
) ]
[2020-04-04T12:19:34+08:00][info] [ VIEW ] /home/wwwroot/www/lungcare/public/index.html [ array (
) ]
[2020-04-04T12:19:39+08:00][info] [ VIEW ] /home/wwwroot/www/lungcare/public/index.html [ array (
) ]
[2020-04-04T12:25:43+08:00][info] [ VIEW ] /home/wwwroot/www/lungcare/public/index.html [ array (
) ]
[2020-04-04T12:28:13+08:00][info] [ VIEW ] /home/wwwroot/www/lungcare/public/index.html [ array (
) ]
[2020-04-04T12:31:17+08:00][info] [ VIEW ] /home/wwwroot/www/lungcare/public/index.html [ array (
) ]
[2020-04-04T13:20:39+08:00][info] [ VIEW ] /home/wwwroot/www/lungcare/public/index.html [ array (
) ]
[2020-04-04T14:12:21+08:00][info] [ VIEW ] /home/wwwroot/www/lungcare/public/index.html [ array (
) ]
[2020-04-04T14:29:51+08:00][info] [ VIEW ] /home/wwwroot/www/lungcare/public/index.html [ array (
) ]
[2020-04-04T15:00:10+08:00][info] [ VIEW ] /home/wwwroot/www/lungcare/public/index.html [ array (
) ]
[2020-04-04T15:35:26+08:00][info] [ VIEW ] /home/wwwroot/www/lungcare/public/index.html [ array (
) ]
[2020-04-04T15:44:28+08:00][info] [ VIEW ] /home/wwwroot/www/lungcare/public/index.html [ array (
) ]
[2020-04-04T15:51:25+08:00][info] [ VIEW ] /home/wwwroot/www/lungcare/public/index.html [ array (
) ]
[2020-04-04T16:27:16+08:00][info] [ VIEW ] /home/wwwroot/www/lungcare/public/index.html [ array (
) ]
[2020-04-04T16:27:18+08:00][info] [ VIEW ] /home/wwwroot/www/lungcare/public/index.html [ array (
) ]
[2020-04-04T16:27:20+08:00][info] [ VIEW ] /home/wwwroot/www/lungcare/public/index.html [ array (
) ]
[2020-04-04T17:43:52+08:00][info] [ VIEW ] /home/wwwroot/www/lungcare/public/index.html [ array (
) ]
[2020-04-04T17:45:52+08:00][info] [ VIEW ] /home/wwwroot/www/lungcare/public/index.html [ array (
) ]
[2020-04-04T19:05:13+08:00][info] [ VIEW ] /home/wwwroot/www/lungcare/public/index.html [ array (
) ]
[2020-04-04T19:05:13+08:00][info] [ VIEW ] /home/wwwroot/www/lungcare/public/index.html [ array (
) ]
[2020-04-04T19:25:42+08:00][info] [ VIEW ] /home/wwwroot/www/lungcare/public/index.html [ array (
) ]
[2020-04-04T21:22:12+08:00][info] [ VIEW ] /home/wwwroot/www/lungcare/public/index.html [ array (
) ]
[2020-04-04T21:37:11+08:00][info] [ VIEW ] /home/wwwroot/www/lungcare/public/index.html [ array (
) ]
[2020-04-04T21:41:46+08:00][info] [ VIEW ] /home/wwwroot/www/lungcare/public/index.html [ array (
) ]
[2020-04-04T21:58:34+08:00][info] [ VIEW ] /home/wwwroot/www/lungcare/public/index.html [ array (
) ]
[2020-04-04T22:08:23+08:00][info] [ VIEW ] /home/wwwroot/www/lungcare/public/index.html [ array (
) ]
[2020-04-04T23:31:46+08:00][info] [ VIEW ] /home/wwwroot/www/lungcare/public/index.html [ array (
) ]
